2025-03-17 06:36:30,675 - __main__ - INFO - Processing duckdb files
2025-03-17 06:36:34,056 - __main__ - INFO - Limiting to 20 duckdb files
2025-03-17 06:36:34,056 - __main__ - INFO - Found 20 duckdb files to process
2025-03-17 06:36:34,056 - __main__ - INFO - Processing batch 1/4 (5 files)
2025-03-17 06:36:34,056 - __main__ - INFO - Uploading file: /Users/srvo/input_data/duckdb_files/docs_database.duckdb
2025-03-17 06:36:50,790 - __main__ - ERROR - Failed to upload /Users/srvo/input_data/duckdb_files/docs_database.duckdb
2025-03-17 06:36:50,791 - __main__ - ERROR - Error: 2025-03-17 06:36:34,128 - __main__ - DEBUG - Verbose logging enabled
2025-03-17 06:36:35,741 - motherduck_uploader - INFO - Connected to MotherDuck database: dewey
2025-03-17 06:36:35,742 - __main__ - INFO - Successfully connected to MotherDuck database dewey
2025-03-17 06:36:35,743 - __main__ - INFO - Found 1 files to process
2025-03-17 06:36:35,743 - __main__ - DEBUG - Found file: /Users/srvo/input_data/duckdb_files/docs_database.duckdb
2025-03-17 06:36:35,743 - __main__ - INFO - Processing file: /Users/srvo/input_data/duckdb_files/docs_database.duckdb
2025-03-17 06:36:35,743 - __main__ - DEBUG - Uploading DuckDB file: /Users/srvo/input_data/duckdb_files/docs_database.duckdb
2025-03-17 06:36:35,743 - motherduck_uploader - INFO - Uploading file /Users/srvo/input_data/duckdb_files/docs_database.duckdb
2025-03-17 06:36:35,747 - motherduck_uploader - INFO - Connected to MotherDuck database: dewey
2025-03-17 06:36:35,751 - motherduck_uploader - ERROR - Failed to upload /Users/srvo/input_data/duckdb_files/docs_database.duckdb: IO Error: Cannot open file "/Users/srvo/input_data/duckdb_files/docs_database.duckdb": Permission denied
2025-03-17 06:36:35,751 - __main__ - WARNING - Upload failed for /Users/srvo/input_data/duckdb_files/docs_database.duckdb
2025-03-17 06:36:35,751 - __main__ - INFO - Retry attempt 1 for /Users/srvo/input_data/duckdb_files/docs_database.duckdb
2025-03-17 06:36:40,756 - __main__ - DEBUG - Uploading DuckDB file: /Users/srvo/input_data/duckdb_files/docs_database.duckdb
2025-03-17 06:36:40,756 - motherduck_uploader - INFO - Uploading file /Users/srvo/input_data/duckdb_files/docs_database.duckdb
2025-03-17 06:36:40,758 - motherduck_uploader - INFO - Connected to MotherDuck database: dewey
2025-03-17 06:36:40,762 - motherduck_uploader - ERROR - Failed to upload /Users/srvo/input_data/duckdb_files/docs_database.duckdb: IO Error: Cannot open file "/Users/srvo/input_data/duckdb_files/docs_database.duckdb": Permission denied
2025-03-17 06:36:40,762 - __main__ - WARNING - Upload failed for /Users/srvo/input_data/duckdb_files/docs_database.duckdb
2025-03-17 06:36:40,762 - __main__ - INFO - Retry attempt 2 for /Users/srvo/input_data/duckdb_files/docs_database.duckdb
2025-03-17 06:36:45,767 - __main__ - DEBUG - Uploading DuckDB file: /Users/srvo/input_data/duckdb_files/docs_database.duckdb
2025-03-17 06:36:45,767 - motherduck_uploader - INFO - Uploading file /Users/srvo/input_data/duckdb_files/docs_database.duckdb
2025-03-17 06:36:45,769 - motherduck_uploader - INFO - Connected to MotherDuck database: dewey
2025-03-17 06:36:45,772 - motherduck_uploader - ERROR - Failed to upload /Users/srvo/input_data/duckdb_files/docs_database.duckdb: IO Error: Cannot open file "/Users/srvo/input_data/duckdb_files/docs_database.duckdb": Permission denied
2025-03-17 06:36:45,772 - __main__ - WARNING - Upload failed for /Users/srvo/input_data/duckdb_files/docs_database.duckdb
2025-03-17 06:36:45,772 - __main__ - INFO - Retry attempt 3 for /Users/srvo/input_data/duckdb_files/docs_database.duckdb
2025-03-17 06:36:50,778 - __main__ - DEBUG - Uploading DuckDB file: /Users/srvo/input_data/duckdb_files/docs_database.duckdb
2025-03-17 06:36:50,778 - motherduck_uploader - INFO - Uploading file /Users/srvo/input_data/duckdb_files/docs_database.duckdb
2025-03-17 06:36:50,780 - motherduck_uploader - INFO - Connected to MotherDuck database: dewey
2025-03-17 06:36:50,782 - motherduck_uploader - ERROR - Failed to upload /Users/srvo/input_data/duckdb_files/docs_database.duckdb: IO Error: Cannot open file "/Users/srvo/input_data/duckdb_files/docs_database.duckdb": Permission denied
2025-03-17 06:36:50,782 - __main__ - WARNING - Upload failed for /Users/srvo/input_data/duckdb_files/docs_database.duckdb
2025-03-17 06:36:50,782 - __main__ - ERROR - Failed to upload /Users/srvo/input_data/duckdb_files/docs_database.duckdb after 3 retries
2025-03-17 06:36:50,782 - __main__ - INFO - Upload process completed
2025-03-17 06:36:50,782 - __main__ - INFO - Total files: 1
2025-03-17 06:36:50,782 - __main__ - INFO - Successfully uploaded: 0
2025-03-17 06:36:50,782 - __main__ - INFO - Failed: 1
2025-03-17 06:36:50,782 - __main__ - INFO - Skipped: 0

2025-03-17 06:36:50,791 - __main__ - INFO - Uploading file: /Users/srvo/input_data/duckdb_files/calendar.duckdb
2025-03-17 06:37:07,356 - __main__ - ERROR - Failed to upload /Users/srvo/input_data/duckdb_files/calendar.duckdb
2025-03-17 06:37:07,356 - __main__ - ERROR - Error: 2025-03-17 06:36:50,857 - __main__ - DEBUG - Verbose logging enabled
2025-03-17 06:36:52,312 - motherduck_uploader - INFO - Connected to MotherDuck database: dewey
2025-03-17 06:36:52,312 - __main__ - INFO - Successfully connected to MotherDuck database dewey
2025-03-17 06:36:52,313 - __main__ - INFO - Found 1 files to process
2025-03-17 06:36:52,313 - __main__ - DEBUG - Found file: /Users/srvo/input_data/duckdb_files/calendar.duckdb
2025-03-17 06:36:52,313 - __main__ - INFO - Processing file: /Users/srvo/input_data/duckdb_files/calendar.duckdb
2025-03-17 06:36:52,313 - __main__ - DEBUG - Uploading DuckDB file: /Users/srvo/input_data/duckdb_files/calendar.duckdb
2025-03-17 06:36:52,313 - motherduck_uploader - INFO - Uploading file /Users/srvo/input_data/duckdb_files/calendar.duckdb
2025-03-17 06:36:52,314 - motherduck_uploader - INFO - Connected to MotherDuck database: dewey
2025-03-17 06:36:52,316 - motherduck_uploader - ERROR - Failed to upload /Users/srvo/input_data/duckdb_files/calendar.duckdb: IO Error: Cannot open file "/Users/srvo/input_data/duckdb_files/calendar.duckdb": Permission denied
2025-03-17 06:36:52,316 - __main__ - WARNING - Upload failed for /Users/srvo/input_data/duckdb_files/calendar.duckdb
2025-03-17 06:36:52,316 - __main__ - INFO - Retry attempt 1 for /Users/srvo/input_data/duckdb_files/calendar.duckdb
2025-03-17 06:36:57,320 - __main__ - DEBUG - Uploading DuckDB file: /Users/srvo/input_data/duckdb_files/calendar.duckdb
2025-03-17 06:36:57,321 - motherduck_uploader - INFO - Uploading file /Users/srvo/input_data/duckdb_files/calendar.duckdb
2025-03-17 06:36:57,325 - motherduck_uploader - INFO - Connected to MotherDuck database: dewey
2025-03-17 06:36:57,330 - motherduck_uploader - ERROR - Failed to upload /Users/srvo/input_data/duckdb_files/calendar.duckdb: IO Error: Cannot open file "/Users/srvo/input_data/duckdb_files/calendar.duckdb": Permission denied
2025-03-17 06:36:57,330 - __main__ - WARNING - Upload failed for /Users/srvo/input_data/duckdb_files/calendar.duckdb
2025-03-17 06:36:57,330 - __main__ - INFO - Retry attempt 2 for /Users/srvo/input_data/duckdb_files/calendar.duckdb
2025-03-17 06:37:02,334 - __main__ - DEBUG - Uploading DuckDB file: /Users/srvo/input_data/duckdb_files/calendar.duckdb
2025-03-17 06:37:02,334 - motherduck_uploader - INFO - Uploading file /Users/srvo/input_data/duckdb_files/calendar.duckdb
2025-03-17 06:37:02,336 - motherduck_uploader - INFO - Connected to MotherDuck database: dewey
2025-03-17 06:37:02,340 - motherduck_uploader - ERROR - Failed to upload /Users/srvo/input_data/duckdb_files/calendar.duckdb: IO Error: Cannot open file "/Users/srvo/input_data/duckdb_files/calendar.duckdb": Permission denied
2025-03-17 06:37:02,340 - __main__ - WARNING - Upload failed for /Users/srvo/input_data/duckdb_files/calendar.duckdb
2025-03-17 06:37:02,340 - __main__ - INFO - Retry attempt 3 for /Users/srvo/input_data/duckdb_files/calendar.duckdb
2025-03-17 06:37:07,345 - __main__ - DEBUG - Uploading DuckDB file: /Users/srvo/input_data/duckdb_files/calendar.duckdb
2025-03-17 06:37:07,345 - motherduck_uploader - INFO - Uploading file /Users/srvo/input_data/duckdb_files/calendar.duckdb
2025-03-17 06:37:07,347 - motherduck_uploader - INFO - Connected to MotherDuck database: dewey
2025-03-17 06:37:07,348 - motherduck_uploader - ERROR - Failed to upload /Users/srvo/input_data/duckdb_files/calendar.duckdb: IO Error: Cannot open file "/Users/srvo/input_data/duckdb_files/calendar.duckdb": Permission denied
2025-03-17 06:37:07,348 - __main__ - WARNING - Upload failed for /Users/srvo/input_data/duckdb_files/calendar.duckdb
2025-03-17 06:37:07,348 - __main__ - ERROR - Failed to upload /Users/srvo/input_data/duckdb_files/calendar.duckdb after 3 retries
2025-03-17 06:37:07,348 - __main__ - INFO - Upload process completed
2025-03-17 06:37:07,348 - __main__ - INFO - Total files: 1
2025-03-17 06:37:07,348 - __main__ - INFO - Successfully uploaded: 0
2025-03-17 06:37:07,348 - __main__ - INFO - Failed: 1
2025-03-17 06:37:07,348 - __main__ - INFO - Skipped: 0

2025-03-17 06:37:07,357 - __main__ - INFO - Uploading file: /Users/srvo/input_data/duckdb_files/entity_analysis.duckdb
2025-03-17 06:37:23,917 - __main__ - ERROR - Failed to upload /Users/srvo/input_data/duckdb_files/entity_analysis.duckdb
2025-03-17 06:37:23,917 - __main__ - ERROR - Error: 2025-03-17 06:37:07,421 - __main__ - DEBUG - Verbose logging enabled
2025-03-17 06:37:08,835 - motherduck_uploader - INFO - Connected to MotherDuck database: dewey
2025-03-17 06:37:08,835 - __main__ - INFO - Successfully connected to MotherDuck database dewey
2025-03-17 06:37:08,837 - __main__ - INFO - Found 1 files to process
2025-03-17 06:37:08,837 - __main__ - DEBUG - Found file: /Users/srvo/input_data/duckdb_files/entity_analysis.duckdb
2025-03-17 06:37:08,837 - __main__ - INFO - Processing file: /Users/srvo/input_data/duckdb_files/entity_analysis.duckdb
2025-03-17 06:37:08,837 - __main__ - DEBUG - Uploading DuckDB file: /Users/srvo/input_data/duckdb_files/entity_analysis.duckdb
2025-03-17 06:37:08,837 - motherduck_uploader - INFO - Uploading file /Users/srvo/input_data/duckdb_files/entity_analysis.duckdb
2025-03-17 06:37:08,838 - motherduck_uploader - INFO - Connected to MotherDuck database: dewey
2025-03-17 06:37:08,840 - motherduck_uploader - ERROR - Failed to upload /Users/srvo/input_data/duckdb_files/entity_analysis.duckdb: IO Error: Cannot open file "/Users/srvo/input_data/duckdb_files/entity_analysis.duckdb": Permission denied
2025-03-17 06:37:08,840 - __main__ - WARNING - Upload failed for /Users/srvo/input_data/duckdb_files/entity_analysis.duckdb
2025-03-17 06:37:08,840 - __main__ - INFO - Retry attempt 1 for /Users/srvo/input_data/duckdb_files/entity_analysis.duckdb
2025-03-17 06:37:13,846 - __main__ - DEBUG - Uploading DuckDB file: /Users/srvo/input_data/duckdb_files/entity_analysis.duckdb
2025-03-17 06:37:13,847 - motherduck_uploader - INFO - Uploading file /Users/srvo/input_data/duckdb_files/entity_analysis.duckdb
2025-03-17 06:37:13,851 - motherduck_uploader - INFO - Connected to MotherDuck database: dewey
2025-03-17 06:37:13,856 - motherduck_uploader - ERROR - Failed to upload /Users/srvo/input_data/duckdb_files/entity_analysis.duckdb: IO Error: Cannot open file "/Users/srvo/input_data/duckdb_files/entity_analysis.duckdb": Permission denied
2025-03-17 06:37:13,856 - __main__ - WARNING - Upload failed for /Users/srvo/input_data/duckdb_files/entity_analysis.duckdb
2025-03-17 06:37:13,856 - __main__ - INFO - Retry attempt 2 for /Users/srvo/input_data/duckdb_files/entity_analysis.duckdb
2025-03-17 06:37:18,859 - __main__ - DEBUG - Uploading DuckDB file: /Users/srvo/input_data/duckdb_files/entity_analysis.duckdb
2025-03-17 06:37:18,860 - motherduck_uploader - INFO - Uploading file /Users/srvo/input_data/duckdb_files/entity_analysis.duckdb
2025-03-17 06:37:18,870 - motherduck_uploader - INFO - Connected to MotherDuck database: dewey
2025-03-17 06:37:18,887 - motherduck_uploader - ERROR - Failed to upload /Users/srvo/input_data/duckdb_files/entity_analysis.duckdb: IO Error: Cannot open file "/Users/srvo/input_data/duckdb_files/entity_analysis.duckdb": Permission denied
2025-03-17 06:37:18,887 - __main__ - WARNING - Upload failed for /Users/srvo/input_data/duckdb_files/entity_analysis.duckdb
2025-03-17 06:37:18,888 - __main__ - INFO - Retry attempt 3 for /Users/srvo/input_data/duckdb_files/entity_analysis.duckdb
2025-03-17 06:37:23,893 - __main__ - DEBUG - Uploading DuckDB file: /Users/srvo/input_data/duckdb_files/entity_analysis.duckdb
2025-03-17 06:37:23,897 - motherduck_uploader - INFO - Uploading file /Users/srvo/input_data/duckdb_files/entity_analysis.duckdb
2025-03-17 06:37:23,900 - motherduck_uploader - INFO - Connected to MotherDuck database: dewey
2025-03-17 06:37:23,906 - motherduck_uploader - ERROR - Failed to upload /Users/srvo/input_data/duckdb_files/entity_analysis.duckdb: IO Error: Cannot open file "/Users/srvo/input_data/duckdb_files/entity_analysis.duckdb": Permission denied
2025-03-17 06:37:23,906 - __main__ - WARNING - Upload failed for /Users/srvo/input_data/duckdb_files/entity_analysis.duckdb
2025-03-17 06:37:23,906 - __main__ - ERROR - Failed to upload /Users/srvo/input_data/duckdb_files/entity_analysis.duckdb after 3 retries
2025-03-17 06:37:23,906 - __main__ - INFO - Upload process completed
2025-03-17 06:37:23,906 - __main__ - INFO - Total files: 1
2025-03-17 06:37:23,906 - __main__ - INFO - Successfully uploaded: 0
2025-03-17 06:37:23,906 - __main__ - INFO - Failed: 1
2025-03-17 06:37:23,906 - __main__ - INFO - Skipped: 0

2025-03-17 06:37:23,918 - __main__ - INFO - Uploading file: /Users/srvo/input_data/duckdb_files/email_database.duckdb
2025-03-17 06:37:40,481 - __main__ - ERROR - Failed to upload /Users/srvo/input_data/duckdb_files/email_database.duckdb
2025-03-17 06:37:40,481 - __main__ - ERROR - Error: 2025-03-17 06:37:23,989 - __main__ - DEBUG - Verbose logging enabled
2025-03-17 06:37:25,431 - motherduck_uploader - INFO - Connected to MotherDuck database: dewey
2025-03-17 06:37:25,431 - __main__ - INFO - Successfully connected to MotherDuck database dewey
2025-03-17 06:37:25,433 - __main__ - INFO - Found 1 files to process
2025-03-17 06:37:25,433 - __main__ - DEBUG - Found file: /Users/srvo/input_data/duckdb_files/email_database.duckdb
2025-03-17 06:37:25,433 - __main__ - INFO - Processing file: /Users/srvo/input_data/duckdb_files/email_database.duckdb
2025-03-17 06:37:25,433 - __main__ - DEBUG - Uploading DuckDB file: /Users/srvo/input_data/duckdb_files/email_database.duckdb
2025-03-17 06:37:25,433 - motherduck_uploader - INFO - Uploading file /Users/srvo/input_data/duckdb_files/email_database.duckdb
2025-03-17 06:37:25,434 - motherduck_uploader - INFO - Connected to MotherDuck database: dewey
2025-03-17 06:37:25,438 - motherduck_uploader - ERROR - Failed to upload /Users/srvo/input_data/duckdb_files/email_database.duckdb: IO Error: Cannot open file "/Users/srvo/input_data/duckdb_files/email_database.duckdb": Permission denied
2025-03-17 06:37:25,439 - __main__ - WARNING - Upload failed for /Users/srvo/input_data/duckdb_files/email_database.duckdb
2025-03-17 06:37:25,439 - __main__ - INFO - Retry attempt 1 for /Users/srvo/input_data/duckdb_files/email_database.duckdb
2025-03-17 06:37:30,441 - __main__ - DEBUG - Uploading DuckDB file: /Users/srvo/input_data/duckdb_files/email_database.duckdb
2025-03-17 06:37:30,441 - motherduck_uploader - INFO - Uploading file /Users/srvo/input_data/duckdb_files/email_database.duckdb
2025-03-17 06:37:30,443 - motherduck_uploader - INFO - Connected to MotherDuck database: dewey
2025-03-17 06:37:30,445 - motherduck_uploader - ERROR - Failed to upload /Users/srvo/input_data/duckdb_files/email_database.duckdb: IO Error: Cannot open file "/Users/srvo/input_data/duckdb_files/email_database.duckdb": Permission denied
2025-03-17 06:37:30,445 - __main__ - WARNING - Upload failed for /Users/srvo/input_data/duckdb_files/email_database.duckdb
2025-03-17 06:37:30,445 - __main__ - INFO - Retry attempt 2 for /Users/srvo/input_data/duckdb_files/email_database.duckdb
2025-03-17 06:37:35,446 - __main__ - DEBUG - Uploading DuckDB file: /Users/srvo/input_data/duckdb_files/email_database.duckdb
2025-03-17 06:37:35,446 - motherduck_uploader - INFO - Uploading file /Users/srvo/input_data/duckdb_files/email_database.duckdb
2025-03-17 06:37:35,448 - motherduck_uploader - INFO - Connected to MotherDuck database: dewey
2025-03-17 06:37:35,453 - motherduck_uploader - ERROR - Failed to upload /Users/srvo/input_data/duckdb_files/email_database.duckdb: IO Error: Cannot open file "/Users/srvo/input_data/duckdb_files/email_database.duckdb": Permission denied
2025-03-17 06:37:35,453 - __main__ - WARNING - Upload failed for /Users/srvo/input_data/duckdb_files/email_database.duckdb
2025-03-17 06:37:35,453 - __main__ - INFO - Retry attempt 3 for /Users/srvo/input_data/duckdb_files/email_database.duckdb
2025-03-17 06:37:40,458 - __main__ - DEBUG - Uploading DuckDB file: /Users/srvo/input_data/duckdb_files/email_database.duckdb
2025-03-17 06:37:40,458 - motherduck_uploader - INFO - Uploading file /Users/srvo/input_data/duckdb_files/email_database.duckdb
2025-03-17 06:37:40,462 - motherduck_uploader - INFO - Connected to MotherDuck database: dewey
2025-03-17 06:37:40,467 - motherduck_uploader - ERROR - Failed to upload /Users/srvo/input_data/duckdb_files/email_database.duckdb: IO Error: Cannot open file "/Users/srvo/input_data/duckdb_files/email_database.duckdb": Permission denied
2025-03-17 06:37:40,467 - __main__ - WARNING - Upload failed for /Users/srvo/input_data/duckdb_files/email_database.duckdb
2025-03-17 06:37:40,467 - __main__ - ERROR - Failed to upload /Users/srvo/input_data/duckdb_files/email_database.duckdb after 3 retries
2025-03-17 06:37:40,467 - __main__ - INFO - Upload process completed
2025-03-17 06:37:40,467 - __main__ - INFO - Total files: 1
2025-03-17 06:37:40,467 - __main__ - INFO - Successfully uploaded: 0
2025-03-17 06:37:40,467 - __main__ - INFO - Failed: 1
2025-03-17 06:37:40,467 - __main__ - INFO - Skipped: 0

2025-03-17 06:37:40,482 - __main__ - INFO - Uploading file: /Users/srvo/input_data/duckdb_files/schema_discovery.duckdb
2025-03-17 06:37:56,977 - __main__ - ERROR - Failed to upload /Users/srvo/input_data/duckdb_files/schema_discovery.duckdb
2025-03-17 06:37:56,978 - __main__ - ERROR - Error: 2025-03-17 06:37:40,559 - __main__ - DEBUG - Verbose logging enabled
2025-03-17 06:37:41,931 - motherduck_uploader - INFO - Connected to MotherDuck database: dewey
2025-03-17 06:37:41,931 - __main__ - INFO - Successfully connected to MotherDuck database dewey
2025-03-17 06:37:41,933 - __main__ - INFO - Found 1 files to process
2025-03-17 06:37:41,933 - __main__ - DEBUG - Found file: /Users/srvo/input_data/duckdb_files/schema_discovery.duckdb
2025-03-17 06:37:41,933 - __main__ - INFO - Processing file: /Users/srvo/input_data/duckdb_files/schema_discovery.duckdb
2025-03-17 06:37:41,933 - __main__ - DEBUG - Uploading DuckDB file: /Users/srvo/input_data/duckdb_files/schema_discovery.duckdb
2025-03-17 06:37:41,933 - motherduck_uploader - INFO - Uploading file /Users/srvo/input_data/duckdb_files/schema_discovery.duckdb
2025-03-17 06:37:41,934 - motherduck_uploader - INFO - Connected to MotherDuck database: dewey
2025-03-17 06:37:41,938 - motherduck_uploader - ERROR - Failed to upload /Users/srvo/input_data/duckdb_files/schema_discovery.duckdb: IO Error: Cannot open file "/Users/srvo/input_data/duckdb_files/schema_discovery.duckdb": Permission denied
2025-03-17 06:37:41,938 - __main__ - WARNING - Upload failed for /Users/srvo/input_data/duckdb_files/schema_discovery.duckdb
2025-03-17 06:37:41,938 - __main__ - INFO - Retry attempt 1 for /Users/srvo/input_data/duckdb_files/schema_discovery.duckdb
2025-03-17 06:37:46,939 - __main__ - DEBUG - Uploading DuckDB file: /Users/srvo/input_data/duckdb_files/schema_discovery.duckdb
2025-03-17 06:37:46,939 - motherduck_uploader - INFO - Uploading file /Users/srvo/input_data/duckdb_files/schema_discovery.duckdb
2025-03-17 06:37:46,940 - motherduck_uploader - INFO - Connected to MotherDuck database: dewey
2025-03-17 06:37:46,942 - motherduck_uploader - ERROR - Failed to upload /Users/srvo/input_data/duckdb_files/schema_discovery.duckdb: IO Error: Cannot open file "/Users/srvo/input_data/duckdb_files/schema_discovery.duckdb": Permission denied
2025-03-17 06:37:46,942 - __main__ - WARNING - Upload failed for /Users/srvo/input_data/duckdb_files/schema_discovery.duckdb
2025-03-17 06:37:46,942 - __main__ - INFO - Retry attempt 2 for /Users/srvo/input_data/duckdb_files/schema_discovery.duckdb
2025-03-17 06:37:51,948 - __main__ - DEBUG - Uploading DuckDB file: /Users/srvo/input_data/duckdb_files/schema_discovery.duckdb
2025-03-17 06:37:51,948 - motherduck_uploader - INFO - Uploading file /Users/srvo/input_data/duckdb_files/schema_discovery.duckdb
2025-03-17 06:37:51,950 - motherduck_uploader - INFO - Connected to MotherDuck database: dewey
2025-03-17 06:37:51,952 - motherduck_uploader - ERROR - Failed to upload /Users/srvo/input_data/duckdb_files/schema_discovery.duckdb: IO Error: Cannot open file "/Users/srvo/input_data/duckdb_files/schema_discovery.duckdb": Permission denied
2025-03-17 06:37:51,952 - __main__ - WARNING - Upload failed for /Users/srvo/input_data/duckdb_files/schema_discovery.duckdb
2025-03-17 06:37:51,952 - __main__ - INFO - Retry attempt 3 for /Users/srvo/input_data/duckdb_files/schema_discovery.duckdb
2025-03-17 06:37:56,957 - __main__ - DEBUG - Uploading DuckDB file: /Users/srvo/input_data/duckdb_files/schema_discovery.duckdb
2025-03-17 06:37:56,957 - motherduck_uploader - INFO - Uploading file /Users/srvo/input_data/duckdb_files/schema_discovery.duckdb
2025-03-17 06:37:56,958 - motherduck_uploader - INFO - Connected to MotherDuck database: dewey
2025-03-17 06:37:56,961 - motherduck_uploader - ERROR - Failed to upload /Users/srvo/input_data/duckdb_files/schema_discovery.duckdb: IO Error: Cannot open file "/Users/srvo/input_data/duckdb_files/schema_discovery.duckdb": Permission denied
2025-03-17 06:37:56,961 - __main__ - WARNING - Upload failed for /Users/srvo/input_data/duckdb_files/schema_discovery.duckdb
2025-03-17 06:37:56,961 - __main__ - ERROR - Failed to upload /Users/srvo/input_data/duckdb_files/schema_discovery.duckdb after 3 retries
2025-03-17 06:37:56,961 - __main__ - INFO - Upload process completed
2025-03-17 06:37:56,961 - __main__ - INFO - Total files: 1
2025-03-17 06:37:56,961 - __main__ - INFO - Successfully uploaded: 0
2025-03-17 06:37:56,961 - __main__ - INFO - Failed: 1
2025-03-17 06:37:56,961 - __main__ - INFO - Skipped: 0

2025-03-17 06:37:56,978 - __main__ - INFO - Processing batch 2/4 (5 files)
2025-03-17 06:37:56,978 - __main__ - INFO - Uploading file: /Users/srvo/input_data/duckdb_files/port.duckdb
2025-03-17 06:38:13,623 - __main__ - ERROR - Failed to upload /Users/srvo/input_data/duckdb_files/port.duckdb
2025-03-17 06:38:13,625 - __main__ - ERROR - Error: 2025-03-17 06:37:57,052 - __main__ - DEBUG - Verbose logging enabled
2025-03-17 06:37:58,574 - motherduck_uploader - INFO - Connected to MotherDuck database: dewey
2025-03-17 06:37:58,574 - __main__ - INFO - Successfully connected to MotherDuck database dewey
2025-03-17 06:37:58,575 - __main__ - INFO - Found 1 files to process
2025-03-17 06:37:58,575 - __main__ - DEBUG - Found file: /Users/srvo/input_data/duckdb_files/port.duckdb
2025-03-17 06:37:58,575 - __main__ - INFO - Processing file: /Users/srvo/input_data/duckdb_files/port.duckdb
2025-03-17 06:37:58,575 - __main__ - DEBUG - Uploading DuckDB file: /Users/srvo/input_data/duckdb_files/port.duckdb
2025-03-17 06:37:58,575 - motherduck_uploader - INFO - Uploading file /Users/srvo/input_data/duckdb_files/port.duckdb
2025-03-17 06:37:58,576 - motherduck_uploader - INFO - Connected to MotherDuck database: dewey
2025-03-17 06:37:58,579 - motherduck_uploader - ERROR - Failed to upload /Users/srvo/input_data/duckdb_files/port.duckdb: IO Error: Cannot open file "/Users/srvo/input_data/duckdb_files/port.duckdb": Permission denied
2025-03-17 06:37:58,579 - __main__ - WARNING - Upload failed for /Users/srvo/input_data/duckdb_files/port.duckdb
2025-03-17 06:37:58,579 - __main__ - INFO - Retry attempt 1 for /Users/srvo/input_data/duckdb_files/port.duckdb
2025-03-17 06:38:03,580 - __main__ - DEBUG - Uploading DuckDB file: /Users/srvo/input_data/duckdb_files/port.duckdb
2025-03-17 06:38:03,580 - motherduck_uploader - INFO - Uploading file /Users/srvo/input_data/duckdb_files/port.duckdb
2025-03-17 06:38:03,582 - motherduck_uploader - INFO - Connected to MotherDuck database: dewey
2025-03-17 06:38:03,585 - motherduck_uploader - ERROR - Failed to upload /Users/srvo/input_data/duckdb_files/port.duckdb: IO Error: Cannot open file "/Users/srvo/input_data/duckdb_files/port.duckdb": Permission denied
2025-03-17 06:38:03,585 - __main__ - WARNING - Upload failed for /Users/srvo/input_data/duckdb_files/port.duckdb
2025-03-17 06:38:03,586 - __main__ - INFO - Retry attempt 2 for /Users/srvo/input_data/duckdb_files/port.duckdb
2025-03-17 06:38:08,590 - __main__ - DEBUG - Uploading DuckDB file: /Users/srvo/input_data/duckdb_files/port.duckdb
2025-03-17 06:38:08,590 - motherduck_uploader - INFO - Uploading file /Users/srvo/input_data/duckdb_files/port.duckdb
2025-03-17 06:38:08,592 - motherduck_uploader - INFO - Connected to MotherDuck database: dewey
2025-03-17 06:38:08,596 - motherduck_uploader - ERROR - Failed to upload /Users/srvo/input_data/duckdb_files/port.duckdb: IO Error: Cannot open file "/Users/srvo/input_data/duckdb_files/port.duckdb": Permission denied
2025-03-17 06:38:08,596 - __main__ - WARNING - Upload failed for /Users/srvo/input_data/duckdb_files/port.duckdb
2025-03-17 06:38:08,596 - __main__ - INFO - Retry attempt 3 for /Users/srvo/input_data/duckdb_files/port.duckdb
2025-03-17 06:38:13,601 - __main__ - DEBUG - Uploading DuckDB file: /Users/srvo/input_data/duckdb_files/port.duckdb
2025-03-17 06:38:13,602 - motherduck_uploader - INFO - Uploading file /Users/srvo/input_data/duckdb_files/port.duckdb
2025-03-17 06:38:13,604 - motherduck_uploader - INFO - Connected to MotherDuck database: dewey
2025-03-17 06:38:13,608 - motherduck_uploader - ERROR - Failed to upload /Users/srvo/input_data/duckdb_files/port.duckdb: IO Error: Cannot open file "/Users/srvo/input_data/duckdb_files/port.duckdb": Permission denied
2025-03-17 06:38:13,608 - __main__ - WARNING - Upload failed for /Users/srvo/input_data/duckdb_files/port.duckdb
2025-03-17 06:38:13,608 - __main__ - ERROR - Failed to upload /Users/srvo/input_data/duckdb_files/port.duckdb after 3 retries
2025-03-17 06:38:13,608 - __main__ - INFO - Upload process completed
2025-03-17 06:38:13,608 - __main__ - INFO - Total files: 1
2025-03-17 06:38:13,608 - __main__ - INFO - Successfully uploaded: 0
2025-03-17 06:38:13,608 - __main__ - INFO - Failed: 1
2025-03-17 06:38:13,608 - __main__ - INFO - Skipped: 0

2025-03-17 06:38:13,625 - __main__ - INFO - Uploading file: /Users/srvo/input_data/duckdb_files/data_ingestion.duckdb
2025-03-17 06:38:30,353 - __main__ - ERROR - Failed to upload /Users/srvo/input_data/duckdb_files/data_ingestion.duckdb
2025-03-17 06:38:30,353 - __main__ - ERROR - Error: 2025-03-17 06:38:13,699 - __main__ - DEBUG - Verbose logging enabled
2025-03-17 06:38:15,307 - motherduck_uploader - INFO - Connected to MotherDuck database: dewey
2025-03-17 06:38:15,307 - __main__ - INFO - Successfully connected to MotherDuck database dewey
2025-03-17 06:38:15,308 - __main__ - INFO - Found 1 files to process
2025-03-17 06:38:15,308 - __main__ - DEBUG - Found file: /Users/srvo/input_data/duckdb_files/data_ingestion.duckdb
2025-03-17 06:38:15,308 - __main__ - INFO - Processing file: /Users/srvo/input_data/duckdb_files/data_ingestion.duckdb
2025-03-17 06:38:15,308 - __main__ - DEBUG - Uploading DuckDB file: /Users/srvo/input_data/duckdb_files/data_ingestion.duckdb
2025-03-17 06:38:15,308 - motherduck_uploader - INFO - Uploading file /Users/srvo/input_data/duckdb_files/data_ingestion.duckdb
2025-03-17 06:38:15,309 - motherduck_uploader - INFO - Connected to MotherDuck database: dewey
2025-03-17 06:38:15,312 - motherduck_uploader - ERROR - Failed to upload /Users/srvo/input_data/duckdb_files/data_ingestion.duckdb: IO Error: Cannot open file "/Users/srvo/input_data/duckdb_files/data_ingestion.duckdb": Permission denied
2025-03-17 06:38:15,312 - __main__ - WARNING - Upload failed for /Users/srvo/input_data/duckdb_files/data_ingestion.duckdb
2025-03-17 06:38:15,312 - __main__ - INFO - Retry attempt 1 for /Users/srvo/input_data/duckdb_files/data_ingestion.duckdb
2025-03-17 06:38:20,313 - __main__ - DEBUG - Uploading DuckDB file: /Users/srvo/input_data/duckdb_files/data_ingestion.duckdb
2025-03-17 06:38:20,314 - motherduck_uploader - INFO - Uploading file /Users/srvo/input_data/duckdb_files/data_ingestion.duckdb
2025-03-17 06:38:20,315 - motherduck_uploader - INFO - Connected to MotherDuck database: dewey
2025-03-17 06:38:20,317 - motherduck_uploader - ERROR - Failed to upload /Users/srvo/input_data/duckdb_files/data_ingestion.duckdb: IO Error: Cannot open file "/Users/srvo/input_data/duckdb_files/data_ingestion.duckdb": Permission denied
2025-03-17 06:38:20,317 - __main__ - WARNING - Upload failed for /Users/srvo/input_data/duckdb_files/data_ingestion.duckdb
2025-03-17 06:38:20,317 - __main__ - INFO - Retry attempt 2 for /Users/srvo/input_data/duckdb_files/data_ingestion.duckdb
2025-03-17 06:38:25,322 - __main__ - DEBUG - Uploading DuckDB file: /Users/srvo/input_data/duckdb_files/data_ingestion.duckdb
2025-03-17 06:38:25,323 - motherduck_uploader - INFO - Uploading file /Users/srvo/input_data/duckdb_files/data_ingestion.duckdb
2025-03-17 06:38:25,325 - motherduck_uploader - INFO - Connected to MotherDuck database: dewey
2025-03-17 06:38:25,329 - motherduck_uploader - ERROR - Failed to upload /Users/srvo/input_data/duckdb_files/data_ingestion.duckdb: IO Error: Cannot open file "/Users/srvo/input_data/duckdb_files/data_ingestion.duckdb": Permission denied
2025-03-17 06:38:25,329 - __main__ - WARNING - Upload failed for /Users/srvo/input_data/duckdb_files/data_ingestion.duckdb
2025-03-17 06:38:25,329 - __main__ - INFO - Retry attempt 3 for /Users/srvo/input_data/duckdb_files/data_ingestion.duckdb
2025-03-17 06:38:30,334 - __main__ - DEBUG - Uploading DuckDB file: /Users/srvo/input_data/duckdb_files/data_ingestion.duckdb
2025-03-17 06:38:30,334 - motherduck_uploader - INFO - Uploading file /Users/srvo/input_data/duckdb_files/data_ingestion.duckdb
2025-03-17 06:38:30,336 - motherduck_uploader - INFO - Connected to MotherDuck database: dewey
2025-03-17 06:38:30,340 - motherduck_uploader - ERROR - Failed to upload /Users/srvo/input_data/duckdb_files/data_ingestion.duckdb: IO Error: Cannot open file "/Users/srvo/input_data/duckdb_files/data_ingestion.duckdb": Permission denied
2025-03-17 06:38:30,340 - __main__ - WARNING - Upload failed for /Users/srvo/input_data/duckdb_files/data_ingestion.duckdb
2025-03-17 06:38:30,340 - __main__ - ERROR - Failed to upload /Users/srvo/input_data/duckdb_files/data_ingestion.duckdb after 3 retries
2025-03-17 06:38:30,340 - __main__ - INFO - Upload process completed
2025-03-17 06:38:30,340 - __main__ - INFO - Total files: 1
2025-03-17 06:38:30,340 - __main__ - INFO - Successfully uploaded: 0
2025-03-17 06:38:30,340 - __main__ - INFO - Failed: 1
2025-03-17 06:38:30,341 - __main__ - INFO - Skipped: 0

2025-03-17 06:38:30,353 - __main__ - INFO - Uploading file: /Users/srvo/input_data/duckdb_files/library_analytics.duckdb
2025-03-17 06:38:47,057 - __main__ - ERROR - Failed to upload /Users/srvo/input_data/duckdb_files/library_analytics.duckdb
2025-03-17 06:38:47,057 - __main__ - ERROR - Error: 2025-03-17 06:38:30,423 - __main__ - DEBUG - Verbose logging enabled
2025-03-17 06:38:32,006 - motherduck_uploader - INFO - Connected to MotherDuck database: dewey
2025-03-17 06:38:32,006 - __main__ - INFO - Successfully connected to MotherDuck database dewey
2025-03-17 06:38:32,008 - __main__ - INFO - Found 1 files to process
2025-03-17 06:38:32,008 - __main__ - DEBUG - Found file: /Users/srvo/input_data/duckdb_files/library_analytics.duckdb
2025-03-17 06:38:32,008 - __main__ - INFO - Processing file: /Users/srvo/input_data/duckdb_files/library_analytics.duckdb
2025-03-17 06:38:32,008 - __main__ - DEBUG - Uploading DuckDB file: /Users/srvo/input_data/duckdb_files/library_analytics.duckdb
2025-03-17 06:38:32,008 - motherduck_uploader - INFO - Uploading file /Users/srvo/input_data/duckdb_files/library_analytics.duckdb
2025-03-17 06:38:32,009 - motherduck_uploader - INFO - Connected to MotherDuck database: dewey
2025-03-17 06:38:32,013 - motherduck_uploader - ERROR - Failed to upload /Users/srvo/input_data/duckdb_files/library_analytics.duckdb: IO Error: Cannot open file "/Users/srvo/input_data/duckdb_files/library_analytics.duckdb": Permission denied
2025-03-17 06:38:32,013 - __main__ - WARNING - Upload failed for /Users/srvo/input_data/duckdb_files/library_analytics.duckdb
2025-03-17 06:38:32,013 - __main__ - INFO - Retry attempt 1 for /Users/srvo/input_data/duckdb_files/library_analytics.duckdb
2025-03-17 06:38:37,018 - __main__ - DEBUG - Uploading DuckDB file: /Users/srvo/input_data/duckdb_files/library_analytics.duckdb
2025-03-17 06:38:37,018 - motherduck_uploader - INFO - Uploading file /Users/srvo/input_data/duckdb_files/library_analytics.duckdb
2025-03-17 06:38:37,019 - motherduck_uploader - INFO - Connected to MotherDuck database: dewey
2025-03-17 06:38:37,022 - motherduck_uploader - ERROR - Failed to upload /Users/srvo/input_data/duckdb_files/library_analytics.duckdb: IO Error: Cannot open file "/Users/srvo/input_data/duckdb_files/library_analytics.duckdb": Permission denied
2025-03-17 06:38:37,022 - __main__ - WARNING - Upload failed for /Users/srvo/input_data/duckdb_files/library_analytics.duckdb
2025-03-17 06:38:37,022 - __main__ - INFO - Retry attempt 2 for /Users/srvo/input_data/duckdb_files/library_analytics.duckdb
2025-03-17 06:38:42,027 - __main__ - DEBUG - Uploading DuckDB file: /Users/srvo/input_data/duckdb_files/library_analytics.duckdb
2025-03-17 06:38:42,028 - motherduck_uploader - INFO - Uploading file /Users/srvo/input_data/duckdb_files/library_analytics.duckdb
2025-03-17 06:38:42,030 - motherduck_uploader - INFO - Connected to MotherDuck database: dewey
2025-03-17 06:38:42,035 - motherduck_uploader - ERROR - Failed to upload /Users/srvo/input_data/duckdb_files/library_analytics.duckdb: IO Error: Cannot open file "/Users/srvo/input_data/duckdb_files/library_analytics.duckdb": Permission denied
2025-03-17 06:38:42,035 - __main__ - WARNING - Upload failed for /Users/srvo/input_data/duckdb_files/library_analytics.duckdb
2025-03-17 06:38:42,035 - __main__ - INFO - Retry attempt 3 for /Users/srvo/input_data/duckdb_files/library_analytics.duckdb
2025-03-17 06:38:47,040 - __main__ - DEBUG - Uploading DuckDB file: /Users/srvo/input_data/duckdb_files/library_analytics.duckdb
2025-03-17 06:38:47,040 - motherduck_uploader - INFO - Uploading file /Users/srvo/input_data/duckdb_files/library_analytics.duckdb
2025-03-17 06:38:47,043 - motherduck_uploader - INFO - Connected to MotherDuck database: dewey
2025-03-17 06:38:47,047 - motherduck_uploader - ERROR - Failed to upload /Users/srvo/input_data/duckdb_files/library_analytics.duckdb: IO Error: Cannot open file "/Users/srvo/input_data/duckdb_files/library_analytics.duckdb": Permission denied
2025-03-17 06:38:47,047 - __main__ - WARNING - Upload failed for /Users/srvo/input_data/duckdb_files/library_analytics.duckdb
2025-03-17 06:38:47,047 - __main__ - ERROR - Failed to upload /Users/srvo/input_data/duckdb_files/library_analytics.duckdb after 3 retries
2025-03-17 06:38:47,047 - __main__ - INFO - Upload process completed
2025-03-17 06:38:47,047 - __main__ - INFO - Total files: 1
2025-03-17 06:38:47,047 - __main__ - INFO - Successfully uploaded: 0
2025-03-17 06:38:47,047 - __main__ - INFO - Failed: 1
2025-03-17 06:38:47,047 - __main__ - INFO - Skipped: 0

2025-03-17 06:38:47,058 - __main__ - INFO - Uploading file: /Users/srvo/input_data/duckdb_files/dev.duckdb
2025-03-17 06:39:03,472 - __main__ - ERROR - Failed to upload /Users/srvo/input_data/duckdb_files/dev.duckdb
2025-03-17 06:39:03,473 - __main__ - ERROR - Error: 2025-03-17 06:38:47,129 - __main__ - DEBUG - Verbose logging enabled
2025-03-17 06:38:48,417 - motherduck_uploader - INFO - Connected to MotherDuck database: dewey
2025-03-17 06:38:48,418 - __main__ - INFO - Successfully connected to MotherDuck database dewey
2025-03-17 06:38:48,419 - __main__ - INFO - Found 1 files to process
2025-03-17 06:38:48,419 - __main__ - DEBUG - Found file: /Users/srvo/input_data/duckdb_files/dev.duckdb
2025-03-17 06:38:48,419 - __main__ - INFO - Processing file: /Users/srvo/input_data/duckdb_files/dev.duckdb
2025-03-17 06:38:48,419 - __main__ - DEBUG - Uploading DuckDB file: /Users/srvo/input_data/duckdb_files/dev.duckdb
2025-03-17 06:38:48,419 - motherduck_uploader - INFO - Uploading file /Users/srvo/input_data/duckdb_files/dev.duckdb
2025-03-17 06:38:48,420 - motherduck_uploader - INFO - Connected to MotherDuck database: dewey
2025-03-17 06:38:48,422 - motherduck_uploader - ERROR - Failed to upload /Users/srvo/input_data/duckdb_files/dev.duckdb: IO Error: Cannot open file "/Users/srvo/input_data/duckdb_files/dev.duckdb": Permission denied
2025-03-17 06:38:48,422 - __main__ - WARNING - Upload failed for /Users/srvo/input_data/duckdb_files/dev.duckdb
2025-03-17 06:38:48,422 - __main__ - INFO - Retry attempt 1 for /Users/srvo/input_data/duckdb_files/dev.duckdb
2025-03-17 06:38:53,426 - __main__ - DEBUG - Uploading DuckDB file: /Users/srvo/input_data/duckdb_files/dev.duckdb
2025-03-17 06:38:53,427 - motherduck_uploader - INFO - Uploading file /Users/srvo/input_data/duckdb_files/dev.duckdb
2025-03-17 06:38:53,428 - motherduck_uploader - INFO - Connected to MotherDuck database: dewey
2025-03-17 06:38:53,430 - motherduck_uploader - ERROR - Failed to upload /Users/srvo/input_data/duckdb_files/dev.duckdb: IO Error: Cannot open file "/Users/srvo/input_data/duckdb_files/dev.duckdb": Permission denied
2025-03-17 06:38:53,430 - __main__ - WARNING - Upload failed for /Users/srvo/input_data/duckdb_files/dev.duckdb
2025-03-17 06:38:53,430 - __main__ - INFO - Retry attempt 2 for /Users/srvo/input_data/duckdb_files/dev.duckdb
2025-03-17 06:38:58,436 - __main__ - DEBUG - Uploading DuckDB file: /Users/srvo/input_data/duckdb_files/dev.duckdb
2025-03-17 06:38:58,437 - motherduck_uploader - INFO - Uploading file /Users/srvo/input_data/duckdb_files/dev.duckdb
2025-03-17 06:38:58,441 - motherduck_uploader - INFO - Connected to MotherDuck database: dewey
2025-03-17 06:38:58,446 - motherduck_uploader - ERROR - Failed to upload /Users/srvo/input_data/duckdb_files/dev.duckdb: IO Error: Cannot open file "/Users/srvo/input_data/duckdb_files/dev.duckdb": Permission denied
2025-03-17 06:38:58,447 - __main__ - WARNING - Upload failed for /Users/srvo/input_data/duckdb_files/dev.duckdb
2025-03-17 06:38:58,447 - __main__ - INFO - Retry attempt 3 for /Users/srvo/input_data/duckdb_files/dev.duckdb
2025-03-17 06:39:03,450 - __main__ - DEBUG - Uploading DuckDB file: /Users/srvo/input_data/duckdb_files/dev.duckdb
2025-03-17 06:39:03,450 - motherduck_uploader - INFO - Uploading file /Users/srvo/input_data/duckdb_files/dev.duckdb
2025-03-17 06:39:03,452 - motherduck_uploader - INFO - Connected to MotherDuck database: dewey
2025-03-17 06:39:03,455 - motherduck_uploader - ERROR - Failed to upload /Users/srvo/input_data/duckdb_files/dev.duckdb: IO Error: Cannot open file "/Users/srvo/input_data/duckdb_files/dev.duckdb": Permission denied
2025-03-17 06:39:03,455 - __main__ - WARNING - Upload failed for /Users/srvo/input_data/duckdb_files/dev.duckdb
2025-03-17 06:39:03,455 - __main__ - ERROR - Failed to upload /Users/srvo/input_data/duckdb_files/dev.duckdb after 3 retries
2025-03-17 06:39:03,455 - __main__ - INFO - Upload process completed
2025-03-17 06:39:03,455 - __main__ - INFO - Total files: 1
2025-03-17 06:39:03,455 - __main__ - INFO - Successfully uploaded: 0
2025-03-17 06:39:03,455 - __main__ - INFO - Failed: 1
2025-03-17 06:39:03,455 - __main__ - INFO - Skipped: 0

2025-03-17 06:39:03,474 - __main__ - INFO - Uploading file: /Users/srvo/input_data/duckdb_files/podcast_data.duckdb
2025-03-17 06:39:20,076 - __main__ - ERROR - Failed to upload /Users/srvo/input_data/duckdb_files/podcast_data.duckdb
2025-03-17 06:39:20,076 - __main__ - ERROR - Error: 2025-03-17 06:39:03,541 - __main__ - DEBUG - Verbose logging enabled
2025-03-17 06:39:05,034 - motherduck_uploader - INFO - Connected to MotherDuck database: dewey
2025-03-17 06:39:05,034 - __main__ - INFO - Successfully connected to MotherDuck database dewey
2025-03-17 06:39:05,036 - __main__ - INFO - Found 1 files to process
2025-03-17 06:39:05,036 - __main__ - DEBUG - Found file: /Users/srvo/input_data/duckdb_files/podcast_data.duckdb
2025-03-17 06:39:05,036 - __main__ - INFO - Processing file: /Users/srvo/input_data/duckdb_files/podcast_data.duckdb
2025-03-17 06:39:05,036 - __main__ - DEBUG - Uploading DuckDB file: /Users/srvo/input_data/duckdb_files/podcast_data.duckdb
2025-03-17 06:39:05,036 - motherduck_uploader - INFO - Uploading file /Users/srvo/input_data/duckdb_files/podcast_data.duckdb
2025-03-17 06:39:05,037 - motherduck_uploader - INFO - Connected to MotherDuck database: dewey
2025-03-17 06:39:05,042 - motherduck_uploader - ERROR - Failed to upload /Users/srvo/input_data/duckdb_files/podcast_data.duckdb: IO Error: Cannot open file "/Users/srvo/input_data/duckdb_files/podcast_data.duckdb": Permission denied
2025-03-17 06:39:05,043 - __main__ - WARNING - Upload failed for /Users/srvo/input_data/duckdb_files/podcast_data.duckdb
2025-03-17 06:39:05,043 - __main__ - INFO - Retry attempt 1 for /Users/srvo/input_data/duckdb_files/podcast_data.duckdb
2025-03-17 06:39:10,044 - __main__ - DEBUG - Uploading DuckDB file: /Users/srvo/input_data/duckdb_files/podcast_data.duckdb
2025-03-17 06:39:10,044 - motherduck_uploader - INFO - Uploading file /Users/srvo/input_data/duckdb_files/podcast_data.duckdb
2025-03-17 06:39:10,045 - motherduck_uploader - INFO - Connected to MotherDuck database: dewey
2025-03-17 06:39:10,048 - motherduck_uploader - ERROR - Failed to upload /Users/srvo/input_data/duckdb_files/podcast_data.duckdb: IO Error: Cannot open file "/Users/srvo/input_data/duckdb_files/podcast_data.duckdb": Permission denied
2025-03-17 06:39:10,049 - __main__ - WARNING - Upload failed for /Users/srvo/input_data/duckdb_files/podcast_data.duckdb
2025-03-17 06:39:10,049 - __main__ - INFO - Retry attempt 2 for /Users/srvo/input_data/duckdb_files/podcast_data.duckdb
2025-03-17 06:39:15,052 - __main__ - DEBUG - Uploading DuckDB file: /Users/srvo/input_data/duckdb_files/podcast_data.duckdb
2025-03-17 06:39:15,052 - motherduck_uploader - INFO - Uploading file /Users/srvo/input_data/duckdb_files/podcast_data.duckdb
2025-03-17 06:39:15,054 - motherduck_uploader - INFO - Connected to MotherDuck database: dewey
2025-03-17 06:39:15,058 - motherduck_uploader - ERROR - Failed to upload /Users/srvo/input_data/duckdb_files/podcast_data.duckdb: IO Error: Cannot open file "/Users/srvo/input_data/duckdb_files/podcast_data.duckdb": Permission denied
2025-03-17 06:39:15,058 - __main__ - WARNING - Upload failed for /Users/srvo/input_data/duckdb_files/podcast_data.duckdb
2025-03-17 06:39:15,058 - __main__ - INFO - Retry attempt 3 for /Users/srvo/input_data/duckdb_files/podcast_data.duckdb
2025-03-17 06:39:20,063 - __main__ - DEBUG - Uploading DuckDB file: /Users/srvo/input_data/duckdb_files/podcast_data.duckdb
2025-03-17 06:39:20,063 - motherduck_uploader - INFO - Uploading file /Users/srvo/input_data/duckdb_files/podcast_data.duckdb
2025-03-17 06:39:20,064 - motherduck_uploader - INFO - Connected to MotherDuck database: dewey
2025-03-17 06:39:20,066 - motherduck_uploader - ERROR - Failed to upload /Users/srvo/input_data/duckdb_files/podcast_data.duckdb: IO Error: Cannot open file "/Users/srvo/input_data/duckdb_files/podcast_data.duckdb": Permission denied
2025-03-17 06:39:20,067 - __main__ - WARNING - Upload failed for /Users/srvo/input_data/duckdb_files/podcast_data.duckdb
2025-03-17 06:39:20,067 - __main__ - ERROR - Failed to upload /Users/srvo/input_data/duckdb_files/podcast_data.duckdb after 3 retries
2025-03-17 06:39:20,067 - __main__ - INFO - Upload process completed
2025-03-17 06:39:20,067 - __main__ - INFO - Total files: 1
2025-03-17 06:39:20,067 - __main__ - INFO - Successfully uploaded: 0
2025-03-17 06:39:20,067 - __main__ - INFO - Failed: 1
2025-03-17 06:39:20,067 - __main__ - INFO - Skipped: 0

2025-03-17 06:39:20,076 - __main__ - INFO - Processing batch 3/4 (5 files)
2025-03-17 06:39:20,076 - __main__ - INFO - Uploading file: /Users/srvo/input_data/duckdb_files/research.duckdb
2025-03-17 06:39:36,649 - __main__ - ERROR - Failed to upload /Users/srvo/input_data/duckdb_files/research.duckdb
2025-03-17 06:39:36,649 - __main__ - ERROR - Error: 2025-03-17 06:39:20,147 - __main__ - DEBUG - Verbose logging enabled
2025-03-17 06:39:21,598 - motherduck_uploader - INFO - Connected to MotherDuck database: dewey
2025-03-17 06:39:21,598 - __main__ - INFO - Successfully connected to MotherDuck database dewey
2025-03-17 06:39:21,599 - __main__ - INFO - Found 1 files to process
2025-03-17 06:39:21,599 - __main__ - DEBUG - Found file: /Users/srvo/input_data/duckdb_files/research.duckdb
2025-03-17 06:39:21,599 - __main__ - INFO - Processing file: /Users/srvo/input_data/duckdb_files/research.duckdb
2025-03-17 06:39:21,599 - __main__ - DEBUG - Uploading DuckDB file: /Users/srvo/input_data/duckdb_files/research.duckdb
2025-03-17 06:39:21,599 - motherduck_uploader - INFO - Uploading file /Users/srvo/input_data/duckdb_files/research.duckdb
2025-03-17 06:39:21,600 - motherduck_uploader - INFO - Connected to MotherDuck database: dewey
2025-03-17 06:39:21,602 - motherduck_uploader - ERROR - Failed to upload /Users/srvo/input_data/duckdb_files/research.duckdb: IO Error: Cannot open file "/Users/srvo/input_data/duckdb_files/research.duckdb": Permission denied
2025-03-17 06:39:21,603 - __main__ - WARNING - Upload failed for /Users/srvo/input_data/duckdb_files/research.duckdb
2025-03-17 06:39:21,603 - __main__ - INFO - Retry attempt 1 for /Users/srvo/input_data/duckdb_files/research.duckdb
2025-03-17 06:39:26,608 - __main__ - DEBUG - Uploading DuckDB file: /Users/srvo/input_data/duckdb_files/research.duckdb
2025-03-17 06:39:26,609 - motherduck_uploader - INFO - Uploading file /Users/srvo/input_data/duckdb_files/research.duckdb
2025-03-17 06:39:26,611 - motherduck_uploader - INFO - Connected to MotherDuck database: dewey
2025-03-17 06:39:26,615 - motherduck_uploader - ERROR - Failed to upload /Users/srvo/input_data/duckdb_files/research.duckdb: IO Error: Cannot open file "/Users/srvo/input_data/duckdb_files/research.duckdb": Permission denied
2025-03-17 06:39:26,615 - __main__ - WARNING - Upload failed for /Users/srvo/input_data/duckdb_files/research.duckdb
2025-03-17 06:39:26,615 - __main__ - INFO - Retry attempt 2 for /Users/srvo/input_data/duckdb_files/research.duckdb
2025-03-17 06:39:31,616 - __main__ - DEBUG - Uploading DuckDB file: /Users/srvo/input_data/duckdb_files/research.duckdb
2025-03-17 06:39:31,616 - motherduck_uploader - INFO - Uploading file /Users/srvo/input_data/duckdb_files/research.duckdb
2025-03-17 06:39:31,619 - motherduck_uploader - INFO - Connected to MotherDuck database: dewey
2025-03-17 06:39:31,627 - motherduck_uploader - ERROR - Failed to upload /Users/srvo/input_data/duckdb_files/research.duckdb: IO Error: Cannot open file "/Users/srvo/input_data/duckdb_files/research.duckdb": Permission denied
2025-03-17 06:39:31,627 - __main__ - WARNING - Upload failed for /Users/srvo/input_data/duckdb_files/research.duckdb
2025-03-17 06:39:31,627 - __main__ - INFO - Retry attempt 3 for /Users/srvo/input_data/duckdb_files/research.duckdb
2025-03-17 06:39:36,628 - __main__ - DEBUG - Uploading DuckDB file: /Users/srvo/input_data/duckdb_files/research.duckdb
2025-03-17 06:39:36,628 - motherduck_uploader - INFO - Uploading file /Users/srvo/input_data/duckdb_files/research.duckdb
2025-03-17 06:39:36,630 - motherduck_uploader - INFO - Connected to MotherDuck database: dewey
2025-03-17 06:39:36,632 - motherduck_uploader - ERROR - Failed to upload /Users/srvo/input_data/duckdb_files/research.duckdb: IO Error: Cannot open file "/Users/srvo/input_data/duckdb_files/research.duckdb": Permission denied
2025-03-17 06:39:36,632 - __main__ - WARNING - Upload failed for /Users/srvo/input_data/duckdb_files/research.duckdb
2025-03-17 06:39:36,633 - __main__ - ERROR - Failed to upload /Users/srvo/input_data/duckdb_files/research.duckdb after 3 retries
2025-03-17 06:39:36,633 - __main__ - INFO - Upload process completed
2025-03-17 06:39:36,633 - __main__ - INFO - Total files: 1
2025-03-17 06:39:36,633 - __main__ - INFO - Successfully uploaded: 0
2025-03-17 06:39:36,633 - __main__ - INFO - Failed: 1
2025-03-17 06:39:36,633 - __main__ - INFO - Skipped: 0

2025-03-17 06:39:36,650 - __main__ - INFO - Uploading file: /Users/srvo/input_data/duckdb_files/timeline_database.duckdb
2025-03-17 06:39:53,460 - __main__ - ERROR - Failed to upload /Users/srvo/input_data/duckdb_files/timeline_database.duckdb
2025-03-17 06:39:53,461 - __main__ - ERROR - Error: 2025-03-17 06:39:36,724 - __main__ - DEBUG - Verbose logging enabled
2025-03-17 06:39:38,384 - motherduck_uploader - INFO - Connected to MotherDuck database: dewey
2025-03-17 06:39:38,384 - __main__ - INFO - Successfully connected to MotherDuck database dewey
2025-03-17 06:39:38,385 - __main__ - INFO - Found 1 files to process
2025-03-17 06:39:38,385 - __main__ - DEBUG - Found file: /Users/srvo/input_data/duckdb_files/timeline_database.duckdb
2025-03-17 06:39:38,385 - __main__ - INFO - Processing file: /Users/srvo/input_data/duckdb_files/timeline_database.duckdb
2025-03-17 06:39:38,385 - __main__ - DEBUG - Uploading DuckDB file: /Users/srvo/input_data/duckdb_files/timeline_database.duckdb
2025-03-17 06:39:38,385 - motherduck_uploader - INFO - Uploading file /Users/srvo/input_data/duckdb_files/timeline_database.duckdb
2025-03-17 06:39:38,386 - motherduck_uploader - INFO - Connected to MotherDuck database: dewey
2025-03-17 06:39:38,388 - motherduck_uploader - ERROR - Failed to upload /Users/srvo/input_data/duckdb_files/timeline_database.duckdb: IO Error: Cannot open file "/Users/srvo/input_data/duckdb_files/timeline_database.duckdb": Permission denied
2025-03-17 06:39:38,388 - __main__ - WARNING - Upload failed for /Users/srvo/input_data/duckdb_files/timeline_database.duckdb
2025-03-17 06:39:38,388 - __main__ - INFO - Retry attempt 1 for /Users/srvo/input_data/duckdb_files/timeline_database.duckdb
2025-03-17 06:39:43,393 - __main__ - DEBUG - Uploading DuckDB file: /Users/srvo/input_data/duckdb_files/timeline_database.duckdb
2025-03-17 06:39:43,393 - motherduck_uploader - INFO - Uploading file /Users/srvo/input_data/duckdb_files/timeline_database.duckdb
2025-03-17 06:39:43,394 - motherduck_uploader - INFO - Connected to MotherDuck database: dewey
2025-03-17 06:39:43,395 - motherduck_uploader - ERROR - Failed to upload /Users/srvo/input_data/duckdb_files/timeline_database.duckdb: IO Error: Cannot open file "/Users/srvo/input_data/duckdb_files/timeline_database.duckdb": Permission denied
2025-03-17 06:39:43,396 - __main__ - WARNING - Upload failed for /Users/srvo/input_data/duckdb_files/timeline_database.duckdb
2025-03-17 06:39:43,396 - __main__ - INFO - Retry attempt 2 for /Users/srvo/input_data/duckdb_files/timeline_database.duckdb
2025-03-17 06:39:48,398 - __main__ - DEBUG - Uploading DuckDB file: /Users/srvo/input_data/duckdb_files/timeline_database.duckdb
2025-03-17 06:39:48,398 - motherduck_uploader - INFO - Uploading file /Users/srvo/input_data/duckdb_files/timeline_database.duckdb
2025-03-17 06:39:48,399 - motherduck_uploader - INFO - Connected to MotherDuck database: dewey
2025-03-17 06:39:48,401 - motherduck_uploader - ERROR - Failed to upload /Users/srvo/input_data/duckdb_files/timeline_database.duckdb: IO Error: Cannot open file "/Users/srvo/input_data/duckdb_files/timeline_database.duckdb": Permission denied
2025-03-17 06:39:48,401 - __main__ - WARNING - Upload failed for /Users/srvo/input_data/duckdb_files/timeline_database.duckdb
2025-03-17 06:39:48,401 - __main__ - INFO - Retry attempt 3 for /Users/srvo/input_data/duckdb_files/timeline_database.duckdb
2025-03-17 06:39:53,402 - __main__ - DEBUG - Uploading DuckDB file: /Users/srvo/input_data/duckdb_files/timeline_database.duckdb
2025-03-17 06:39:53,403 - motherduck_uploader - INFO - Uploading file /Users/srvo/input_data/duckdb_files/timeline_database.duckdb
2025-03-17 06:39:53,428 - motherduck_uploader - INFO - Connected to MotherDuck database: dewey
2025-03-17 06:39:53,433 - motherduck_uploader - ERROR - Failed to upload /Users/srvo/input_data/duckdb_files/timeline_database.duckdb: IO Error: Cannot open file "/Users/srvo/input_data/duckdb_files/timeline_database.duckdb": Permission denied
2025-03-17 06:39:53,433 - __main__ - WARNING - Upload failed for /Users/srvo/input_data/duckdb_files/timeline_database.duckdb
2025-03-17 06:39:53,434 - __main__ - ERROR - Failed to upload /Users/srvo/input_data/duckdb_files/timeline_database.duckdb after 3 retries
2025-03-17 06:39:53,434 - __main__ - INFO - Upload process completed
2025-03-17 06:39:53,434 - __main__ - INFO - Total files: 1
2025-03-17 06:39:53,434 - __main__ - INFO - Successfully uploaded: 0
2025-03-17 06:39:53,434 - __main__ - INFO - Failed: 1
2025-03-17 06:39:53,434 - __main__ - INFO - Skipped: 0

2025-03-17 06:39:53,462 - __main__ - INFO - Uploading file: /Users/srvo/input_data/duckdb_files/ecic.duckdb
2025-03-17 06:40:10,106 - __main__ - ERROR - Failed to upload /Users/srvo/input_data/duckdb_files/ecic.duckdb
2025-03-17 06:40:10,107 - __main__ - ERROR - Error: 2025-03-17 06:39:53,546 - __main__ - DEBUG - Verbose logging enabled
2025-03-17 06:39:55,048 - motherduck_uploader - INFO - Connected to MotherDuck database: dewey
2025-03-17 06:39:55,048 - __main__ - INFO - Successfully connected to MotherDuck database dewey
2025-03-17 06:39:55,051 - __main__ - INFO - Found 1 files to process
2025-03-17 06:39:55,051 - __main__ - DEBUG - Found file: /Users/srvo/input_data/duckdb_files/ecic.duckdb
2025-03-17 06:39:55,051 - __main__ - INFO - Processing file: /Users/srvo/input_data/duckdb_files/ecic.duckdb
2025-03-17 06:39:55,051 - __main__ - DEBUG - Uploading DuckDB file: /Users/srvo/input_data/duckdb_files/ecic.duckdb
2025-03-17 06:39:55,051 - motherduck_uploader - INFO - Uploading file /Users/srvo/input_data/duckdb_files/ecic.duckdb
2025-03-17 06:39:55,052 - motherduck_uploader - INFO - Connected to MotherDuck database: dewey
2025-03-17 06:39:55,056 - motherduck_uploader - ERROR - Failed to upload /Users/srvo/input_data/duckdb_files/ecic.duckdb: IO Error: Cannot open file "/Users/srvo/input_data/duckdb_files/ecic.duckdb": Permission denied
2025-03-17 06:39:55,056 - __main__ - WARNING - Upload failed for /Users/srvo/input_data/duckdb_files/ecic.duckdb
2025-03-17 06:39:55,056 - __main__ - INFO - Retry attempt 1 for /Users/srvo/input_data/duckdb_files/ecic.duckdb
2025-03-17 06:40:00,060 - __main__ - DEBUG - Uploading DuckDB file: /Users/srvo/input_data/duckdb_files/ecic.duckdb
2025-03-17 06:40:00,060 - motherduck_uploader - INFO - Uploading file /Users/srvo/input_data/duckdb_files/ecic.duckdb
2025-03-17 06:40:00,061 - motherduck_uploader - INFO - Connected to MotherDuck database: dewey
2025-03-17 06:40:00,063 - motherduck_uploader - ERROR - Failed to upload /Users/srvo/input_data/duckdb_files/ecic.duckdb: IO Error: Cannot open file "/Users/srvo/input_data/duckdb_files/ecic.duckdb": Permission denied
2025-03-17 06:40:00,063 - __main__ - WARNING - Upload failed for /Users/srvo/input_data/duckdb_files/ecic.duckdb
2025-03-17 06:40:00,063 - __main__ - INFO - Retry attempt 2 for /Users/srvo/input_data/duckdb_files/ecic.duckdb
2025-03-17 06:40:05,064 - __main__ - DEBUG - Uploading DuckDB file: /Users/srvo/input_data/duckdb_files/ecic.duckdb
2025-03-17 06:40:05,065 - motherduck_uploader - INFO - Uploading file /Users/srvo/input_data/duckdb_files/ecic.duckdb
2025-03-17 06:40:05,068 - motherduck_uploader - INFO - Connected to MotherDuck database: dewey
2025-03-17 06:40:05,072 - motherduck_uploader - ERROR - Failed to upload /Users/srvo/input_data/duckdb_files/ecic.duckdb: IO Error: Cannot open file "/Users/srvo/input_data/duckdb_files/ecic.duckdb": Permission denied
2025-03-17 06:40:05,073 - __main__ - WARNING - Upload failed for /Users/srvo/input_data/duckdb_files/ecic.duckdb
2025-03-17 06:40:05,073 - __main__ - INFO - Retry attempt 3 for /Users/srvo/input_data/duckdb_files/ecic.duckdb
2025-03-17 06:40:10,078 - __main__ - DEBUG - Uploading DuckDB file: /Users/srvo/input_data/duckdb_files/ecic.duckdb
2025-03-17 06:40:10,078 - motherduck_uploader - INFO - Uploading file /Users/srvo/input_data/duckdb_files/ecic.duckdb
2025-03-17 06:40:10,081 - motherduck_uploader - INFO - Connected to MotherDuck database: dewey
2025-03-17 06:40:10,087 - motherduck_uploader - ERROR - Failed to upload /Users/srvo/input_data/duckdb_files/ecic.duckdb: IO Error: Cannot open file "/Users/srvo/input_data/duckdb_files/ecic.duckdb": Permission denied
2025-03-17 06:40:10,087 - __main__ - WARNING - Upload failed for /Users/srvo/input_data/duckdb_files/ecic.duckdb
2025-03-17 06:40:10,087 - __main__ - ERROR - Failed to upload /Users/srvo/input_data/duckdb_files/ecic.duckdb after 3 retries
2025-03-17 06:40:10,087 - __main__ - INFO - Upload process completed
2025-03-17 06:40:10,087 - __main__ - INFO - Total files: 1
2025-03-17 06:40:10,087 - __main__ - INFO - Successfully uploaded: 0
2025-03-17 06:40:10,087 - __main__ - INFO - Failed: 1
2025-03-17 06:40:10,087 - __main__ - INFO - Skipped: 0

2025-03-17 06:40:10,108 - __main__ - INFO - Uploading file: /Users/srvo/input_data/duckdb_files/library_metrics.duckdb
2025-03-17 06:40:26,697 - __main__ - ERROR - Failed to upload /Users/srvo/input_data/duckdb_files/library_metrics.duckdb
2025-03-17 06:40:26,698 - __main__ - ERROR - Error: 2025-03-17 06:40:10,191 - __main__ - DEBUG - Verbose logging enabled
2025-03-17 06:40:11,638 - motherduck_uploader - INFO - Connected to MotherDuck database: dewey
2025-03-17 06:40:11,638 - __main__ - INFO - Successfully connected to MotherDuck database dewey
2025-03-17 06:40:11,641 - __main__ - INFO - Found 1 files to process
2025-03-17 06:40:11,641 - __main__ - DEBUG - Found file: /Users/srvo/input_data/duckdb_files/library_metrics.duckdb
2025-03-17 06:40:11,641 - __main__ - INFO - Processing file: /Users/srvo/input_data/duckdb_files/library_metrics.duckdb
2025-03-17 06:40:11,641 - __main__ - DEBUG - Uploading DuckDB file: /Users/srvo/input_data/duckdb_files/library_metrics.duckdb
2025-03-17 06:40:11,641 - motherduck_uploader - INFO - Uploading file /Users/srvo/input_data/duckdb_files/library_metrics.duckdb
2025-03-17 06:40:11,642 - motherduck_uploader - INFO - Connected to MotherDuck database: dewey
2025-03-17 06:40:11,646 - motherduck_uploader - ERROR - Failed to upload /Users/srvo/input_data/duckdb_files/library_metrics.duckdb: IO Error: Cannot open file "/Users/srvo/input_data/duckdb_files/library_metrics.duckdb": Permission denied
2025-03-17 06:40:11,646 - __main__ - WARNING - Upload failed for /Users/srvo/input_data/duckdb_files/library_metrics.duckdb
2025-03-17 06:40:11,646 - __main__ - INFO - Retry attempt 1 for /Users/srvo/input_data/duckdb_files/library_metrics.duckdb
2025-03-17 06:40:16,650 - __main__ - DEBUG - Uploading DuckDB file: /Users/srvo/input_data/duckdb_files/library_metrics.duckdb
2025-03-17 06:40:16,650 - motherduck_uploader - INFO - Uploading file /Users/srvo/input_data/duckdb_files/library_metrics.duckdb
2025-03-17 06:40:16,654 - motherduck_uploader - INFO - Connected to MotherDuck database: dewey
2025-03-17 06:40:16,660 - motherduck_uploader - ERROR - Failed to upload /Users/srvo/input_data/duckdb_files/library_metrics.duckdb: IO Error: Cannot open file "/Users/srvo/input_data/duckdb_files/library_metrics.duckdb": Permission denied
2025-03-17 06:40:16,660 - __main__ - WARNING - Upload failed for /Users/srvo/input_data/duckdb_files/library_metrics.duckdb
2025-03-17 06:40:16,660 - __main__ - INFO - Retry attempt 2 for /Users/srvo/input_data/duckdb_files/library_metrics.duckdb
2025-03-17 06:40:21,662 - __main__ - DEBUG - Uploading DuckDB file: /Users/srvo/input_data/duckdb_files/library_metrics.duckdb
2025-03-17 06:40:21,662 - motherduck_uploader - INFO - Uploading file /Users/srvo/input_data/duckdb_files/library_metrics.duckdb
2025-03-17 06:40:21,664 - motherduck_uploader - INFO - Connected to MotherDuck database: dewey
2025-03-17 06:40:21,669 - motherduck_uploader - ERROR - Failed to upload /Users/srvo/input_data/duckdb_files/library_metrics.duckdb: IO Error: Cannot open file "/Users/srvo/input_data/duckdb_files/library_metrics.duckdb": Permission denied
2025-03-17 06:40:21,669 - __main__ - WARNING - Upload failed for /Users/srvo/input_data/duckdb_files/library_metrics.duckdb
2025-03-17 06:40:21,669 - __main__ - INFO - Retry attempt 3 for /Users/srvo/input_data/duckdb_files/library_metrics.duckdb
2025-03-17 06:40:26,672 - __main__ - DEBUG - Uploading DuckDB file: /Users/srvo/input_data/duckdb_files/library_metrics.duckdb
2025-03-17 06:40:26,672 - motherduck_uploader - INFO - Uploading file /Users/srvo/input_data/duckdb_files/library_metrics.duckdb
2025-03-17 06:40:26,676 - motherduck_uploader - INFO - Connected to MotherDuck database: dewey
2025-03-17 06:40:26,682 - motherduck_uploader - ERROR - Failed to upload /Users/srvo/input_data/duckdb_files/library_metrics.duckdb: IO Error: Cannot open file "/Users/srvo/input_data/duckdb_files/library_metrics.duckdb": Permission denied
2025-03-17 06:40:26,682 - __main__ - WARNING - Upload failed for /Users/srvo/input_data/duckdb_files/library_metrics.duckdb
2025-03-17 06:40:26,682 - __main__ - ERROR - Failed to upload /Users/srvo/input_data/duckdb_files/library_metrics.duckdb after 3 retries
2025-03-17 06:40:26,682 - __main__ - INFO - Upload process completed
2025-03-17 06:40:26,682 - __main__ - INFO - Total files: 1
2025-03-17 06:40:26,682 - __main__ - INFO - Successfully uploaded: 0
2025-03-17 06:40:26,682 - __main__ - INFO - Failed: 1
2025-03-17 06:40:26,682 - __main__ - INFO - Skipped: 0

2025-03-17 06:40:26,698 - __main__ - INFO - Uploading file: /Users/srvo/input_data/duckdb_files/emails.duckdb
2025-03-17 06:40:43,266 - __main__ - ERROR - Failed to upload /Users/srvo/input_data/duckdb_files/emails.duckdb
2025-03-17 06:40:43,267 - __main__ - ERROR - Error: 2025-03-17 06:40:26,785 - __main__ - DEBUG - Verbose logging enabled
2025-03-17 06:40:28,199 - motherduck_uploader - INFO - Connected to MotherDuck database: dewey
2025-03-17 06:40:28,199 - __main__ - INFO - Successfully connected to MotherDuck database dewey
2025-03-17 06:40:28,202 - __main__ - INFO - Found 1 files to process
2025-03-17 06:40:28,202 - __main__ - DEBUG - Found file: /Users/srvo/input_data/duckdb_files/emails.duckdb
2025-03-17 06:40:28,202 - __main__ - INFO - Processing file: /Users/srvo/input_data/duckdb_files/emails.duckdb
2025-03-17 06:40:28,202 - __main__ - DEBUG - Uploading DuckDB file: /Users/srvo/input_data/duckdb_files/emails.duckdb
2025-03-17 06:40:28,202 - motherduck_uploader - INFO - Uploading file /Users/srvo/input_data/duckdb_files/emails.duckdb
2025-03-17 06:40:28,203 - motherduck_uploader - INFO - Connected to MotherDuck database: dewey
2025-03-17 06:40:28,207 - motherduck_uploader - ERROR - Failed to upload /Users/srvo/input_data/duckdb_files/emails.duckdb: IO Error: Cannot open file "/Users/srvo/input_data/duckdb_files/emails.duckdb": Permission denied
2025-03-17 06:40:28,207 - __main__ - WARNING - Upload failed for /Users/srvo/input_data/duckdb_files/emails.duckdb
2025-03-17 06:40:28,207 - __main__ - INFO - Retry attempt 1 for /Users/srvo/input_data/duckdb_files/emails.duckdb
2025-03-17 06:40:33,213 - __main__ - DEBUG - Uploading DuckDB file: /Users/srvo/input_data/duckdb_files/emails.duckdb
2025-03-17 06:40:33,213 - motherduck_uploader - INFO - Uploading file /Users/srvo/input_data/duckdb_files/emails.duckdb
2025-03-17 06:40:33,217 - motherduck_uploader - INFO - Connected to MotherDuck database: dewey
2025-03-17 06:40:33,222 - motherduck_uploader - ERROR - Failed to upload /Users/srvo/input_data/duckdb_files/emails.duckdb: IO Error: Cannot open file "/Users/srvo/input_data/duckdb_files/emails.duckdb": Permission denied
2025-03-17 06:40:33,222 - __main__ - WARNING - Upload failed for /Users/srvo/input_data/duckdb_files/emails.duckdb
2025-03-17 06:40:33,223 - __main__ - INFO - Retry attempt 2 for /Users/srvo/input_data/duckdb_files/emails.duckdb
2025-03-17 06:40:38,227 - __main__ - DEBUG - Uploading DuckDB file: /Users/srvo/input_data/duckdb_files/emails.duckdb
2025-03-17 06:40:38,227 - motherduck_uploader - INFO - Uploading file /Users/srvo/input_data/duckdb_files/emails.duckdb
2025-03-17 06:40:38,230 - motherduck_uploader - INFO - Connected to MotherDuck database: dewey
2025-03-17 06:40:38,236 - motherduck_uploader - ERROR - Failed to upload /Users/srvo/input_data/duckdb_files/emails.duckdb: IO Error: Cannot open file "/Users/srvo/input_data/duckdb_files/emails.duckdb": Permission denied
2025-03-17 06:40:38,236 - __main__ - WARNING - Upload failed for /Users/srvo/input_data/duckdb_files/emails.duckdb
2025-03-17 06:40:38,236 - __main__ - INFO - Retry attempt 3 for /Users/srvo/input_data/duckdb_files/emails.duckdb
2025-03-17 06:40:43,241 - __main__ - DEBUG - Uploading DuckDB file: /Users/srvo/input_data/duckdb_files/emails.duckdb
2025-03-17 06:40:43,241 - motherduck_uploader - INFO - Uploading file /Users/srvo/input_data/duckdb_files/emails.duckdb
2025-03-17 06:40:43,246 - motherduck_uploader - INFO - Connected to MotherDuck database: dewey
2025-03-17 06:40:43,251 - motherduck_uploader - ERROR - Failed to upload /Users/srvo/input_data/duckdb_files/emails.duckdb: IO Error: Cannot open file "/Users/srvo/input_data/duckdb_files/emails.duckdb": Permission denied
2025-03-17 06:40:43,252 - __main__ - WARNING - Upload failed for /Users/srvo/input_data/duckdb_files/emails.duckdb
2025-03-17 06:40:43,252 - __main__ - ERROR - Failed to upload /Users/srvo/input_data/duckdb_files/emails.duckdb after 3 retries
2025-03-17 06:40:43,252 - __main__ - INFO - Upload process completed
2025-03-17 06:40:43,252 - __main__ - INFO - Total files: 1
2025-03-17 06:40:43,252 - __main__ - INFO - Successfully uploaded: 0
2025-03-17 06:40:43,252 - __main__ - INFO - Failed: 1
2025-03-17 06:40:43,252 - __main__ - INFO - Skipped: 0

2025-03-17 06:40:43,267 - __main__ - INFO - Processing batch 4/4 (5 files)
2025-03-17 06:40:43,267 - __main__ - INFO - Uploading file: /Users/srvo/input_data/duckdb_files/sheets_database.duckdb
2025-03-17 06:41:00,073 - __main__ - ERROR - Failed to upload /Users/srvo/input_data/duckdb_files/sheets_database.duckdb
2025-03-17 06:41:00,073 - __main__ - ERROR - Error: 2025-03-17 06:40:43,353 - __main__ - DEBUG - Verbose logging enabled
2025-03-17 06:40:45,011 - motherduck_uploader - INFO - Connected to MotherDuck database: dewey
2025-03-17 06:40:45,011 - __main__ - INFO - Successfully connected to MotherDuck database dewey
2025-03-17 06:40:45,014 - __main__ - INFO - Found 1 files to process
2025-03-17 06:40:45,014 - __main__ - DEBUG - Found file: /Users/srvo/input_data/duckdb_files/sheets_database.duckdb
2025-03-17 06:40:45,014 - __main__ - INFO - Processing file: /Users/srvo/input_data/duckdb_files/sheets_database.duckdb
2025-03-17 06:40:45,014 - __main__ - DEBUG - Uploading DuckDB file: /Users/srvo/input_data/duckdb_files/sheets_database.duckdb
2025-03-17 06:40:45,014 - motherduck_uploader - INFO - Uploading file /Users/srvo/input_data/duckdb_files/sheets_database.duckdb
2025-03-17 06:40:45,015 - motherduck_uploader - INFO - Connected to MotherDuck database: dewey
2025-03-17 06:40:45,019 - motherduck_uploader - ERROR - Failed to upload /Users/srvo/input_data/duckdb_files/sheets_database.duckdb: IO Error: Cannot open file "/Users/srvo/input_data/duckdb_files/sheets_database.duckdb": Permission denied
2025-03-17 06:40:45,019 - __main__ - WARNING - Upload failed for /Users/srvo/input_data/duckdb_files/sheets_database.duckdb
2025-03-17 06:40:45,019 - __main__ - INFO - Retry attempt 1 for /Users/srvo/input_data/duckdb_files/sheets_database.duckdb
2025-03-17 06:40:50,024 - __main__ - DEBUG - Uploading DuckDB file: /Users/srvo/input_data/duckdb_files/sheets_database.duckdb
2025-03-17 06:40:50,025 - motherduck_uploader - INFO - Uploading file /Users/srvo/input_data/duckdb_files/sheets_database.duckdb
2025-03-17 06:40:50,029 - motherduck_uploader - INFO - Connected to MotherDuck database: dewey
2025-03-17 06:40:50,033 - motherduck_uploader - ERROR - Failed to upload /Users/srvo/input_data/duckdb_files/sheets_database.duckdb: IO Error: Cannot open file "/Users/srvo/input_data/duckdb_files/sheets_database.duckdb": Permission denied
2025-03-17 06:40:50,034 - __main__ - WARNING - Upload failed for /Users/srvo/input_data/duckdb_files/sheets_database.duckdb
2025-03-17 06:40:50,034 - __main__ - INFO - Retry attempt 2 for /Users/srvo/input_data/duckdb_files/sheets_database.duckdb
2025-03-17 06:40:55,034 - __main__ - DEBUG - Uploading DuckDB file: /Users/srvo/input_data/duckdb_files/sheets_database.duckdb
2025-03-17 06:40:55,035 - motherduck_uploader - INFO - Uploading file /Users/srvo/input_data/duckdb_files/sheets_database.duckdb
2025-03-17 06:40:55,038 - motherduck_uploader - INFO - Connected to MotherDuck database: dewey
2025-03-17 06:40:55,043 - motherduck_uploader - ERROR - Failed to upload /Users/srvo/input_data/duckdb_files/sheets_database.duckdb: IO Error: Cannot open file "/Users/srvo/input_data/duckdb_files/sheets_database.duckdb": Permission denied
2025-03-17 06:40:55,043 - __main__ - WARNING - Upload failed for /Users/srvo/input_data/duckdb_files/sheets_database.duckdb
2025-03-17 06:40:55,043 - __main__ - INFO - Retry attempt 3 for /Users/srvo/input_data/duckdb_files/sheets_database.duckdb
2025-03-17 06:41:00,048 - __main__ - DEBUG - Uploading DuckDB file: /Users/srvo/input_data/duckdb_files/sheets_database.duckdb
2025-03-17 06:41:00,048 - motherduck_uploader - INFO - Uploading file /Users/srvo/input_data/duckdb_files/sheets_database.duckdb
2025-03-17 06:41:00,052 - motherduck_uploader - INFO - Connected to MotherDuck database: dewey
2025-03-17 06:41:00,057 - motherduck_uploader - ERROR - Failed to upload /Users/srvo/input_data/duckdb_files/sheets_database.duckdb: IO Error: Cannot open file "/Users/srvo/input_data/duckdb_files/sheets_database.duckdb": Permission denied
2025-03-17 06:41:00,057 - __main__ - WARNING - Upload failed for /Users/srvo/input_data/duckdb_files/sheets_database.duckdb
2025-03-17 06:41:00,057 - __main__ - ERROR - Failed to upload /Users/srvo/input_data/duckdb_files/sheets_database.duckdb after 3 retries
2025-03-17 06:41:00,057 - __main__ - INFO - Upload process completed
2025-03-17 06:41:00,057 - __main__ - INFO - Total files: 1
2025-03-17 06:41:00,057 - __main__ - INFO - Successfully uploaded: 0
2025-03-17 06:41:00,057 - __main__ - INFO - Failed: 1
2025-03-17 06:41:00,057 - __main__ - INFO - Skipped: 0

2025-03-17 06:41:00,073 - __main__ - INFO - Uploading file: /Users/srvo/input_data/duckdb_files/my_database.duckdb
2025-03-17 06:41:16,802 - __main__ - ERROR - Failed to upload /Users/srvo/input_data/duckdb_files/my_database.duckdb
2025-03-17 06:41:16,803 - __main__ - ERROR - Error: 2025-03-17 06:41:00,158 - __main__ - DEBUG - Verbose logging enabled
2025-03-17 06:41:01,740 - motherduck_uploader - INFO - Connected to MotherDuck database: dewey
2025-03-17 06:41:01,740 - __main__ - INFO - Successfully connected to MotherDuck database dewey
2025-03-17 06:41:01,743 - __main__ - INFO - Found 1 files to process
2025-03-17 06:41:01,743 - __main__ - DEBUG - Found file: /Users/srvo/input_data/duckdb_files/my_database.duckdb
2025-03-17 06:41:01,743 - __main__ - INFO - Processing file: /Users/srvo/input_data/duckdb_files/my_database.duckdb
2025-03-17 06:41:01,743 - __main__ - DEBUG - Uploading DuckDB file: /Users/srvo/input_data/duckdb_files/my_database.duckdb
2025-03-17 06:41:01,743 - motherduck_uploader - INFO - Uploading file /Users/srvo/input_data/duckdb_files/my_database.duckdb
2025-03-17 06:41:01,744 - motherduck_uploader - INFO - Connected to MotherDuck database: dewey
2025-03-17 06:41:01,748 - motherduck_uploader - ERROR - Failed to upload /Users/srvo/input_data/duckdb_files/my_database.duckdb: IO Error: Cannot open file "/Users/srvo/input_data/duckdb_files/my_database.duckdb": Permission denied
2025-03-17 06:41:01,748 - __main__ - WARNING - Upload failed for /Users/srvo/input_data/duckdb_files/my_database.duckdb
2025-03-17 06:41:01,748 - __main__ - INFO - Retry attempt 1 for /Users/srvo/input_data/duckdb_files/my_database.duckdb
2025-03-17 06:41:06,753 - __main__ - DEBUG - Uploading DuckDB file: /Users/srvo/input_data/duckdb_files/my_database.duckdb
2025-03-17 06:41:06,754 - motherduck_uploader - INFO - Uploading file /Users/srvo/input_data/duckdb_files/my_database.duckdb
2025-03-17 06:41:06,757 - motherduck_uploader - INFO - Connected to MotherDuck database: dewey
2025-03-17 06:41:06,762 - motherduck_uploader - ERROR - Failed to upload /Users/srvo/input_data/duckdb_files/my_database.duckdb: IO Error: Cannot open file "/Users/srvo/input_data/duckdb_files/my_database.duckdb": Permission denied
2025-03-17 06:41:06,762 - __main__ - WARNING - Upload failed for /Users/srvo/input_data/duckdb_files/my_database.duckdb
2025-03-17 06:41:06,762 - __main__ - INFO - Retry attempt 2 for /Users/srvo/input_data/duckdb_files/my_database.duckdb
2025-03-17 06:41:11,764 - __main__ - DEBUG - Uploading DuckDB file: /Users/srvo/input_data/duckdb_files/my_database.duckdb
2025-03-17 06:41:11,765 - motherduck_uploader - INFO - Uploading file /Users/srvo/input_data/duckdb_files/my_database.duckdb
2025-03-17 06:41:11,769 - motherduck_uploader - INFO - Connected to MotherDuck database: dewey
2025-03-17 06:41:11,773 - motherduck_uploader - ERROR - Failed to upload /Users/srvo/input_data/duckdb_files/my_database.duckdb: IO Error: Cannot open file "/Users/srvo/input_data/duckdb_files/my_database.duckdb": Permission denied
2025-03-17 06:41:11,773 - __main__ - WARNING - Upload failed for /Users/srvo/input_data/duckdb_files/my_database.duckdb
2025-03-17 06:41:11,773 - __main__ - INFO - Retry attempt 3 for /Users/srvo/input_data/duckdb_files/my_database.duckdb
2025-03-17 06:41:16,779 - __main__ - DEBUG - Uploading DuckDB file: /Users/srvo/input_data/duckdb_files/my_database.duckdb
2025-03-17 06:41:16,779 - motherduck_uploader - INFO - Uploading file /Users/srvo/input_data/duckdb_files/my_database.duckdb
2025-03-17 06:41:16,782 - motherduck_uploader - INFO - Connected to MotherDuck database: dewey
2025-03-17 06:41:16,788 - motherduck_uploader - ERROR - Failed to upload /Users/srvo/input_data/duckdb_files/my_database.duckdb: IO Error: Cannot open file "/Users/srvo/input_data/duckdb_files/my_database.duckdb": Permission denied
2025-03-17 06:41:16,788 - __main__ - WARNING - Upload failed for /Users/srvo/input_data/duckdb_files/my_database.duckdb
2025-03-17 06:41:16,788 - __main__ - ERROR - Failed to upload /Users/srvo/input_data/duckdb_files/my_database.duckdb after 3 retries
2025-03-17 06:41:16,788 - __main__ - INFO - Upload process completed
2025-03-17 06:41:16,788 - __main__ - INFO - Total files: 1
2025-03-17 06:41:16,788 - __main__ - INFO - Successfully uploaded: 0
2025-03-17 06:41:16,788 - __main__ - INFO - Failed: 1
2025-03-17 06:41:16,788 - __main__ - INFO - Skipped: 0

2025-03-17 06:41:16,803 - __main__ - INFO - Uploading file: /Users/srvo/input_data/ActiveData/email_classifier.duckdb
2025-03-17 06:41:23,554 - __main__ - INFO - Successfully uploaded /Users/srvo/input_data/ActiveData/email_classifier.duckdb
2025-03-17 06:41:23,554 - __main__ - INFO - Uploading file: /Users/srvo/input_data/ActiveData/dewey.duckdb
2025-03-17 06:41:40,144 - __main__ - ERROR - Failed to upload /Users/srvo/input_data/ActiveData/dewey.duckdb
2025-03-17 06:41:40,144 - __main__ - ERROR - Error: 2025-03-17 06:41:23,625 - __main__ - DEBUG - Verbose logging enabled
2025-03-17 06:41:25,015 - motherduck_uploader - INFO - Connected to MotherDuck database: dewey
2025-03-17 06:41:25,015 - __main__ - INFO - Successfully connected to MotherDuck database dewey
2025-03-17 06:41:25,016 - __main__ - INFO - Found 1 files to process
2025-03-17 06:41:25,016 - __main__ - DEBUG - Found file: /Users/srvo/input_data/ActiveData/dewey.duckdb
2025-03-17 06:41:25,016 - __main__ - INFO - Processing file: /Users/srvo/input_data/ActiveData/dewey.duckdb
2025-03-17 06:41:25,016 - __main__ - DEBUG - Uploading DuckDB file: /Users/srvo/input_data/ActiveData/dewey.duckdb
2025-03-17 06:41:25,016 - motherduck_uploader - INFO - Uploading file /Users/srvo/input_data/ActiveData/dewey.duckdb
2025-03-17 06:41:25,017 - motherduck_uploader - INFO - Connected to MotherDuck database: dewey
2025-03-17 06:41:25,031 - motherduck_uploader - WARNING - No tables found in /Users/srvo/input_data/ActiveData/dewey.duckdb
2025-03-17 06:41:25,032 - __main__ - WARNING - Upload failed for /Users/srvo/input_data/ActiveData/dewey.duckdb
2025-03-17 06:41:25,032 - __main__ - INFO - Retry attempt 1 for /Users/srvo/input_data/ActiveData/dewey.duckdb
2025-03-17 06:41:30,036 - __main__ - DEBUG - Uploading DuckDB file: /Users/srvo/input_data/ActiveData/dewey.duckdb
2025-03-17 06:41:30,036 - motherduck_uploader - INFO - Uploading file /Users/srvo/input_data/ActiveData/dewey.duckdb
2025-03-17 06:41:30,040 - motherduck_uploader - INFO - Connected to MotherDuck database: dewey
2025-03-17 06:41:30,067 - motherduck_uploader - WARNING - No tables found in /Users/srvo/input_data/ActiveData/dewey.duckdb
2025-03-17 06:41:30,069 - __main__ - WARNING - Upload failed for /Users/srvo/input_data/ActiveData/dewey.duckdb
2025-03-17 06:41:30,069 - __main__ - INFO - Retry attempt 2 for /Users/srvo/input_data/ActiveData/dewey.duckdb
2025-03-17 06:41:35,074 - __main__ - DEBUG - Uploading DuckDB file: /Users/srvo/input_data/ActiveData/dewey.duckdb
2025-03-17 06:41:35,074 - motherduck_uploader - INFO - Uploading file /Users/srvo/input_data/ActiveData/dewey.duckdb
2025-03-17 06:41:35,078 - motherduck_uploader - INFO - Connected to MotherDuck database: dewey
2025-03-17 06:41:35,107 - motherduck_uploader - WARNING - No tables found in /Users/srvo/input_data/ActiveData/dewey.duckdb
2025-03-17 06:41:35,109 - __main__ - WARNING - Upload failed for /Users/srvo/input_data/ActiveData/dewey.duckdb
2025-03-17 06:41:35,109 - __main__ - INFO - Retry attempt 3 for /Users/srvo/input_data/ActiveData/dewey.duckdb
2025-03-17 06:41:40,112 - __main__ - DEBUG - Uploading DuckDB file: /Users/srvo/input_data/ActiveData/dewey.duckdb
2025-03-17 06:41:40,113 - motherduck_uploader - INFO - Uploading file /Users/srvo/input_data/ActiveData/dewey.duckdb
2025-03-17 06:41:40,116 - motherduck_uploader - INFO - Connected to MotherDuck database: dewey
2025-03-17 06:41:40,133 - motherduck_uploader - WARNING - No tables found in /Users/srvo/input_data/ActiveData/dewey.duckdb
2025-03-17 06:41:40,134 - __main__ - WARNING - Upload failed for /Users/srvo/input_data/ActiveData/dewey.duckdb
2025-03-17 06:41:40,134 - __main__ - ERROR - Failed to upload /Users/srvo/input_data/ActiveData/dewey.duckdb after 3 retries
2025-03-17 06:41:40,134 - __main__ - INFO - Upload process completed
2025-03-17 06:41:40,134 - __main__ - INFO - Total files: 1
2025-03-17 06:41:40,134 - __main__ - INFO - Successfully uploaded: 0
2025-03-17 06:41:40,134 - __main__ - INFO - Failed: 1
2025-03-17 06:41:40,134 - __main__ - INFO - Skipped: 0

2025-03-17 06:41:40,144 - __main__ - INFO - Uploading file: /Users/srvo/input_data/ActiveData/process_feedback.duckdb
2025-03-17 06:41:44,876 - __main__ - INFO - Successfully uploaded /Users/srvo/input_data/ActiveData/process_feedback.duckdb
2025-03-17 06:41:44,876 - __main__ - INFO - Batch upload completed for duckdb files
2025-03-17 06:41:44,876 - __main__ - INFO - Total files: 20
2025-03-17 06:41:44,876 - __main__ - INFO - Successfully uploaded: 2
2025-03-17 06:41:44,876 - __main__ - INFO - Failed: 18
2025-03-17 06:41:44,876 - __main__ - INFO - All file types processed
2025-03-17 06:41:44,876 - __main__ - INFO - Total successfully uploaded: 2
2025-03-17 06:41:44,876 - __main__ - INFO - Total failed: 18
