2025-03-17 06:50:43,595 - __main__ - DEBUG - Verbose logging enabled
2025-03-17 06:50:43,595 - __main__ - INFO - Processing duckdb files
2025-03-17 06:50:44,476 - __main__ - INFO - Limiting to 10 duckdb files
2025-03-17 06:50:44,476 - __main__ - INFO - Found 10 duckdb files to process
2025-03-17 06:50:44,476 - __main__ - INFO - Processing batch 1/5 (2 files)
2025-03-17 06:50:44,476 - __main__ - INFO - Uploading file: /Users/srvo/input_data/dec_31_port.duckdb
2025-03-17 06:50:46,239 - __main__ - ERROR - Failed to upload /Users/srvo/input_data/dec_31_port.duckdb
2025-03-17 06:50:46,239 - __main__ - ERROR - Error: 2025-03-17 06:50:46,228 - motherduck_uploader - INFO - Connected to MotherDuck database: dewey
2025-03-17 06:50:46,228 - __main__ - INFO - Successfully connected to MotherDuck database dewey
Traceback (most recent call last):
  File "/Users/srvo/dewey/src/dewey/core/data_upload/upload.py", line 144, in <module>
    sys.exit(main()) 
             ^^^^^^
  File "/Users/srvo/dewey/src/dewey/core/data_upload/upload.py", line 65, in main
    files = list(input_path.glob(args.file_pattern))
            ^^^^^^^^^^^^^^^^^^^^^^^^^^^^^^^^^^^^^^^^
  File "/Users/srvo/.local/share/uv/python/cpython-3.12.9-macos-aarch64-none/lib/python3.12/pathlib.py", line 1090, in glob
    raise NotImplementedError("Non-relative patterns are unsupported")
NotImplementedError: Non-relative patterns are unsupported

2025-03-17 06:50:46,239 - __main__ - DEBUG - 
2025-03-17 06:50:46,239 - __main__ - INFO - Uploading file: /Users/srvo/input_data/port.duckdb
2025-03-17 06:50:47,999 - __main__ - ERROR - Failed to upload /Users/srvo/input_data/port.duckdb
2025-03-17 06:50:48,000 - __main__ - ERROR - Error: 2025-03-17 06:50:47,481 - motherduck_uploader - INFO - Connected to MotherDuck database: dewey
2025-03-17 06:50:47,481 - __main__ - INFO - Successfully connected to MotherDuck database dewey
Traceback (most recent call last):
  File "/Users/srvo/dewey/src/dewey/core/data_upload/upload.py", line 144, in <module>
    sys.exit(main()) 
             ^^^^^^
  File "/Users/srvo/dewey/src/dewey/core/data_upload/upload.py", line 65, in main
    files = list(input_path.glob(args.file_pattern))
            ^^^^^^^^^^^^^^^^^^^^^^^^^^^^^^^^^^^^^^^^
  File "/Users/srvo/.local/share/uv/python/cpython-3.12.9-macos-aarch64-none/lib/python3.12/pathlib.py", line 1090, in glob
    raise NotImplementedError("Non-relative patterns are unsupported")
NotImplementedError: Non-relative patterns are unsupported

2025-03-17 06:50:48,000 - __main__ - DEBUG - 
2025-03-17 06:50:48,000 - __main__ - INFO - Processing batch 2/5 (2 files)
2025-03-17 06:50:48,000 - __main__ - INFO - Uploading file: /Users/srvo/input_data/ecic.duckdb
2025-03-17 06:50:49,567 - __main__ - ERROR - Failed to upload /Users/srvo/input_data/ecic.duckdb
2025-03-17 06:50:49,567 - __main__ - ERROR - Error: 2025-03-17 06:50:49,558 - motherduck_uploader - INFO - Connected to MotherDuck database: dewey
2025-03-17 06:50:49,559 - __main__ - INFO - Successfully connected to MotherDuck database dewey
Traceback (most recent call last):
  File "/Users/srvo/dewey/src/dewey/core/data_upload/upload.py", line 144, in <module>
    sys.exit(main()) 
             ^^^^^^
  File "/Users/srvo/dewey/src/dewey/core/data_upload/upload.py", line 65, in main
    files = list(input_path.glob(args.file_pattern))
            ^^^^^^^^^^^^^^^^^^^^^^^^^^^^^^^^^^^^^^^^
  File "/Users/srvo/.local/share/uv/python/cpython-3.12.9-macos-aarch64-none/lib/python3.12/pathlib.py", line 1090, in glob
    raise NotImplementedError("Non-relative patterns are unsupported")
NotImplementedError: Non-relative patterns are unsupported

2025-03-17 06:50:49,567 - __main__ - DEBUG - 
2025-03-17 06:50:49,567 - __main__ - INFO - Uploading file: /Users/srvo/input_data/ethifinx_research.duckdb
2025-03-17 06:50:51,018 - __main__ - ERROR - Failed to upload /Users/srvo/input_data/ethifinx_research.duckdb
2025-03-17 06:50:51,019 - __main__ - ERROR - Error: 2025-03-17 06:50:51,006 - motherduck_uploader - INFO - Connected to MotherDuck database: dewey
2025-03-17 06:50:51,006 - __main__ - INFO - Successfully connected to MotherDuck database dewey
Traceback (most recent call last):
  File "/Users/srvo/dewey/src/dewey/core/data_upload/upload.py", line 144, in <module>
    sys.exit(main()) 
             ^^^^^^
  File "/Users/srvo/dewey/src/dewey/core/data_upload/upload.py", line 65, in main
    files = list(input_path.glob(args.file_pattern))
            ^^^^^^^^^^^^^^^^^^^^^^^^^^^^^^^^^^^^^^^^
  File "/Users/srvo/.local/share/uv/python/cpython-3.12.9-macos-aarch64-none/lib/python3.12/pathlib.py", line 1090, in glob
    raise NotImplementedError("Non-relative patterns are unsupported")
NotImplementedError: Non-relative patterns are unsupported

2025-03-17 06:50:51,019 - __main__ - DEBUG - 
2025-03-17 06:50:51,019 - __main__ - INFO - Processing batch 3/5 (2 files)
2025-03-17 06:50:51,019 - __main__ - INFO - Uploading file: /Users/srvo/input_data/nov_30_crm_data/crm/calendar/calendar.duckdb
2025-03-17 06:50:52,396 - __main__ - ERROR - Failed to upload /Users/srvo/input_data/nov_30_crm_data/crm/calendar/calendar.duckdb
2025-03-17 06:50:52,396 - __main__ - ERROR - Error: 2025-03-17 06:50:52,384 - motherduck_uploader - INFO - Connected to MotherDuck database: dewey
2025-03-17 06:50:52,384 - __main__ - INFO - Successfully connected to MotherDuck database dewey
Traceback (most recent call last):
  File "/Users/srvo/dewey/src/dewey/core/data_upload/upload.py", line 144, in <module>
    sys.exit(main()) 
             ^^^^^^
  File "/Users/srvo/dewey/src/dewey/core/data_upload/upload.py", line 65, in main
    files = list(input_path.glob(args.file_pattern))
            ^^^^^^^^^^^^^^^^^^^^^^^^^^^^^^^^^^^^^^^^
  File "/Users/srvo/.local/share/uv/python/cpython-3.12.9-macos-aarch64-none/lib/python3.12/pathlib.py", line 1090, in glob
    raise NotImplementedError("Non-relative patterns are unsupported")
NotImplementedError: Non-relative patterns are unsupported

2025-03-17 06:50:52,396 - __main__ - DEBUG - 
2025-03-17 06:50:52,396 - __main__ - INFO - Uploading file: /Users/srvo/input_data/nov_30_crm_data/crm/contacts/contacts.duckdb
2025-03-17 06:50:53,938 - __main__ - ERROR - Failed to upload /Users/srvo/input_data/nov_30_crm_data/crm/contacts/contacts.duckdb
2025-03-17 06:50:53,938 - __main__ - ERROR - Error: 2025-03-17 06:50:53,927 - motherduck_uploader - INFO - Connected to MotherDuck database: dewey
2025-03-17 06:50:53,927 - __main__ - INFO - Successfully connected to MotherDuck database dewey
Traceback (most recent call last):
  File "/Users/srvo/dewey/src/dewey/core/data_upload/upload.py", line 144, in <module>
    sys.exit(main()) 
             ^^^^^^
  File "/Users/srvo/dewey/src/dewey/core/data_upload/upload.py", line 65, in main
    files = list(input_path.glob(args.file_pattern))
            ^^^^^^^^^^^^^^^^^^^^^^^^^^^^^^^^^^^^^^^^
  File "/Users/srvo/.local/share/uv/python/cpython-3.12.9-macos-aarch64-none/lib/python3.12/pathlib.py", line 1090, in glob
    raise NotImplementedError("Non-relative patterns are unsupported")
NotImplementedError: Non-relative patterns are unsupported

2025-03-17 06:50:53,938 - __main__ - DEBUG - 
2025-03-17 06:50:53,938 - __main__ - INFO - Processing batch 4/5 (2 files)
2025-03-17 06:50:53,938 - __main__ - INFO - Uploading file: /Users/srvo/input_data/nov_30_crm_data/crm/contacts/contacts copy.duckdb
2025-03-17 06:50:55,436 - __main__ - ERROR - Failed to upload /Users/srvo/input_data/nov_30_crm_data/crm/contacts/contacts copy.duckdb
2025-03-17 06:50:55,436 - __main__ - ERROR - Error: 2025-03-17 06:50:55,425 - motherduck_uploader - INFO - Connected to MotherDuck database: dewey
2025-03-17 06:50:55,426 - __main__ - INFO - Successfully connected to MotherDuck database dewey
Traceback (most recent call last):
  File "/Users/srvo/dewey/src/dewey/core/data_upload/upload.py", line 144, in <module>
    sys.exit(main()) 
             ^^^^^^
  File "/Users/srvo/dewey/src/dewey/core/data_upload/upload.py", line 65, in main
    files = list(input_path.glob(args.file_pattern))
            ^^^^^^^^^^^^^^^^^^^^^^^^^^^^^^^^^^^^^^^^
  File "/Users/srvo/.local/share/uv/python/cpython-3.12.9-macos-aarch64-none/lib/python3.12/pathlib.py", line 1090, in glob
    raise NotImplementedError("Non-relative patterns are unsupported")
NotImplementedError: Non-relative patterns are unsupported

2025-03-17 06:50:55,436 - __main__ - DEBUG - 
2025-03-17 06:50:55,436 - __main__ - INFO - Uploading file: /Users/srvo/input_data/nov_30_crm_data/crm/emails/emails.duckdb
2025-03-17 06:50:57,046 - __main__ - ERROR - Failed to upload /Users/srvo/input_data/nov_30_crm_data/crm/emails/emails.duckdb
2025-03-17 06:50:57,046 - __main__ - ERROR - Error: 2025-03-17 06:50:57,032 - motherduck_uploader - INFO - Connected to MotherDuck database: dewey
2025-03-17 06:50:57,032 - __main__ - INFO - Successfully connected to MotherDuck database dewey
Traceback (most recent call last):
  File "/Users/srvo/dewey/src/dewey/core/data_upload/upload.py", line 144, in <module>
    sys.exit(main()) 
             ^^^^^^
  File "/Users/srvo/dewey/src/dewey/core/data_upload/upload.py", line 65, in main
    files = list(input_path.glob(args.file_pattern))
            ^^^^^^^^^^^^^^^^^^^^^^^^^^^^^^^^^^^^^^^^
  File "/Users/srvo/.local/share/uv/python/cpython-3.12.9-macos-aarch64-none/lib/python3.12/pathlib.py", line 1090, in glob
    raise NotImplementedError("Non-relative patterns are unsupported")
NotImplementedError: Non-relative patterns are unsupported

2025-03-17 06:50:57,046 - __main__ - DEBUG - 
2025-03-17 06:50:57,046 - __main__ - INFO - Processing batch 5/5 (2 files)
2025-03-17 06:50:57,047 - __main__ - INFO - Uploading file: /Users/srvo/input_data/nov_30_crm_data/raw/csv/calendar.duckdb
2025-03-17 06:50:58,535 - __main__ - ERROR - Failed to upload /Users/srvo/input_data/nov_30_crm_data/raw/csv/calendar.duckdb
2025-03-17 06:50:58,536 - __main__ - ERROR - Error: 2025-03-17 06:50:58,525 - motherduck_uploader - INFO - Connected to MotherDuck database: dewey
2025-03-17 06:50:58,525 - __main__ - INFO - Successfully connected to MotherDuck database dewey
Traceback (most recent call last):
  File "/Users/srvo/dewey/src/dewey/core/data_upload/upload.py", line 144, in <module>
    sys.exit(main()) 
             ^^^^^^
  File "/Users/srvo/dewey/src/dewey/core/data_upload/upload.py", line 65, in main
    files = list(input_path.glob(args.file_pattern))
            ^^^^^^^^^^^^^^^^^^^^^^^^^^^^^^^^^^^^^^^^
  File "/Users/srvo/.local/share/uv/python/cpython-3.12.9-macos-aarch64-none/lib/python3.12/pathlib.py", line 1090, in glob
    raise NotImplementedError("Non-relative patterns are unsupported")
NotImplementedError: Non-relative patterns are unsupported

2025-03-17 06:50:58,536 - __main__ - DEBUG - 
2025-03-17 06:50:58,536 - __main__ - INFO - Uploading file: /Users/srvo/input_data/nov_30_crm_data/raw/csv/contacts copy.duckdb
2025-03-17 06:51:00,010 - __main__ - ERROR - Failed to upload /Users/srvo/input_data/nov_30_crm_data/raw/csv/contacts copy.duckdb
2025-03-17 06:51:00,011 - __main__ - ERROR - Error: 2025-03-17 06:50:59,996 - motherduck_uploader - INFO - Connected to MotherDuck database: dewey
2025-03-17 06:50:59,996 - __main__ - INFO - Successfully connected to MotherDuck database dewey
Traceback (most recent call last):
  File "/Users/srvo/dewey/src/dewey/core/data_upload/upload.py", line 144, in <module>
    sys.exit(main()) 
             ^^^^^^
  File "/Users/srvo/dewey/src/dewey/core/data_upload/upload.py", line 65, in main
    files = list(input_path.glob(args.file_pattern))
            ^^^^^^^^^^^^^^^^^^^^^^^^^^^^^^^^^^^^^^^^
  File "/Users/srvo/.local/share/uv/python/cpython-3.12.9-macos-aarch64-none/lib/python3.12/pathlib.py", line 1090, in glob
    raise NotImplementedError("Non-relative patterns are unsupported")
NotImplementedError: Non-relative patterns are unsupported

2025-03-17 06:51:00,011 - __main__ - DEBUG - 
2025-03-17 06:51:00,011 - __main__ - INFO - Batch upload completed for duckdb files
2025-03-17 06:51:00,011 - __main__ - INFO - Total files: 10
2025-03-17 06:51:00,011 - __main__ - INFO - Successfully uploaded: 0
2025-03-17 06:51:00,011 - __main__ - INFO - Failed: 10
2025-03-17 06:51:00,011 - __main__ - INFO - Skipped: 0
2025-03-17 06:51:00,011 - __main__ - INFO - All file types processed
2025-03-17 06:51:00,011 - __main__ - INFO - Total successfully uploaded: 0
2025-03-17 06:51:00,011 - __main__ - INFO - Total failed: 10
