2025-03-17 06:48:07,634 - __main__ - DEBUG - Verbose logging enabled
2025-03-17 06:48:07,634 - __main__ - INFO - Processing duckdb files
2025-03-17 06:48:07,640 - __main__ - INFO - Found 3 duckdb files to process
2025-03-17 06:48:07,640 - __main__ - INFO - Processing batch 1/1 (3 files)
2025-03-17 06:48:07,640 - __main__ - INFO - Uploading file: /Users/srvo/input_data/ActiveData/email_classifier.duckdb
2025-03-17 06:48:16,635 - __main__ - INFO - Successfully uploaded /Users/srvo/input_data/ActiveData/email_classifier.duckdb
2025-03-17 06:48:16,635 - __main__ - DEBUG - 
2025-03-17 06:48:16,635 - __main__ - INFO - Uploading file: /Users/srvo/input_data/ActiveData/dewey.duckdb
2025-03-17 06:48:33,217 - __main__ - ERROR - Failed to upload /Users/srvo/input_data/ActiveData/dewey.duckdb
2025-03-17 06:48:33,218 - __main__ - ERROR - Error: 2025-03-17 06:48:16,689 - __main__ - DEBUG - Verbose logging enabled
2025-03-17 06:48:18,108 - motherduck_uploader - INFO - Connected to MotherDuck database: dewey
2025-03-17 06:48:18,108 - __main__ - INFO - Successfully connected to MotherDuck database dewey
2025-03-17 06:48:18,109 - __main__ - INFO - Found 1 files to process
2025-03-17 06:48:18,109 - __main__ - DEBUG - Found file: /Users/srvo/input_data/ActiveData/dewey.duckdb
2025-03-17 06:48:18,109 - __main__ - INFO - Processing file: /Users/srvo/input_data/ActiveData/dewey.duckdb
2025-03-17 06:48:18,109 - __main__ - DEBUG - Uploading DuckDB file: /Users/srvo/input_data/ActiveData/dewey.duckdb
2025-03-17 06:48:18,109 - motherduck_uploader - INFO - Uploading file /Users/srvo/input_data/ActiveData/dewey.duckdb
2025-03-17 06:48:18,110 - motherduck_uploader - INFO - Connected to MotherDuck database: dewey
2025-03-17 06:48:18,128 - motherduck_uploader - WARNING - No tables found in /Users/srvo/input_data/ActiveData/dewey.duckdb
2025-03-17 06:48:18,129 - __main__ - WARNING - Upload failed for /Users/srvo/input_data/ActiveData/dewey.duckdb
2025-03-17 06:48:18,129 - __main__ - INFO - Retry attempt 1 for /Users/srvo/input_data/ActiveData/dewey.duckdb
2025-03-17 06:48:23,134 - __main__ - DEBUG - Uploading DuckDB file: /Users/srvo/input_data/ActiveData/dewey.duckdb
2025-03-17 06:48:23,135 - motherduck_uploader - INFO - Uploading file /Users/srvo/input_data/ActiveData/dewey.duckdb
2025-03-17 06:48:23,136 - motherduck_uploader - INFO - Connected to MotherDuck database: dewey
2025-03-17 06:48:23,153 - motherduck_uploader - WARNING - No tables found in /Users/srvo/input_data/ActiveData/dewey.duckdb
2025-03-17 06:48:23,155 - __main__ - WARNING - Upload failed for /Users/srvo/input_data/ActiveData/dewey.duckdb
2025-03-17 06:48:23,155 - __main__ - INFO - Retry attempt 2 for /Users/srvo/input_data/ActiveData/dewey.duckdb
2025-03-17 06:48:28,160 - __main__ - DEBUG - Uploading DuckDB file: /Users/srvo/input_data/ActiveData/dewey.duckdb
2025-03-17 06:48:28,160 - motherduck_uploader - INFO - Uploading file /Users/srvo/input_data/ActiveData/dewey.duckdb
2025-03-17 06:48:28,162 - motherduck_uploader - INFO - Connected to MotherDuck database: dewey
2025-03-17 06:48:28,178 - motherduck_uploader - WARNING - No tables found in /Users/srvo/input_data/ActiveData/dewey.duckdb
2025-03-17 06:48:28,180 - __main__ - WARNING - Upload failed for /Users/srvo/input_data/ActiveData/dewey.duckdb
2025-03-17 06:48:28,180 - __main__ - INFO - Retry attempt 3 for /Users/srvo/input_data/ActiveData/dewey.duckdb
2025-03-17 06:48:33,185 - __main__ - DEBUG - Uploading DuckDB file: /Users/srvo/input_data/ActiveData/dewey.duckdb
2025-03-17 06:48:33,185 - motherduck_uploader - INFO - Uploading file /Users/srvo/input_data/ActiveData/dewey.duckdb
2025-03-17 06:48:33,187 - motherduck_uploader - INFO - Connected to MotherDuck database: dewey
2025-03-17 06:48:33,206 - motherduck_uploader - WARNING - No tables found in /Users/srvo/input_data/ActiveData/dewey.duckdb
2025-03-17 06:48:33,208 - __main__ - WARNING - Upload failed for /Users/srvo/input_data/ActiveData/dewey.duckdb
2025-03-17 06:48:33,208 - __main__ - ERROR - Failed to upload /Users/srvo/input_data/ActiveData/dewey.duckdb after 3 retries
2025-03-17 06:48:33,208 - __main__ - INFO - Upload process completed
2025-03-17 06:48:33,208 - __main__ - INFO - Total files: 1
2025-03-17 06:48:33,208 - __main__ - INFO - Successfully uploaded: 0
2025-03-17 06:48:33,208 - __main__ - INFO - Failed: 1
2025-03-17 06:48:33,208 - __main__ - INFO - Skipped: 0

2025-03-17 06:48:33,218 - __main__ - INFO - Uploading file: /Users/srvo/input_data/ActiveData/process_feedback.duckdb
2025-03-17 06:48:37,956 - __main__ - INFO - Successfully uploaded /Users/srvo/input_data/ActiveData/process_feedback.duckdb
2025-03-17 06:48:37,956 - __main__ - DEBUG - 
2025-03-17 06:48:37,956 - __main__ - INFO - Batch upload completed for duckdb files
2025-03-17 06:48:37,956 - __main__ - INFO - Total files: 3
2025-03-17 06:48:37,956 - __main__ - INFO - Successfully uploaded: 2
2025-03-17 06:48:37,956 - __main__ - INFO - Failed: 1
2025-03-17 06:48:37,956 - __main__ - INFO - All file types processed
2025-03-17 06:48:37,956 - __main__ - INFO - Total successfully uploaded: 2
2025-03-17 06:48:37,956 - __main__ - INFO - Total failed: 1
