2025-03-15 03:09:33,666 - INFO - Starting duplicate scan in /Users/srvo/ingest_data
2025-03-15 03:09:33,666 - INFO - Scanned 0 files (0 Bytes)
2025-03-15 03:18:20,666 - INFO - Starting duplicate scan in /Users/srvo/ingest_data
2025-03-15 03:18:20,666 - ERROR - Fatal error: Directory /Users/srvo/ingest_data does not exist
Traceback (most recent call last):
  File "/Users/srvo/dewey/src/dewey/scripts/duplicate_manager.py", line 135, in main
    duplicates = find_duplicates(args.dir)
                 ^^^^^^^^^^^^^^^^^^^^^^^^^
  File "/Users/srvo/dewey/src/dewey/scripts/duplicate_manager.py", line 46, in find_duplicates
    raise FileNotFoundError(f"Directory {root_path} does not exist")
FileNotFoundError: Directory /Users/srvo/ingest_data does not exist
2025-03-15 03:21:12,477 - INFO - Starting duplicate scan in /Users/srvo/ingest_data
2025-03-15 03:21:12,477 - ERROR - Fatal error: Directory /Users/srvo/ingest_data does not exist
Traceback (most recent call last):
  File "/Users/srvo/dewey/src/dewey/scripts/duplicate_manager.py", line 135, in main
    duplicates = find_duplicates(args.dir)
                 ^^^^^^^^^^^^^^^^^^^^^^^^^
  File "/Users/srvo/dewey/src/dewey/scripts/duplicate_manager.py", line 46, in find_duplicates
    raise FileNotFoundError(f"Directory {root_path} does not exist")
FileNotFoundError: Directory /Users/srvo/ingest_data does not exist
2025-03-15 03:21:29,423 - INFO - Starting duplicate scan in /Users/srvo/ingest_data
2025-03-15 03:21:29,423 - ERROR - Fatal error: Directory /Users/srvo/ingest_data does not exist
Traceback (most recent call last):
  File "/Users/srvo/dewey/src/dewey/scripts/duplicate_manager.py", line 135, in main
    duplicates = find_duplicates(args.dir)
                 ^^^^^^^^^^^^^^^^^^^^^^^^^
  File "/Users/srvo/dewey/src/dewey/scripts/duplicate_manager.py", line 46, in find_duplicates
    raise FileNotFoundError(f"Directory {root_path} does not exist")
FileNotFoundError: Directory /Users/srvo/ingest_data does not exist
2025-03-15 03:29:17,981 - INFO - Starting duplicate scan in /Users/srvo/input_data
2025-03-15 03:29:53,567 - INFO - Scanned 188,538 files (16.2 GB)
2025-03-15 03:29:53,567 - ERROR - Fatal error: Invalid format specifier '%Y-%m-%d' for object of type 'float'
Traceback (most recent call last):
  File "/Users/srvo/dewey/src/dewey/scripts/duplicate_manager.py", line 138, in main
    confirm_delete(files, dry_run=not args.delete)
  File "/Users/srvo/dewey/src/dewey/scripts/duplicate_manager.py", line 83, in confirm_delete
    print(f"\nOriginal file ({original.stat().st_mtime:%Y-%m-%d}):")
                             ^^^^^^^^^^^^^^^^^^^^^^^^^^^^^^^^^^^
ValueError: Invalid format specifier '%Y-%m-%d' for object of type 'float'
2025-03-15 03:35:23,219 - INFO - Starting duplicate scan in /Users/srvo/input_data
2025-03-15 03:35:57,946 - INFO - Scanned 188,538 files (16.2 GB)
2025-03-15 03:37:15,543 - INFO - Starting duplicate scan in /Users/srvo/input_data
2025-03-15 03:37:50,066 - INFO - Scanned 188,538 files (16.2 GB)
