2025-03-17 11:42:10,992 - gmail_import - INFO - Using token from /Users/srvo/dewey/token.json
2025-03-17 11:42:10,993 - gmail_import - INFO - Refreshing expired credentials
2025-03-17 11:42:11,279 - gmail_import - INFO - Importing emails from 2025/03/10 to 2025/03/17
2025-03-17 11:42:11,280 - gmail_import - INFO - Including sent emails
2025-03-17 11:42:11,604 - gmail_import - INFO - Fetched 500 messages, total: 500
2025-03-17 11:42:12,279 - gmail_import - INFO - Fetched 500 messages, total: 1000
2025-03-17 11:42:12,279 - gmail_import - INFO - Found 1000 emails, fetching details...
2025-03-17 11:42:15,695 - gmail_import - INFO - Processing message 10/1000
2025-03-17 11:42:19,544 - gmail_import - INFO - Processing message 20/1000
2025-03-17 11:42:24,070 - gmail_import - INFO - Processing message 30/1000
2025-03-17 11:42:28,159 - gmail_import - INFO - Processing message 40/1000
2025-03-17 11:42:32,529 - gmail_import - INFO - Processing message 50/1000
2025-03-17 11:42:37,505 - gmail_import - INFO - Processing message 60/1000
2025-03-17 11:42:41,781 - gmail_import - INFO - Processing message 70/1000
2025-03-17 11:42:45,806 - gmail_import - INFO - Processing message 80/1000
2025-03-17 11:42:50,322 - gmail_import - INFO - Processing message 90/1000
2025-03-17 11:42:54,376 - gmail_import - INFO - Processing message 100/1000
2025-03-17 11:42:58,722 - gmail_import - INFO - Processing message 110/1000
2025-03-17 11:43:02,868 - gmail_import - INFO - Processing message 120/1000
2025-03-17 11:43:06,729 - gmail_import - INFO - Processing message 130/1000
2025-03-17 11:43:11,101 - gmail_import - INFO - Processing message 140/1000
2025-03-17 11:43:15,335 - gmail_import - INFO - Processing message 150/1000
2025-03-17 11:43:19,184 - gmail_import - INFO - Processing message 160/1000
2025-03-17 11:43:23,372 - gmail_import - INFO - Processing message 170/1000
2025-03-17 11:43:27,572 - gmail_import - INFO - Processing message 180/1000
2025-03-17 11:43:31,601 - gmail_import - INFO - Processing message 190/1000
2025-03-17 11:43:35,574 - gmail_import - INFO - Processing message 200/1000
2025-03-17 11:43:39,385 - gmail_import - INFO - Processing message 210/1000
2025-03-17 11:43:43,769 - gmail_import - INFO - Processing message 220/1000
2025-03-17 11:43:47,487 - gmail_import - INFO - Processing message 230/1000
2025-03-17 11:43:51,834 - gmail_import - INFO - Processing message 240/1000
2025-03-17 11:43:56,026 - gmail_import - INFO - Processing message 250/1000
2025-03-17 11:44:00,031 - gmail_import - INFO - Processing message 260/1000
2025-03-17 11:44:04,056 - gmail_import - INFO - Processing message 270/1000
2025-03-17 11:44:08,082 - gmail_import - INFO - Processing message 280/1000
2025-03-17 11:44:11,955 - gmail_import - INFO - Processing message 290/1000
2025-03-17 11:44:16,029 - gmail_import - INFO - Processing message 300/1000
2025-03-17 11:44:20,100 - gmail_import - INFO - Processing message 310/1000
2025-03-17 11:44:23,636 - gmail_import - INFO - Processing message 320/1000
2025-03-17 11:44:27,277 - gmail_import - INFO - Processing message 330/1000
2025-03-17 11:44:31,134 - gmail_import - INFO - Processing message 340/1000
2025-03-17 11:44:34,958 - gmail_import - INFO - Processing message 350/1000
2025-03-17 11:44:39,015 - gmail_import - INFO - Processing message 360/1000
2025-03-17 11:44:42,960 - gmail_import - INFO - Processing message 370/1000
2025-03-17 11:44:46,835 - gmail_import - INFO - Processing message 380/1000
2025-03-17 11:44:50,523 - gmail_import - INFO - Processing message 390/1000
2025-03-17 11:44:54,364 - gmail_import - INFO - Processing message 400/1000
2025-03-17 11:44:58,033 - gmail_import - INFO - Processing message 410/1000
2025-03-17 11:45:02,778 - gmail_import - INFO - Processing message 420/1000
2025-03-17 11:45:07,595 - gmail_import - INFO - Processing message 430/1000
2025-03-17 11:45:11,699 - gmail_import - INFO - Processing message 440/1000
2025-03-17 11:45:15,958 - gmail_import - INFO - Processing message 450/1000
2025-03-17 11:45:20,050 - gmail_import - INFO - Processing message 460/1000
2025-03-17 11:45:24,279 - gmail_import - INFO - Processing message 470/1000
2025-03-17 11:45:28,438 - gmail_import - INFO - Processing message 480/1000
2025-03-17 11:45:31,969 - gmail_import - INFO - Processing message 490/1000
2025-03-17 11:45:36,132 - gmail_import - INFO - Processing message 500/1000
2025-03-17 11:45:40,099 - gmail_import - INFO - Processing message 510/1000
2025-03-17 11:45:44,172 - gmail_import - INFO - Processing message 520/1000
2025-03-17 11:45:48,032 - gmail_import - INFO - Processing message 530/1000
2025-03-17 11:45:52,043 - gmail_import - INFO - Processing message 540/1000
2025-03-17 11:45:55,929 - gmail_import - INFO - Processing message 550/1000
2025-03-17 11:45:59,981 - gmail_import - INFO - Processing message 560/1000
2025-03-17 11:46:04,276 - gmail_import - INFO - Processing message 570/1000
2025-03-17 11:46:08,507 - gmail_import - INFO - Processing message 580/1000
2025-03-17 11:46:12,284 - gmail_import - INFO - Processing message 590/1000
2025-03-17 11:46:15,993 - gmail_import - INFO - Processing message 600/1000
2025-03-17 11:46:20,046 - gmail_import - INFO - Processing message 610/1000
2025-03-17 11:46:23,861 - gmail_import - INFO - Processing message 620/1000
2025-03-17 11:46:27,863 - gmail_import - INFO - Processing message 630/1000
2025-03-17 11:46:31,399 - gmail_import - INFO - Processing message 640/1000
2025-03-17 11:46:35,337 - gmail_import - INFO - Processing message 650/1000
2025-03-17 11:46:39,059 - gmail_import - INFO - Processing message 660/1000
2025-03-17 11:46:44,072 - gmail_import - INFO - Processing message 670/1000
2025-03-17 11:46:48,298 - gmail_import - INFO - Processing message 680/1000
2025-03-17 11:46:52,467 - gmail_import - INFO - Processing message 690/1000
2025-03-17 11:46:56,865 - gmail_import - INFO - Processing message 700/1000
2025-03-17 11:47:01,583 - gmail_import - INFO - Processing message 710/1000
2025-03-17 11:47:05,755 - gmail_import - INFO - Processing message 720/1000
2025-03-17 11:47:09,824 - gmail_import - INFO - Processing message 730/1000
2025-03-17 11:47:14,836 - gmail_import - INFO - Processing message 740/1000
2025-03-17 11:47:19,901 - gmail_import - INFO - Processing message 750/1000
2025-03-17 11:47:24,451 - gmail_import - INFO - Processing message 760/1000
2025-03-17 11:47:28,307 - gmail_import - INFO - Processing message 770/1000
2025-03-17 11:47:32,393 - gmail_import - INFO - Processing message 780/1000
2025-03-17 11:47:36,204 - gmail_import - INFO - Processing message 790/1000
2025-03-17 11:47:39,994 - gmail_import - INFO - Processing message 800/1000
2025-03-17 11:47:43,760 - gmail_import - INFO - Processing message 810/1000
2025-03-17 11:47:47,725 - gmail_import - INFO - Processing message 820/1000
2025-03-17 11:47:51,377 - gmail_import - INFO - Processing message 830/1000
2025-03-17 11:47:55,368 - gmail_import - INFO - Processing message 840/1000
2025-03-17 11:47:59,562 - gmail_import - INFO - Processing message 850/1000
2025-03-17 11:48:03,632 - gmail_import - INFO - Processing message 860/1000
2025-03-17 11:48:07,464 - gmail_import - INFO - Processing message 870/1000
2025-03-17 11:48:11,310 - gmail_import - INFO - Processing message 880/1000
2025-03-17 11:48:15,376 - gmail_import - INFO - Processing message 890/1000
2025-03-17 11:48:19,682 - gmail_import - INFO - Processing message 900/1000
2025-03-17 11:48:23,710 - gmail_import - INFO - Processing message 910/1000
2025-03-17 11:48:27,543 - gmail_import - INFO - Processing message 920/1000
2025-03-17 11:48:31,274 - gmail_import - INFO - Processing message 930/1000
2025-03-17 11:48:35,078 - gmail_import - INFO - Processing message 940/1000
2025-03-17 11:48:39,097 - gmail_import - INFO - Processing message 950/1000
2025-03-17 11:48:42,946 - gmail_import - INFO - Processing message 960/1000
2025-03-17 11:48:47,314 - gmail_import - INFO - Processing message 970/1000
2025-03-17 11:48:51,140 - gmail_import - INFO - Processing message 980/1000
2025-03-17 11:48:55,678 - gmail_import - INFO - Processing message 990/1000
2025-03-17 11:49:00,250 - gmail_import - INFO - Processing message 1000/1000
2025-03-17 11:49:00,586 - gmail_import - INFO - Found 491 emails to process
2025-03-17 11:49:00,586 - gmail_import - INFO - Processing batch of 25 emails (indices 0-24)
2025-03-17 11:49:01,284 - gmail_import - ERROR - Error storing email: 'str' object has no attribute 'get'
2025-03-17 11:49:01,633 - gmail_import - ERROR - Error storing email: 'str' object has no attribute 'get'
2025-03-17 11:49:02,041 - gmail_import - ERROR - Error storing email: 'str' object has no attribute 'get'
2025-03-17 11:49:02,474 - gmail_import - ERROR - Error storing email: 'str' object has no attribute 'get'
2025-03-17 11:49:02,828 - gmail_import - ERROR - Error storing email: 'str' object has no attribute 'get'
2025-03-17 11:49:03,193 - gmail_import - ERROR - Error storing email: 'str' object has no attribute 'get'
2025-03-17 11:49:03,528 - gmail_import - ERROR - Error storing email: 'str' object has no attribute 'get'
2025-03-17 11:49:03,937 - gmail_import - ERROR - Error storing email: 'str' object has no attribute 'get'
2025-03-17 11:49:04,274 - gmail_import - ERROR - Error storing email: 'str' object has no attribute 'get'
2025-03-17 11:49:04,726 - gmail_import - ERROR - Error storing email: 'str' object has no attribute 'get'
2025-03-17 11:49:05,097 - gmail_import - ERROR - Error storing email: 'str' object has no attribute 'get'
2025-03-17 11:49:05,452 - gmail_import - ERROR - Error storing email: 'str' object has no attribute 'get'
2025-03-17 11:49:05,790 - gmail_import - ERROR - Error storing email: 'str' object has no attribute 'get'
2025-03-17 11:49:06,148 - gmail_import - ERROR - Error storing email: 'str' object has no attribute 'get'
2025-03-17 11:49:06,505 - gmail_import - ERROR - Error storing email: 'str' object has no attribute 'get'
2025-03-17 11:49:06,891 - gmail_import - ERROR - Error storing email: 'str' object has no attribute 'get'
2025-03-17 11:49:07,359 - gmail_import - ERROR - Error storing email: 'str' object has no attribute 'get'
2025-03-17 11:49:07,782 - gmail_import - ERROR - Error storing email: 'str' object has no attribute 'get'
2025-03-17 11:49:08,242 - gmail_import - ERROR - Error storing email: 'str' object has no attribute 'get'
2025-03-17 11:49:08,665 - gmail_import - ERROR - Error storing email: 'str' object has no attribute 'get'
2025-03-17 11:49:09,097 - gmail_import - ERROR - Error storing email: 'str' object has no attribute 'get'
2025-03-17 11:49:09,484 - gmail_import - ERROR - Error storing email: 'str' object has no attribute 'get'
2025-03-17 11:49:09,856 - gmail_import - ERROR - Error storing email: 'str' object has no attribute 'get'
2025-03-17 11:49:10,353 - gmail_import - ERROR - Error storing email: 'str' object has no attribute 'get'
2025-03-17 11:49:10,705 - gmail_import - ERROR - Error storing email: 'str' object has no attribute 'get'
2025-03-17 11:49:10,911 - gmail_import - INFO - Batch complete. Imported 0/25 emails (errors: 0)
2025-03-17 11:49:10,920 - gmail_import - INFO - Updated checkpoint: processed up to index 25
2025-03-17 11:49:10,921 - gmail_import - INFO - Waiting 5 seconds before processing next batch...
2025-03-17 11:49:15,926 - gmail_import - INFO - Processing batch of 25 emails (indices 25-49)
2025-03-17 11:49:16,134 - gmail_import - ERROR - Error storing email: 'str' object has no attribute 'get'
2025-03-17 11:49:16,660 - gmail_import - ERROR - Error storing email: 'str' object has no attribute 'get'
2025-03-17 11:49:17,154 - gmail_import - ERROR - Error storing email: 'str' object has no attribute 'get'
2025-03-17 11:49:17,520 - gmail_import - ERROR - Error storing email: 'str' object has no attribute 'get'
2025-03-17 11:49:17,904 - gmail_import - ERROR - Error storing email: 'str' object has no attribute 'get'
2025-03-17 11:49:18,386 - gmail_import - ERROR - Error storing email: 'str' object has no attribute 'get'
2025-03-17 11:49:18,759 - gmail_import - ERROR - Error storing email: 'str' object has no attribute 'get'
2025-03-17 11:49:19,253 - gmail_import - ERROR - Error storing email: 'str' object has no attribute 'get'
2025-03-17 11:49:19,616 - gmail_import - ERROR - Error storing email: 'str' object has no attribute 'get'
2025-03-17 11:49:19,976 - gmail_import - ERROR - Error storing email: 'str' object has no attribute 'get'
2025-03-17 11:49:20,335 - gmail_import - ERROR - Error storing email: 'str' object has no attribute 'get'
2025-03-17 11:49:20,832 - gmail_import - ERROR - Error storing email: 'str' object has no attribute 'get'
2025-03-17 11:49:21,211 - gmail_import - ERROR - Error storing email: 'str' object has no attribute 'get'
2025-03-17 11:49:21,679 - gmail_import - ERROR - Error storing email: 'str' object has no attribute 'get'
2025-03-17 11:49:22,203 - gmail_import - ERROR - Error storing email: 'str' object has no attribute 'get'
2025-03-17 11:49:22,551 - gmail_import - ERROR - Error storing email: 'str' object has no attribute 'get'
2025-03-17 11:49:22,949 - gmail_import - ERROR - Error storing email: 'str' object has no attribute 'get'
2025-03-17 11:49:23,514 - gmail_import - ERROR - Error storing email: 'str' object has no attribute 'get'
2025-03-17 11:49:23,972 - gmail_import - ERROR - Error storing email: 'str' object has no attribute 'get'
2025-03-17 11:49:24,340 - gmail_import - ERROR - Error storing email: 'str' object has no attribute 'get'
2025-03-17 11:49:24,707 - gmail_import - ERROR - Error storing email: 'str' object has no attribute 'get'
2025-03-17 11:49:25,074 - gmail_import - ERROR - Error storing email: 'str' object has no attribute 'get'
2025-03-17 11:49:25,601 - gmail_import - ERROR - Error storing email: 'str' object has no attribute 'get'
2025-03-17 11:49:26,099 - gmail_import - ERROR - Error storing email: 'str' object has no attribute 'get'
2025-03-17 11:49:26,617 - gmail_import - ERROR - Error storing email: 'str' object has no attribute 'get'
2025-03-17 11:49:26,822 - gmail_import - INFO - Batch complete. Imported 0/25 emails (errors: 0)
2025-03-17 11:49:26,823 - gmail_import - INFO - Updated checkpoint: processed up to index 50
2025-03-17 11:49:26,823 - gmail_import - INFO - Waiting 5 seconds before processing next batch...
2025-03-17 11:49:31,828 - gmail_import - INFO - Processing batch of 25 emails (indices 50-74)
2025-03-17 11:49:32,016 - gmail_import - ERROR - Error storing email: 'str' object has no attribute 'get'
2025-03-17 11:49:32,399 - gmail_import - ERROR - Error storing email: 'str' object has no attribute 'get'
2025-03-17 11:49:32,907 - gmail_import - ERROR - Error storing email: 'str' object has no attribute 'get'
2025-03-17 11:49:33,407 - gmail_import - ERROR - Error storing email: 'str' object has no attribute 'get'
2025-03-17 11:49:33,795 - gmail_import - ERROR - Error storing email: 'str' object has no attribute 'get'
2025-03-17 11:49:34,161 - gmail_import - ERROR - Error storing email: 'str' object has no attribute 'get'
2025-03-17 11:49:34,623 - gmail_import - ERROR - Error storing email: 'str' object has no attribute 'get'
2025-03-17 11:49:35,119 - gmail_import - ERROR - Error storing email: 'str' object has no attribute 'get'
2025-03-17 11:49:35,522 - gmail_import - ERROR - Error storing email: 'str' object has no attribute 'get'
2025-03-17 11:49:35,910 - gmail_import - ERROR - Error storing email: 'str' object has no attribute 'get'
2025-03-17 11:49:36,357 - gmail_import - ERROR - Error storing email: 'str' object has no attribute 'get'
2025-03-17 11:49:36,699 - gmail_import - ERROR - Error storing email: 'str' object has no attribute 'get'
2025-03-17 11:49:37,117 - gmail_import - ERROR - Error storing email: 'str' object has no attribute 'get'
2025-03-17 11:49:37,636 - gmail_import - ERROR - Error storing email: 'str' object has no attribute 'get'
2025-03-17 11:49:38,167 - gmail_import - ERROR - Error storing email: 'str' object has no attribute 'get'
2025-03-17 11:49:38,682 - gmail_import - ERROR - Error storing email: 'str' object has no attribute 'get'
2025-03-17 11:49:39,205 - gmail_import - ERROR - Error storing email: 'str' object has no attribute 'get'
2025-03-17 11:49:40,148 - gmail_import - ERROR - Error storing email: 'str' object has no attribute 'get'
2025-03-17 11:49:40,607 - gmail_import - ERROR - Error storing email: 'str' object has no attribute 'get'
2025-03-17 11:49:40,942 - gmail_import - ERROR - Error storing email: 'str' object has no attribute 'get'
2025-03-17 11:49:41,279 - gmail_import - ERROR - Error storing email: 'str' object has no attribute 'get'
2025-03-17 11:49:41,655 - gmail_import - ERROR - Error storing email: 'str' object has no attribute 'get'
2025-03-17 11:49:42,047 - gmail_import - ERROR - Error storing email: 'str' object has no attribute 'get'
2025-03-17 11:49:42,484 - gmail_import - ERROR - Error storing email: 'str' object has no attribute 'get'
2025-03-17 11:49:42,879 - gmail_import - ERROR - Error storing email: 'str' object has no attribute 'get'
2025-03-17 11:49:43,084 - gmail_import - INFO - Batch complete. Imported 0/25 emails (errors: 0)
2025-03-17 11:49:43,086 - gmail_import - INFO - Updated checkpoint: processed up to index 75
2025-03-17 11:49:43,086 - gmail_import - INFO - Waiting 5 seconds before processing next batch...
2025-03-17 11:49:48,091 - gmail_import - INFO - Processing batch of 25 emails (indices 75-99)
2025-03-17 11:49:48,241 - gmail_import - ERROR - Error storing email: 'str' object has no attribute 'get'
2025-03-17 11:49:48,641 - gmail_import - ERROR - Error storing email: 'str' object has no attribute 'get'
2025-03-17 11:49:49,139 - gmail_import - ERROR - Error storing email: 'str' object has no attribute 'get'
2025-03-17 11:49:49,489 - gmail_import - ERROR - Error storing email: 'str' object has no attribute 'get'
2025-03-17 11:49:49,846 - gmail_import - ERROR - Error storing email: 'str' object has no attribute 'get'
2025-03-17 11:49:50,211 - gmail_import - ERROR - Error storing email: 'str' object has no attribute 'get'
2025-03-17 11:49:50,579 - gmail_import - ERROR - Error storing email: 'str' object has no attribute 'get'
2025-03-17 11:49:51,044 - gmail_import - ERROR - Error storing email: 'str' object has no attribute 'get'
2025-03-17 11:49:51,439 - gmail_import - ERROR - Error storing email: 'str' object has no attribute 'get'
2025-03-17 11:49:51,796 - gmail_import - ERROR - Error storing email: 'str' object has no attribute 'get'
2025-03-17 11:49:52,268 - gmail_import - ERROR - Error storing email: 'str' object has no attribute 'get'
2025-03-17 11:49:52,627 - gmail_import - ERROR - Error storing email: 'str' object has no attribute 'get'
2025-03-17 11:49:53,077 - gmail_import - ERROR - Error storing email: 'str' object has no attribute 'get'
2025-03-17 11:49:53,433 - gmail_import - ERROR - Error storing email: 'str' object has no attribute 'get'
2025-03-17 11:49:53,792 - gmail_import - ERROR - Error storing email: 'str' object has no attribute 'get'
2025-03-17 11:49:54,180 - gmail_import - ERROR - Error storing email: 'str' object has no attribute 'get'
2025-03-17 11:49:54,548 - gmail_import - ERROR - Error storing email: 'str' object has no attribute 'get'
2025-03-17 11:49:54,917 - gmail_import - ERROR - Error storing email: 'str' object has no attribute 'get'
2025-03-17 11:49:55,453 - gmail_import - ERROR - Error storing email: 'str' object has no attribute 'get'
2025-03-17 11:49:55,816 - gmail_import - ERROR - Error storing email: 'str' object has no attribute 'get'
2025-03-17 11:49:56,346 - gmail_import - ERROR - Error storing email: 'str' object has no attribute 'get'
2025-03-17 11:49:56,806 - gmail_import - ERROR - Error storing email: 'str' object has no attribute 'get'
2025-03-17 11:49:57,161 - gmail_import - ERROR - Error storing email: 'str' object has no attribute 'get'
2025-03-17 11:49:57,554 - gmail_import - ERROR - Error storing email: 'str' object has no attribute 'get'
2025-03-17 11:49:58,051 - gmail_import - ERROR - Error storing email: 'str' object has no attribute 'get'
2025-03-17 11:49:58,256 - gmail_import - INFO - Batch complete. Imported 0/25 emails (errors: 0)
2025-03-17 11:49:58,257 - gmail_import - INFO - Updated checkpoint: processed up to index 100
2025-03-17 11:49:58,257 - gmail_import - INFO - Waiting 5 seconds before processing next batch...
2025-03-17 11:50:03,263 - gmail_import - INFO - Processing batch of 25 emails (indices 100-124)
2025-03-17 11:50:03,450 - gmail_import - ERROR - Error storing email: 'str' object has no attribute 'get'
2025-03-17 11:50:03,845 - gmail_import - ERROR - Error storing email: 'str' object has no attribute 'get'
2025-03-17 11:50:04,214 - gmail_import - ERROR - Error storing email: 'str' object has no attribute 'get'
2025-03-17 11:50:04,670 - gmail_import - ERROR - Error storing email: 'str' object has no attribute 'get'
2025-03-17 11:50:05,098 - gmail_import - ERROR - Error storing email: 'str' object has no attribute 'get'
2025-03-17 11:50:05,524 - gmail_import - ERROR - Error storing email: 'str' object has no attribute 'get'
2025-03-17 11:50:05,948 - gmail_import - ERROR - Error storing email: 'str' object has no attribute 'get'
2025-03-17 11:50:06,464 - gmail_import - ERROR - Error storing email: 'str' object has no attribute 'get'
2025-03-17 11:50:06,820 - gmail_import - ERROR - Error storing email: 'str' object has no attribute 'get'
2025-03-17 11:50:07,197 - gmail_import - ERROR - Error storing email: 'str' object has no attribute 'get'
2025-03-17 11:50:07,636 - gmail_import - ERROR - Error storing email: 'str' object has no attribute 'get'
2025-03-17 11:50:08,076 - gmail_import - ERROR - Error storing email: 'str' object has no attribute 'get'
2025-03-17 11:50:08,575 - gmail_import - ERROR - Error storing email: 'str' object has no attribute 'get'
2025-03-17 11:50:09,232 - gmail_import - ERROR - Error storing email: 'str' object has no attribute 'get'
2025-03-17 11:50:09,615 - gmail_import - ERROR - Error storing email: 'str' object has no attribute 'get'
2025-03-17 11:50:10,140 - gmail_import - ERROR - Error storing email: 'str' object has no attribute 'get'
2025-03-17 11:50:10,659 - gmail_import - ERROR - Error storing email: 'str' object has no attribute 'get'
2025-03-17 11:50:11,020 - gmail_import - ERROR - Error storing email: 'str' object has no attribute 'get'
