2025-03-17 17:50:03,984 - gmail_import - INFO - Connecting to MotherDuck database: md:dewey
2025-03-17 17:50:05,099 - gmail_import - INFO - Successfully connected to MotherDuck
2025-03-17 17:50:05,957 - gmail_import - WARNING - Failed to create index: Binder Error: Table "email_analyses" does not have a column named "thread_id"

Candidate bindings: : "id"
2025-03-17 17:50:06,369 - gmail_import - WARNING - Failed to create index: Binder Error: Table "email_analyses" does not have a column named "internal_date"

Candidate bindings: : "analysis_date"
2025-03-17 17:50:06,638 - gmail_import - WARNING - Failed to create index: Binder Error: Table "email_analyses" does not have a column named "status"

Candidate bindings: : "id"
2025-03-17 17:50:06,932 - gmail_import - WARNING - Failed to create index: Binder Error: Table "email_analyses" does not have a column named "batch_id"

Candidate bindings: : "id"
2025-03-17 17:50:07,200 - gmail_import - WARNING - Failed to create index: Binder Error: Table "email_analyses" does not have a column named "import_timestamp"

Candidate bindings: : "scores"
2025-03-17 17:50:07,201 - gmail_import - INFO - Connected to database at md:dewey
2025-03-17 17:50:07,201 - gmail_import - INFO - Using token from /Users/srvo/dewey/token.json
2025-03-17 17:50:07,213 - gmail_import - INFO - Refreshing expired credentials
2025-03-17 17:50:07,456 - gmail_import - INFO - Importing all historical emails
2025-03-17 17:50:07,456 - gmail_import - INFO - Including sent emails
2025-03-17 17:50:07,762 - gmail_import - INFO - Fetched 500 messages, total: 500
2025-03-17 17:50:08,545 - gmail_import - INFO - Fetched 500 messages, total: 1000
2025-03-17 17:50:09,337 - gmail_import - INFO - Fetched 500 messages, total: 1500
2025-03-17 17:50:10,121 - gmail_import - INFO - Fetched 500 messages, total: 2000
2025-03-17 17:50:10,834 - gmail_import - INFO - Fetched 500 messages, total: 2500
2025-03-17 17:50:11,590 - gmail_import - INFO - Fetched 500 messages, total: 3000
2025-03-17 17:50:12,384 - gmail_import - INFO - Fetched 500 messages, total: 3500
2025-03-17 17:50:13,130 - gmail_import - INFO - Fetched 500 messages, total: 4000
2025-03-17 17:50:13,919 - gmail_import - INFO - Fetched 500 messages, total: 4500
2025-03-17 17:50:14,695 - gmail_import - INFO - Fetched 500 messages, total: 5000
2025-03-17 17:50:15,484 - gmail_import - INFO - Fetched 500 messages, total: 5500
2025-03-17 17:50:16,284 - gmail_import - INFO - Fetched 500 messages, total: 6000
2025-03-17 17:50:17,055 - gmail_import - INFO - Fetched 500 messages, total: 6500
2025-03-17 17:50:17,852 - gmail_import - INFO - Fetched 500 messages, total: 7000
2025-03-17 17:50:18,635 - gmail_import - INFO - Fetched 500 messages, total: 7500
2025-03-17 17:50:19,394 - gmail_import - INFO - Fetched 500 messages, total: 8000
2025-03-17 17:50:20,129 - gmail_import - INFO - Fetched 500 messages, total: 8500
2025-03-17 17:50:20,909 - gmail_import - INFO - Fetched 500 messages, total: 9000
2025-03-17 17:50:21,671 - gmail_import - INFO - Fetched 500 messages, total: 9500
2025-03-17 17:50:22,428 - gmail_import - INFO - Fetched 500 messages, total: 10000
2025-03-17 17:50:23,211 - gmail_import - INFO - Fetched 500 messages, total: 10500
2025-03-17 17:50:23,950 - gmail_import - INFO - Fetched 500 messages, total: 11000
2025-03-17 17:50:24,673 - gmail_import - INFO - Fetched 500 messages, total: 11500
2025-03-17 17:50:25,417 - gmail_import - INFO - Fetched 500 messages, total: 12000
2025-03-17 17:50:26,153 - gmail_import - INFO - Fetched 500 messages, total: 12500
2025-03-17 17:50:26,910 - gmail_import - INFO - Fetched 500 messages, total: 13000
2025-03-17 17:50:27,687 - gmail_import - INFO - Fetched 500 messages, total: 13500
2025-03-17 17:50:28,439 - gmail_import - INFO - Fetched 500 messages, total: 14000
2025-03-17 17:50:29,225 - gmail_import - INFO - Fetched 500 messages, total: 14500
2025-03-17 17:50:29,982 - gmail_import - INFO - Fetched 500 messages, total: 15000
2025-03-17 17:50:30,729 - gmail_import - INFO - Fetched 500 messages, total: 15500
2025-03-17 17:50:31,508 - gmail_import - INFO - Fetched 500 messages, total: 16000
2025-03-17 17:50:32,279 - gmail_import - INFO - Fetched 500 messages, total: 16500
2025-03-17 17:50:33,035 - gmail_import - INFO - Fetched 500 messages, total: 17000
2025-03-17 17:50:33,806 - gmail_import - INFO - Fetched 500 messages, total: 17500
2025-03-17 17:50:34,576 - gmail_import - INFO - Fetched 500 messages, total: 18000
2025-03-17 17:50:35,335 - gmail_import - INFO - Fetched 500 messages, total: 18500
2025-03-17 17:50:36,111 - gmail_import - INFO - Fetched 500 messages, total: 19000
2025-03-17 17:50:36,835 - gmail_import - INFO - Fetched 500 messages, total: 19500
2025-03-17 17:50:37,586 - gmail_import - INFO - Fetched 500 messages, total: 20000
2025-03-17 17:50:38,356 - gmail_import - INFO - Fetched 500 messages, total: 20500
2025-03-17 17:50:39,126 - gmail_import - INFO - Fetched 500 messages, total: 21000
2025-03-17 17:50:39,879 - gmail_import - INFO - Fetched 500 messages, total: 21500
2025-03-17 17:50:40,643 - gmail_import - INFO - Fetched 500 messages, total: 22000
2025-03-17 17:50:41,411 - gmail_import - INFO - Fetched 500 messages, total: 22500
2025-03-17 17:50:42,146 - gmail_import - INFO - Fetched 500 messages, total: 23000
2025-03-17 17:50:42,911 - gmail_import - INFO - Fetched 500 messages, total: 23500
2025-03-17 17:50:43,665 - gmail_import - INFO - Fetched 500 messages, total: 24000
2025-03-17 17:50:44,433 - gmail_import - INFO - Fetched 500 messages, total: 24500
2025-03-17 17:50:45,182 - gmail_import - INFO - Fetched 500 messages, total: 25000
2025-03-17 17:50:45,929 - gmail_import - INFO - Fetched 500 messages, total: 25500
2025-03-17 17:50:46,672 - gmail_import - INFO - Fetched 500 messages, total: 26000
2025-03-17 17:50:47,462 - gmail_import - INFO - Fetched 500 messages, total: 26500
2025-03-17 17:50:48,251 - gmail_import - INFO - Fetched 500 messages, total: 27000
2025-03-17 17:50:49,014 - gmail_import - INFO - Fetched 500 messages, total: 27500
2025-03-17 17:50:49,787 - gmail_import - INFO - Fetched 500 messages, total: 28000
2025-03-17 17:50:50,573 - gmail_import - INFO - Fetched 500 messages, total: 28500
2025-03-17 17:50:51,329 - gmail_import - INFO - Fetched 500 messages, total: 29000
2025-03-17 17:50:52,097 - gmail_import - INFO - Fetched 500 messages, total: 29500
2025-03-17 17:50:52,838 - gmail_import - INFO - Fetched 500 messages, total: 30000
2025-03-17 17:50:53,582 - gmail_import - INFO - Fetched 500 messages, total: 30500
2025-03-17 17:50:54,334 - gmail_import - INFO - Fetched 500 messages, total: 31000
2025-03-17 17:50:55,107 - gmail_import - INFO - Fetched 500 messages, total: 31500
2025-03-17 17:50:55,861 - gmail_import - INFO - Fetched 500 messages, total: 32000
2025-03-17 17:50:56,641 - gmail_import - INFO - Fetched 500 messages, total: 32500
2025-03-17 17:50:57,392 - gmail_import - INFO - Fetched 500 messages, total: 33000
2025-03-17 17:50:58,156 - gmail_import - INFO - Fetched 500 messages, total: 33500
2025-03-17 17:50:58,916 - gmail_import - INFO - Fetched 500 messages, total: 34000
2025-03-17 17:50:59,700 - gmail_import - INFO - Fetched 500 messages, total: 34500
2025-03-17 17:51:00,467 - gmail_import - INFO - Fetched 500 messages, total: 35000
2025-03-17 17:51:01,239 - gmail_import - INFO - Fetched 500 messages, total: 35500
2025-03-17 17:51:02,006 - gmail_import - INFO - Fetched 500 messages, total: 36000
2025-03-17 17:51:02,775 - gmail_import - INFO - Fetched 500 messages, total: 36500
2025-03-17 17:51:03,689 - gmail_import - INFO - Fetched 500 messages, total: 37000
2025-03-17 17:51:04,486 - gmail_import - INFO - Fetched 500 messages, total: 37500
2025-03-17 17:51:05,238 - gmail_import - INFO - Fetched 500 messages, total: 38000
2025-03-17 17:51:06,009 - gmail_import - INFO - Fetched 500 messages, total: 38500
2025-03-17 17:51:06,797 - gmail_import - INFO - Fetched 500 messages, total: 39000
2025-03-17 17:51:07,567 - gmail_import - INFO - Fetched 500 messages, total: 39500
2025-03-17 17:51:08,325 - gmail_import - INFO - Fetched 500 messages, total: 40000
2025-03-17 17:51:09,105 - gmail_import - INFO - Fetched 500 messages, total: 40500
2025-03-17 17:51:09,885 - gmail_import - INFO - Fetched 500 messages, total: 41000
2025-03-17 17:51:10,652 - gmail_import - INFO - Fetched 500 messages, total: 41500
