2025-03-17 11:25:01,886 - gmail_import - INFO - Starting Gmail import: looking back 1 days, max 100 emails
2025-03-17 11:25:01,887 - gmail_import - INFO - Using database: /Users/srvo/dewey_emails.duckdb
2025-03-17 11:25:01,999 - gmail_import - INFO - Using token from /Users/srvo/dewey/token.json
2025-03-17 11:25:02,006 - gmail_import - INFO - Refreshing expired credentials
2025-03-17 11:25:02,329 - gmail_import - INFO - Importing emails from 2025/03/16 to 2025/03/17
2025-03-17 11:25:02,329 - gmail_import - INFO - Including sent emails
2025-03-17 11:25:02,726 - gmail_import - INFO - Fetched 100 messages, total: 100
2025-03-17 11:25:02,726 - gmail_import - INFO - Found 100 emails, fetching details...
2025-03-17 11:25:07,252 - gmail_import - INFO - Processing message 10/100
2025-03-17 11:25:12,484 - gmail_import - INFO - Processing message 20/100
2025-03-17 11:25:17,756 - gmail_import - INFO - Processing message 30/100
2025-03-17 11:25:23,169 - gmail_import - INFO - Processing message 40/100
2025-03-17 11:25:28,666 - gmail_import - INFO - Processing message 50/100
2025-03-17 11:25:34,094 - gmail_import - INFO - Processing message 60/100
2025-03-17 11:25:39,274 - gmail_import - INFO - Processing message 70/100
2025-03-17 11:25:44,479 - gmail_import - INFO - Processing message 80/100
2025-03-17 11:25:49,918 - gmail_import - INFO - Processing message 90/100
2025-03-17 11:25:55,177 - gmail_import - INFO - Processing message 100/100
2025-03-17 11:25:55,718 - gmail_import - INFO - Found 52 emails to process
2025-03-17 11:25:55,718 - gmail_import - INFO - Processing batch of 52 emails (indices 0-51)
2025-03-17 11:25:55,900 - gmail_import - ERROR - Error storing email: Binder Error: Table "emails" does not have a column named "received_date"

Candidate bindings: : "date"
2025-03-17 11:25:56,384 - gmail_import - ERROR - Error storing email: Binder Error: Table "emails" does not have a column named "received_date"

Candidate bindings: : "date"
2025-03-17 11:25:56,946 - gmail_import - ERROR - Error storing email: Binder Error: Table "emails" does not have a column named "received_date"

Candidate bindings: : "date"
2025-03-17 11:25:57,441 - gmail_import - ERROR - Error storing email: Binder Error: Table "emails" does not have a column named "received_date"

Candidate bindings: : "date"
2025-03-17 11:25:57,857 - gmail_import - ERROR - Error storing email: Binder Error: Table "emails" does not have a column named "received_date"

Candidate bindings: : "date"
2025-03-17 11:25:58,385 - gmail_import - ERROR - Error storing email: Binder Error: Table "emails" does not have a column named "received_date"

Candidate bindings: : "date"
2025-03-17 11:25:58,881 - gmail_import - ERROR - Error storing email: Binder Error: Table "emails" does not have a column named "received_date"

Candidate bindings: : "date"
2025-03-17 11:25:59,438 - gmail_import - ERROR - Error storing email: Binder Error: Table "emails" does not have a column named "received_date"

Candidate bindings: : "date"
2025-03-17 11:25:59,926 - gmail_import - ERROR - Error storing email: Binder Error: Table "emails" does not have a column named "received_date"

Candidate bindings: : "date"
2025-03-17 11:26:00,455 - gmail_import - ERROR - Error storing email: Binder Error: Table "emails" does not have a column named "received_date"

Candidate bindings: : "date"
2025-03-17 11:26:00,975 - gmail_import - ERROR - Error storing email: Binder Error: Table "emails" does not have a column named "received_date"

Candidate bindings: : "date"
2025-03-17 11:26:01,527 - gmail_import - ERROR - Error storing email: Binder Error: Table "emails" does not have a column named "received_date"

Candidate bindings: : "date"
2025-03-17 11:26:02,050 - gmail_import - ERROR - Error storing email: Binder Error: Table "emails" does not have a column named "received_date"

Candidate bindings: : "date"
2025-03-17 11:26:02,579 - gmail_import - ERROR - Error storing email: Binder Error: Table "emails" does not have a column named "received_date"

Candidate bindings: : "date"
2025-03-17 11:26:03,073 - gmail_import - ERROR - Error storing email: Binder Error: Table "emails" does not have a column named "received_date"

Candidate bindings: : "date"
2025-03-17 11:26:03,597 - gmail_import - ERROR - Error storing email: Binder Error: Table "emails" does not have a column named "received_date"

Candidate bindings: : "date"
2025-03-17 11:26:04,158 - gmail_import - ERROR - Error storing email: Binder Error: Table "emails" does not have a column named "received_date"

Candidate bindings: : "date"
2025-03-17 11:26:04,725 - gmail_import - ERROR - Error storing email: Binder Error: Table "emails" does not have a column named "received_date"

Candidate bindings: : "date"
2025-03-17 11:26:05,308 - gmail_import - ERROR - Error storing email: Binder Error: Table "emails" does not have a column named "received_date"

Candidate bindings: : "date"
2025-03-17 11:26:05,884 - gmail_import - ERROR - Error storing email: Binder Error: Table "emails" does not have a column named "received_date"

Candidate bindings: : "date"
2025-03-17 11:26:06,410 - gmail_import - ERROR - Error storing email: Binder Error: Table "emails" does not have a column named "received_date"

Candidate bindings: : "date"
2025-03-17 11:26:06,916 - gmail_import - ERROR - Error storing email: Binder Error: Table "emails" does not have a column named "received_date"

Candidate bindings: : "date"
2025-03-17 11:26:07,438 - gmail_import - ERROR - Error storing email: Binder Error: Table "emails" does not have a column named "received_date"

Candidate bindings: : "date"
2025-03-17 11:26:07,950 - gmail_import - ERROR - Error storing email: Binder Error: Table "emails" does not have a column named "received_date"

Candidate bindings: : "date"
2025-03-17 11:26:08,459 - gmail_import - ERROR - Error storing email: Binder Error: Table "emails" does not have a column named "received_date"

Candidate bindings: : "date"
2025-03-17 11:26:08,976 - gmail_import - ERROR - Error storing email: Binder Error: Table "emails" does not have a column named "received_date"

Candidate bindings: : "date"
2025-03-17 11:26:09,501 - gmail_import - ERROR - Error storing email: Binder Error: Table "emails" does not have a column named "received_date"

Candidate bindings: : "date"
2025-03-17 11:26:10,028 - gmail_import - ERROR - Error storing email: Binder Error: Table "emails" does not have a column named "received_date"

Candidate bindings: : "date"
2025-03-17 11:26:10,574 - gmail_import - ERROR - Error storing email: Binder Error: Table "emails" does not have a column named "received_date"

Candidate bindings: : "date"
2025-03-17 11:26:11,061 - gmail_import - ERROR - Error storing email: Binder Error: Table "emails" does not have a column named "received_date"

Candidate bindings: : "date"
2025-03-17 11:26:11,600 - gmail_import - ERROR - Error storing email: Binder Error: Table "emails" does not have a column named "received_date"

Candidate bindings: : "date"
2025-03-17 11:26:12,113 - gmail_import - ERROR - Error storing email: Binder Error: Table "emails" does not have a column named "received_date"

Candidate bindings: : "date"
2025-03-17 11:26:12,654 - gmail_import - ERROR - Error storing email: Binder Error: Table "emails" does not have a column named "received_date"

Candidate bindings: : "date"
2025-03-17 11:26:13,157 - gmail_import - ERROR - Error storing email: Binder Error: Table "emails" does not have a column named "received_date"

Candidate bindings: : "date"
2025-03-17 11:26:13,682 - gmail_import - ERROR - Error storing email: Binder Error: Table "emails" does not have a column named "received_date"

Candidate bindings: : "date"
2025-03-17 11:26:14,234 - gmail_import - ERROR - Error storing email: Binder Error: Table "emails" does not have a column named "received_date"

Candidate bindings: : "date"
2025-03-17 11:26:14,726 - gmail_import - ERROR - Error storing email: Binder Error: Table "emails" does not have a column named "received_date"

Candidate bindings: : "date"
2025-03-17 11:26:15,283 - gmail_import - ERROR - Error storing email: Binder Error: Table "emails" does not have a column named "received_date"

Candidate bindings: : "date"
2025-03-17 11:26:15,779 - gmail_import - ERROR - Error storing email: Binder Error: Table "emails" does not have a column named "received_date"

Candidate bindings: : "date"
2025-03-17 11:26:16,359 - gmail_import - ERROR - Error storing email: Binder Error: Table "emails" does not have a column named "received_date"

Candidate bindings: : "date"
2025-03-17 11:26:16,864 - gmail_import - ERROR - Error storing email: Binder Error: Table "emails" does not have a column named "received_date"

Candidate bindings: : "date"
2025-03-17 11:26:17,351 - gmail_import - ERROR - Error storing email: Binder Error: Table "emails" does not have a column named "received_date"

Candidate bindings: : "date"
2025-03-17 11:26:17,859 - gmail_import - ERROR - Error storing email: Binder Error: Table "emails" does not have a column named "received_date"

Candidate bindings: : "date"
2025-03-17 11:26:18,347 - gmail_import - ERROR - Error storing email: Binder Error: Table "emails" does not have a column named "received_date"

Candidate bindings: : "date"
2025-03-17 11:26:18,841 - gmail_import - ERROR - Error storing email: Binder Error: Table "emails" does not have a column named "received_date"

Candidate bindings: : "date"
2025-03-17 11:26:19,334 - gmail_import - ERROR - Error storing email: Binder Error: Table "emails" does not have a column named "received_date"

Candidate bindings: : "date"
2025-03-17 11:26:19,826 - gmail_import - ERROR - Error storing email: Binder Error: Table "emails" does not have a column named "received_date"

Candidate bindings: : "date"
2025-03-17 11:26:20,324 - gmail_import - ERROR - Error storing email: Binder Error: Table "emails" does not have a column named "received_date"

Candidate bindings: : "date"
2025-03-17 11:26:20,854 - gmail_import - ERROR - Error storing email: Binder Error: Table "emails" does not have a column named "received_date"

Candidate bindings: : "date"
2025-03-17 11:26:21,387 - gmail_import - ERROR - Error storing email: Binder Error: Table "emails" does not have a column named "received_date"

Candidate bindings: : "date"
2025-03-17 11:26:21,910 - gmail_import - ERROR - Error storing email: Binder Error: Table "emails" does not have a column named "received_date"

Candidate bindings: : "date"
2025-03-17 11:26:22,574 - gmail_import - ERROR - Error storing email: Binder Error: Table "emails" does not have a column named "received_date"

Candidate bindings: : "date"
2025-03-17 11:26:22,924 - gmail_import - INFO - Batch complete. Imported 0/52 emails
2025-03-17 11:26:22,924 - gmail_import - INFO - Gmail import completed successfully. Processed 52 emails.
