2025-03-17 06:55:00,824 - gmail_import - INFO - Starting Gmail import: looking back 1 days, max 100 emails
2025-03-17 06:55:00,824 - gmail_import - INFO - Using database: /Users/srvo/dewey_emails.duckdb
2025-03-17 06:55:00,879 - gmail_import - INFO - Using token from /Users/srvo/dewey/token.json
2025-03-17 06:55:00,882 - gmail_import - INFO - Refreshing expired credentials
2025-03-17 06:55:01,084 - gmail_import - INFO - Importing emails from 2025/03/16 to 2025/03/17
2025-03-17 06:55:01,084 - gmail_import - INFO - Including sent emails
2025-03-17 06:55:01,376 - gmail_import - INFO - Fetched 100 messages, total: 100
2025-03-17 06:55:01,377 - gmail_import - INFO - Found 100 emails, fetching details...
2025-03-17 06:55:05,335 - gmail_import - INFO - Processing message 10/100
2025-03-17 06:55:09,558 - gmail_import - INFO - Processing message 20/100
2025-03-17 06:55:13,653 - gmail_import - INFO - Processing message 30/100
2025-03-17 06:55:17,848 - gmail_import - INFO - Processing message 40/100
2025-03-17 06:55:22,166 - gmail_import - INFO - Processing message 50/100
2025-03-17 06:55:26,344 - gmail_import - INFO - Processing message 60/100
2025-03-17 06:55:30,611 - gmail_import - INFO - Processing message 70/100
2025-03-17 06:55:34,721 - gmail_import - INFO - Processing message 80/100
2025-03-17 06:55:39,013 - gmail_import - INFO - Processing message 90/100
2025-03-17 06:55:43,000 - gmail_import - INFO - Processing message 100/100
2025-03-17 06:55:43,407 - gmail_import - INFO - Found 34 emails to process
2025-03-17 06:55:43,407 - gmail_import - INFO - Processing batch of 34 emails (indices 0-33)
2025-03-17 06:55:43,631 - gmail_import - INFO - Email 195a41c2a4a084a1 already exists in database
2025-03-17 06:55:44,012 - gmail_import - INFO - Email 195a26e3e1d940cd already exists in database
2025-03-17 06:55:44,404 - gmail_import - INFO - Email 195a2612f74e0f2c already exists in database
2025-03-17 06:55:44,821 - gmail_import - INFO - Email 195a23a24ab4733f already exists in database
2025-03-17 06:55:45,242 - gmail_import - INFO - Email 195a1d777299e927 already exists in database
2025-03-17 06:55:45,638 - gmail_import - INFO - Email 195a1c0ae7e73467 already exists in database
2025-03-17 06:55:46,052 - gmail_import - INFO - Email 195a1bab38c60270 already exists in database
2025-03-17 06:55:46,488 - gmail_import - INFO - Email 195a1aff2933dc4f already exists in database
2025-03-17 06:55:46,850 - gmail_import - INFO - Email 195a1959fcd09064 already exists in database
2025-03-17 06:55:47,273 - gmail_import - INFO - Email 195a0c650f76ea1f already exists in database
2025-03-17 06:55:47,682 - gmail_import - INFO - Email 195a0bc6ea1f1009 already exists in database
2025-03-17 06:55:48,198 - gmail_import - INFO - Email 195a08d16852a601 already exists in database
2025-03-17 06:55:48,625 - gmail_import - INFO - Email 195a056a82276948 already exists in database
2025-03-17 06:55:49,050 - gmail_import - INFO - Email 195a0213d8970da9 already exists in database
2025-03-17 06:55:49,440 - gmail_import - INFO - Email 195a006a3b92c3b4 already exists in database
2025-03-17 06:55:49,855 - gmail_import - INFO - Email 1959fe5da21e85c1 already exists in database
2025-03-17 06:55:50,278 - gmail_import - INFO - Email 1959fb5d1370a8ba already exists in database
2025-03-17 06:55:50,673 - gmail_import - INFO - Email 1959fb1a5c989020 already exists in database
2025-03-17 06:55:51,020 - gmail_import - INFO - Email 1959fad2760d0db1 already exists in database
2025-03-17 06:55:51,446 - gmail_import - INFO - Email 1959fa23e8d7df2b already exists in database
2025-03-17 06:55:51,877 - gmail_import - INFO - Email 1959f8757c8a4066 already exists in database
2025-03-17 06:55:52,295 - gmail_import - INFO - Email 1959f7b1d2719e5b already exists in database
2025-03-17 06:55:52,692 - gmail_import - INFO - Email 1959f7852f0e8200 already exists in database
2025-03-17 06:55:53,111 - gmail_import - INFO - Email 1959f72b09226031 already exists in database
2025-03-17 06:55:53,479 - gmail_import - INFO - Email 1959f4c18d0b41c9 already exists in database
2025-03-17 06:55:53,906 - gmail_import - INFO - Email 1959f49a92f64c77 already exists in database
2025-03-17 06:55:54,308 - gmail_import - INFO - Email 1959f4766f3848ef already exists in database
2025-03-17 06:55:54,702 - gmail_import - INFO - Email 1959f36c9cefca39 already exists in database
2025-03-17 06:55:55,153 - gmail_import - INFO - Email 1959f0a9b985a4dc already exists in database
2025-03-17 06:55:55,607 - gmail_import - INFO - Email 1959ea8650a432b0 already exists in database
2025-03-17 06:55:56,030 - gmail_import - INFO - Email 1959e700ecd72cc1 already exists in database
2025-03-17 06:55:56,437 - gmail_import - INFO - Email 1959e6dc3ecf6ded already exists in database
2025-03-17 06:55:56,868 - gmail_import - INFO - Email 1959e6605d784566 already exists in database
2025-03-17 06:55:57,264 - gmail_import - INFO - Email 1959dcd47dce0829 already exists in database
2025-03-17 06:55:57,507 - gmail_import - INFO - Batch complete. Imported 0/34 emails
2025-03-17 06:55:57,508 - gmail_import - INFO - Gmail import completed successfully. Processed 34 emails.
