2025-03-17 07:10:01,156 - gmail_import - INFO - Starting Gmail import: looking back 1 days, max 100 emails
2025-03-17 07:10:01,156 - gmail_import - INFO - Using database: /Users/srvo/dewey_emails.duckdb
2025-03-17 07:10:01,242 - gmail_import - INFO - Using token from /Users/srvo/dewey/token.json
2025-03-17 07:10:01,246 - gmail_import - INFO - Refreshing expired credentials
2025-03-17 07:10:01,498 - gmail_import - INFO - Importing emails from 2025/03/16 to 2025/03/17
2025-03-17 07:10:01,498 - gmail_import - INFO - Including sent emails
2025-03-17 07:10:01,832 - gmail_import - INFO - Fetched 100 messages, total: 100
2025-03-17 07:10:01,832 - gmail_import - INFO - Found 100 emails, fetching details...
2025-03-17 07:10:05,498 - gmail_import - INFO - Processing message 10/100
2025-03-17 07:10:09,656 - gmail_import - INFO - Processing message 20/100
2025-03-17 07:10:13,727 - gmail_import - INFO - Processing message 30/100
2025-03-17 07:10:17,803 - gmail_import - INFO - Processing message 40/100
2025-03-17 07:10:21,946 - gmail_import - INFO - Processing message 50/100
2025-03-17 07:10:26,083 - gmail_import - INFO - Processing message 60/100
2025-03-17 07:10:30,604 - gmail_import - INFO - Processing message 70/100
2025-03-17 07:10:34,747 - gmail_import - INFO - Processing message 80/100
2025-03-17 07:10:40,608 - gmail_import - INFO - Processing message 90/100
2025-03-17 07:10:45,007 - gmail_import - INFO - Processing message 100/100
2025-03-17 07:10:45,408 - gmail_import - INFO - Found 36 emails to process
2025-03-17 07:10:45,408 - gmail_import - INFO - Processing batch of 36 emails (indices 0-35)
2025-03-17 07:10:45,738 - gmail_import - INFO - Email 195a41c2a4a084a1 already exists in database
2025-03-17 07:10:46,151 - gmail_import - INFO - Email 195a2ef7cc9b6f1f already exists in database
2025-03-17 07:10:46,616 - gmail_import - INFO - Email 195a2e95cd7c706f already exists in database
2025-03-17 07:10:47,042 - gmail_import - INFO - Email 195a26e3e1d940cd already exists in database
2025-03-17 07:10:47,492 - gmail_import - INFO - Email 195a2612f74e0f2c already exists in database
2025-03-17 07:10:47,902 - gmail_import - INFO - Email 195a23a24ab4733f already exists in database
2025-03-17 07:10:48,274 - gmail_import - INFO - Email 195a1d777299e927 already exists in database
2025-03-17 07:10:48,662 - gmail_import - INFO - Email 195a1c0ae7e73467 already exists in database
2025-03-17 07:10:49,035 - gmail_import - INFO - Email 195a1bab38c60270 already exists in database
2025-03-17 07:10:49,523 - gmail_import - INFO - Email 195a1aff2933dc4f already exists in database
2025-03-17 07:10:49,912 - gmail_import - INFO - Email 195a1959fcd09064 already exists in database
2025-03-17 07:10:50,356 - gmail_import - INFO - Email 195a0c650f76ea1f already exists in database
2025-03-17 07:10:50,823 - gmail_import - INFO - Email 195a0bc6ea1f1009 already exists in database
2025-03-17 07:10:51,405 - gmail_import - INFO - Email 195a08d16852a601 already exists in database
2025-03-17 07:10:51,820 - gmail_import - INFO - Email 195a056a82276948 already exists in database
2025-03-17 07:10:52,237 - gmail_import - INFO - Email 195a0213d8970da9 already exists in database
2025-03-17 07:10:52,649 - gmail_import - INFO - Email 195a006a3b92c3b4 already exists in database
2025-03-17 07:10:53,068 - gmail_import - INFO - Email 1959fe5da21e85c1 already exists in database
2025-03-17 07:10:53,467 - gmail_import - INFO - Email 1959fb5d1370a8ba already exists in database
2025-03-17 07:10:53,893 - gmail_import - INFO - Email 1959fb1a5c989020 already exists in database
2025-03-17 07:10:54,282 - gmail_import - INFO - Email 1959fad2760d0db1 already exists in database
2025-03-17 07:10:54,692 - gmail_import - INFO - Email 1959fa23e8d7df2b already exists in database
2025-03-17 07:10:55,115 - gmail_import - INFO - Email 1959f8757c8a4066 already exists in database
2025-03-17 07:10:55,534 - gmail_import - INFO - Email 1959f7b1d2719e5b already exists in database
2025-03-17 07:10:55,930 - gmail_import - INFO - Email 1959f7852f0e8200 already exists in database
2025-03-17 07:10:56,336 - gmail_import - INFO - Email 1959f72b09226031 already exists in database
2025-03-17 07:10:56,719 - gmail_import - INFO - Email 1959f4c18d0b41c9 already exists in database
2025-03-17 07:10:57,157 - gmail_import - INFO - Email 1959f49a92f64c77 already exists in database
2025-03-17 07:10:57,572 - gmail_import - INFO - Email 1959f4766f3848ef already exists in database
2025-03-17 07:10:57,916 - gmail_import - INFO - Email 1959f36c9cefca39 already exists in database
2025-03-17 07:10:58,331 - gmail_import - INFO - Email 1959f0a9b985a4dc already exists in database
2025-03-17 07:10:58,814 - gmail_import - INFO - Email 1959ea8650a432b0 already exists in database
2025-03-17 07:10:59,230 - gmail_import - INFO - Email 1959e700ecd72cc1 already exists in database
2025-03-17 07:10:59,644 - gmail_import - INFO - Email 1959e6dc3ecf6ded already exists in database
2025-03-17 07:11:00,072 - gmail_import - INFO - Email 1959e6605d784566 already exists in database
2025-03-17 07:11:00,499 - gmail_import - INFO - Email 1959dcd47dce0829 already exists in database
2025-03-17 07:11:00,729 - gmail_import - INFO - Batch complete. Imported 0/36 emails
2025-03-17 07:11:00,729 - gmail_import - INFO - Gmail import completed successfully. Processed 36 emails.
