2025-03-17 11:33:49,625 - gmail_import - ERROR - Error reading checkpoint: Binder Error: Referenced column "status" not found in FROM clause!
Candidate bindings: "last_import_time", "last_processed_index"

LINE 2:                 SELECT last_processed_index, status, error_message 
                                                     ^
2025-03-17 11:33:49,625 - gmail_import - INFO - Using token from /Users/srvo/dewey/token.json
2025-03-17 11:33:49,627 - gmail_import - INFO - Refreshing expired credentials
2025-03-17 11:33:49,839 - gmail_import - INFO - Importing emails from 2025/03/10 to 2025/03/17
2025-03-17 11:33:49,839 - gmail_import - INFO - Including sent emails
2025-03-17 11:33:50,328 - gmail_import - INFO - Fetched 500 messages, total: 500
2025-03-17 11:33:51,115 - gmail_import - INFO - Fetched 500 messages, total: 1000
2025-03-17 11:33:51,116 - gmail_import - INFO - Found 1000 emails, fetching details...
2025-03-17 11:33:53,593 - gmail_import - WARNING - Failed to parse date 'Mon, 17 Mar 2025 16:08:08 +0000 (GMT)': 'ArgumentParser' object has no attribute 'parse'
2025-03-17 11:33:54,598 - gmail_import - INFO - Processing message 10/1000
2025-03-17 11:33:55,137 - gmail_import - WARNING - Failed to parse date 'Mon, 17 Mar 2025 16:48:00 +0000 (UTC)': 'ArgumentParser' object has no attribute 'parse'
2025-03-17 11:33:57,031 - gmail_import - WARNING - Failed to parse date 'Mon, 17 Mar 2025 16:09:40 +0000 (UTC)': 'ArgumentParser' object has no attribute 'parse'
2025-03-17 11:33:57,492 - gmail_import - WARNING - Failed to parse date 'Mon, 17 Mar 2025 16:09:27 +0000 (UTC)': 'ArgumentParser' object has no attribute 'parse'
2025-03-17 11:33:57,930 - gmail_import - WARNING - Failed to parse date 'Mon, 17 Mar 2025 09:07:19 -0700 (PDT)': 'ArgumentParser' object has no attribute 'parse'
2025-03-17 11:33:58,509 - gmail_import - INFO - Processing message 20/1000
2025-03-17 11:33:59,515 - gmail_import - WARNING - Failed to parse date 'Mon, 17 Mar 2025 16:02:16 +0000 (UTC)': 'ArgumentParser' object has no attribute 'parse'
2025-03-17 11:33:59,855 - gmail_import - WARNING - Failed to parse date 'Mon, 17 Mar 2025 16:01:34 +0000 (UTC)': 'ArgumentParser' object has no attribute 'parse'
2025-03-17 11:34:00,194 - gmail_import - WARNING - Failed to parse date 'Mon, 17 Mar 2025 16:00:44 +0000 (UTC)': 'ArgumentParser' object has no attribute 'parse'
2025-03-17 11:34:00,544 - gmail_import - WARNING - Failed to parse date 'Mon, 17 Mar 2025 15:59:59 +0000 (UTC)': 'ArgumentParser' object has no attribute 'parse'
2025-03-17 11:34:01,245 - gmail_import - WARNING - Failed to parse date 'Mon, 17 Mar 2025 15:54:00 +0000 (UTC)': 'ArgumentParser' object has no attribute 'parse'
2025-03-17 11:34:02,211 - gmail_import - INFO - Processing message 30/1000
2025-03-17 11:34:03,145 - gmail_import - WARNING - Failed to parse date 'Mon, 17 Mar 2025 08:19:08 -0700 (PDT)': 'ArgumentParser' object has no attribute 'parse'
2025-03-17 11:34:03,844 - gmail_import - WARNING - Failed to parse date 'Mon, 17 Mar 2025 15:02:34 +0000 (UTC)': 'ArgumentParser' object has no attribute 'parse'
2025-03-17 11:34:04,196 - gmail_import - WARNING - Failed to parse date 'Mon, 17 Mar 2025 11:02:16 -0400 (EDT)': 'ArgumentParser' object has no attribute 'parse'
2025-03-17 11:34:04,906 - gmail_import - WARNING - Failed to parse date 'Mon, 17 Mar 2025 15:01:03 +0000 (UTC)': 'ArgumentParser' object has no attribute 'parse'
2025-03-17 11:34:05,616 - gmail_import - WARNING - Failed to parse date 'Mon, 17 Mar 2025 15:00:21 +0000 (UTC)': 'ArgumentParser' object has no attribute 'parse'
2025-03-17 11:34:05,821 - gmail_import - INFO - Processing message 40/1000
2025-03-17 11:34:08,250 - gmail_import - WARNING - Failed to parse date 'Mon, 17 Mar 2025 14:01:23 +0000 (UTC)': 'ArgumentParser' object has no attribute 'parse'
2025-03-17 11:34:08,621 - gmail_import - WARNING - Failed to parse date 'Mon, 17 Mar 2025 14:00:19 +0000 (UTC)': 'ArgumentParser' object has no attribute 'parse'
2025-03-17 11:34:09,668 - gmail_import - INFO - Processing message 50/1000
2025-03-17 11:34:13,620 - gmail_import - INFO - Processing message 60/1000
2025-03-17 11:34:13,783 - gmail_import - WARNING - Failed to parse date 'Mon, 17 Mar 2025 12:18:09 +0000 (UTC)': 'ArgumentParser' object has no attribute 'parse'
2025-03-17 11:34:14,182 - gmail_import - WARNING - Failed to parse date 'Mon, 17 Mar 2025 12:17:58 +0000 (UTC)': 'ArgumentParser' object has no attribute 'parse'
2025-03-17 11:34:14,528 - gmail_import - WARNING - Failed to parse date 'Mon, 17 Mar 2025 12:17:30 +0000 (UTC)': 'ArgumentParser' object has no attribute 'parse'
2025-03-17 11:34:14,880 - gmail_import - WARNING - Failed to parse date 'Mon, 17 Mar 2025 12:09:22 +0000 (UTC)': 'ArgumentParser' object has no attribute 'parse'
2025-03-17 11:34:15,235 - gmail_import - WARNING - Failed to parse date 'Mon, 17 Mar 2025 12:08:15 +0000 (UTC)': 'ArgumentParser' object has no attribute 'parse'
2025-03-17 11:34:16,414 - gmail_import - WARNING - Failed to parse date 'Mon, 17 Mar 2025 07:33:08 -0400 (EDT)': 'ArgumentParser' object has no attribute 'parse'
2025-03-17 11:34:16,807 - gmail_import - WARNING - Failed to parse date 'Mon, 17 Mar 2025 10:08:01 +0000 (UTC)': 'ArgumentParser' object has no attribute 'parse'
2025-03-17 11:34:17,182 - gmail_import - WARNING - Failed to parse date 'Mon, 17 Mar 2025 10:02:09 +0000 (UTC)': 'ArgumentParser' object has no attribute 'parse'
2025-03-17 11:34:17,387 - gmail_import - INFO - Processing message 70/1000
2025-03-17 11:34:20,177 - gmail_import - WARNING - Failed to parse date 'Sun, 16 Mar 2025 23:33:51 -0500 (CDT)': 'ArgumentParser' object has no attribute 'parse'
2025-03-17 11:34:20,998 - gmail_import - WARNING - Failed to parse date 'Mon, 17 Mar 2025 02:03:26 +0000 (UTC)': 'ArgumentParser' object has no attribute 'parse'
2025-03-17 11:34:21,199 - gmail_import - INFO - Processing message 80/1000
2025-03-17 11:34:23,681 - gmail_import - WARNING - Failed to parse date 'Sun, 16 Mar 2025 20:02:32 +0000 (UTC)': 'ArgumentParser' object has no attribute 'parse'
2025-03-17 11:34:24,471 - gmail_import - WARNING - Failed to parse date 'Sun, 16 Mar 2025 18:04:46 +0000 (UTC)': 'ArgumentParser' object has no attribute 'parse'
2025-03-17 11:34:25,028 - gmail_import - INFO - Processing message 90/1000
2025-03-17 11:34:25,907 - gmail_import - WARNING - Failed to parse date 'Sun, 16 Mar 2025 16:02:54 +0000 (UTC)': 'ArgumentParser' object has no attribute 'parse'
2025-03-17 11:34:26,616 - gmail_import - WARNING - Failed to parse date 'Sun, 16 Mar 2025 15:46:00 +0000 (UTC)': 'ArgumentParser' object has no attribute 'parse'
2025-03-17 11:34:26,965 - gmail_import - WARNING - Failed to parse date 'Sun, 16 Mar 2025 08:16:38 -0700 (PDT)': 'ArgumentParser' object has no attribute 'parse'
2025-03-17 11:34:27,814 - gmail_import - WARNING - Failed to parse date 'Sun, 16 Mar 2025 15:00:15 +0000 (UTC)': 'ArgumentParser' object has no attribute 'parse'
2025-03-17 11:34:28,715 - gmail_import - INFO - Processing message 100/1000
2025-03-17 11:34:28,947 - gmail_import - WARNING - Failed to parse date 'Sun, 16 Mar 2025 14:09:18 +0000 (UTC)': 'ArgumentParser' object has no attribute 'parse'
2025-03-17 11:34:31,253 - gmail_import - WARNING - Failed to parse date 'Sun, 16 Mar 2025 10:07:57 +0000 (UTC)': 'ArgumentParser' object has no attribute 'parse'
2025-03-17 11:34:32,312 - gmail_import - WARNING - Failed to parse date 'Sun, 16 Mar 2025 02:00:22 +0000 (UTC)': 'ArgumentParser' object has no attribute 'parse'
2025-03-17 11:34:32,514 - gmail_import - INFO - Processing message 110/1000
2025-03-17 11:34:33,831 - gmail_import - WARNING - Failed to parse date 'Sat, 15 Mar 2025 21:02:00 +0000 (UTC)': 'ArgumentParser' object has no attribute 'parse'
2025-03-17 11:34:34,426 - gmail_import - WARNING - Failed to parse date 'Sat, 15 Mar 2025 20:03:24 +0000 (UTC)': 'ArgumentParser' object has no attribute 'parse'
2025-03-17 11:34:36,614 - gmail_import - INFO - Processing message 120/1000
2025-03-17 11:34:37,606 - gmail_import - WARNING - Failed to parse date 'Sat, 15 Mar 2025 08:19:15 -0700 (PDT)': 'ArgumentParser' object has no attribute 'parse'
2025-03-17 11:34:39,340 - gmail_import - WARNING - Failed to parse date 'Sat, 15 Mar 2025 13:55:45 +0000 (UTC)': 'ArgumentParser' object has no attribute 'parse'
2025-03-17 11:34:39,686 - gmail_import - WARNING - Failed to parse date 'Sat, 15 Mar 2025 08:54:22 -0500 (CDT)': 'ArgumentParser' object has no attribute 'parse'
2025-03-17 11:34:40,279 - gmail_import - INFO - Processing message 130/1000
2025-03-17 11:34:41,952 - gmail_import - WARNING - Failed to parse date 'Sat, 15 Mar 2025 06:27:58 -0500 (CDT)': 'ArgumentParser' object has no attribute 'parse'
2025-03-17 11:34:43,748 - gmail_import - WARNING - Failed to parse date 'Sat, 15 Mar 2025 05:10:38 -0500 (CDT)': 'ArgumentParser' object has no attribute 'parse'
2025-03-17 11:34:44,271 - gmail_import - WARNING - Failed to parse date 'Sat, 15 Mar 2025 10:02:05 +0000 (UTC)': 'ArgumentParser' object has no attribute 'parse'
2025-03-17 11:34:45,000 - gmail_import - INFO - Processing message 140/1000
2025-03-17 11:34:46,672 - gmail_import - WARNING - Failed to parse date 'Sat, 15 Mar 2025 08:13:22 +0000 (UTC)': 'ArgumentParser' object has no attribute 'parse'
2025-03-17 11:34:47,800 - gmail_import - WARNING - Failed to parse date 'Sat, 15 Mar 2025 03:59:31 +0000 (UTC)': 'ArgumentParser' object has no attribute 'parse'
2025-03-17 11:34:48,340 - gmail_import - WARNING - Failed to parse date 'Sat, 15 Mar 2025 02:38:01 +0000 (UTC)': 'ArgumentParser' object has no attribute 'parse'
2025-03-17 11:34:49,876 - gmail_import - INFO - Processing message 150/1000
2025-03-17 11:34:52,512 - gmail_import - WARNING - Failed to parse date 'Sat, 15 Mar 2025 00:06:03 +0000 (UTC)': 'ArgumentParser' object has no attribute 'parse'
2025-03-17 11:34:53,350 - gmail_import - WARNING - Failed to parse date 'Fri, 14 Mar 2025 18:19:13 -0400 (EDT)': 'ArgumentParser' object has no attribute 'parse'
2025-03-17 11:34:53,943 - gmail_import - INFO - Processing message 160/1000
2025-03-17 11:34:54,536 - gmail_import - WARNING - Failed to parse date 'Fri, 14 Mar 2025 21:14:12 +0000 (UTC)': 'ArgumentParser' object has no attribute 'parse'
2025-03-17 11:34:54,913 - gmail_import - WARNING - Failed to parse date 'Fri, 14 Mar 2025 21:10:03 +0000 (UTC)': 'ArgumentParser' object has no attribute 'parse'
2025-03-17 11:34:58,229 - gmail_import - INFO - Processing message 170/1000
2025-03-17 11:35:00,325 - gmail_import - WARNING - Failed to parse date 'Fri, 14 Mar 2025 16:36:07 +0000 (UTC)': 'ArgumentParser' object has no attribute 'parse'
2025-03-17 11:35:02,118 - gmail_import - INFO - Processing message 180/1000
2025-03-17 11:35:02,264 - gmail_import - WARNING - Failed to parse date 'Fri, 14 Mar 2025 15:46:03 +0000 (UTC)': 'ArgumentParser' object has no attribute 'parse'
2025-03-17 11:35:03,505 - gmail_import - WARNING - Failed to parse date 'Fri, 14 Mar 2025 11:35:11 -0400 (EDT)': 'ArgumentParser' object has no attribute 'parse'
2025-03-17 11:35:03,849 - gmail_import - WARNING - Failed to parse date 'Fri, 14 Mar 2025 08:14:21 -0700 (PDT)': 'ArgumentParser' object has no attribute 'parse'
2025-03-17 11:35:05,954 - gmail_import - INFO - Processing message 190/1000
2025-03-17 11:35:09,718 - gmail_import - INFO - Processing message 200/1000
2025-03-17 11:35:13,446 - gmail_import - INFO - Processing message 210/1000
2025-03-17 11:35:14,873 - gmail_import - WARNING - Failed to parse date 'Fri, 14 Mar 2025 10:27:06 +0000 (UTC)': 'ArgumentParser' object has no attribute 'parse'
2025-03-17 11:35:15,888 - gmail_import - WARNING - Failed to parse date 'Fri, 14 Mar 2025 10:15:15 +0000 (UTC)': 'ArgumentParser' object has no attribute 'parse'
2025-03-17 11:35:17,173 - gmail_import - WARNING - Failed to parse date 'Fri, 14 Mar 2025 10:02:51 +0000 (UTC)': 'ArgumentParser' object has no attribute 'parse'
2025-03-17 11:35:17,813 - gmail_import - INFO - Processing message 220/1000
2025-03-17 11:35:18,390 - gmail_import - WARNING - Failed to parse date 'Fri, 14 Mar 2025 06:38:50 +0000 (UTC)': 'ArgumentParser' object has no attribute 'parse'
2025-03-17 11:35:19,900 - gmail_import - WARNING - Failed to parse date 'Fri, 14 Mar 2025 04:34:11 +0000 (UTC)': 'ArgumentParser' object has no attribute 'parse'
2025-03-17 11:35:22,199 - gmail_import - INFO - Processing message 230/1000
2025-03-17 11:35:22,395 - gmail_import - WARNING - Failed to parse date 'Thu, 13 Mar 2025 23:15:57 +0000 (UTC)': 'ArgumentParser' object has no attribute 'parse'
2025-03-17 11:35:22,846 - gmail_import - WARNING - Failed to parse date 'Thu, 13 Mar 2025 17:25:53 -0500 (CDT)': 'ArgumentParser' object has no attribute 'parse'
2025-03-17 11:35:23,371 - gmail_import - WARNING - Failed to parse date 'Thu, 13 Mar 2025 22:24:34 +0000 (UTC)': 'ArgumentParser' object has no attribute 'parse'
2025-03-17 11:35:25,018 - gmail_import - WARNING - Failed to parse date 'Thu, 13 Mar 2025 21:53:01 +0000 (UTC)': 'ArgumentParser' object has no attribute 'parse'
2025-03-17 11:35:26,517 - gmail_import - WARNING - Failed to parse date 'Thu, 13 Mar 2025 21:14:15 +0000 (UTC)': 'ArgumentParser' object has no attribute 'parse'
2025-03-17 11:35:26,721 - gmail_import - INFO - Processing message 240/1000
2025-03-17 11:35:26,888 - gmail_import - WARNING - Failed to parse date 'Thu, 13 Mar 2025 21:03:19 +0000 (UTC)': 'ArgumentParser' object has no attribute 'parse'
2025-03-17 11:35:28,142 - gmail_import - WARNING - Failed to parse date 'Thu, 13 Mar 2025 16:04:19 -0400 (EDT)': 'ArgumentParser' object has no attribute 'parse'
2025-03-17 11:35:29,769 - gmail_import - WARNING - Failed to parse date 'Thu, 13 Mar 2025 15:30:16 -0400 (EDT)': 'ArgumentParser' object has no attribute 'parse'
2025-03-17 11:35:30,768 - gmail_import - INFO - Processing message 250/1000
2025-03-17 11:35:31,433 - gmail_import - WARNING - Failed to parse date 'Thu, 13 Mar 2025 19:15:51 +0000 (UTC)': 'ArgumentParser' object has no attribute 'parse'
2025-03-17 11:35:34,794 - gmail_import - INFO - Processing message 260/1000
2025-03-17 11:35:37,618 - gmail_import - WARNING - Failed to parse date 'Thu, 13 Mar 2025 09:25:50 -0700 (PDT)': 'ArgumentParser' object has no attribute 'parse'
2025-03-17 11:35:37,950 - gmail_import - WARNING - Failed to parse date 'Thu, 13 Mar 2025 11:09:35 -0500 (CDT)': 'ArgumentParser' object has no attribute 'parse'
2025-03-17 11:35:38,549 - gmail_import - INFO - Processing message 270/1000
2025-03-17 11:35:38,686 - gmail_import - WARNING - Failed to parse date 'Thu, 13 Mar 2025 11:07:25 -0500 (CDT)': 'ArgumentParser' object has no attribute 'parse'
2025-03-17 11:35:39,443 - gmail_import - WARNING - Failed to parse date 'Thu, 13 Mar 2025 16:01:19 +0000 (UTC)': 'ArgumentParser' object has no attribute 'parse'
2025-03-17 11:35:41,401 - gmail_import - WARNING - Failed to parse date 'Thu, 13 Mar 2025 08:14:37 -0700 (PDT)': 'ArgumentParser' object has no attribute 'parse'
2025-03-17 11:35:41,816 - gmail_import - WARNING - Failed to parse date 'Thu, 13 Mar 2025 08:07:59 -0700 (PDT)': 'ArgumentParser' object has no attribute 'parse'
2025-03-17 11:35:42,451 - gmail_import - INFO - Processing message 280/1000
2025-03-17 11:35:43,969 - gmail_import - WARNING - Failed to parse date 'Thu, 13 Mar 2025 07:08:40 -0700 (PDT)': 'ArgumentParser' object has no attribute 'parse'
2025-03-17 11:35:44,734 - gmail_import - WARNING - Failed to parse date 'Thu, 13 Mar 2025 14:00:48 +0000 (UTC)': 'ArgumentParser' object has no attribute 'parse'
2025-03-17 11:35:46,511 - gmail_import - INFO - Processing message 290/1000
2025-03-17 11:35:46,669 - gmail_import - WARNING - Failed to parse date 'Thu, 13 Mar 2025 08:31:15 -0500 (CDT)': 'ArgumentParser' object has no attribute 'parse'
2025-03-17 11:35:50,406 - gmail_import - INFO - Processing message 300/1000
2025-03-17 11:35:50,981 - gmail_import - WARNING - Failed to parse date 'Thu, 13 Mar 2025 11:14:57 +0000 (UTC)': 'ArgumentParser' object has no attribute 'parse'
2025-03-17 11:35:51,712 - gmail_import - WARNING - Failed to parse date 'Thu, 13 Mar 2025 10:53:47 +0000 (UTC)': 'ArgumentParser' object has no attribute 'parse'
2025-03-17 11:35:52,426 - gmail_import - WARNING - Failed to parse date 'Thu, 13 Mar 2025 10:07:55 +0000 (UTC)': 'ArgumentParser' object has no attribute 'parse'
2025-03-17 11:35:53,303 - gmail_import - WARNING - Failed to parse date 'Thu, 13 Mar 2025 10:02:40 +0000 (UTC)': 'ArgumentParser' object has no attribute 'parse'
2025-03-17 11:35:54,253 - gmail_import - INFO - Processing message 310/1000
2025-03-17 11:35:55,918 - gmail_import - WARNING - Failed to parse date 'Thu, 13 Mar 2025 02:00:50 +0000 (UTC)': 'ArgumentParser' object has no attribute 'parse'
2025-03-17 11:35:56,288 - gmail_import - WARNING - Failed to parse date 'Thu, 13 Mar 2025 01:54:15 +0000 (UTC)': 'ArgumentParser' object has no attribute 'parse'
2025-03-17 11:35:58,052 - gmail_import - INFO - Processing message 320/1000
