2025-03-17 17:14:37,724 - gmail_import - INFO - Connecting to MotherDuck database: md:dewey
2025-03-17 17:14:38,811 - gmail_import - INFO - Successfully connected to MotherDuck
2025-03-17 17:14:42,023 - gmail_import - INFO - Connected to database at md:dewey
2025-03-17 17:14:42,024 - gmail_import - INFO - Using token from /Users/srvo/dewey/token.json
2025-03-17 17:14:42,027 - gmail_import - INFO - Refreshing expired credentials
2025-03-17 17:14:42,280 - gmail_import - INFO - Importing emails from 2025/03/10 to 2025/03/17
2025-03-17 17:14:42,280 - gmail_import - INFO - Including sent emails
2025-03-17 17:14:42,647 - gmail_import - INFO - Fetched 500 messages, total: 500
2025-03-17 17:14:43,383 - gmail_import - INFO - Fetched 500 messages, total: 1000
2025-03-17 17:14:43,383 - gmail_import - INFO - Found 1000 emails, fetching details...
2025-03-17 17:14:46,819 - gmail_import - INFO - Processing message 10/1000
2025-03-17 17:14:50,463 - gmail_import - INFO - Processing message 20/1000
2025-03-17 17:14:54,082 - gmail_import - INFO - Processing message 30/1000
2025-03-17 17:14:57,738 - gmail_import - INFO - Processing message 40/1000
2025-03-17 17:15:01,306 - gmail_import - INFO - Processing message 50/1000
2025-03-17 17:15:04,815 - gmail_import - INFO - Processing message 60/1000
2025-03-17 17:15:08,402 - gmail_import - INFO - Processing message 70/1000
2025-03-17 17:15:12,124 - gmail_import - INFO - Processing message 80/1000
2025-03-17 17:15:15,737 - gmail_import - INFO - Processing message 90/1000
2025-03-17 17:15:19,287 - gmail_import - INFO - Processing message 100/1000
2025-03-17 17:15:22,974 - gmail_import - INFO - Processing message 110/1000
2025-03-17 17:15:26,711 - gmail_import - INFO - Processing message 120/1000
2025-03-17 17:15:30,609 - gmail_import - INFO - Processing message 130/1000
2025-03-17 17:15:34,175 - gmail_import - INFO - Processing message 140/1000
2025-03-17 17:15:37,932 - gmail_import - INFO - Processing message 150/1000
2025-03-17 17:15:41,606 - gmail_import - INFO - Processing message 160/1000
2025-03-17 17:15:45,159 - gmail_import - INFO - Processing message 170/1000
2025-03-17 17:15:49,135 - gmail_import - INFO - Processing message 180/1000
2025-03-17 17:15:52,872 - gmail_import - INFO - Processing message 190/1000
2025-03-17 17:15:56,616 - gmail_import - INFO - Processing message 200/1000
2025-03-17 17:16:00,273 - gmail_import - INFO - Processing message 210/1000
2025-03-17 17:16:03,860 - gmail_import - INFO - Processing message 220/1000
2025-03-17 17:16:07,558 - gmail_import - INFO - Processing message 230/1000
2025-03-17 17:16:11,119 - gmail_import - INFO - Processing message 240/1000
2025-03-17 17:16:14,712 - gmail_import - INFO - Processing message 250/1000
2025-03-17 17:16:18,431 - gmail_import - INFO - Processing message 260/1000
2025-03-17 17:16:21,971 - gmail_import - INFO - Processing message 270/1000
2025-03-17 17:16:25,640 - gmail_import - INFO - Processing message 280/1000
2025-03-17 17:16:29,248 - gmail_import - INFO - Processing message 290/1000
2025-03-17 17:16:33,084 - gmail_import - INFO - Processing message 300/1000
2025-03-17 17:16:36,825 - gmail_import - INFO - Processing message 310/1000
2025-03-17 17:16:40,415 - gmail_import - INFO - Processing message 320/1000
2025-03-17 17:16:44,091 - gmail_import - INFO - Processing message 330/1000
2025-03-17 17:16:47,673 - gmail_import - INFO - Processing message 340/1000
2025-03-17 17:16:51,238 - gmail_import - INFO - Processing message 350/1000
2025-03-17 17:16:54,840 - gmail_import - INFO - Processing message 360/1000
2025-03-17 17:16:58,446 - gmail_import - INFO - Processing message 370/1000
2025-03-17 17:17:02,054 - gmail_import - INFO - Processing message 380/1000
2025-03-17 17:17:05,752 - gmail_import - INFO - Processing message 390/1000
2025-03-17 17:17:09,312 - gmail_import - INFO - Processing message 400/1000
2025-03-17 17:17:12,889 - gmail_import - INFO - Processing message 410/1000
2025-03-17 17:17:16,495 - gmail_import - INFO - Processing message 420/1000
2025-03-17 17:17:20,304 - gmail_import - INFO - Processing message 430/1000
2025-03-17 17:17:24,220 - gmail_import - INFO - Processing message 440/1000
2025-03-17 17:17:27,813 - gmail_import - INFO - Processing message 450/1000
2025-03-17 17:17:31,334 - gmail_import - INFO - Processing message 460/1000
2025-03-17 17:17:34,971 - gmail_import - INFO - Processing message 470/1000
