2025-03-17 07:05:01,355 - gmail_import - INFO - Starting Gmail import: looking back 1 days, max 100 emails
2025-03-17 07:05:01,356 - gmail_import - INFO - Using database: /Users/srvo/dewey_emails.duckdb
2025-03-17 07:05:01,394 - gmail_import - INFO - Using token from /Users/srvo/dewey/token.json
2025-03-17 07:05:01,398 - gmail_import - INFO - Refreshing expired credentials
2025-03-17 07:05:01,701 - gmail_import - INFO - Importing emails from 2025/03/16 to 2025/03/17
2025-03-17 07:05:01,701 - gmail_import - INFO - Including sent emails
2025-03-17 07:05:01,973 - gmail_import - INFO - Fetched 100 messages, total: 100
2025-03-17 07:05:01,973 - gmail_import - INFO - Found 100 emails, fetching details...
2025-03-17 07:05:05,670 - gmail_import - INFO - Processing message 10/100
2025-03-17 07:05:09,754 - gmail_import - INFO - Processing message 20/100
2025-03-17 07:05:13,829 - gmail_import - INFO - Processing message 30/100
2025-03-17 07:05:17,891 - gmail_import - INFO - Processing message 40/100
2025-03-17 07:05:21,871 - gmail_import - INFO - Processing message 50/100
2025-03-17 07:05:26,007 - gmail_import - INFO - Processing message 60/100
2025-03-17 07:05:30,504 - gmail_import - INFO - Processing message 70/100
2025-03-17 07:05:34,571 - gmail_import - INFO - Processing message 80/100
2025-03-17 07:05:38,717 - gmail_import - INFO - Processing message 90/100
2025-03-17 07:05:42,816 - gmail_import - INFO - Processing message 100/100
2025-03-17 07:05:43,247 - gmail_import - INFO - Found 35 emails to process
2025-03-17 07:05:43,247 - gmail_import - INFO - Processing batch of 35 emails (indices 0-34)
2025-03-17 07:05:43,429 - gmail_import - INFO - Email 195a41c2a4a084a1 already exists in database
2025-03-17 07:05:43,839 - gmail_import - INFO - Email 195a2e95cd7c706f already exists in database
2025-03-17 07:05:44,239 - gmail_import - INFO - Email 195a26e3e1d940cd already exists in database
2025-03-17 07:05:44,714 - gmail_import - INFO - Email 195a2612f74e0f2c already exists in database
2025-03-17 07:05:45,148 - gmail_import - INFO - Email 195a23a24ab4733f already exists in database
2025-03-17 07:05:45,682 - gmail_import - INFO - Email 195a1d777299e927 already exists in database
2025-03-17 07:05:46,186 - gmail_import - INFO - Email 195a1c0ae7e73467 already exists in database
2025-03-17 07:05:46,710 - gmail_import - INFO - Email 195a1bab38c60270 already exists in database
2025-03-17 07:05:47,264 - gmail_import - INFO - Email 195a1aff2933dc4f already exists in database
2025-03-17 07:05:47,783 - gmail_import - INFO - Email 195a1959fcd09064 already exists in database
2025-03-17 07:05:48,630 - gmail_import - INFO - Email 195a0c650f76ea1f already exists in database
2025-03-17 07:05:49,475 - gmail_import - INFO - Email 195a0bc6ea1f1009 already exists in database
2025-03-17 07:05:50,630 - gmail_import - INFO - Email 195a08d16852a601 already exists in database
2025-03-17 07:05:51,099 - gmail_import - INFO - Email 195a056a82276948 already exists in database
2025-03-17 07:05:51,530 - gmail_import - INFO - Email 195a0213d8970da9 already exists in database
2025-03-17 07:05:51,929 - gmail_import - INFO - Email 195a006a3b92c3b4 already exists in database
2025-03-17 07:05:52,382 - gmail_import - INFO - Email 1959fe5da21e85c1 already exists in database
2025-03-17 07:05:52,919 - gmail_import - INFO - Email 1959fb5d1370a8ba already exists in database
2025-03-17 07:05:53,631 - gmail_import - INFO - Email 1959fb1a5c989020 already exists in database
2025-03-17 07:05:54,082 - gmail_import - INFO - Email 1959fad2760d0db1 already exists in database
2025-03-17 07:05:54,554 - gmail_import - INFO - Email 1959fa23e8d7df2b already exists in database
2025-03-17 07:05:54,990 - gmail_import - INFO - Email 1959f8757c8a4066 already exists in database
2025-03-17 07:05:55,439 - gmail_import - INFO - Email 1959f7b1d2719e5b already exists in database
2025-03-17 07:05:55,874 - gmail_import - INFO - Email 1959f7852f0e8200 already exists in database
2025-03-17 07:05:56,346 - gmail_import - INFO - Email 1959f72b09226031 already exists in database
2025-03-17 07:05:56,706 - gmail_import - INFO - Email 1959f4c18d0b41c9 already exists in database
2025-03-17 07:05:57,139 - gmail_import - INFO - Email 1959f49a92f64c77 already exists in database
2025-03-17 07:05:57,578 - gmail_import - INFO - Email 1959f4766f3848ef already exists in database
2025-03-17 07:05:57,995 - gmail_import - INFO - Email 1959f36c9cefca39 already exists in database
2025-03-17 07:05:58,378 - gmail_import - INFO - Email 1959f0a9b985a4dc already exists in database
2025-03-17 07:05:58,932 - gmail_import - INFO - Email 1959ea8650a432b0 already exists in database
2025-03-17 07:05:59,277 - gmail_import - INFO - Email 1959e700ecd72cc1 already exists in database
2025-03-17 07:05:59,736 - gmail_import - INFO - Email 1959e6dc3ecf6ded already exists in database
2025-03-17 07:06:00,192 - gmail_import - INFO - Email 1959e6605d784566 already exists in database
2025-03-17 07:06:00,585 - gmail_import - INFO - Email 1959dcd47dce0829 already exists in database
2025-03-17 07:06:00,801 - gmail_import - INFO - Batch complete. Imported 0/35 emails
2025-03-17 07:06:00,801 - gmail_import - INFO - Gmail import completed successfully. Processed 35 emails.
