2025-03-17 07:00:01,939 - gmail_import - INFO - Starting Gmail import: looking back 1 days, max 100 emails
2025-03-17 07:00:01,939 - gmail_import - INFO - Using database: /Users/srvo/dewey_emails.duckdb
2025-03-17 07:00:02,086 - gmail_import - INFO - Using token from /Users/srvo/dewey/token.json
2025-03-17 07:00:02,090 - gmail_import - INFO - Refreshing expired credentials
2025-03-17 07:00:02,322 - gmail_import - INFO - Importing emails from 2025/03/16 to 2025/03/17
2025-03-17 07:00:02,322 - gmail_import - INFO - Including sent emails
2025-03-17 07:00:02,596 - gmail_import - INFO - Fetched 100 messages, total: 100
2025-03-17 07:00:02,596 - gmail_import - INFO - Found 100 emails, fetching details...
2025-03-17 07:00:06,330 - gmail_import - INFO - Processing message 10/100
2025-03-17 07:00:10,493 - gmail_import - INFO - Processing message 20/100
2025-03-17 07:00:14,510 - gmail_import - INFO - Processing message 30/100
2025-03-17 07:00:18,711 - gmail_import - INFO - Processing message 40/100
2025-03-17 07:00:22,849 - gmail_import - INFO - Processing message 50/100
2025-03-17 07:00:26,874 - gmail_import - INFO - Processing message 60/100
2025-03-17 07:00:30,985 - gmail_import - INFO - Processing message 70/100
2025-03-17 07:00:35,085 - gmail_import - INFO - Processing message 80/100
2025-03-17 07:00:39,119 - gmail_import - INFO - Processing message 90/100
2025-03-17 07:00:43,166 - gmail_import - INFO - Processing message 100/100
2025-03-17 07:00:43,583 - gmail_import - INFO - Found 34 emails to process
2025-03-17 07:00:43,584 - gmail_import - INFO - Processing batch of 34 emails (indices 0-33)
2025-03-17 07:00:43,769 - gmail_import - INFO - Email 195a41c2a4a084a1 already exists in database
2025-03-17 07:00:44,161 - gmail_import - INFO - Email 195a26e3e1d940cd already exists in database
2025-03-17 07:00:44,567 - gmail_import - INFO - Email 195a2612f74e0f2c already exists in database
2025-03-17 07:00:44,942 - gmail_import - INFO - Email 195a23a24ab4733f already exists in database
2025-03-17 07:00:45,363 - gmail_import - INFO - Email 195a1d777299e927 already exists in database
2025-03-17 07:00:45,736 - gmail_import - INFO - Email 195a1c0ae7e73467 already exists in database
2025-03-17 07:00:46,155 - gmail_import - INFO - Email 195a1bab38c60270 already exists in database
2025-03-17 07:00:46,582 - gmail_import - INFO - Email 195a1aff2933dc4f already exists in database
2025-03-17 07:00:46,972 - gmail_import - INFO - Email 195a1959fcd09064 already exists in database
2025-03-17 07:00:47,364 - gmail_import - INFO - Email 195a0c650f76ea1f already exists in database
2025-03-17 07:00:47,801 - gmail_import - INFO - Email 195a0bc6ea1f1009 already exists in database
2025-03-17 07:00:48,234 - gmail_import - INFO - Email 195a08d16852a601 already exists in database
2025-03-17 07:00:48,656 - gmail_import - INFO - Email 195a056a82276948 already exists in database
2025-03-17 07:00:49,053 - gmail_import - INFO - Email 195a0213d8970da9 already exists in database
2025-03-17 07:00:49,475 - gmail_import - INFO - Email 195a006a3b92c3b4 already exists in database
2025-03-17 07:00:49,887 - gmail_import - INFO - Email 1959fe5da21e85c1 already exists in database
2025-03-17 07:00:50,306 - gmail_import - INFO - Email 1959fb5d1370a8ba already exists in database
2025-03-17 07:00:50,710 - gmail_import - INFO - Email 1959fb1a5c989020 already exists in database
2025-03-17 07:00:51,122 - gmail_import - INFO - Email 1959fad2760d0db1 already exists in database
2025-03-17 07:00:51,540 - gmail_import - INFO - Email 1959fa23e8d7df2b already exists in database
2025-03-17 07:00:51,953 - gmail_import - INFO - Email 1959f8757c8a4066 already exists in database
2025-03-17 07:00:52,379 - gmail_import - INFO - Email 1959f7b1d2719e5b already exists in database
2025-03-17 07:00:52,807 - gmail_import - INFO - Email 1959f7852f0e8200 already exists in database
2025-03-17 07:00:53,212 - gmail_import - INFO - Email 1959f72b09226031 already exists in database
2025-03-17 07:00:53,625 - gmail_import - INFO - Email 1959f4c18d0b41c9 already exists in database
2025-03-17 07:00:54,046 - gmail_import - INFO - Email 1959f49a92f64c77 already exists in database
2025-03-17 07:00:54,464 - gmail_import - INFO - Email 1959f4766f3848ef already exists in database
2025-03-17 07:00:54,839 - gmail_import - INFO - Email 1959f36c9cefca39 already exists in database
2025-03-17 07:00:55,267 - gmail_import - INFO - Email 1959f0a9b985a4dc already exists in database
2025-03-17 07:00:55,659 - gmail_import - INFO - Email 1959ea8650a432b0 already exists in database
2025-03-17 07:00:56,076 - gmail_import - INFO - Email 1959e700ecd72cc1 already exists in database
2025-03-17 07:00:56,498 - gmail_import - INFO - Email 1959e6dc3ecf6ded already exists in database
2025-03-17 07:00:56,871 - gmail_import - INFO - Email 1959e6605d784566 already exists in database
2025-03-17 07:00:57,287 - gmail_import - INFO - Email 1959dcd47dce0829 already exists in database
2025-03-17 07:00:57,529 - gmail_import - INFO - Batch complete. Imported 0/34 emails
2025-03-17 07:00:57,530 - gmail_import - INFO - Gmail import completed successfully. Processed 34 emails.
