2025-03-17 17:30:02,711 - gmail_import - INFO - Connecting to MotherDuck database: md:dewey
2025-03-17 17:30:03,873 - gmail_import - INFO - Successfully connected to MotherDuck
2025-03-17 17:30:05,692 - gmail_import - INFO - Connected to database at md:dewey
2025-03-17 17:30:05,693 - gmail_import - INFO - Using token from /Users/srvo/dewey/token.json
2025-03-17 17:30:05,701 - gmail_import - INFO - Refreshing expired credentials
2025-03-17 17:30:05,975 - gmail_import - INFO - Importing all historical emails
2025-03-17 17:30:05,975 - gmail_import - INFO - Including sent emails
2025-03-17 17:30:06,336 - gmail_import - INFO - Fetched 500 messages, total: 500
2025-03-17 17:30:07,120 - gmail_import - INFO - Fetched 500 messages, total: 1000
2025-03-17 17:30:07,904 - gmail_import - INFO - Fetched 500 messages, total: 1500
2025-03-17 17:30:08,686 - gmail_import - INFO - Fetched 500 messages, total: 2000
2025-03-17 17:30:09,481 - gmail_import - INFO - Fetched 500 messages, total: 2500
2025-03-17 17:30:10,259 - gmail_import - INFO - Fetched 500 messages, total: 3000
2025-03-17 17:30:11,058 - gmail_import - INFO - Fetched 500 messages, total: 3500
2025-03-17 17:30:11,867 - gmail_import - INFO - Fetched 500 messages, total: 4000
2025-03-17 17:30:12,635 - gmail_import - INFO - Fetched 500 messages, total: 4500
2025-03-17 17:30:13,429 - gmail_import - INFO - Fetched 500 messages, total: 5000
2025-03-17 17:30:14,193 - gmail_import - INFO - Fetched 500 messages, total: 5500
2025-03-17 17:30:14,950 - gmail_import - INFO - Fetched 500 messages, total: 6000
2025-03-17 17:30:15,722 - gmail_import - INFO - Fetched 500 messages, total: 6500
2025-03-17 17:30:16,517 - gmail_import - INFO - Fetched 500 messages, total: 7000
2025-03-17 17:30:17,351 - gmail_import - INFO - Fetched 500 messages, total: 7500
2025-03-17 17:30:18,117 - gmail_import - INFO - Fetched 500 messages, total: 8000
2025-03-17 17:30:18,843 - gmail_import - INFO - Fetched 500 messages, total: 8500
2025-03-17 17:30:19,629 - gmail_import - INFO - Fetched 500 messages, total: 9000
2025-03-17 17:30:20,385 - gmail_import - INFO - Fetched 500 messages, total: 9500
2025-03-17 17:30:21,150 - gmail_import - INFO - Fetched 500 messages, total: 10000
2025-03-17 17:30:21,911 - gmail_import - INFO - Fetched 500 messages, total: 10500
2025-03-17 17:30:22,669 - gmail_import - INFO - Fetched 500 messages, total: 11000
2025-03-17 17:30:23,452 - gmail_import - INFO - Fetched 500 messages, total: 11500
2025-03-17 17:30:24,351 - gmail_import - INFO - Fetched 500 messages, total: 12000
2025-03-17 17:30:25,100 - gmail_import - INFO - Fetched 500 messages, total: 12500
2025-03-17 17:30:25,878 - gmail_import - INFO - Fetched 500 messages, total: 13000
2025-03-17 17:30:26,645 - gmail_import - INFO - Fetched 500 messages, total: 13500
2025-03-17 17:30:27,397 - gmail_import - INFO - Fetched 500 messages, total: 14000
2025-03-17 17:30:28,162 - gmail_import - INFO - Fetched 500 messages, total: 14500
2025-03-17 17:30:28,933 - gmail_import - INFO - Fetched 500 messages, total: 15000
2025-03-17 17:30:29,663 - gmail_import - INFO - Fetched 500 messages, total: 15500
2025-03-17 17:30:30,438 - gmail_import - INFO - Fetched 500 messages, total: 16000
2025-03-17 17:30:31,195 - gmail_import - INFO - Fetched 500 messages, total: 16500
2025-03-17 17:30:31,929 - gmail_import - INFO - Fetched 500 messages, total: 17000
2025-03-17 17:30:32,704 - gmail_import - INFO - Fetched 500 messages, total: 17500
2025-03-17 17:30:33,461 - gmail_import - INFO - Fetched 500 messages, total: 18000
2025-03-17 17:30:34,207 - gmail_import - INFO - Fetched 500 messages, total: 18500
2025-03-17 17:30:34,951 - gmail_import - INFO - Fetched 500 messages, total: 19000
2025-03-17 17:30:35,695 - gmail_import - INFO - Fetched 500 messages, total: 19500
2025-03-17 17:30:36,464 - gmail_import - INFO - Fetched 500 messages, total: 20000
2025-03-17 17:30:37,239 - gmail_import - INFO - Fetched 500 messages, total: 20500
2025-03-17 17:30:37,984 - gmail_import - INFO - Fetched 500 messages, total: 21000
2025-03-17 17:30:38,749 - gmail_import - INFO - Fetched 500 messages, total: 21500
2025-03-17 17:30:39,522 - gmail_import - INFO - Fetched 500 messages, total: 22000
2025-03-17 17:30:40,301 - gmail_import - INFO - Fetched 500 messages, total: 22500
2025-03-17 17:30:41,052 - gmail_import - INFO - Fetched 500 messages, total: 23000
2025-03-17 17:30:41,800 - gmail_import - INFO - Fetched 500 messages, total: 23500
2025-03-17 17:30:42,565 - gmail_import - INFO - Fetched 500 messages, total: 24000
2025-03-17 17:30:43,311 - gmail_import - INFO - Fetched 500 messages, total: 24500
2025-03-17 17:30:44,092 - gmail_import - INFO - Fetched 500 messages, total: 25000
2025-03-17 17:30:44,859 - gmail_import - INFO - Fetched 500 messages, total: 25500
2025-03-17 17:30:45,639 - gmail_import - INFO - Fetched 500 messages, total: 26000
2025-03-17 17:30:46,415 - gmail_import - INFO - Fetched 500 messages, total: 26500
2025-03-17 17:30:47,170 - gmail_import - INFO - Fetched 500 messages, total: 27000
2025-03-17 17:30:47,941 - gmail_import - INFO - Fetched 500 messages, total: 27500
2025-03-17 17:30:48,705 - gmail_import - INFO - Fetched 500 messages, total: 28000
2025-03-17 17:30:49,451 - gmail_import - INFO - Fetched 500 messages, total: 28500
2025-03-17 17:30:50,210 - gmail_import - INFO - Fetched 500 messages, total: 29000
2025-03-17 17:30:50,968 - gmail_import - INFO - Fetched 500 messages, total: 29500
2025-03-17 17:30:51,732 - gmail_import - INFO - Fetched 500 messages, total: 30000
2025-03-17 17:30:52,453 - gmail_import - INFO - Fetched 500 messages, total: 30500
2025-03-17 17:30:53,225 - gmail_import - INFO - Fetched 500 messages, total: 31000
2025-03-17 17:30:54,005 - gmail_import - INFO - Fetched 500 messages, total: 31500
2025-03-17 17:30:54,771 - gmail_import - INFO - Fetched 500 messages, total: 32000
2025-03-17 17:30:55,684 - gmail_import - INFO - Fetched 500 messages, total: 32500
2025-03-17 17:30:56,445 - gmail_import - INFO - Fetched 500 messages, total: 33000
2025-03-17 17:30:57,218 - gmail_import - INFO - Fetched 500 messages, total: 33500
2025-03-17 17:30:57,997 - gmail_import - INFO - Fetched 500 messages, total: 34000
2025-03-17 17:30:58,894 - gmail_import - INFO - Fetched 500 messages, total: 34500
2025-03-17 17:30:59,675 - gmail_import - INFO - Fetched 500 messages, total: 35000
2025-03-17 17:31:00,476 - gmail_import - INFO - Fetched 500 messages, total: 35500
2025-03-17 17:31:01,233 - gmail_import - INFO - Fetched 500 messages, total: 36000
2025-03-17 17:31:01,998 - gmail_import - INFO - Fetched 500 messages, total: 36500
2025-03-17 17:31:02,783 - gmail_import - INFO - Fetched 500 messages, total: 37000
2025-03-17 17:31:03,547 - gmail_import - INFO - Fetched 500 messages, total: 37500
2025-03-17 17:31:04,317 - gmail_import - INFO - Fetched 500 messages, total: 38000
2025-03-17 17:31:05,080 - gmail_import - INFO - Fetched 500 messages, total: 38500
2025-03-17 17:31:05,851 - gmail_import - INFO - Fetched 500 messages, total: 39000
2025-03-17 17:31:06,570 - gmail_import - INFO - Fetched 500 messages, total: 39500
2025-03-17 17:31:07,343 - gmail_import - INFO - Fetched 500 messages, total: 40000
2025-03-17 17:31:08,115 - gmail_import - INFO - Fetched 500 messages, total: 40500
2025-03-17 17:31:08,897 - gmail_import - INFO - Fetched 500 messages, total: 41000
2025-03-17 17:31:09,688 - gmail_import - INFO - Fetched 500 messages, total: 41500
2025-03-17 17:31:10,444 - gmail_import - INFO - Fetched 500 messages, total: 42000
2025-03-17 17:31:11,245 - gmail_import - INFO - Fetched 500 messages, total: 42500
2025-03-17 17:31:12,034 - gmail_import - INFO - Fetched 500 messages, total: 43000
2025-03-17 17:31:12,808 - gmail_import - INFO - Fetched 500 messages, total: 43500
2025-03-17 17:31:13,583 - gmail_import - INFO - Fetched 500 messages, total: 44000
2025-03-17 17:31:14,337 - gmail_import - INFO - Fetched 500 messages, total: 44500
2025-03-17 17:31:15,105 - gmail_import - INFO - Fetched 500 messages, total: 45000
2025-03-17 17:31:15,872 - gmail_import - INFO - Fetched 500 messages, total: 45500
2025-03-17 17:31:16,636 - gmail_import - INFO - Fetched 500 messages, total: 46000
2025-03-17 17:31:17,403 - gmail_import - INFO - Fetched 500 messages, total: 46500
2025-03-17 17:31:18,179 - gmail_import - INFO - Fetched 500 messages, total: 47000
2025-03-17 17:31:18,953 - gmail_import - INFO - Fetched 500 messages, total: 47500
2025-03-17 17:31:19,706 - gmail_import - INFO - Fetched 500 messages, total: 48000
2025-03-17 17:31:20,450 - gmail_import - INFO - Fetched 500 messages, total: 48500
2025-03-17 17:31:21,212 - gmail_import - INFO - Fetched 500 messages, total: 49000
2025-03-17 17:31:21,983 - gmail_import - INFO - Fetched 500 messages, total: 49500
2025-03-17 17:31:22,747 - gmail_import - INFO - Fetched 500 messages, total: 50000
2025-03-17 17:31:23,526 - gmail_import - INFO - Fetched 500 messages, total: 50500
2025-03-17 17:31:24,278 - gmail_import - INFO - Fetched 500 messages, total: 51000
2025-03-17 17:31:25,033 - gmail_import - INFO - Fetched 500 messages, total: 51500
2025-03-17 17:31:25,796 - gmail_import - INFO - Fetched 500 messages, total: 52000
2025-03-17 17:31:26,560 - gmail_import - INFO - Fetched 500 messages, total: 52500
2025-03-17 17:31:27,289 - gmail_import - INFO - Fetched 500 messages, total: 53000
2025-03-17 17:31:28,019 - gmail_import - INFO - Fetched 500 messages, total: 53500
2025-03-17 17:31:28,795 - gmail_import - INFO - Fetched 500 messages, total: 54000
2025-03-17 17:31:29,559 - gmail_import - INFO - Fetched 500 messages, total: 54500
2025-03-17 17:31:30,316 - gmail_import - INFO - Fetched 500 messages, total: 55000
2025-03-17 17:31:31,073 - gmail_import - INFO - Fetched 500 messages, total: 55500
2025-03-17 17:31:31,809 - gmail_import - INFO - Fetched 500 messages, total: 56000
2025-03-17 17:31:32,573 - gmail_import - INFO - Fetched 500 messages, total: 56500
2025-03-17 17:31:33,300 - gmail_import - INFO - Fetched 500 messages, total: 57000
2025-03-17 17:31:34,027 - gmail_import - INFO - Fetched 237 messages, total: 57237
2025-03-17 17:31:34,027 - gmail_import - INFO - Found 57237 emails, fetching details...
2025-03-17 17:31:36,437 - gmail_import - INFO - Processing message 10/57237
2025-03-17 17:31:39,145 - gmail_import - INFO - Processing message 20/57237
2025-03-17 17:31:41,831 - gmail_import - INFO - Processing message 30/57237
2025-03-17 17:31:44,471 - gmail_import - INFO - Processing message 40/57237
2025-03-17 17:31:47,166 - gmail_import - INFO - Processing message 50/57237
2025-03-17 17:31:49,868 - gmail_import - INFO - Processing message 60/57237
2025-03-17 17:31:52,484 - gmail_import - INFO - Processing message 70/57237
2025-03-17 17:31:55,183 - gmail_import - INFO - Processing message 80/57237
2025-03-17 17:31:57,817 - gmail_import - INFO - Processing message 90/57237
2025-03-17 17:32:00,526 - gmail_import - INFO - Processing message 100/57237
2025-03-17 17:32:03,205 - gmail_import - INFO - Processing message 110/57237
2025-03-17 17:32:05,848 - gmail_import - INFO - Processing message 120/57237
2025-03-17 17:32:08,558 - gmail_import - INFO - Processing message 130/57237
2025-03-17 17:32:11,197 - gmail_import - INFO - Processing message 140/57237
2025-03-17 17:32:13,912 - gmail_import - INFO - Processing message 150/57237
2025-03-17 17:32:16,585 - gmail_import - INFO - Processing message 160/57237
2025-03-17 17:32:19,286 - gmail_import - INFO - Processing message 170/57237
2025-03-17 17:32:21,913 - gmail_import - INFO - Processing message 180/57237
2025-03-17 17:32:24,569 - gmail_import - INFO - Processing message 190/57237
2025-03-17 17:32:27,231 - gmail_import - INFO - Processing message 200/57237
2025-03-17 17:32:29,927 - gmail_import - INFO - Processing message 210/57237
2025-03-17 17:32:32,630 - gmail_import - INFO - Processing message 220/57237
2025-03-17 17:32:35,306 - gmail_import - INFO - Processing message 230/57237
2025-03-17 17:32:37,949 - gmail_import - INFO - Processing message 240/57237
2025-03-17 17:32:40,622 - gmail_import - INFO - Processing message 250/57237
2025-03-17 17:32:43,311 - gmail_import - INFO - Processing message 260/57237
2025-03-17 17:32:45,995 - gmail_import - INFO - Processing message 270/57237
2025-03-17 17:32:48,671 - gmail_import - INFO - Processing message 280/57237
2025-03-17 17:32:51,341 - gmail_import - INFO - Processing message 290/57237
2025-03-17 17:32:54,045 - gmail_import - INFO - Processing message 300/57237
2025-03-17 17:32:56,721 - gmail_import - INFO - Processing message 310/57237
2025-03-17 17:32:59,429 - gmail_import - INFO - Processing message 320/57237
2025-03-17 17:33:02,135 - gmail_import - INFO - Processing message 330/57237
2025-03-17 17:33:04,831 - gmail_import - INFO - Processing message 340/57237
2025-03-17 17:33:07,556 - gmail_import - INFO - Processing message 350/57237
2025-03-17 17:33:10,253 - gmail_import - INFO - Processing message 360/57237
2025-03-17 17:33:12,930 - gmail_import - INFO - Processing message 370/57237
2025-03-17 17:33:15,613 - gmail_import - INFO - Processing message 380/57237
2025-03-17 17:33:18,332 - gmail_import - INFO - Processing message 390/57237
2025-03-17 17:33:21,003 - gmail_import - INFO - Processing message 400/57237
2025-03-17 17:33:23,635 - gmail_import - INFO - Processing message 410/57237
2025-03-17 17:33:26,334 - gmail_import - INFO - Processing message 420/57237
2025-03-17 17:33:29,017 - gmail_import - INFO - Processing message 430/57237
2025-03-17 17:33:31,726 - gmail_import - INFO - Processing message 440/57237
2025-03-17 17:33:34,418 - gmail_import - INFO - Processing message 450/57237
2025-03-17 17:33:37,069 - gmail_import - INFO - Processing message 460/57237
2025-03-17 17:33:39,779 - gmail_import - INFO - Processing message 470/57237
2025-03-17 17:33:42,765 - gmail_import - INFO - Processing message 480/57237
2025-03-17 17:33:46,153 - gmail_import - INFO - Processing message 490/57237
2025-03-17 17:33:49,597 - gmail_import - INFO - Processing message 500/57237
2025-03-17 17:33:52,981 - gmail_import - INFO - Processing message 510/57237
2025-03-17 17:33:56,436 - gmail_import - INFO - Processing message 520/57237
2025-03-17 17:33:59,853 - gmail_import - INFO - Processing message 530/57237
2025-03-17 17:34:03,173 - gmail_import - INFO - Processing message 540/57237
2025-03-17 17:34:06,588 - gmail_import - INFO - Processing message 550/57237
2025-03-17 17:34:10,041 - gmail_import - INFO - Processing message 560/57237
2025-03-17 17:34:13,456 - gmail_import - INFO - Processing message 570/57237
2025-03-17 17:34:16,902 - gmail_import - INFO - Processing message 580/57237
2025-03-17 17:34:20,342 - gmail_import - INFO - Processing message 590/57237
2025-03-17 17:34:23,678 - gmail_import - INFO - Processing message 600/57237
2025-03-17 17:34:27,080 - gmail_import - INFO - Processing message 610/57237
2025-03-17 17:34:30,545 - gmail_import - INFO - Processing message 620/57237
2025-03-17 17:34:33,952 - gmail_import - INFO - Processing message 630/57237
2025-03-17 17:34:37,366 - gmail_import - INFO - Processing message 640/57237
2025-03-17 17:34:40,806 - gmail_import - INFO - Processing message 650/57237
2025-03-17 17:34:44,218 - gmail_import - INFO - Processing message 660/57237
2025-03-17 17:34:47,665 - gmail_import - INFO - Processing message 670/57237
2025-03-17 17:34:51,087 - gmail_import - INFO - Processing message 680/57237
2025-03-17 17:34:54,524 - gmail_import - INFO - Processing message 690/57237
2025-03-17 17:34:57,955 - gmail_import - INFO - Processing message 700/57237
2025-03-17 17:35:00,926 - gmail_import - INFO - Processing message 710/57237
2025-03-17 17:35:03,620 - gmail_import - INFO - Processing message 720/57237
2025-03-17 17:35:06,297 - gmail_import - INFO - Processing message 730/57237
2025-03-17 17:35:09,009 - gmail_import - INFO - Processing message 740/57237
2025-03-17 17:35:11,655 - gmail_import - INFO - Processing message 750/57237
2025-03-17 17:35:14,355 - gmail_import - INFO - Processing message 760/57237
2025-03-17 17:35:17,039 - gmail_import - INFO - Processing message 770/57237
2025-03-17 17:35:19,752 - gmail_import - INFO - Processing message 780/57237
2025-03-17 17:35:22,375 - gmail_import - INFO - Processing message 790/57237
2025-03-17 17:35:25,062 - gmail_import - INFO - Processing message 800/57237
2025-03-17 17:35:27,731 - gmail_import - INFO - Processing message 810/57237
2025-03-17 17:35:30,398 - gmail_import - INFO - Processing message 820/57237
2025-03-17 17:35:33,113 - gmail_import - INFO - Processing message 830/57237
2025-03-17 17:35:35,808 - gmail_import - INFO - Processing message 840/57237
2025-03-17 17:35:38,499 - gmail_import - INFO - Processing message 850/57237
2025-03-17 17:35:41,117 - gmail_import - INFO - Processing message 860/57237
2025-03-17 17:35:43,799 - gmail_import - INFO - Processing message 870/57237
2025-03-17 17:35:46,470 - gmail_import - INFO - Processing message 880/57237
2025-03-17 17:35:49,179 - gmail_import - INFO - Processing message 890/57237
2025-03-17 17:35:51,876 - gmail_import - INFO - Processing message 900/57237
2025-03-17 17:35:54,523 - gmail_import - INFO - Processing message 910/57237
2025-03-17 17:35:57,180 - gmail_import - INFO - Processing message 920/57237
2025-03-17 17:35:59,973 - gmail_import - INFO - Processing message 930/57237
2025-03-17 17:36:02,631 - gmail_import - INFO - Processing message 940/57237
2025-03-17 17:36:05,294 - gmail_import - INFO - Processing message 950/57237
2025-03-17 17:36:07,998 - gmail_import - INFO - Processing message 960/57237
2025-03-17 17:36:10,695 - gmail_import - INFO - Processing message 970/57237
2025-03-17 17:36:13,383 - gmail_import - INFO - Processing message 980/57237
2025-03-17 17:36:16,046 - gmail_import - INFO - Processing message 990/57237
2025-03-17 17:36:18,710 - gmail_import - INFO - Processing message 1000/57237
2025-03-17 17:36:21,346 - gmail_import - INFO - Processing message 1010/57237
2025-03-17 17:36:24,011 - gmail_import - INFO - Processing message 1020/57237
2025-03-17 17:36:26,729 - gmail_import - INFO - Processing message 1030/57237
2025-03-17 17:36:29,429 - gmail_import - INFO - Processing message 1040/57237
2025-03-17 17:36:32,128 - gmail_import - INFO - Processing message 1050/57237
2025-03-17 17:36:34,818 - gmail_import - INFO - Processing message 1060/57237
2025-03-17 17:36:37,496 - gmail_import - INFO - Processing message 1070/57237
2025-03-17 17:36:40,199 - gmail_import - INFO - Processing message 1080/57237
2025-03-17 17:36:42,899 - gmail_import - INFO - Processing message 1090/57237
2025-03-17 17:36:45,576 - gmail_import - INFO - Processing message 1100/57237
2025-03-17 17:36:48,256 - gmail_import - INFO - Processing message 1110/57237
2025-03-17 17:36:50,994 - gmail_import - INFO - Processing message 1120/57237
2025-03-17 17:36:53,679 - gmail_import - INFO - Processing message 1130/57237
2025-03-17 17:36:56,355 - gmail_import - INFO - Processing message 1140/57237
2025-03-17 17:36:59,046 - gmail_import - INFO - Processing message 1150/57237
2025-03-17 17:37:01,724 - gmail_import - INFO - Processing message 1160/57237
2025-03-17 17:37:04,395 - gmail_import - INFO - Processing message 1170/57237
2025-03-17 17:37:07,076 - gmail_import - INFO - Processing message 1180/57237
2025-03-17 17:37:09,713 - gmail_import - INFO - Processing message 1190/57237
2025-03-17 17:37:12,400 - gmail_import - INFO - Processing message 1200/57237
2025-03-17 17:37:15,040 - gmail_import - INFO - Processing message 1210/57237
2025-03-17 17:37:17,748 - gmail_import - INFO - Processing message 1220/57237
2025-03-17 17:37:20,417 - gmail_import - INFO - Processing message 1230/57237
2025-03-17 17:37:23,087 - gmail_import - INFO - Processing message 1240/57237
2025-03-17 17:37:25,781 - gmail_import - INFO - Processing message 1250/57237
2025-03-17 17:37:28,479 - gmail_import - INFO - Processing message 1260/57237
2025-03-17 17:37:31,123 - gmail_import - INFO - Processing message 1270/57237
2025-03-17 17:37:33,807 - gmail_import - INFO - Processing message 1280/57237
2025-03-17 17:37:36,507 - gmail_import - INFO - Processing message 1290/57237
2025-03-17 17:37:39,156 - gmail_import - INFO - Processing message 1300/57237
2025-03-17 17:37:41,881 - gmail_import - INFO - Processing message 1310/57237
2025-03-17 17:37:44,593 - gmail_import - INFO - Processing message 1320/57237
2025-03-17 17:37:47,300 - gmail_import - INFO - Processing message 1330/57237
2025-03-17 17:37:50,014 - gmail_import - INFO - Processing message 1340/57237
2025-03-17 17:37:52,710 - gmail_import - INFO - Processing message 1350/57237
2025-03-17 17:37:55,377 - gmail_import - INFO - Processing message 1360/57237
2025-03-17 17:37:58,084 - gmail_import - INFO - Processing message 1370/57237
2025-03-17 17:38:00,766 - gmail_import - INFO - Processing message 1380/57237
2025-03-17 17:38:03,463 - gmail_import - INFO - Processing message 1390/57237
2025-03-17 17:38:06,162 - gmail_import - INFO - Processing message 1400/57237
2025-03-17 17:38:08,854 - gmail_import - INFO - Processing message 1410/57237
2025-03-17 17:38:11,553 - gmail_import - INFO - Processing message 1420/57237
2025-03-17 17:38:14,231 - gmail_import - INFO - Processing message 1430/57237
2025-03-17 17:38:16,874 - gmail_import - INFO - Processing message 1440/57237
2025-03-17 17:38:19,551 - gmail_import - INFO - Processing message 1450/57237
2025-03-17 17:38:22,231 - gmail_import - INFO - Processing message 1460/57237
2025-03-17 17:38:24,891 - gmail_import - INFO - Processing message 1470/57237
2025-03-17 17:38:27,577 - gmail_import - INFO - Processing message 1480/57237
2025-03-17 17:38:30,231 - gmail_import - INFO - Processing message 1490/57237
2025-03-17 17:38:32,787 - gmail_import - INFO - Processing message 1500/57237
2025-03-17 17:38:35,396 - gmail_import - INFO - Processing message 1510/57237
2025-03-17 17:38:38,035 - gmail_import - INFO - Processing message 1520/57237
2025-03-17 17:38:40,653 - gmail_import - INFO - Processing message 1530/57237
2025-03-17 17:38:43,316 - gmail_import - INFO - Processing message 1540/57237
2025-03-17 17:38:46,006 - gmail_import - INFO - Processing message 1550/57237
2025-03-17 17:38:48,616 - gmail_import - INFO - Processing message 1560/57237
2025-03-17 17:38:51,304 - gmail_import - INFO - Processing message 1570/57237
2025-03-17 17:38:53,972 - gmail_import - INFO - Processing message 1580/57237
2025-03-17 17:38:56,668 - gmail_import - INFO - Processing message 1590/57237
2025-03-17 17:38:59,331 - gmail_import - INFO - Processing message 1600/57237
2025-03-17 17:39:02,013 - gmail_import - INFO - Processing message 1610/57237
2025-03-17 17:39:04,699 - gmail_import - INFO - Processing message 1620/57237
2025-03-17 17:39:07,406 - gmail_import - INFO - Processing message 1630/57237
2025-03-17 17:39:10,082 - gmail_import - INFO - Processing message 1640/57237
2025-03-17 17:39:12,726 - gmail_import - INFO - Processing message 1650/57237
2025-03-17 17:39:15,347 - gmail_import - INFO - Processing message 1660/57237
2025-03-17 17:39:17,968 - gmail_import - INFO - Processing message 1670/57237
2025-03-17 17:39:20,610 - gmail_import - INFO - Processing message 1680/57237
2025-03-17 17:39:23,281 - gmail_import - INFO - Processing message 1690/57237
2025-03-17 17:39:25,975 - gmail_import - INFO - Processing message 1700/57237
2025-03-17 17:39:28,637 - gmail_import - INFO - Processing message 1710/57237
2025-03-17 17:39:31,263 - gmail_import - INFO - Processing message 1720/57237
2025-03-17 17:39:33,871 - gmail_import - INFO - Processing message 1730/57237
2025-03-17 17:39:36,509 - gmail_import - INFO - Processing message 1740/57237
2025-03-17 17:39:39,178 - gmail_import - INFO - Processing message 1750/57237
2025-03-17 17:39:41,865 - gmail_import - INFO - Processing message 1760/57237
2025-03-17 17:39:44,581 - gmail_import - INFO - Processing message 1770/57237
2025-03-17 17:39:47,242 - gmail_import - INFO - Processing message 1780/57237
2025-03-17 17:39:49,920 - gmail_import - INFO - Processing message 1790/57237
2025-03-17 17:39:52,615 - gmail_import - INFO - Processing message 1800/57237
2025-03-17 17:39:55,291 - gmail_import - INFO - Processing message 1810/57237
2025-03-17 17:39:58,003 - gmail_import - INFO - Processing message 1820/57237
2025-03-17 17:40:00,661 - gmail_import - INFO - Processing message 1830/57237
2025-03-17 17:40:03,362 - gmail_import - INFO - Processing message 1840/57237
2025-03-17 17:40:06,578 - gmail_import - INFO - Processing message 1850/57237
2025-03-17 17:40:10,032 - gmail_import - INFO - Processing message 1860/57237
2025-03-17 17:40:13,458 - gmail_import - INFO - Processing message 1870/57237
2025-03-17 17:40:16,894 - gmail_import - INFO - Processing message 1880/57237
2025-03-17 17:40:20,314 - gmail_import - INFO - Processing message 1890/57237
2025-03-17 17:40:23,748 - gmail_import - INFO - Processing message 1900/57237
2025-03-17 17:40:27,155 - gmail_import - INFO - Processing message 1910/57237
2025-03-17 17:40:30,589 - gmail_import - INFO - Processing message 1920/57237
2025-03-17 17:40:34,052 - gmail_import - INFO - Processing message 1930/57237
2025-03-17 17:40:37,467 - gmail_import - INFO - Processing message 1940/57237
2025-03-17 17:40:40,881 - gmail_import - INFO - Processing message 1950/57237
2025-03-17 17:40:44,320 - gmail_import - INFO - Processing message 1960/57237
2025-03-17 17:40:47,748 - gmail_import - INFO - Processing message 1970/57237
2025-03-17 17:40:50,749 - gmail_import - INFO - Processing message 1980/57237
2025-03-17 17:40:53,445 - gmail_import - INFO - Processing message 1990/57237
2025-03-17 17:40:56,063 - gmail_import - INFO - Processing message 2000/57237
2025-03-17 17:40:58,770 - gmail_import - INFO - Processing message 2010/57237
2025-03-17 17:41:01,414 - gmail_import - INFO - Processing message 2020/57237
2025-03-17 17:41:04,093 - gmail_import - INFO - Processing message 2030/57237
2025-03-17 17:41:06,755 - gmail_import - INFO - Processing message 2040/57237
2025-03-17 17:41:09,415 - gmail_import - INFO - Processing message 2050/57237
2025-03-17 17:41:12,110 - gmail_import - INFO - Processing message 2060/57237
2025-03-17 17:41:14,818 - gmail_import - INFO - Processing message 2070/57237
2025-03-17 17:41:17,579 - gmail_import - INFO - Processing message 2080/57237
2025-03-17 17:41:20,271 - gmail_import - INFO - Processing message 2090/57237
2025-03-17 17:41:22,958 - gmail_import - INFO - Processing message 2100/57237
2025-03-17 17:41:25,627 - gmail_import - INFO - Processing message 2110/57237
2025-03-17 17:41:28,262 - gmail_import - INFO - Processing message 2120/57237
2025-03-17 17:41:30,916 - gmail_import - INFO - Processing message 2130/57237
2025-03-17 17:41:33,600 - gmail_import - INFO - Processing message 2140/57237
2025-03-17 17:41:36,258 - gmail_import - INFO - Processing message 2150/57237
2025-03-17 17:41:38,919 - gmail_import - INFO - Processing message 2160/57237
2025-03-17 17:41:41,614 - gmail_import - INFO - Processing message 2170/57237
2025-03-17 17:41:44,266 - gmail_import - INFO - Processing message 2180/57237
2025-03-17 17:41:46,908 - gmail_import - INFO - Processing message 2190/57237
2025-03-17 17:41:49,594 - gmail_import - INFO - Processing message 2200/57237
2025-03-17 17:41:52,268 - gmail_import - INFO - Processing message 2210/57237
2025-03-17 17:41:54,901 - gmail_import - INFO - Processing message 2220/57237
2025-03-17 17:41:57,567 - gmail_import - INFO - Processing message 2230/57237
2025-03-17 17:42:00,258 - gmail_import - INFO - Processing message 2240/57237
2025-03-17 17:42:02,929 - gmail_import - INFO - Processing message 2250/57237
2025-03-17 17:42:05,609 - gmail_import - INFO - Processing message 2260/57237
2025-03-17 17:42:08,315 - gmail_import - INFO - Processing message 2270/57237
2025-03-17 17:42:11,016 - gmail_import - INFO - Processing message 2280/57237
2025-03-17 17:42:13,697 - gmail_import - INFO - Processing message 2290/57237
2025-03-17 17:42:16,390 - gmail_import - INFO - Processing message 2300/57237
2025-03-17 17:42:19,012 - gmail_import - INFO - Processing message 2310/57237
2025-03-17 17:42:21,683 - gmail_import - INFO - Processing message 2320/57237
2025-03-17 17:42:24,395 - gmail_import - INFO - Processing message 2330/57237
2025-03-17 17:42:27,055 - gmail_import - INFO - Processing message 2340/57237
2025-03-17 17:42:29,750 - gmail_import - INFO - Processing message 2350/57237
2025-03-17 17:42:32,454 - gmail_import - INFO - Processing message 2360/57237
2025-03-17 17:42:35,109 - gmail_import - INFO - Processing message 2370/57237
2025-03-17 17:42:37,801 - gmail_import - INFO - Processing message 2380/57237
2025-03-17 17:42:40,476 - gmail_import - INFO - Processing message 2390/57237
2025-03-17 17:42:43,187 - gmail_import - INFO - Processing message 2400/57237
2025-03-17 17:42:45,841 - gmail_import - INFO - Processing message 2410/57237
2025-03-17 17:42:48,518 - gmail_import - INFO - Processing message 2420/57237
2025-03-17 17:42:51,095 - gmail_import - INFO - Processing message 2430/57237
2025-03-17 17:42:53,810 - gmail_import - INFO - Processing message 2440/57237
2025-03-17 17:42:56,457 - gmail_import - INFO - Processing message 2450/57237
2025-03-17 17:42:59,167 - gmail_import - INFO - Processing message 2460/57237
2025-03-17 17:43:01,879 - gmail_import - INFO - Processing message 2470/57237
2025-03-17 17:43:04,574 - gmail_import - INFO - Processing message 2480/57237
2025-03-17 17:43:07,198 - gmail_import - INFO - Processing message 2490/57237
2025-03-17 17:43:09,840 - gmail_import - INFO - Processing message 2500/57237
2025-03-17 17:43:12,534 - gmail_import - INFO - Processing message 2510/57237
2025-03-17 17:43:15,197 - gmail_import - INFO - Processing message 2520/57237
2025-03-17 17:43:17,864 - gmail_import - INFO - Processing message 2530/57237
2025-03-17 17:43:20,540 - gmail_import - INFO - Processing message 2540/57237
