2025-03-17 17:15:03,651 - gmail_import - INFO - Connecting to MotherDuck database: md:dewey
2025-03-17 17:15:04,714 - gmail_import - INFO - Successfully connected to MotherDuck
2025-03-17 17:15:06,575 - gmail_import - INFO - Connected to database at md:dewey
2025-03-17 17:15:06,576 - gmail_import - INFO - Using token from /Users/srvo/dewey/token.json
2025-03-17 17:15:06,582 - gmail_import - INFO - Refreshing expired credentials
2025-03-17 17:15:06,829 - gmail_import - INFO - Importing all historical emails
2025-03-17 17:15:06,829 - gmail_import - INFO - Including sent emails
2025-03-17 17:15:07,173 - gmail_import - INFO - Fetched 500 messages, total: 500
2025-03-17 17:15:07,962 - gmail_import - INFO - Fetched 500 messages, total: 1000
2025-03-17 17:15:08,734 - gmail_import - INFO - Fetched 500 messages, total: 1500
2025-03-17 17:15:09,510 - gmail_import - INFO - Fetched 500 messages, total: 2000
2025-03-17 17:15:10,257 - gmail_import - INFO - Fetched 500 messages, total: 2500
2025-03-17 17:15:11,036 - gmail_import - INFO - Fetched 500 messages, total: 3000
2025-03-17 17:15:11,813 - gmail_import - INFO - Fetched 500 messages, total: 3500
2025-03-17 17:15:12,572 - gmail_import - INFO - Fetched 500 messages, total: 4000
2025-03-17 17:15:13,387 - gmail_import - INFO - Fetched 500 messages, total: 4500
2025-03-17 17:15:14,177 - gmail_import - INFO - Fetched 500 messages, total: 5000
2025-03-17 17:15:14,957 - gmail_import - INFO - Fetched 500 messages, total: 5500
2025-03-17 17:15:15,747 - gmail_import - INFO - Fetched 500 messages, total: 6000
2025-03-17 17:15:16,532 - gmail_import - INFO - Fetched 500 messages, total: 6500
2025-03-17 17:15:17,309 - gmail_import - INFO - Fetched 500 messages, total: 7000
2025-03-17 17:15:18,100 - gmail_import - INFO - Fetched 500 messages, total: 7500
2025-03-17 17:15:18,909 - gmail_import - INFO - Fetched 500 messages, total: 8000
2025-03-17 17:15:19,675 - gmail_import - INFO - Fetched 500 messages, total: 8500
2025-03-17 17:15:20,510 - gmail_import - INFO - Fetched 500 messages, total: 9000
2025-03-17 17:15:21,310 - gmail_import - INFO - Fetched 500 messages, total: 9500
2025-03-17 17:15:22,066 - gmail_import - INFO - Fetched 500 messages, total: 10000
2025-03-17 17:15:22,834 - gmail_import - INFO - Fetched 500 messages, total: 10500
2025-03-17 17:15:23,604 - gmail_import - INFO - Fetched 500 messages, total: 11000
2025-03-17 17:15:24,361 - gmail_import - INFO - Fetched 500 messages, total: 11500
2025-03-17 17:15:25,129 - gmail_import - INFO - Fetched 500 messages, total: 12000
2025-03-17 17:15:25,887 - gmail_import - INFO - Fetched 500 messages, total: 12500
2025-03-17 17:15:26,653 - gmail_import - INFO - Fetched 500 messages, total: 13000
2025-03-17 17:15:27,451 - gmail_import - INFO - Fetched 500 messages, total: 13500
2025-03-17 17:15:28,334 - gmail_import - INFO - Fetched 500 messages, total: 14000
2025-03-17 17:15:29,186 - gmail_import - INFO - Fetched 500 messages, total: 14500
2025-03-17 17:15:29,993 - gmail_import - INFO - Fetched 500 messages, total: 15000
2025-03-17 17:15:30,838 - gmail_import - INFO - Fetched 500 messages, total: 15500
2025-03-17 17:15:31,623 - gmail_import - INFO - Fetched 500 messages, total: 16000
2025-03-17 17:15:32,401 - gmail_import - INFO - Fetched 500 messages, total: 16500
2025-03-17 17:15:33,184 - gmail_import - INFO - Fetched 500 messages, total: 17000
2025-03-17 17:15:33,960 - gmail_import - INFO - Fetched 500 messages, total: 17500
2025-03-17 17:15:34,736 - gmail_import - INFO - Fetched 500 messages, total: 18000
2025-03-17 17:15:35,499 - gmail_import - INFO - Fetched 500 messages, total: 18500
2025-03-17 17:15:36,290 - gmail_import - INFO - Fetched 500 messages, total: 19000
2025-03-17 17:15:37,082 - gmail_import - INFO - Fetched 500 messages, total: 19500
2025-03-17 17:15:37,824 - gmail_import - INFO - Fetched 500 messages, total: 20000
2025-03-17 17:15:38,612 - gmail_import - INFO - Fetched 500 messages, total: 20500
2025-03-17 17:15:39,408 - gmail_import - INFO - Fetched 500 messages, total: 21000
2025-03-17 17:15:40,192 - gmail_import - INFO - Fetched 500 messages, total: 21500
2025-03-17 17:15:40,971 - gmail_import - INFO - Fetched 500 messages, total: 22000
2025-03-17 17:15:41,722 - gmail_import - INFO - Fetched 500 messages, total: 22500
2025-03-17 17:15:42,505 - gmail_import - INFO - Fetched 500 messages, total: 23000
2025-03-17 17:15:43,264 - gmail_import - INFO - Fetched 500 messages, total: 23500
2025-03-17 17:15:44,045 - gmail_import - INFO - Fetched 500 messages, total: 24000
2025-03-17 17:15:44,794 - gmail_import - INFO - Fetched 500 messages, total: 24500
2025-03-17 17:15:45,566 - gmail_import - INFO - Fetched 500 messages, total: 25000
2025-03-17 17:15:46,342 - gmail_import - INFO - Fetched 500 messages, total: 25500
2025-03-17 17:15:47,115 - gmail_import - INFO - Fetched 500 messages, total: 26000
2025-03-17 17:15:47,878 - gmail_import - INFO - Fetched 500 messages, total: 26500
2025-03-17 17:15:48,570 - gmail_import - INFO - Fetched 500 messages, total: 27000
2025-03-17 17:15:49,307 - gmail_import - INFO - Fetched 500 messages, total: 27500
2025-03-17 17:15:50,056 - gmail_import - INFO - Fetched 500 messages, total: 28000
2025-03-17 17:15:50,818 - gmail_import - INFO - Fetched 500 messages, total: 28500
2025-03-17 17:15:51,575 - gmail_import - INFO - Fetched 500 messages, total: 29000
2025-03-17 17:15:52,340 - gmail_import - INFO - Fetched 500 messages, total: 29500
2025-03-17 17:15:53,118 - gmail_import - INFO - Fetched 500 messages, total: 30000
2025-03-17 17:15:53,858 - gmail_import - INFO - Fetched 500 messages, total: 30500
2025-03-17 17:15:54,629 - gmail_import - INFO - Fetched 500 messages, total: 31000
2025-03-17 17:15:55,377 - gmail_import - INFO - Fetched 500 messages, total: 31500
2025-03-17 17:15:56,145 - gmail_import - INFO - Fetched 500 messages, total: 32000
2025-03-17 17:15:56,884 - gmail_import - INFO - Fetched 500 messages, total: 32500
2025-03-17 17:15:57,663 - gmail_import - INFO - Fetched 500 messages, total: 33000
2025-03-17 17:15:58,432 - gmail_import - INFO - Fetched 500 messages, total: 33500
2025-03-17 17:15:59,206 - gmail_import - INFO - Fetched 500 messages, total: 34000
2025-03-17 17:15:59,948 - gmail_import - INFO - Fetched 500 messages, total: 34500
2025-03-17 17:16:00,772 - gmail_import - INFO - Fetched 500 messages, total: 35000
2025-03-17 17:16:01,569 - gmail_import - INFO - Fetched 500 messages, total: 35500
2025-03-17 17:16:02,350 - gmail_import - INFO - Fetched 500 messages, total: 36000
2025-03-17 17:16:03,114 - gmail_import - INFO - Fetched 500 messages, total: 36500
2025-03-17 17:16:03,885 - gmail_import - INFO - Fetched 500 messages, total: 37000
2025-03-17 17:16:04,662 - gmail_import - INFO - Fetched 500 messages, total: 37500
2025-03-17 17:16:05,464 - gmail_import - INFO - Fetched 500 messages, total: 38000
2025-03-17 17:16:06,251 - gmail_import - INFO - Fetched 500 messages, total: 38500
2025-03-17 17:16:07,041 - gmail_import - INFO - Fetched 500 messages, total: 39000
2025-03-17 17:16:07,834 - gmail_import - INFO - Fetched 500 messages, total: 39500
2025-03-17 17:16:08,618 - gmail_import - INFO - Fetched 500 messages, total: 40000
2025-03-17 17:16:09,411 - gmail_import - INFO - Fetched 500 messages, total: 40500
2025-03-17 17:16:10,187 - gmail_import - INFO - Fetched 500 messages, total: 41000
2025-03-17 17:16:10,981 - gmail_import - INFO - Fetched 500 messages, total: 41500
2025-03-17 17:16:11,783 - gmail_import - INFO - Fetched 500 messages, total: 42000
2025-03-17 17:16:12,559 - gmail_import - INFO - Fetched 500 messages, total: 42500
2025-03-17 17:16:13,324 - gmail_import - INFO - Fetched 500 messages, total: 43000
2025-03-17 17:16:14,120 - gmail_import - INFO - Fetched 500 messages, total: 43500
2025-03-17 17:16:14,883 - gmail_import - INFO - Fetched 500 messages, total: 44000
2025-03-17 17:16:15,647 - gmail_import - INFO - Fetched 500 messages, total: 44500
2025-03-17 17:16:16,426 - gmail_import - INFO - Fetched 500 messages, total: 45000
2025-03-17 17:16:17,224 - gmail_import - INFO - Fetched 500 messages, total: 45500
2025-03-17 17:16:18,010 - gmail_import - INFO - Fetched 500 messages, total: 46000
2025-03-17 17:16:18,791 - gmail_import - INFO - Fetched 500 messages, total: 46500
2025-03-17 17:16:19,555 - gmail_import - INFO - Fetched 500 messages, total: 47000
2025-03-17 17:16:20,353 - gmail_import - INFO - Fetched 500 messages, total: 47500
2025-03-17 17:16:21,104 - gmail_import - INFO - Fetched 500 messages, total: 48000
2025-03-17 17:16:21,880 - gmail_import - INFO - Fetched 500 messages, total: 48500
2025-03-17 17:16:22,641 - gmail_import - INFO - Fetched 500 messages, total: 49000
2025-03-17 17:16:23,409 - gmail_import - INFO - Fetched 500 messages, total: 49500
2025-03-17 17:16:24,160 - gmail_import - INFO - Fetched 500 messages, total: 50000
2025-03-17 17:16:24,928 - gmail_import - INFO - Fetched 500 messages, total: 50500
2025-03-17 17:16:25,694 - gmail_import - INFO - Fetched 500 messages, total: 51000
2025-03-17 17:16:26,462 - gmail_import - INFO - Fetched 500 messages, total: 51500
2025-03-17 17:16:27,240 - gmail_import - INFO - Fetched 500 messages, total: 52000
2025-03-17 17:16:28,000 - gmail_import - INFO - Fetched 500 messages, total: 52500
2025-03-17 17:16:28,775 - gmail_import - INFO - Fetched 500 messages, total: 53000
2025-03-17 17:16:29,529 - gmail_import - INFO - Fetched 500 messages, total: 53500
2025-03-17 17:16:30,278 - gmail_import - INFO - Fetched 500 messages, total: 54000
2025-03-17 17:16:31,024 - gmail_import - INFO - Fetched 500 messages, total: 54500
2025-03-17 17:16:31,792 - gmail_import - INFO - Fetched 500 messages, total: 55000
2025-03-17 17:16:32,560 - gmail_import - INFO - Fetched 500 messages, total: 55500
2025-03-17 17:16:33,307 - gmail_import - INFO - Fetched 500 messages, total: 56000
2025-03-17 17:16:34,067 - gmail_import - INFO - Fetched 500 messages, total: 56500
2025-03-17 17:16:34,821 - gmail_import - INFO - Fetched 500 messages, total: 57000
2025-03-17 17:16:35,546 - gmail_import - INFO - Fetched 237 messages, total: 57237
2025-03-17 17:16:35,547 - gmail_import - INFO - Found 57237 emails, fetching details...
2025-03-17 17:16:37,950 - gmail_import - INFO - Processing message 10/57237
2025-03-17 17:16:40,631 - gmail_import - INFO - Processing message 20/57237
2025-03-17 17:16:43,295 - gmail_import - INFO - Processing message 30/57237
2025-03-17 17:16:45,958 - gmail_import - INFO - Processing message 40/57237
2025-03-17 17:16:48,619 - gmail_import - INFO - Processing message 50/57237
2025-03-17 17:16:51,314 - gmail_import - INFO - Processing message 60/57237
2025-03-17 17:16:53,968 - gmail_import - INFO - Processing message 70/57237
2025-03-17 17:16:56,664 - gmail_import - INFO - Processing message 80/57237
2025-03-17 17:16:59,249 - gmail_import - INFO - Processing message 90/57237
2025-03-17 17:17:01,943 - gmail_import - INFO - Processing message 100/57237
2025-03-17 17:17:04,642 - gmail_import - INFO - Processing message 110/57237
2025-03-17 17:17:07,297 - gmail_import - INFO - Processing message 120/57237
2025-03-17 17:17:09,960 - gmail_import - INFO - Processing message 130/57237
2025-03-17 17:17:12,617 - gmail_import - INFO - Processing message 140/57237
2025-03-17 17:17:15,318 - gmail_import - INFO - Processing message 150/57237
2025-03-17 17:17:18,012 - gmail_import - INFO - Processing message 160/57237
2025-03-17 17:17:20,702 - gmail_import - INFO - Processing message 170/57237
2025-03-17 17:17:23,390 - gmail_import - INFO - Processing message 180/57237
2025-03-17 17:17:26,002 - gmail_import - INFO - Processing message 190/57237
2025-03-17 17:17:28,683 - gmail_import - INFO - Processing message 200/57237
2025-03-17 17:17:31,305 - gmail_import - INFO - Processing message 210/57237
2025-03-17 17:17:33,979 - gmail_import - INFO - Processing message 220/57237
2025-03-17 17:17:36,665 - gmail_import - INFO - Processing message 230/57237
2025-03-17 17:17:39,308 - gmail_import - INFO - Processing message 240/57237
2025-03-17 17:17:41,943 - gmail_import - INFO - Processing message 250/57237
2025-03-17 17:17:44,611 - gmail_import - INFO - Processing message 260/57237
2025-03-17 17:17:47,279 - gmail_import - INFO - Processing message 270/57237
2025-03-17 17:17:49,914 - gmail_import - INFO - Processing message 280/57237
2025-03-17 17:17:52,569 - gmail_import - INFO - Processing message 290/57237
2025-03-17 17:17:55,217 - gmail_import - INFO - Processing message 300/57237
2025-03-17 17:17:57,890 - gmail_import - INFO - Processing message 310/57237
2025-03-17 17:18:00,586 - gmail_import - INFO - Processing message 320/57237
2025-03-17 17:18:03,215 - gmail_import - INFO - Processing message 330/57237
2025-03-17 17:18:05,885 - gmail_import - INFO - Processing message 340/57237
2025-03-17 17:18:08,452 - gmail_import - INFO - Processing message 350/57237
2025-03-17 17:18:11,129 - gmail_import - INFO - Processing message 360/57237
2025-03-17 17:18:13,794 - gmail_import - INFO - Processing message 370/57237
2025-03-17 17:18:16,461 - gmail_import - INFO - Processing message 380/57237
2025-03-17 17:18:19,100 - gmail_import - INFO - Processing message 390/57237
2025-03-17 17:18:21,763 - gmail_import - INFO - Processing message 400/57237
2025-03-17 17:18:24,439 - gmail_import - INFO - Processing message 410/57237
2025-03-17 17:18:27,104 - gmail_import - INFO - Processing message 420/57237
2025-03-17 17:18:29,721 - gmail_import - INFO - Processing message 430/57237
2025-03-17 17:18:32,396 - gmail_import - INFO - Processing message 440/57237
