2025-03-17 17:43:28,967 - gmail_import - INFO - Connecting to MotherDuck database: md:dewey
2025-03-17 17:43:29,980 - gmail_import - INFO - Successfully connected to MotherDuck
2025-03-17 17:43:30,760 - gmail_import - WARNING - Failed to create index: Binder Error: Table "email_analyses" does not have a column named "thread_id"

Candidate bindings: : "id"
2025-03-17 17:43:31,415 - gmail_import - WARNING - Failed to create index: Binder Error: Table "email_analyses" does not have a column named "internal_date"

Candidate bindings: : "analysis_date"
2025-03-17 17:43:31,721 - gmail_import - WARNING - Failed to create index: Binder Error: Table "email_analyses" does not have a column named "status"

Candidate bindings: : "id"
2025-03-17 17:43:31,989 - gmail_import - WARNING - Failed to create index: Binder Error: Table "email_analyses" does not have a column named "batch_id"

Candidate bindings: : "id"
2025-03-17 17:43:32,221 - gmail_import - WARNING - Failed to create index: Binder Error: Table "email_analyses" does not have a column named "import_timestamp"

Candidate bindings: : "scores"
2025-03-17 17:43:32,221 - gmail_import - INFO - Connected to database at md:dewey
2025-03-17 17:43:32,221 - gmail_import - INFO - Using token from /Users/srvo/dewey/token.json
2025-03-17 17:43:32,224 - gmail_import - INFO - Refreshing expired credentials
2025-03-17 17:43:32,450 - gmail_import - INFO - Importing emails from 2025/03/10 to 2025/03/17
2025-03-17 17:43:32,450 - gmail_import - INFO - Including sent emails
2025-03-17 17:43:32,803 - gmail_import - INFO - Fetched 500 messages, total: 500
2025-03-17 17:43:33,541 - gmail_import - INFO - Fetched 500 messages, total: 1000
2025-03-17 17:43:33,542 - gmail_import - INFO - Found 1000 emails, fetching details...
2025-03-17 17:43:36,875 - gmail_import - INFO - Processing message 10/1000
2025-03-17 17:43:40,742 - gmail_import - INFO - Processing message 20/1000
2025-03-17 17:43:44,398 - gmail_import - INFO - Processing message 30/1000
2025-03-17 17:43:48,122 - gmail_import - INFO - Processing message 40/1000
2025-03-17 17:43:51,651 - gmail_import - INFO - Processing message 50/1000
2025-03-17 17:43:55,210 - gmail_import - INFO - Processing message 60/1000
2025-03-17 17:43:58,881 - gmail_import - INFO - Processing message 70/1000
2025-03-17 17:44:02,600 - gmail_import - INFO - Processing message 80/1000
2025-03-17 17:44:06,147 - gmail_import - INFO - Processing message 90/1000
2025-03-17 17:44:09,790 - gmail_import - INFO - Processing message 100/1000
2025-03-17 17:44:13,714 - gmail_import - INFO - Processing message 110/1000
2025-03-17 17:44:17,354 - gmail_import - INFO - Processing message 120/1000
2025-03-17 17:44:21,172 - gmail_import - INFO - Processing message 130/1000
2025-03-17 17:44:24,747 - gmail_import - INFO - Processing message 140/1000
2025-03-17 17:44:28,595 - gmail_import - INFO - Processing message 150/1000
2025-03-17 17:44:32,325 - gmail_import - INFO - Processing message 160/1000
2025-03-17 17:44:35,832 - gmail_import - INFO - Processing message 170/1000
2025-03-17 17:44:39,885 - gmail_import - INFO - Processing message 180/1000
2025-03-17 17:44:43,409 - gmail_import - INFO - Processing message 190/1000
2025-03-17 17:44:47,030 - gmail_import - INFO - Processing message 200/1000
2025-03-17 17:44:50,720 - gmail_import - INFO - Processing message 210/1000
2025-03-17 17:44:54,224 - gmail_import - INFO - Processing message 220/1000
2025-03-17 17:44:57,822 - gmail_import - INFO - Processing message 230/1000
2025-03-17 17:45:01,449 - gmail_import - INFO - Processing message 240/1000
2025-03-17 17:45:05,058 - gmail_import - INFO - Processing message 250/1000
2025-03-17 17:45:08,698 - gmail_import - INFO - Processing message 260/1000
2025-03-17 17:45:12,462 - gmail_import - INFO - Processing message 270/1000
2025-03-17 17:45:16,168 - gmail_import - INFO - Processing message 280/1000
2025-03-17 17:45:19,769 - gmail_import - INFO - Processing message 290/1000
2025-03-17 17:45:23,406 - gmail_import - INFO - Processing message 300/1000
2025-03-17 17:45:27,123 - gmail_import - INFO - Processing message 310/1000
2025-03-17 17:45:30,792 - gmail_import - INFO - Processing message 320/1000
2025-03-17 17:45:34,545 - gmail_import - INFO - Processing message 330/1000
2025-03-17 17:45:38,204 - gmail_import - INFO - Processing message 340/1000
2025-03-17 17:45:41,800 - gmail_import - INFO - Processing message 350/1000
2025-03-17 17:45:45,506 - gmail_import - INFO - Processing message 360/1000
2025-03-17 17:45:49,075 - gmail_import - INFO - Processing message 370/1000
2025-03-17 17:45:52,777 - gmail_import - INFO - Processing message 380/1000
2025-03-17 17:45:56,500 - gmail_import - INFO - Processing message 390/1000
2025-03-17 17:46:00,015 - gmail_import - INFO - Processing message 400/1000
2025-03-17 17:46:03,934 - gmail_import - INFO - Processing message 410/1000
2025-03-17 17:46:07,573 - gmail_import - INFO - Processing message 420/1000
2025-03-17 17:46:11,200 - gmail_import - INFO - Processing message 430/1000
2025-03-17 17:46:14,999 - gmail_import - INFO - Processing message 440/1000
2025-03-17 17:46:18,973 - gmail_import - INFO - Processing message 450/1000
2025-03-17 17:46:22,501 - gmail_import - INFO - Processing message 460/1000
2025-03-17 17:46:26,034 - gmail_import - INFO - Processing message 470/1000
2025-03-17 17:46:29,769 - gmail_import - INFO - Processing message 480/1000
2025-03-17 17:46:33,349 - gmail_import - INFO - Processing message 490/1000
2025-03-17 17:46:37,011 - gmail_import - INFO - Processing message 500/1000
2025-03-17 17:46:40,699 - gmail_import - INFO - Processing message 510/1000
2025-03-17 17:46:44,313 - gmail_import - INFO - Processing message 520/1000
2025-03-17 17:46:48,036 - gmail_import - INFO - Processing message 530/1000
2025-03-17 17:46:51,647 - gmail_import - INFO - Processing message 540/1000
2025-03-17 17:46:55,197 - gmail_import - INFO - Processing message 550/1000
2025-03-17 17:46:58,895 - gmail_import - INFO - Processing message 560/1000
2025-03-17 17:47:02,468 - gmail_import - INFO - Processing message 570/1000
2025-03-17 17:47:06,016 - gmail_import - INFO - Processing message 580/1000
2025-03-17 17:47:09,702 - gmail_import - INFO - Processing message 590/1000
2025-03-17 17:47:13,615 - gmail_import - INFO - Processing message 600/1000
2025-03-17 17:47:17,950 - gmail_import - INFO - Processing message 610/1000
2025-03-17 17:47:22,425 - gmail_import - INFO - Processing message 620/1000
2025-03-17 17:47:25,977 - gmail_import - INFO - Processing message 630/1000
2025-03-17 17:47:29,593 - gmail_import - INFO - Processing message 640/1000
2025-03-17 17:47:33,717 - gmail_import - INFO - Processing message 650/1000
2025-03-17 17:47:37,370 - gmail_import - INFO - Processing message 660/1000
2025-03-17 17:47:41,017 - gmail_import - INFO - Processing message 670/1000
2025-03-17 17:47:44,769 - gmail_import - INFO - Processing message 680/1000
2025-03-17 17:47:48,507 - gmail_import - INFO - Processing message 690/1000
2025-03-17 17:47:52,120 - gmail_import - INFO - Processing message 700/1000
2025-03-17 17:47:55,809 - gmail_import - INFO - Processing message 710/1000
2025-03-17 17:47:59,499 - gmail_import - INFO - Processing message 720/1000
2025-03-17 17:48:03,183 - gmail_import - INFO - Processing message 730/1000
2025-03-17 17:48:07,121 - gmail_import - INFO - Processing message 740/1000
2025-03-17 17:48:10,768 - gmail_import - INFO - Processing message 750/1000
2025-03-17 17:48:14,427 - gmail_import - INFO - Processing message 760/1000
2025-03-17 17:48:18,128 - gmail_import - INFO - Processing message 770/1000
2025-03-17 17:48:21,953 - gmail_import - INFO - Processing message 780/1000
2025-03-17 17:48:25,597 - gmail_import - INFO - Processing message 790/1000
2025-03-17 17:48:29,265 - gmail_import - INFO - Processing message 800/1000
2025-03-17 17:48:32,879 - gmail_import - INFO - Processing message 810/1000
2025-03-17 17:48:36,571 - gmail_import - INFO - Processing message 820/1000
2025-03-17 17:48:40,233 - gmail_import - INFO - Processing message 830/1000
2025-03-17 17:48:43,981 - gmail_import - INFO - Processing message 840/1000
2025-03-17 17:48:47,660 - gmail_import - INFO - Processing message 850/1000
2025-03-17 17:48:51,397 - gmail_import - INFO - Processing message 860/1000
2025-03-17 17:48:55,108 - gmail_import - INFO - Processing message 870/1000
2025-03-17 17:48:58,855 - gmail_import - INFO - Processing message 880/1000
2025-03-17 17:49:02,608 - gmail_import - INFO - Processing message 890/1000
2025-03-17 17:49:06,081 - gmail_import - INFO - Processing message 900/1000
2025-03-17 17:49:09,743 - gmail_import - INFO - Processing message 910/1000
2025-03-17 17:49:13,354 - gmail_import - INFO - Processing message 920/1000
2025-03-17 17:49:17,071 - gmail_import - INFO - Processing message 930/1000
2025-03-17 17:49:20,654 - gmail_import - INFO - Processing message 940/1000
2025-03-17 17:49:24,253 - gmail_import - INFO - Processing message 950/1000
2025-03-17 17:49:27,917 - gmail_import - INFO - Processing message 960/1000
2025-03-17 17:49:31,665 - gmail_import - INFO - Processing message 970/1000
2025-03-17 17:49:35,317 - gmail_import - INFO - Processing message 980/1000
2025-03-17 17:49:38,904 - gmail_import - INFO - Processing message 990/1000
2025-03-17 17:49:42,504 - gmail_import - INFO - Processing message 1000/1000
2025-03-17 17:49:42,897 - gmail_import - INFO - Found 511 emails to process
2025-03-17 17:50:01,346 - gmail_import - ERROR - Error storing email 195a624ae1603e5d: 'str' object has no attribute 'get'
2025-03-17 17:50:01,515 - gmail_import - ERROR - Error storing email 195a5b328cf91f36: 'str' object has no attribute 'get'
2025-03-17 17:50:01,619 - gmail_import - ERROR - Error storing email 195a59035340eb23: 'str' object has no attribute 'get'
2025-03-17 17:50:01,724 - gmail_import - ERROR - Error storing email 195a57d41c98636c: 'str' object has no attribute 'get'
2025-03-17 17:50:01,824 - gmail_import - ERROR - Error storing email 195a57bb930ad7da: 'str' object has no attribute 'get'
2025-03-17 17:50:01,924 - gmail_import - ERROR - Error storing email 195a51a01aaacf41: 'str' object has no attribute 'get'
2025-03-17 17:50:02,024 - gmail_import - ERROR - Error storing email 195a512eb1c90e66: 'str' object has no attribute 'get'
2025-03-17 17:50:02,234 - gmail_import - ERROR - Error storing email 195a512be70048bd: 'str' object has no attribute 'get'
2025-03-17 17:50:02,336 - gmail_import - ERROR - Error storing email 195a50ea9ab13cb2: 'str' object has no attribute 'get'
2025-03-17 17:50:02,441 - gmail_import - ERROR - Error storing email 195a50e95deb424d: 'str' object has no attribute 'get'
2025-03-17 17:50:02,542 - gmail_import - ERROR - Error storing email 195a50e682137e83: 'str' object has no attribute 'get'
2025-03-17 17:50:02,642 - gmail_import - ERROR - Error storing email 195a50cd0a0e207e: 'str' object has no attribute 'get'
2025-03-17 17:50:02,752 - gmail_import - ERROR - Error storing email 195a5043f6459a8c: 'str' object has no attribute 'get'
2025-03-17 17:50:02,851 - gmail_import - ERROR - Error storing email 195a504304583da4: 'str' object has no attribute 'get'
2025-03-17 17:50:02,951 - gmail_import - ERROR - Error storing email 195a502db0d5ea73: 'str' object has no attribute 'get'
2025-03-17 17:50:03,169 - gmail_import - ERROR - Error storing email 195a5014ff26580d: 'str' object has no attribute 'get'
2025-03-17 17:50:03,270 - gmail_import - ERROR - Error storing email 195a4eb132f96ab3: 'str' object has no attribute 'get'
2025-03-17 17:50:03,483 - gmail_import - ERROR - Error storing email 195a4ea48f3eaab0: 'str' object has no attribute 'get'
2025-03-17 17:50:03,587 - gmail_import - ERROR - Error storing email 195a4e589d04139c: 'str' object has no attribute 'get'
2025-03-17 17:50:03,813 - gmail_import - ERROR - Error storing email 195a4df3696e868d: 'str' object has no attribute 'get'
2025-03-17 17:50:03,989 - gmail_import - ERROR - Error storing email 195a4de344211317: 'str' object has no attribute 'get'
2025-03-17 17:50:04,093 - gmail_import - ERROR - Error storing email 195a4de0d8d196fa: 'str' object has no attribute 'get'
2025-03-17 17:50:04,197 - gmail_import - ERROR - Error storing email 195a4dc18cb1796c: 'str' object has no attribute 'get'
2025-03-17 17:50:04,303 - gmail_import - ERROR - Error storing email 195a4db746f35315: 'str' object has no attribute 'get'
2025-03-17 17:50:04,517 - gmail_import - ERROR - Error storing email 195a4da942a243ff: 'str' object has no attribute 'get'
2025-03-17 17:50:04,617 - gmail_import - ERROR - Error storing email 195a4d789a920b4a: 'str' object has no attribute 'get'
2025-03-17 17:50:04,825 - gmail_import - ERROR - Error storing email 195a4d76dfcec1f0: 'str' object has no attribute 'get'
2025-03-17 17:50:04,927 - gmail_import - ERROR - Error storing email 195a4d6cdfdba5af: 'str' object has no attribute 'get'
2025-03-17 17:50:05,034 - gmail_import - ERROR - Error storing email 195a4d608429e130: 'str' object has no attribute 'get'
2025-03-17 17:50:05,135 - gmail_import - ERROR - Error storing email 195a4d560d83c850: 'str' object has no attribute 'get'
2025-03-17 17:50:05,236 - gmail_import - ERROR - Error storing email 195a4d25c17a50b2: 'str' object has no attribute 'get'
2025-03-17 17:50:05,426 - gmail_import - ERROR - Error storing email 195a4cfdaba7e10b: 'str' object has no attribute 'get'
2025-03-17 17:50:05,683 - gmail_import - ERROR - Error storing email 195a4c41cf5a772b: 'str' object has no attribute 'get'
2025-03-17 17:50:05,893 - gmail_import - ERROR - Error storing email 195a4c13cf25ffff: 'str' object has no attribute 'get'
2025-03-17 17:50:06,114 - gmail_import - ERROR - Error storing email 195a4bb00a8393ed: 'str' object has no attribute 'get'
2025-03-17 17:50:06,216 - gmail_import - ERROR - Error storing email 195a4b3faf6aa7cf: 'str' object has no attribute 'get'
2025-03-17 17:50:06,318 - gmail_import - ERROR - Error storing email 195a4affb507045c: 'str' object has no attribute 'get'
2025-03-17 17:50:06,433 - gmail_import - ERROR - Error storing email 195a4ab849144425: 'str' object has no attribute 'get'
2025-03-17 17:50:06,552 - gmail_import - ERROR - Error storing email 195a4a0c907ec783: 'str' object has no attribute 'get'
2025-03-17 17:50:06,655 - gmail_import - ERROR - Error storing email 195a4a08bb0c05e5: 'str' object has no attribute 'get'
2025-03-17 17:50:06,755 - gmail_import - ERROR - Error storing email 195a49fe840f4ff8: 'str' object has no attribute 'get'
2025-03-17 17:50:06,855 - gmail_import - ERROR - Error storing email 195a49f633e230be: 'str' object has no attribute 'get'
2025-03-17 17:50:07,073 - gmail_import - ERROR - Error storing email 195a49eceee001eb: 'str' object has no attribute 'get'
2025-03-17 17:50:07,174 - gmail_import - ERROR - Error storing email 195a49ec037e2935: 'str' object has no attribute 'get'
2025-03-17 17:50:07,276 - gmail_import - ERROR - Error storing email 195a492f6b58d6c5: 'str' object has no attribute 'get'
2025-03-17 17:50:07,380 - gmail_import - ERROR - Error storing email 195a48527a3b6697: 'str' object has no attribute 'get'
2025-03-17 17:50:07,479 - gmail_import - ERROR - Error storing email 195a470b189f06f6: 'str' object has no attribute 'get'
2025-03-17 17:50:07,704 - gmail_import - ERROR - Error storing email 195a46f7e7fb1af1: 'str' object has no attribute 'get'
2025-03-17 17:50:07,804 - gmail_import - ERROR - Error storing email 195a46c07db8be0e: 'str' object has no attribute 'get'
2025-03-17 17:50:07,904 - gmail_import - ERROR - Error storing email 195a468d93d50e2a: 'str' object has no attribute 'get'
2025-03-17 17:50:08,016 - gmail_import - INFO - Processed sub-batch 1, Success: 0, Errors: 50
2025-03-17 17:50:08,016 - gmail_import - INFO - Batch 0-50: Success=0, Errors=50
2025-03-17 17:50:31,120 - gmail_import - ERROR - Error storing email 195a468c2d2035dc: 'str' object has no attribute 'get'
2025-03-17 17:50:31,224 - gmail_import - ERROR - Error storing email 195a467c709f11cc: 'str' object has no attribute 'get'
2025-03-17 17:50:31,393 - gmail_import - ERROR - Error storing email 195a465ab430fe6d: 'str' object has no attribute 'get'
2025-03-17 17:50:31,501 - gmail_import - ERROR - Error storing email 195a45a21e32c2df: 'str' object has no attribute 'get'
2025-03-17 17:50:31,604 - gmail_import - ERROR - Error storing email 195a4549302079bc: 'str' object has no attribute 'get'
2025-03-17 17:50:31,705 - gmail_import - ERROR - Error storing email 195a45054830c274: 'str' object has no attribute 'get'
2025-03-17 17:50:31,925 - gmail_import - ERROR - Error storing email 195a44792693c098: 'str' object has no attribute 'get'
2025-03-17 17:50:32,031 - gmail_import - ERROR - Error storing email 195a433869d11e86: 'str' object has no attribute 'get'
2025-03-17 17:50:32,245 - gmail_import - ERROR - Error storing email 195a430a4e1943ed: 'str' object has no attribute 'get'
2025-03-17 17:50:32,348 - gmail_import - ERROR - Error storing email 195a428a02559237: 'str' object has no attribute 'get'
2025-03-17 17:50:32,449 - gmail_import - ERROR - Error storing email 195a426e0a740579: 'str' object has no attribute 'get'
2025-03-17 17:50:32,551 - gmail_import - ERROR - Error storing email 195a41fa7886d263: 'str' object has no attribute 'get'
2025-03-17 17:50:32,651 - gmail_import - ERROR - Error storing email 195a41c3f90ab669: 'str' object has no attribute 'get'
2025-03-17 17:50:32,811 - gmail_import - ERROR - Error storing email 195a41c2a4a084a1: 'str' object has no attribute 'get'
2025-03-17 17:50:32,912 - gmail_import - ERROR - Error storing email 195a40a427db439b: 'str' object has no attribute 'get'
2025-03-17 17:50:33,136 - gmail_import - ERROR - Error storing email 195a40a2160120f0: 'str' object has no attribute 'get'
2025-03-17 17:50:33,241 - gmail_import - ERROR - Error storing email 195a409b4f1dcb5b: 'str' object has no attribute 'get'
2025-03-17 17:50:33,342 - gmail_import - ERROR - Error storing email 195a4023d3ed0a31: 'str' object has no attribute 'get'
2025-03-17 17:50:33,445 - gmail_import - ERROR - Error storing email 195a4013a8b3161b: 'str' object has no attribute 'get'
2025-03-17 17:50:33,667 - gmail_import - ERROR - Error storing email 195a3fc101785d73: 'str' object has no attribute 'get'
2025-03-17 17:50:33,770 - gmail_import - ERROR - Error storing email 195a3eb51f0a1ed5: 'str' object has no attribute 'get'
2025-03-17 17:50:33,939 - gmail_import - ERROR - Error storing email 195a3e148577d5bd: 'str' object has no attribute 'get'
2025-03-17 17:50:34,041 - gmail_import - ERROR - Error storing email 195a3932b70eb73f: 'str' object has no attribute 'get'
2025-03-17 17:50:34,158 - gmail_import - ERROR - Error storing email 195a38dc5277adb1: 'str' object has no attribute 'get'
2025-03-17 17:50:34,260 - gmail_import - ERROR - Error storing email 195a38cdf5681da1: 'str' object has no attribute 'get'
2025-03-17 17:50:34,362 - gmail_import - ERROR - Error storing email 195a369bdd5177e1: 'str' object has no attribute 'get'
2025-03-17 17:50:34,469 - gmail_import - ERROR - Error storing email 195a363cd752ffff: 'str' object has no attribute 'get'
2025-03-17 17:50:34,570 - gmail_import - ERROR - Error storing email 195a363c4486d029: 'str' object has no attribute 'get'
2025-03-17 17:50:34,671 - gmail_import - ERROR - Error storing email 195a2ef7cc9b6f1f: 'str' object has no attribute 'get'
2025-03-17 17:50:34,773 - gmail_import - ERROR - Error storing email 195a2e95cd7c706f: 'str' object has no attribute 'get'
2025-03-17 17:50:34,872 - gmail_import - ERROR - Error storing email 195a26e3e1d940cd: 'str' object has no attribute 'get'
2025-03-17 17:50:35,026 - gmail_import - ERROR - Error storing email 195a2612f74e0f2c: 'str' object has no attribute 'get'
2025-03-17 17:50:35,127 - gmail_import - ERROR - Error storing email 195a23a24ab4733f: 'str' object has no attribute 'get'
2025-03-17 17:50:35,334 - gmail_import - ERROR - Error storing email 195a1d777299e927: 'str' object has no attribute 'get'
2025-03-17 17:50:35,545 - gmail_import - ERROR - Error storing email 195a1c0ae7e73467: 'str' object has no attribute 'get'
2025-03-17 17:50:35,834 - gmail_import - ERROR - Error storing email 195a1bab38c60270: 'str' object has no attribute 'get'
2025-03-17 17:50:35,937 - gmail_import - ERROR - Error storing email 195a1aff2933dc4f: 'str' object has no attribute 'get'
2025-03-17 17:50:36,038 - gmail_import - ERROR - Error storing email 195a1959fcd09064: 'str' object has no attribute 'get'
2025-03-17 17:50:36,272 - gmail_import - ERROR - Error storing email 195a0c650f76ea1f: 'str' object has no attribute 'get'
2025-03-17 17:50:36,486 - gmail_import - ERROR - Error storing email 195a0bc6ea1f1009: 'str' object has no attribute 'get'
2025-03-17 17:50:36,588 - gmail_import - ERROR - Error storing email 195a08d16852a601: 'str' object has no attribute 'get'
2025-03-17 17:50:36,691 - gmail_import - ERROR - Error storing email 195a056a82276948: 'str' object has no attribute 'get'
2025-03-17 17:50:36,794 - gmail_import - ERROR - Error storing email 195a0213d8970da9: 'str' object has no attribute 'get'
2025-03-17 17:50:36,896 - gmail_import - ERROR - Error storing email 195a006a3b92c3b4: 'str' object has no attribute 'get'
2025-03-17 17:50:36,997 - gmail_import - ERROR - Error storing email 1959fe5da21e85c1: 'str' object has no attribute 'get'
2025-03-17 17:50:37,217 - gmail_import - ERROR - Error storing email 1959fb5d1370a8ba: 'str' object has no attribute 'get'
2025-03-17 17:50:37,317 - gmail_import - ERROR - Error storing email 1959fb1a5c989020: 'str' object has no attribute 'get'
2025-03-17 17:50:37,487 - gmail_import - ERROR - Error storing email 1959fad2760d0db1: 'str' object has no attribute 'get'
2025-03-17 17:50:37,588 - gmail_import - ERROR - Error storing email 1959fa23e8d7df2b: 'str' object has no attribute 'get'
2025-03-17 17:50:37,805 - gmail_import - ERROR - Error storing email 1959f8757c8a4066: 'str' object has no attribute 'get'
2025-03-17 17:50:37,908 - gmail_import - INFO - Processed sub-batch 1, Success: 0, Errors: 50
2025-03-17 17:50:37,908 - gmail_import - INFO - Batch 50-100: Success=0, Errors=50
2025-03-17 17:51:02,792 - gmail_import - ERROR - Error storing email 1959f7b1d2719e5b: 'str' object has no attribute 'get'
2025-03-17 17:51:02,895 - gmail_import - ERROR - Error storing email 1959f7852f0e8200: 'str' object has no attribute 'get'
2025-03-17 17:51:03,078 - gmail_import - ERROR - Error storing email 1959f72b09226031: 'str' object has no attribute 'get'
2025-03-17 17:51:03,324 - gmail_import - ERROR - Error storing email 1959f4c18d0b41c9: 'str' object has no attribute 'get'
2025-03-17 17:51:03,473 - gmail_import - ERROR - Error storing email 1959f49a92f64c77: 'str' object has no attribute 'get'
2025-03-17 17:51:04,487 - gmail_import - ERROR - Error storing email 1959f4766f3848ef: 'str' object has no attribute 'get'
2025-03-17 17:51:04,602 - gmail_import - ERROR - Error storing email 1959f36c9cefca39: 'str' object has no attribute 'get'
2025-03-17 17:51:04,712 - gmail_import - ERROR - Error storing email 1959f0a9b985a4dc: 'str' object has no attribute 'get'
2025-03-17 17:51:04,824 - gmail_import - ERROR - Error storing email 1959ea8650a432b0: 'str' object has no attribute 'get'
2025-03-17 17:51:04,932 - gmail_import - ERROR - Error storing email 1959e700ecd72cc1: 'str' object has no attribute 'get'
2025-03-17 17:51:05,040 - gmail_import - ERROR - Error storing email 1959e6dc3ecf6ded: 'str' object has no attribute 'get'
2025-03-17 17:51:05,151 - gmail_import - ERROR - Error storing email 1959e6605d784566: 'str' object has no attribute 'get'
2025-03-17 17:51:05,258 - gmail_import - ERROR - Error storing email 1959dcd47dce0829: 'str' object has no attribute 'get'
2025-03-17 17:51:05,368 - gmail_import - ERROR - Error storing email 1959cae4c7c73843: 'str' object has no attribute 'get'
2025-03-17 17:51:05,478 - gmail_import - ERROR - Error storing email 1959c853675510e6: 'str' object has no attribute 'get'
2025-03-17 17:51:05,588 - gmail_import - ERROR - Error storing email 1959bd603351bd15: 'str' object has no attribute 'get'
2025-03-17 17:51:06,002 - gmail_import - ERROR - Error storing email 1959b9f3c6f42356: 'str' object has no attribute 'get'
2025-03-17 17:51:06,216 - gmail_import - ERROR - Error storing email 1959b9d2599ca470: 'str' object has no attribute 'get'
2025-03-17 17:51:06,321 - gmail_import - ERROR - Error storing email 1959b677f064a6e5: 'str' object has no attribute 'get'
2025-03-17 17:51:06,423 - gmail_import - ERROR - Error storing email 1959b21544e725ab: 'str' object has no attribute 'get'
2025-03-17 17:51:06,525 - gmail_import - ERROR - Error storing email 1959afda7353488c: 'str' object has no attribute 'get'
2025-03-17 17:51:06,626 - gmail_import - ERROR - Error storing email 1959ae37f4741f7b: 'str' object has no attribute 'get'
2025-03-17 17:51:06,736 - gmail_import - ERROR - Error storing email 1959ab9eaa52effe: 'str' object has no attribute 'get'
2025-03-17 17:51:06,861 - gmail_import - ERROR - Error storing email 1959aa4de818cfa0: 'str' object has no attribute 'get'
2025-03-17 17:51:06,966 - gmail_import - ERROR - Error storing email 1959a90007d610b7: 'str' object has no attribute 'get'
2025-03-17 17:51:07,070 - gmail_import - ERROR - Error storing email 1959a6f0ee17b54f: 'str' object has no attribute 'get'
2025-03-17 17:51:07,172 - gmail_import - ERROR - Error storing email 1959a635a4a8ca20: 'str' object has no attribute 'get'
2025-03-17 17:51:07,274 - gmail_import - ERROR - Error storing email 1959a55b610604ac: 'str' object has no attribute 'get'
2025-03-17 17:51:07,379 - gmail_import - ERROR - Error storing email 1959a52f65300721: 'str' object has no attribute 'get'
2025-03-17 17:51:07,480 - gmail_import - ERROR - Error storing email 1959a4a6ff992b52: 'str' object has no attribute 'get'
2025-03-17 17:51:07,582 - gmail_import - ERROR - Error storing email 1959a424cd196e2a: 'str' object has no attribute 'get'
2025-03-17 17:51:07,682 - gmail_import - ERROR - Error storing email 1959a16e7930e4c3: 'str' object has no attribute 'get'
2025-03-17 17:51:07,782 - gmail_import - ERROR - Error storing email 1959a15a14557330: 'str' object has no attribute 'get'
2025-03-17 17:51:07,883 - gmail_import - ERROR - Error storing email 19599f9a357fd8dd: 'str' object has no attribute 'get'
2025-03-17 17:51:07,986 - gmail_import - ERROR - Error storing email 19599eeabc6dc21b: 'str' object has no attribute 'get'
2025-03-17 17:51:08,449 - gmail_import - ERROR - Error storing email 19599e452eab47ee: 'str' object has no attribute 'get'
2025-03-17 17:51:08,552 - gmail_import - ERROR - Error storing email 19599bfdeed5bdbc: 'str' object has no attribute 'get'
2025-03-17 17:51:08,657 - gmail_import - ERROR - Error storing email 195998f987756302: 'str' object has no attribute 'get'
2025-03-17 17:51:08,759 - gmail_import - ERROR - Error storing email 195997ac4b231245: 'str' object has no attribute 'get'
2025-03-17 17:51:08,861 - gmail_import - ERROR - Error storing email 1959961f0bd273c9: 'str' object has no attribute 'get'
2025-03-17 17:51:08,962 - gmail_import - ERROR - Error storing email 1959961a57e426b2: 'str' object has no attribute 'get'
2025-03-17 17:51:09,066 - gmail_import - ERROR - Error storing email 1959948c91951eb2: 'str' object has no attribute 'get'
2025-03-17 17:51:09,168 - gmail_import - ERROR - Error storing email 1959940ffdb6b033: 'str' object has no attribute 'get'
2025-03-17 17:51:09,271 - gmail_import - ERROR - Error storing email 195993fe761af487: 'str' object has no attribute 'get'
2025-03-17 17:51:09,371 - gmail_import - ERROR - Error storing email 195992245810962f: 'str' object has no attribute 'get'
2025-03-17 17:51:09,473 - gmail_import - ERROR - Error storing email 19599083122fb2bc: 'str' object has no attribute 'get'
2025-03-17 17:51:09,581 - gmail_import - ERROR - Error storing email 19598dd744ba900e: 'str' object has no attribute 'get'
2025-03-17 17:51:09,682 - gmail_import - ERROR - Error storing email 19598cf792618a5e: 'str' object has no attribute 'get'
2025-03-17 17:51:09,894 - gmail_import - ERROR - Error storing email 1959806b8710ffed: 'str' object has no attribute 'get'
2025-03-17 17:51:10,028 - gmail_import - ERROR - Error storing email 19597f514a97af76: 'str' object has no attribute 'get'
2025-03-17 17:51:10,127 - gmail_import - INFO - Processed sub-batch 1, Success: 0, Errors: 50
2025-03-17 17:51:10,127 - gmail_import - INFO - Batch 100-150: Success=0, Errors=50
2025-03-17 17:51:33,607 - gmail_import - ERROR - Error storing email 19597aa6efe9ff1b: 'str' object has no attribute 'get'
2025-03-17 17:51:33,779 - gmail_import - ERROR - Error storing email 195979bda5e7d4d6: 'str' object has no attribute 'get'
2025-03-17 17:51:34,015 - gmail_import - ERROR - Error storing email 195977a0b393a909: 'str' object has no attribute 'get'
2025-03-17 17:51:34,143 - gmail_import - ERROR - Error storing email 1959773e994d8158: 'str' object has no attribute 'get'
2025-03-17 17:51:34,271 - gmail_import - ERROR - Error storing email 195976abc4d7f880: 'str' object has no attribute 'get'
2025-03-17 17:51:35,586 - gmail_import - ERROR - Error storing email 195975bccecf89a8: 'str' object has no attribute 'get'
2025-03-17 17:51:35,761 - gmail_import - ERROR - Error storing email 195975a568fe8297: 'str' object has no attribute 'get'
2025-03-17 17:51:35,871 - gmail_import - ERROR - Error storing email 1959757ab612b834: 'str' object has no attribute 'get'
2025-03-17 17:51:36,089 - gmail_import - ERROR - Error storing email 19597290a401d912: 'str' object has no attribute 'get'
2025-03-17 17:51:36,199 - gmail_import - ERROR - Error storing email 19597220d43b87f5: 'str' object has no attribute 'get'
2025-03-17 17:51:36,310 - gmail_import - ERROR - Error storing email 195971f58f024ecf: 'str' object has no attribute 'get'
2025-03-17 17:51:36,524 - gmail_import - ERROR - Error storing email 19596df7e4cb61a0: 'str' object has no attribute 'get'
2025-03-17 17:51:36,636 - gmail_import - ERROR - Error storing email 19596bda74c69498: 'str' object has no attribute 'get'
2025-03-17 17:51:36,745 - gmail_import - ERROR - Error storing email 19596b15743afd84: 'str' object has no attribute 'get'
2025-03-17 17:51:36,857 - gmail_import - ERROR - Error storing email 1959681fa4fb79f3: 'str' object has no attribute 'get'
2025-03-17 17:51:36,970 - gmail_import - ERROR - Error storing email 195967e333f70bbb: 'str' object has no attribute 'get'
2025-03-17 17:51:37,083 - gmail_import - ERROR - Error storing email 195966cb19c56e7e: 'str' object has no attribute 'get'
2025-03-17 17:51:37,192 - gmail_import - ERROR - Error storing email 19596454120baa06: 'str' object has no attribute 'get'
2025-03-17 17:51:37,304 - gmail_import - ERROR - Error storing email 195962c992f35de1: 'str' object has no attribute 'get'
2025-03-17 17:51:37,436 - gmail_import - ERROR - Error storing email 195961be0c78def8: 'str' object has no attribute 'get'
2025-03-17 17:51:37,544 - gmail_import - ERROR - Error storing email 195960afb05893e9: 'str' object has no attribute 'get'
2025-03-17 17:51:37,655 - gmail_import - ERROR - Error storing email 195960a3291be1cf: 'str' object has no attribute 'get'
2025-03-17 17:51:37,765 - gmail_import - ERROR - Error storing email 1959603cbbcffabb: 'str' object has no attribute 'get'
2025-03-17 17:51:37,878 - gmail_import - ERROR - Error storing email 19595f8242a58bbf: 'str' object has no attribute 'get'
2025-03-17 17:51:37,991 - gmail_import - ERROR - Error storing email 19595e90f678ee6b: 'str' object has no attribute 'get'
2025-03-17 17:51:38,645 - gmail_import - ERROR - Error storing email 19595d2a47784c31: 'str' object has no attribute 'get'
2025-03-17 17:51:38,761 - gmail_import - ERROR - Error storing email 19595c61920f14d2: 'str' object has no attribute 'get'
2025-03-17 17:51:38,925 - gmail_import - ERROR - Error storing email 195959213b0d4daa: 'str' object has no attribute 'get'
2025-03-17 17:51:39,024 - gmail_import - ERROR - Error storing email 1959583e5c7b19dd: 'str' object has no attribute 'get'
2025-03-17 17:51:39,127 - gmail_import - ERROR - Error storing email 19595835657c016f: 'str' object has no attribute 'get'
2025-03-17 17:51:39,230 - gmail_import - ERROR - Error storing email 19595715c8ff6a5c: 'str' object has no attribute 'get'
2025-03-17 17:51:39,330 - gmail_import - ERROR - Error storing email 1959566f8bf73f57: 'str' object has no attribute 'get'
2025-03-17 17:51:39,478 - gmail_import - ERROR - Error storing email 195956384229a8dd: 'str' object has no attribute 'get'
2025-03-17 17:51:39,587 - gmail_import - ERROR - Error storing email 1959562aa2141fb0: 'str' object has no attribute 'get'
2025-03-17 17:51:39,688 - gmail_import - ERROR - Error storing email 19595558b9d3d785: 'str' object has no attribute 'get'
2025-03-17 17:51:39,793 - gmail_import - ERROR - Error storing email 1959554039a6b409: 'str' object has no attribute 'get'
2025-03-17 17:51:39,893 - gmail_import - ERROR - Error storing email 195954e94cb7bf11: 'str' object has no attribute 'get'
2025-03-17 17:51:40,136 - gmail_import - ERROR - Error storing email 195954ba76bdecf5: 'str' object has no attribute 'get'
2025-03-17 17:51:40,240 - gmail_import - ERROR - Error storing email 1959538881187bb9: 'str' object has no attribute 'get'
2025-03-17 17:51:40,342 - gmail_import - ERROR - Error storing email 19595370c885e239: 'str' object has no attribute 'get'
2025-03-17 17:51:40,447 - gmail_import - ERROR - Error storing email 19595341c01ec95b: 'str' object has no attribute 'get'
2025-03-17 17:51:40,664 - gmail_import - ERROR - Error storing email 195952ef99698891: 'str' object has no attribute 'get'
2025-03-17 17:51:40,766 - gmail_import - ERROR - Error storing email 195952e26e3f3dc0: 'str' object has no attribute 'get'
2025-03-17 17:51:40,867 - gmail_import - ERROR - Error storing email 19595262e85ce020: 'str' object has no attribute 'get'
2025-03-17 17:51:41,085 - gmail_import - ERROR - Error storing email 19595229087e8f4b: 'str' object has no attribute 'get'
2025-03-17 17:51:41,519 - gmail_import - ERROR - Error storing email 195951d82b439a05: 'str' object has no attribute 'get'
2025-03-17 17:51:41,620 - gmail_import - ERROR - Error storing email 19594fd69e2e1e97: 'str' object has no attribute 'get'
2025-03-17 17:51:41,720 - gmail_import - ERROR - Error storing email 19594fc6fafd2e22: 'str' object has no attribute 'get'
2025-03-17 17:51:41,823 - gmail_import - ERROR - Error storing email 19594fbf43b05ba5: 'str' object has no attribute 'get'
2025-03-17 17:51:42,036 - gmail_import - ERROR - Error storing email 19594f7db68dab4f: 'str' object has no attribute 'get'
2025-03-17 17:51:42,137 - gmail_import - INFO - Processed sub-batch 1, Success: 0, Errors: 50
2025-03-17 17:51:42,138 - gmail_import - INFO - Batch 150-200: Success=0, Errors=50
2025-03-17 17:52:05,403 - gmail_import - ERROR - Error storing email 19594f7762216e47: 'str' object has no attribute 'get'
2025-03-17 17:52:05,615 - gmail_import - ERROR - Error storing email 19594f3604666867: 'str' object has no attribute 'get'
2025-03-17 17:52:05,809 - gmail_import - ERROR - Error storing email 19594f226cc25bb2: 'str' object has no attribute 'get'
2025-03-17 17:52:05,911 - gmail_import - ERROR - Error storing email 19594e9833abe244: 'str' object has no attribute 'get'
2025-03-17 17:52:06,013 - gmail_import - ERROR - Error storing email 19594e96263d453e: 'str' object has no attribute 'get'
2025-03-17 17:52:06,117 - gmail_import - ERROR - Error storing email 19594e061a336043: 'str' object has no attribute 'get'
2025-03-17 17:52:06,219 - gmail_import - ERROR - Error storing email 19594dedef03ba94: 'str' object has no attribute 'get'
2025-03-17 17:52:06,433 - gmail_import - ERROR - Error storing email 19594de1fe2e3cd0: 'str' object has no attribute 'get'
2025-03-17 17:52:06,535 - gmail_import - ERROR - Error storing email 19594d9b0736a23b: 'str' object has no attribute 'get'
2025-03-17 17:52:06,636 - gmail_import - ERROR - Error storing email 19594cba78801566: 'str' object has no attribute 'get'
2025-03-17 17:52:06,737 - gmail_import - ERROR - Error storing email 19594ca4fa1ee3ab: 'str' object has no attribute 'get'
2025-03-17 17:52:06,946 - gmail_import - ERROR - Error storing email 19594c168b85f66f: 'str' object has no attribute 'get'
2025-03-17 17:52:07,050 - gmail_import - ERROR - Error storing email 19594bdc17db9cf3: 'str' object has no attribute 'get'
2025-03-17 17:52:07,153 - gmail_import - ERROR - Error storing email 19594a6491ec73f2: 'str' object has no attribute 'get'
2025-03-17 17:52:07,255 - gmail_import - ERROR - Error storing email 1959499e93d256ca: 'str' object has no attribute 'get'
2025-03-17 17:52:07,465 - gmail_import - ERROR - Error storing email 195948bb516e7b83: 'str' object has no attribute 'get'
2025-03-17 17:52:07,569 - gmail_import - ERROR - Error storing email 19594715811a1a4b: 'str' object has no attribute 'get'
2025-03-17 17:52:07,785 - gmail_import - ERROR - Error storing email 19594317f73648a4: 'str' object has no attribute 'get'
2025-03-17 17:52:07,885 - gmail_import - ERROR - Error storing email 19594287120c9c08: 'str' object has no attribute 'get'
2025-03-17 17:52:07,986 - gmail_import - ERROR - Error storing email 1959426b96e067aa: 'str' object has no attribute 'get'
2025-03-17 17:52:08,195 - gmail_import - ERROR - Error storing email 195941d0d3486656: 'str' object has no attribute 'get'
2025-03-17 17:52:08,547 - gmail_import - ERROR - Error storing email 195941cb5db39946: 'str' object has no attribute 'get'
2025-03-17 17:52:08,756 - gmail_import - ERROR - Error storing email 195941b54abc8569: 'str' object has no attribute 'get'
2025-03-17 17:52:08,858 - gmail_import - ERROR - Error storing email 195941a775da4c96: 'str' object has no attribute 'get'
2025-03-17 17:52:08,961 - gmail_import - ERROR - Error storing email 195937667e99408e: 'str' object has no attribute 'get'
2025-03-17 17:52:09,062 - gmail_import - ERROR - Error storing email 195936085ab7aeb4: 'str' object has no attribute 'get'
2025-03-17 17:52:09,164 - gmail_import - ERROR - Error storing email 19593096b31e2a36: 'str' object has no attribute 'get'
2025-03-17 17:52:09,264 - gmail_import - ERROR - Error storing email 19593093e4ebb0bd: 'str' object has no attribute 'get'
2025-03-17 17:52:09,366 - gmail_import - ERROR - Error storing email 19592ee6b1faaf0f: 'str' object has no attribute 'get'
2025-03-17 17:52:09,533 - gmail_import - ERROR - Error storing email 195924c5a773347b: 'str' object has no attribute 'get'
2025-03-17 17:52:09,633 - gmail_import - ERROR - Error storing email 195922a2f136caeb: 'str' object has no attribute 'get'
2025-03-17 17:52:09,736 - gmail_import - ERROR - Error storing email 19591fa18d3772ea: 'str' object has no attribute 'get'
2025-03-17 17:52:09,836 - gmail_import - ERROR - Error storing email 19591e5e50ed63b7: 'str' object has no attribute 'get'
2025-03-17 17:52:09,939 - gmail_import - INFO - Email 19591cfebce0b042 already exists, skipping
2025-03-17 17:52:10,345 - gmail_import - INFO - Email 19591cb0c5ffb326 already exists, skipping
2025-03-17 17:52:10,446 - gmail_import - ERROR - Error storing email 195919d891f65d73: 'str' object has no attribute 'get'
2025-03-17 17:52:10,550 - gmail_import - ERROR - Error storing email 195919c13ffee636: 'str' object has no attribute 'get'
2025-03-17 17:52:10,652 - gmail_import - ERROR - Error storing email 195918a24f06cddb: 'str' object has no attribute 'get'
2025-03-17 17:52:10,877 - gmail_import - ERROR - Error storing email 19591867df592f4e: 'str' object has no attribute 'get'
2025-03-17 17:52:10,977 - gmail_import - ERROR - Error storing email 1959183913eee11b: 'str' object has no attribute 'get'
2025-03-17 17:52:11,076 - gmail_import - ERROR - Error storing email 195917f272b4b2d7: 'str' object has no attribute 'get'
2025-03-17 17:52:11,379 - gmail_import - ERROR - Error storing email 195917df04ba423d: 'str' object has no attribute 'get'
2025-03-17 17:52:11,478 - gmail_import - ERROR - Error storing email 195917106a595fb7: 'str' object has no attribute 'get'
2025-03-17 17:52:11,583 - gmail_import - ERROR - Error storing email 195915ba0caa9ec0: 'str' object has no attribute 'get'
2025-03-17 17:52:11,793 - gmail_import - ERROR - Error storing email 1959151a5011c844: 'str' object has no attribute 'get'
2025-03-17 17:52:11,894 - gmail_import - ERROR - Error storing email 195913915cd5642a: 'str' object has no attribute 'get'
2025-03-17 17:52:12,000 - gmail_import - ERROR - Error storing email 195912b8b696fbe2: 'str' object has no attribute 'get'
2025-03-17 17:52:12,102 - gmail_import - ERROR - Error storing email 195911bb9ffa688b: 'str' object has no attribute 'get'
2025-03-17 17:52:12,203 - gmail_import - ERROR - Error storing email 19591027a4a1465f: 'str' object has no attribute 'get'
2025-03-17 17:52:12,304 - gmail_import - ERROR - Error storing email 19590ff26972b22b: 'str' object has no attribute 'get'
2025-03-17 17:52:12,401 - gmail_import - INFO - Processed sub-batch 1, Success: 0, Errors: 50
2025-03-17 17:52:12,402 - gmail_import - INFO - Batch 200-250: Success=0, Errors=50
2025-03-17 17:52:35,701 - gmail_import - ERROR - Error storing email 19590ff1b4a35c88: 'str' object has no attribute 'get'
2025-03-17 17:52:35,883 - gmail_import - ERROR - Error storing email 19590fc71eecfd4e: 'str' object has no attribute 'get'
2025-03-17 17:52:36,095 - gmail_import - ERROR - Error storing email 19590f1241ffbca3: 'str' object has no attribute 'get'
2025-03-17 17:52:36,195 - gmail_import - ERROR - Error storing email 19590ef97dfff5ff: 'str' object has no attribute 'get'
2025-03-17 17:52:36,304 - gmail_import - ERROR - Error storing email 19590ef45640170a: 'str' object has no attribute 'get'
2025-03-17 17:52:36,404 - gmail_import - ERROR - Error storing email 19590ef3d0b0b559: 'str' object has no attribute 'get'
2025-03-17 17:52:36,622 - gmail_import - ERROR - Error storing email 19590e57287cec47: 'str' object has no attribute 'get'
2025-03-17 17:52:36,726 - gmail_import - ERROR - Error storing email 19590cf7e88d07f7: 'str' object has no attribute 'get'
2025-03-17 17:52:36,829 - gmail_import - ERROR - Error storing email 19590cc1d2452649: 'str' object has no attribute 'get'
2025-03-17 17:52:36,931 - gmail_import - ERROR - Error storing email 19590b087dc2533f: 'str' object has no attribute 'get'
2025-03-17 17:52:37,033 - gmail_import - ERROR - Error storing email 19590a97dcf492b2: 'str' object has no attribute 'get'
2025-03-17 17:52:37,142 - gmail_import - ERROR - Error storing email 19590a843657cd5f: 'str' object has no attribute 'get'
2025-03-17 17:52:37,365 - gmail_import - ERROR - Error storing email 19590970da2237e6: 'str' object has no attribute 'get'
2025-03-17 17:52:37,465 - gmail_import - ERROR - Error storing email 19590933cfafcbc3: 'str' object has no attribute 'get'
2025-03-17 17:52:37,568 - gmail_import - ERROR - Error storing email 195908d950a15b8e: 'str' object has no attribute 'get'
2025-03-17 17:52:37,668 - gmail_import - ERROR - Error storing email 19590892e42f339d: 'str' object has no attribute 'get'
2025-03-17 17:52:37,885 - gmail_import - ERROR - Error storing email 19590851abe982c5: 'str' object has no attribute 'get'
2025-03-17 17:52:38,019 - gmail_import - ERROR - Error storing email 195907c7b0d6f041: 'str' object has no attribute 'get'
2025-03-17 17:52:38,126 - gmail_import - ERROR - Error storing email 19590792723abfc2: 'str' object has no attribute 'get'
2025-03-17 17:52:38,228 - gmail_import - ERROR - Error storing email 1959073319f49469: 'str' object has no attribute 'get'
2025-03-17 17:52:38,489 - gmail_import - ERROR - Error storing email 1959059d6ca72757: 'str' object has no attribute 'get'
2025-03-17 17:52:38,593 - gmail_import - ERROR - Error storing email 1959053bf1113dac: 'str' object has no attribute 'get'
2025-03-17 17:52:38,695 - gmail_import - ERROR - Error storing email 1959044b05d73725: 'str' object has no attribute 'get'
2025-03-17 17:52:38,800 - gmail_import - ERROR - Error storing email 19590449ade98d43: 'str' object has no attribute 'get'
2025-03-17 17:52:38,902 - gmail_import - ERROR - Error storing email 1959042ba0afa8fb: 'str' object has no attribute 'get'
2025-03-17 17:52:39,003 - gmail_import - ERROR - Error storing email 19590405ccdd1c63: 'str' object has no attribute 'get'
2025-03-17 17:52:39,104 - gmail_import - ERROR - Error storing email 195903d2408c1610: 'str' object has no attribute 'get'
2025-03-17 17:52:39,203 - gmail_import - ERROR - Error storing email 195903d12dd7da98: 'str' object has no attribute 'get'
2025-03-17 17:52:39,415 - gmail_import - ERROR - Error storing email 195903c90d1a17de: 'str' object has no attribute 'get'
2025-03-17 17:52:39,519 - gmail_import - ERROR - Error storing email 1959037313beb5d0: 'str' object has no attribute 'get'
2025-03-17 17:52:39,621 - gmail_import - ERROR - Error storing email 1959016877433736: 'str' object has no attribute 'get'
2025-03-17 17:52:39,723 - gmail_import - ERROR - Error storing email 1959012622139ec6: 'str' object has no attribute 'get'
2025-03-17 17:52:39,827 - gmail_import - ERROR - Error storing email 195900c5175dea0f: 'str' object has no attribute 'get'
2025-03-17 17:52:39,925 - gmail_import - ERROR - Error storing email 195900ac581d1e0d: 'str' object has no attribute 'get'
2025-03-17 17:52:40,026 - gmail_import - ERROR - Error storing email 195900777b29b354: 'str' object has no attribute 'get'
2025-03-17 17:52:40,193 - gmail_import - ERROR - Error storing email 1958ff771a21effa: 'str' object has no attribute 'get'
2025-03-17 17:52:40,332 - gmail_import - ERROR - Error storing email 1958fe3353596756: 'str' object has no attribute 'get'
2025-03-17 17:52:40,474 - gmail_import - ERROR - Error storing email 1958fd600dd80d8e: 'str' object has no attribute 'get'
2025-03-17 17:52:40,717 - gmail_import - ERROR - Error storing email 1958fd058077cece: 'str' object has no attribute 'get'
2025-03-17 17:52:40,842 - gmail_import - ERROR - Error storing email 1958fcecfb7b11b7: 'str' object has no attribute 'get'
2025-03-17 17:52:42,143 - gmail_import - ERROR - Error storing email 1958fcba47b9f763: 'str' object has no attribute 'get'
2025-03-17 17:52:42,254 - gmail_import - ERROR - Error storing email 1958fc31b5bc6f48: 'str' object has no attribute 'get'
2025-03-17 17:52:42,363 - gmail_import - ERROR - Error storing email 1958fbbcaa72d06b: 'str' object has no attribute 'get'
2025-03-17 17:52:42,478 - gmail_import - ERROR - Error storing email 1958fb95fd11bfef: 'str' object has no attribute 'get'
2025-03-17 17:52:42,696 - gmail_import - ERROR - Error storing email 1958fb3c15ce9fd7: 'str' object has no attribute 'get'
2025-03-17 17:52:42,806 - gmail_import - ERROR - Error storing email 1958fb3a8fb1e9c1: 'str' object has no attribute 'get'
2025-03-17 17:52:42,917 - gmail_import - ERROR - Error storing email 1958fa9405fa9a86: 'str' object has no attribute 'get'
2025-03-17 17:52:43,028 - gmail_import - ERROR - Error storing email 1958f9f74a8b3917: 'str' object has no attribute 'get'
2025-03-17 17:52:43,138 - gmail_import - ERROR - Error storing email 1958f9ae65ee8e9d: 'str' object has no attribute 'get'
2025-03-17 17:52:43,279 - gmail_import - ERROR - Error storing email 1958f97b8ecdf054: 'str' object has no attribute 'get'
2025-03-17 17:52:43,380 - gmail_import - INFO - Processed sub-batch 1, Success: 0, Errors: 50
2025-03-17 17:52:43,380 - gmail_import - INFO - Batch 250-300: Success=0, Errors=50
2025-03-17 17:53:06,531 - gmail_import - ERROR - Error storing email 1958f977575384f6: 'str' object has no attribute 'get'
2025-03-17 17:53:06,630 - gmail_import - ERROR - Error storing email 1958f913adadad5b: 'str' object has no attribute 'get'
2025-03-17 17:53:06,869 - gmail_import - ERROR - Error storing email 1958f7e0300ca22e: 'str' object has no attribute 'get'
2025-03-17 17:53:06,974 - gmail_import - ERROR - Error storing email 1958f6b38572ddbd: 'str' object has no attribute 'get'
2025-03-17 17:53:07,077 - gmail_import - ERROR - Error storing email 1958f538e587ff5d: 'str' object has no attribute 'get'
2025-03-17 17:53:07,176 - gmail_import - ERROR - Error storing email 1958f36f70e44da9: 'str' object has no attribute 'get'
2025-03-17 17:53:07,276 - gmail_import - ERROR - Error storing email 1958f2da7f5bfe3d: 'str' object has no attribute 'get'
2025-03-17 17:53:07,376 - gmail_import - ERROR - Error storing email 1958f239b9ce346e: 'str' object has no attribute 'get'
2025-03-17 17:53:07,480 - gmail_import - ERROR - Error storing email 1958f06cca6303b8: 'str' object has no attribute 'get'
2025-03-17 17:53:07,704 - gmail_import - ERROR - Error storing email 1958ef9eaeaf6113: 'str' object has no attribute 'get'
2025-03-17 17:53:07,925 - gmail_import - ERROR - Error storing email 1958ef67c06072c2: 'str' object has no attribute 'get'
2025-03-17 17:53:08,146 - gmail_import - ERROR - Error storing email 1958ef4c99266676: 'str' object has no attribute 'get'
2025-03-17 17:53:08,249 - gmail_import - ERROR - Error storing email 1958ef3b4c42944b: 'str' object has no attribute 'get'
2025-03-17 17:53:08,477 - gmail_import - ERROR - Error storing email 1958e4f522bcafcf: 'str' object has no attribute 'get'
2025-03-17 17:53:08,577 - gmail_import - ERROR - Error storing email 1958e42e96ce5c0d: 'str' object has no attribute 'get'
2025-03-17 17:53:08,785 - gmail_import - ERROR - Error storing email 1958e2e26de29044: 'str' object has no attribute 'get'
2025-03-17 17:53:08,887 - gmail_import - ERROR - Error storing email 1958e2052a2a67dd: 'str' object has no attribute 'get'
2025-03-17 17:53:08,989 - gmail_import - ERROR - Error storing email 1958dd0e6a1ee7a1: 'str' object has no attribute 'get'
2025-03-17 17:53:09,091 - gmail_import - ERROR - Error storing email 1958d3ba3da2eee6: 'str' object has no attribute 'get'
2025-03-17 17:53:09,193 - gmail_import - ERROR - Error storing email 1958d359ee13f4ab: 'str' object has no attribute 'get'
2025-03-17 17:53:09,717 - gmail_import - ERROR - Error storing email 1958d25d12e4c279: 'str' object has no attribute 'get'
2025-03-17 17:53:09,821 - gmail_import - ERROR - Error storing email 1958d00ed6685e63: 'str' object has no attribute 'get'
2025-03-17 17:53:10,041 - gmail_import - ERROR - Error storing email 1958cf9fbcfc9b9f: 'str' object has no attribute 'get'
2025-03-17 17:53:10,155 - gmail_import - ERROR - Error storing email 1958cf9e8fd648a3: 'str' object has no attribute 'get'
2025-03-17 17:53:10,366 - gmail_import - ERROR - Error storing email 1958cd4ddceba3e3: 'str' object has no attribute 'get'
2025-03-17 17:53:10,579 - gmail_import - ERROR - Error storing email 1958cadcd3c6c479: 'str' object has no attribute 'get'
2025-03-17 17:53:10,684 - gmail_import - ERROR - Error storing email 1958c6392534b41f: 'str' object has no attribute 'get'
2025-03-17 17:53:10,817 - gmail_import - ERROR - Error storing email 1958c602a745c17f: 'str' object has no attribute 'get'
2025-03-17 17:53:10,987 - gmail_import - ERROR - Error storing email 1958c28c833d43cf: 'str' object has no attribute 'get'
2025-03-17 17:53:11,125 - gmail_import - ERROR - Error storing email 1958c18eb663ef49: 'str' object has no attribute 'get'
2025-03-17 17:53:11,250 - gmail_import - ERROR - Error storing email 1958bf9d2885628e: 'str' object has no attribute 'get'
2025-03-17 17:53:11,374 - gmail_import - ERROR - Error storing email 1958bdf38eaadde3: 'str' object has no attribute 'get'
2025-03-17 17:53:11,597 - gmail_import - ERROR - Error storing email 1958bca8e33b8378: 'str' object has no attribute 'get'
2025-03-17 17:53:11,720 - gmail_import - ERROR - Error storing email 1958bc82ec126ac4: 'str' object has no attribute 'get'
2025-03-17 17:53:11,844 - gmail_import - ERROR - Error storing email 1958bc45b7dbc714: 'str' object has no attribute 'get'
2025-03-17 17:53:11,969 - gmail_import - ERROR - Error storing email 1958bb04cb7da744: 'str' object has no attribute 'get'
2025-03-17 17:53:12,093 - gmail_import - ERROR - Error storing email 1958ba54fa60797f: 'str' object has no attribute 'get'
2025-03-17 17:53:12,306 - gmail_import - ERROR - Error storing email 1958b91c358f7e2e: 'str' object has no attribute 'get'
2025-03-17 17:53:12,433 - gmail_import - ERROR - Error storing email 1958b81fb7213274: 'str' object has no attribute 'get'
2025-03-17 17:53:12,557 - gmail_import - ERROR - Error storing email 1958b70cfdbb16e8: 'str' object has no attribute 'get'
2025-03-17 17:53:13,883 - gmail_import - ERROR - Error storing email 1958b70675507f23: 'str' object has no attribute 'get'
2025-03-17 17:53:13,995 - gmail_import - ERROR - Error storing email 1958b5ed90ff62ff: 'str' object has no attribute 'get'
2025-03-17 17:53:14,106 - gmail_import - ERROR - Error storing email 1958b5ba4d23bc24: 'str' object has no attribute 'get'
2025-03-17 17:53:14,217 - gmail_import - ERROR - Error storing email 1958b510c758b2ff: 'str' object has no attribute 'get'
2025-03-17 17:53:14,350 - gmail_import - ERROR - Error storing email 1958b4291b518827: 'str' object has no attribute 'get'
2025-03-17 17:53:14,474 - gmail_import - ERROR - Error storing email 1958b3a75890d18b: 'str' object has no attribute 'get'
2025-03-17 17:53:14,599 - gmail_import - ERROR - Error storing email 1958b388c929b783: 'str' object has no attribute 'get'
2025-03-17 17:53:14,708 - gmail_import - ERROR - Error storing email 1958b332fe96ad73: 'str' object has no attribute 'get'
2025-03-17 17:53:14,817 - gmail_import - ERROR - Error storing email 1958b20fedb7a359: 'str' object has no attribute 'get'
2025-03-17 17:53:14,926 - gmail_import - ERROR - Error storing email 1958b1ad801d812b: 'str' object has no attribute 'get'
2025-03-17 17:53:15,024 - gmail_import - INFO - Processed sub-batch 1, Success: 0, Errors: 50
2025-03-17 17:53:15,024 - gmail_import - INFO - Batch 300-350: Success=0, Errors=50
2025-03-17 17:53:38,470 - gmail_import - ERROR - Error storing email 1958b13a7b897c13: 'str' object has no attribute 'get'
2025-03-17 17:53:38,685 - gmail_import - ERROR - Error storing email 1958b0fc957b632b: 'str' object has no attribute 'get'
2025-03-17 17:53:38,898 - gmail_import - ERROR - Error storing email 1958afd1bd086180: 'str' object has no attribute 'get'
2025-03-17 17:53:39,000 - gmail_import - ERROR - Error storing email 1958afcf636f0093: 'str' object has no attribute 'get'
2025-03-17 17:53:39,103 - gmail_import - ERROR - Error storing email 1958af2972a28bf2: 'str' object has no attribute 'get'
2025-03-17 17:53:39,205 - gmail_import - ERROR - Error storing email 1958af22e00cc237: 'str' object has no attribute 'get'
2025-03-17 17:53:39,306 - gmail_import - ERROR - Error storing email 1958af0dabbc0da2: 'str' object has no attribute 'get'
2025-03-17 17:53:39,407 - gmail_import - ERROR - Error storing email 1958ae615562e767: 'str' object has no attribute 'get'
2025-03-17 17:53:39,508 - gmail_import - ERROR - Error storing email 1958ae1501a9766c: 'str' object has no attribute 'get'
2025-03-17 17:53:39,618 - gmail_import - ERROR - Error storing email 1958adb924a32346: 'str' object has no attribute 'get'
2025-03-17 17:53:39,826 - gmail_import - ERROR - Error storing email 1958adaa4d65c971: 'str' object has no attribute 'get'
2025-03-17 17:53:39,926 - gmail_import - ERROR - Error storing email 1958ada2e9971a8a: 'str' object has no attribute 'get'
2025-03-17 17:53:40,030 - gmail_import - ERROR - Error storing email 1958ad664229555e: 'str' object has no attribute 'get'
2025-03-17 17:53:40,263 - gmail_import - ERROR - Error storing email 1958ac615d129267: 'str' object has no attribute 'get'
2025-03-17 17:53:40,478 - gmail_import - ERROR - Error storing email 1958ab93f48700c5: 'str' object has no attribute 'get'
2025-03-17 17:53:40,578 - gmail_import - ERROR - Error storing email 1958ab43697a2fb3: 'str' object has no attribute 'get'
2025-03-17 17:53:40,682 - gmail_import - ERROR - Error storing email 1958aae4af19a391: 'str' object has no attribute 'get'
2025-03-17 17:53:40,784 - gmail_import - ERROR - Error storing email 1958aa8c667f7fbb: 'str' object has no attribute 'get'
2025-03-17 17:53:40,884 - gmail_import - ERROR - Error storing email 1958aa212882f1aa: 'str' object has no attribute 'get'
2025-03-17 17:53:40,988 - gmail_import - ERROR - Error storing email 1958aa210ed36b24: 'str' object has no attribute 'get'
2025-03-17 17:53:41,510 - gmail_import - ERROR - Error storing email 1958aa16eba1450e: 'str' object has no attribute 'get'
2025-03-17 17:53:41,613 - gmail_import - ERROR - Error storing email 1958a9aed3cf1dad: 'str' object has no attribute 'get'
2025-03-17 17:53:41,841 - gmail_import - ERROR - Error storing email 1958a73dce5a517b: 'str' object has no attribute 'get'
2025-03-17 17:53:41,944 - gmail_import - ERROR - Error storing email 1958a712add10104: 'str' object has no attribute 'get'
2025-03-17 17:53:42,045 - gmail_import - ERROR - Error storing email 1958a62ef8db1b72: 'str' object has no attribute 'get'
2025-03-17 17:53:42,255 - gmail_import - ERROR - Error storing email 1958a58a2567fbbc: 'str' object has no attribute 'get'
2025-03-17 17:53:42,475 - gmail_import - ERROR - Error storing email 1958a57a83136b5b: 'str' object has no attribute 'get'
2025-03-17 17:53:42,577 - gmail_import - ERROR - Error storing email 1958a4ef3a8095c8: 'str' object has no attribute 'get'
2025-03-17 17:53:42,681 - gmail_import - ERROR - Error storing email 1958a3e3149dfa68: 'str' object has no attribute 'get'
2025-03-17 17:53:42,785 - gmail_import - ERROR - Error storing email 1958a2cb5a1d5f84: 'str' object has no attribute 'get'
2025-03-17 17:53:42,885 - gmail_import - ERROR - Error storing email 1958a1730c257529: 'str' object has no attribute 'get'
2025-03-17 17:53:43,042 - gmail_import - ERROR - Error storing email 1958a16026ad9ab8: 'str' object has no attribute 'get'
2025-03-17 17:53:43,255 - gmail_import - ERROR - Error storing email 19589e7a8c105e63: 'str' object has no attribute 'get'
2025-03-17 17:53:43,475 - gmail_import - ERROR - Error storing email 19589dfbf6146001: 'str' object has no attribute 'get'
2025-03-17 17:53:43,688 - gmail_import - ERROR - Error storing email 19589d33b389f1b8: 'str' object has no attribute 'get'
2025-03-17 17:53:43,792 - gmail_import - ERROR - Error storing email 19589ce4bd814b08: 'str' object has no attribute 'get'
2025-03-17 17:53:43,897 - gmail_import - ERROR - Error storing email 19589ccf6729020e: 'str' object has no attribute 'get'
2025-03-17 17:53:43,997 - gmail_import - ERROR - Error storing email 19589c261218ce2e: 'str' object has no attribute 'get'
2025-03-17 17:53:44,103 - gmail_import - ERROR - Error storing email 1958928acafeda7e: 'str' object has no attribute 'get'
2025-03-17 17:53:44,206 - gmail_import - ERROR - Error storing email 19589169e45d8129: 'str' object has no attribute 'get'
2025-03-17 17:53:44,594 - gmail_import - ERROR - Error storing email 19588b65d4b85222: 'str' object has no attribute 'get'
2025-03-17 17:53:44,733 - gmail_import - ERROR - Error storing email 19588b6541a8b790: 'str' object has no attribute 'get'
2025-03-17 17:53:44,965 - gmail_import - ERROR - Error storing email 19588375b2d9c4de: 'str' object has no attribute 'get'
2025-03-17 17:53:45,069 - gmail_import - ERROR - Error storing email 195881517a94163c: 'str' object has no attribute 'get'
2025-03-17 17:53:45,170 - gmail_import - ERROR - Error storing email 195881491fbe8060: 'str' object has no attribute 'get'
2025-03-17 17:53:45,274 - gmail_import - ERROR - Error storing email 19588015a61118db: 'str' object has no attribute 'get'
2025-03-17 17:53:45,380 - gmail_import - ERROR - Error storing email 19587bced0461f77: 'str' object has no attribute 'get'
2025-03-17 17:53:45,607 - gmail_import - ERROR - Error storing email 195875b8ebb4ec43: 'str' object has no attribute 'get'
2025-03-17 17:53:45,708 - gmail_import - ERROR - Error storing email 1958750305c4d787: 'str' object has no attribute 'get'
2025-03-17 17:53:45,926 - gmail_import - ERROR - Error storing email 195874762c551dd0: 'str' object has no attribute 'get'
2025-03-17 17:53:46,027 - gmail_import - INFO - Processed sub-batch 1, Success: 0, Errors: 50
2025-03-17 17:53:46,027 - gmail_import - INFO - Batch 350-400: Success=0, Errors=50
2025-03-17 17:54:09,706 - gmail_import - ERROR - Error storing email 195873cd65a70e5c: 'str' object has no attribute 'get'
2025-03-17 17:54:09,810 - gmail_import - ERROR - Error storing email 195873aa012de0c0: 'str' object has no attribute 'get'
2025-03-17 17:54:09,914 - gmail_import - ERROR - Error storing email 195871a16aaea511: 'str' object has no attribute 'get'
2025-03-17 17:54:10,018 - gmail_import - ERROR - Error storing email 1958703d0d51a0c6: 'str' object has no attribute 'get'
2025-03-17 17:54:10,124 - gmail_import - ERROR - Error storing email 19586fb8885d2360: 'str' object has no attribute 'get'
2025-03-17 17:54:10,337 - gmail_import - ERROR - Error storing email 19586e740db05f33: 'str' object has no attribute 'get'
2025-03-17 17:54:10,444 - gmail_import - ERROR - Error storing email 19586dbc9eb3cf0a: 'str' object has no attribute 'get'
2025-03-17 17:54:10,548 - gmail_import - ERROR - Error storing email 19586d76cfdb16a9: 'str' object has no attribute 'get'
2025-03-17 17:54:10,651 - gmail_import - ERROR - Error storing email 19586c0d80c44943: 'str' object has no attribute 'get'
2025-03-17 17:54:10,752 - gmail_import - ERROR - Error storing email 19586b2754252948: 'str' object has no attribute 'get'
2025-03-17 17:54:10,851 - gmail_import - ERROR - Error storing email 19586ad80be2cbcb: 'str' object has no attribute 'get'
2025-03-17 17:54:10,954 - gmail_import - ERROR - Error storing email 19586ad1d3af5661: 'str' object has no attribute 'get'
2025-03-17 17:54:11,063 - gmail_import - ERROR - Error storing email 19586ac85af2fb9a: 'str' object has no attribute 'get'
2025-03-17 17:54:11,168 - gmail_import - ERROR - Error storing email 195869ee26650bb4: 'str' object has no attribute 'get'
2025-03-17 17:54:11,272 - gmail_import - ERROR - Error storing email 19586971a16c6a88: 'str' object has no attribute 'get'
2025-03-17 17:54:11,374 - gmail_import - ERROR - Error storing email 1958683350bf8450: 'str' object has no attribute 'get'
2025-03-17 17:54:11,476 - gmail_import - ERROR - Error storing email 195867dd4aa66456: 'str' object has no attribute 'get'
2025-03-17 17:54:11,578 - gmail_import - ERROR - Error storing email 1958662f386a588d: 'str' object has no attribute 'get'
2025-03-17 17:54:11,685 - gmail_import - ERROR - Error storing email 195865e1b0f0c0ce: 'str' object has no attribute 'get'
2025-03-17 17:54:11,787 - gmail_import - ERROR - Error storing email 195865c461c95139: 'str' object has no attribute 'get'
2025-03-17 17:54:12,101 - gmail_import - ERROR - Error storing email 195865889fdaf20a: 'str' object has no attribute 'get'
2025-03-17 17:54:12,269 - gmail_import - ERROR - Error storing email 195865333f34103a: 'str' object has no attribute 'get'
2025-03-17 17:54:12,377 - gmail_import - ERROR - Error storing email 1958646b51590005: 'str' object has no attribute 'get'
2025-03-17 17:54:12,482 - gmail_import - ERROR - Error storing email 1958635e88e53caf: 'str' object has no attribute 'get'
2025-03-17 17:54:12,585 - gmail_import - ERROR - Error storing email 195862af2e2ffa1d: 'str' object has no attribute 'get'
2025-03-17 17:54:12,686 - gmail_import - ERROR - Error storing email 1958629939574791: 'str' object has no attribute 'get'
2025-03-17 17:54:12,788 - gmail_import - ERROR - Error storing email 19586295a25c73ca: 'str' object has no attribute 'get'
2025-03-17 17:54:12,895 - gmail_import - ERROR - Error storing email 1958626e37da33d1: 'str' object has no attribute 'get'
2025-03-17 17:54:13,005 - gmail_import - ERROR - Error storing email 19586212a1f95882: 'str' object has no attribute 'get'
2025-03-17 17:54:13,216 - gmail_import - ERROR - Error storing email 195861f031cea479: 'str' object has no attribute 'get'
2025-03-17 17:54:13,317 - gmail_import - ERROR - Error storing email 195861b84a88c0a8: 'str' object has no attribute 'get'
2025-03-17 17:54:13,420 - gmail_import - ERROR - Error storing email 195860f8ee498250: 'str' object has no attribute 'get'
2025-03-17 17:54:13,524 - gmail_import - ERROR - Error storing email 195860a225cb742e: 'str' object has no attribute 'get'
2025-03-17 17:54:13,633 - gmail_import - ERROR - Error storing email 19586078d5871c27: 'str' object has no attribute 'get'
2025-03-17 17:54:13,740 - gmail_import - ERROR - Error storing email 1958604d904f6129: 'str' object has no attribute 'get'
2025-03-17 17:54:13,846 - gmail_import - ERROR - Error storing email 19585e7bb5a1e4b7: 'str' object has no attribute 'get'
2025-03-17 17:54:13,952 - gmail_import - ERROR - Error storing email 19585e7bafb12faf: 'str' object has no attribute 'get'
2025-03-17 17:54:14,059 - gmail_import - ERROR - Error storing email 19585cc375399868: 'str' object has no attribute 'get'
2025-03-17 17:54:14,160 - gmail_import - ERROR - Error storing email 19585cc22e991f71: 'str' object has no attribute 'get'
2025-03-17 17:54:14,265 - gmail_import - ERROR - Error storing email 19585c65407d1eab: 'str' object has no attribute 'get'
2025-03-17 17:54:14,538 - gmail_import - ERROR - Error storing email 19585c244b4ba823: 'str' object has no attribute 'get'
2025-03-17 17:54:14,755 - gmail_import - ERROR - Error storing email 19585a8ff99bcb29: 'str' object has no attribute 'get'
2025-03-17 17:54:14,864 - gmail_import - ERROR - Error storing email 1958599a5f837544: 'str' object has no attribute 'get'
2025-03-17 17:54:14,965 - gmail_import - ERROR - Error storing email 195858a62f40176b: 'str' object has no attribute 'get'
2025-03-17 17:54:15,073 - gmail_import - ERROR - Error storing email 19585854635201ee: 'str' object has no attribute 'get'
2025-03-17 17:54:15,179 - gmail_import - ERROR - Error storing email 195858523ad7c524: 'str' object has no attribute 'get'
2025-03-17 17:54:15,285 - gmail_import - ERROR - Error storing email 1958583a754f83df: 'str' object has no attribute 'get'
2025-03-17 17:54:15,389 - gmail_import - ERROR - Error storing email 1958581dd22c9334: 'str' object has no attribute 'get'
2025-03-17 17:54:15,493 - gmail_import - ERROR - Error storing email 19585726824d726c: 'str' object has no attribute 'get'
2025-03-17 17:54:15,595 - gmail_import - ERROR - Error storing email 195856fda0d526c4: 'str' object has no attribute 'get'
2025-03-17 17:54:15,697 - gmail_import - INFO - Processed sub-batch 1, Success: 0, Errors: 50
2025-03-17 17:54:15,697 - gmail_import - INFO - Batch 400-450: Success=0, Errors=50
2025-03-17 17:54:38,662 - gmail_import - ERROR - Error storing email 195856c2e2327fc7: 'str' object has no attribute 'get'
2025-03-17 17:54:38,764 - gmail_import - ERROR - Error storing email 195856adbf5882ef: 'str' object has no attribute 'get'
2025-03-17 17:54:38,867 - gmail_import - ERROR - Error storing email 19585682a0e462c4: 'str' object has no attribute 'get'
2025-03-17 17:54:38,972 - gmail_import - ERROR - Error storing email 1958565e855bff19: 'str' object has no attribute 'get'
2025-03-17 17:54:39,079 - gmail_import - ERROR - Error storing email 1958565640d3ec8d: 'str' object has no attribute 'get'
2025-03-17 17:54:39,183 - gmail_import - ERROR - Error storing email 1958559a1accd2d1: 'str' object has no attribute 'get'
2025-03-17 17:54:39,287 - gmail_import - ERROR - Error storing email 19585587031b7e6f: 'str' object has no attribute 'get'
2025-03-17 17:54:39,391 - gmail_import - ERROR - Error storing email 1958555e227da377: 'str' object has no attribute 'get'
2025-03-17 17:54:39,606 - gmail_import - ERROR - Error storing email 195854eb23db56c4: 'str' object has no attribute 'get'
2025-03-17 17:54:39,842 - gmail_import - ERROR - Error storing email 195854d980ebbfa6: 'str' object has no attribute 'get'
2025-03-17 17:54:39,943 - gmail_import - ERROR - Error storing email 195854aeb99d764f: 'str' object has no attribute 'get'
2025-03-17 17:54:40,170 - gmail_import - ERROR - Error storing email 195854ab8bdc65a0: 'str' object has no attribute 'get'
2025-03-17 17:54:40,276 - gmail_import - ERROR - Error storing email 1958540a29d5ec29: 'str' object has no attribute 'get'
2025-03-17 17:54:40,502 - gmail_import - ERROR - Error storing email 19585314086da5d8: 'str' object has no attribute 'get'
2025-03-17 17:54:40,604 - gmail_import - ERROR - Error storing email 195852e0cdbf7ff6: 'str' object has no attribute 'get'
2025-03-17 17:54:40,738 - gmail_import - ERROR - Error storing email 1958522dc780e4ab: 'str' object has no attribute 'get'
2025-03-17 17:54:40,840 - gmail_import - ERROR - Error storing email 1958515797aa2be5: 'str' object has no attribute 'get'
2025-03-17 17:54:40,945 - gmail_import - ERROR - Error storing email 19584f605b7755c3: 'str' object has no attribute 'get'
2025-03-17 17:54:41,047 - gmail_import - ERROR - Error storing email 19584ebec073b778: 'str' object has no attribute 'get'
2025-03-17 17:54:41,149 - gmail_import - ERROR - Error storing email 19584ea2d12a52ad: 'str' object has no attribute 'get'
2025-03-17 17:54:41,253 - gmail_import - ERROR - Error storing email 19584b3f553b17d3: 'str' object has no attribute 'get'
2025-03-17 17:54:41,359 - gmail_import - ERROR - Error storing email 19584ae39c9becf4: 'str' object has no attribute 'get'
2025-03-17 17:54:41,473 - gmail_import - ERROR - Error storing email 19584a7a9ca13dd6: 'str' object has no attribute 'get'
2025-03-17 17:54:41,579 - gmail_import - ERROR - Error storing email 19584a70a19f71df: 'str' object has no attribute 'get'
2025-03-17 17:54:41,683 - gmail_import - ERROR - Error storing email 19584812d609ffd7: 'str' object has no attribute 'get'
2025-03-17 17:54:41,790 - gmail_import - ERROR - Error storing email 1958467eb94560bb: 'str' object has no attribute 'get'
2025-03-17 17:54:41,895 - gmail_import - ERROR - Error storing email 19584444c9ab22cd: 'str' object has no attribute 'get'
2025-03-17 17:54:41,999 - gmail_import - ERROR - Error storing email 19584444b2eab266: 'str' object has no attribute 'get'
2025-03-17 17:54:42,104 - gmail_import - ERROR - Error storing email 19584257a6237cb7: 'str' object has no attribute 'get'
2025-03-17 17:54:42,331 - gmail_import - ERROR - Error storing email 1958401d3ecc997e: 'str' object has no attribute 'get'
2025-03-17 17:54:42,435 - gmail_import - ERROR - Error storing email 19583629d29d1aa6: 'str' object has no attribute 'get'
2025-03-17 17:54:42,538 - gmail_import - ERROR - Error storing email 195834f952346d8a: 'str' object has no attribute 'get'
2025-03-17 17:54:42,641 - gmail_import - ERROR - Error storing email 19583328dfbf014a: 'str' object has no attribute 'get'
2025-03-17 17:54:42,750 - gmail_import - ERROR - Error storing email 19583308ef8643db: 'str' object has no attribute 'get'
2025-03-17 17:54:42,919 - gmail_import - ERROR - Error storing email 195830fa5b727f90: 'str' object has no attribute 'get'
2025-03-17 17:54:43,023 - gmail_import - ERROR - Error storing email 19582e486d2e0baf: 'str' object has no attribute 'get'
2025-03-17 17:54:43,127 - gmail_import - ERROR - Error storing email 19582da578dc5c4b: 'str' object has no attribute 'get'
2025-03-17 17:54:43,230 - gmail_import - ERROR - Error storing email 19582cf829bdd60b: 'str' object has no attribute 'get'
2025-03-17 17:54:43,333 - gmail_import - ERROR - Error storing email 19582c6037bff6b3: 'str' object has no attribute 'get'
2025-03-17 17:54:43,546 - gmail_import - ERROR - Error storing email 19582b479ae56b7f: 'str' object has no attribute 'get'
2025-03-17 17:54:43,649 - gmail_import - ERROR - Error storing email 1958296ca43dc22f: 'str' object has no attribute 'get'
2025-03-17 17:54:43,754 - gmail_import - ERROR - Error storing email 1958296c48278ccb: 'str' object has no attribute 'get'
2025-03-17 17:54:43,857 - gmail_import - ERROR - Error storing email 195828696b588544: 'str' object has no attribute 'get'
2025-03-17 17:54:43,960 - gmail_import - ERROR - Error storing email 1958274ae2959815: 'str' object has no attribute 'get'
2025-03-17 17:54:44,060 - gmail_import - ERROR - Error storing email 195824a93611041b: 'str' object has no attribute 'get'
2025-03-17 17:54:44,161 - gmail_import - ERROR - Error storing email 195824a76afbf5b1: 'str' object has no attribute 'get'
2025-03-17 17:54:44,262 - gmail_import - ERROR - Error storing email 1958243117c29d1b: 'str' object has no attribute 'get'
2025-03-17 17:54:44,367 - gmail_import - ERROR - Error storing email 1958220c31b7bef4: 'str' object has no attribute 'get'
2025-03-17 17:54:44,592 - gmail_import - ERROR - Error storing email 195821af4a06899f: 'str' object has no attribute 'get'
2025-03-17 17:54:44,694 - gmail_import - ERROR - Error storing email 19581d3daf194aeb: 'str' object has no attribute 'get'
2025-03-17 17:54:44,793 - gmail_import - INFO - Processed sub-batch 1, Success: 0, Errors: 50
2025-03-17 17:54:44,793 - gmail_import - INFO - Batch 450-500: Success=0, Errors=50
2025-03-17 17:54:54,629 - gmail_import - ERROR - Error storing email 19581aa589288178: 'str' object has no attribute 'get'
2025-03-17 17:54:54,732 - gmail_import - ERROR - Error storing email 19581a18f67a3ee4: 'str' object has no attribute 'get'
2025-03-17 17:54:54,836 - gmail_import - ERROR - Error storing email 19581954b76568dc: 'str' object has no attribute 'get'
2025-03-17 17:54:54,939 - gmail_import - ERROR - Error storing email 19581891e5e44df6: 'str' object has no attribute 'get'
2025-03-17 17:54:55,041 - gmail_import - ERROR - Error storing email 19581622bcfaacc2: 'str' object has no attribute 'get'
2025-03-17 17:54:55,143 - gmail_import - ERROR - Error storing email 1958154c2e29f365: 'str' object has no attribute 'get'
2025-03-17 17:54:55,245 - gmail_import - ERROR - Error storing email 1958143bb995f31d: 'str' object has no attribute 'get'
2025-03-17 17:54:55,349 - gmail_import - ERROR - Error storing email 1958139c925d4fcc: 'str' object has no attribute 'get'
2025-03-17 17:54:55,455 - gmail_import - ERROR - Error storing email 1958136654853802: 'str' object has no attribute 'get'
2025-03-17 17:54:55,556 - gmail_import - ERROR - Error storing email 1958135c272db0e3: 'str' object has no attribute 'get'
2025-03-17 17:54:55,773 - gmail_import - ERROR - Error storing email 1958128b89e02762: 'str' object has no attribute 'get'
2025-03-17 17:54:55,874 - gmail_import - INFO - Processed sub-batch 1, Success: 0, Errors: 11
2025-03-17 17:54:55,874 - gmail_import - INFO - Batch 500-511: Success=0, Errors=11
2025-03-17 17:54:55,874 - gmail_import - INFO - Import batch import_20250317_174332_61774 completed successfully
2025-03-17 17:54:55,874 - gmail_import - INFO - Database connection closed
