2025-03-17 10:45:01,627 - gmail_import - INFO - Starting Gmail import: looking back 1 days, max 100 emails
2025-03-17 10:45:01,627 - gmail_import - INFO - Using database: /Users/srvo/dewey_emails.duckdb
2025-03-17 10:45:01,799 - gmail_import - INFO - Using token from /Users/srvo/dewey/token.json
2025-03-17 10:45:01,803 - gmail_import - INFO - Refreshing expired credentials
2025-03-17 10:45:02,268 - gmail_import - INFO - Importing emails from 2025/03/16 to 2025/03/17
2025-03-17 10:45:02,269 - gmail_import - INFO - Including sent emails
2025-03-17 10:45:02,759 - gmail_import - INFO - Fetched 100 messages, total: 100
2025-03-17 10:45:02,760 - gmail_import - INFO - Found 100 emails, fetching details...
2025-03-17 10:45:07,211 - gmail_import - INFO - Processing message 10/100
2025-03-17 10:45:11,542 - gmail_import - INFO - Processing message 20/100
2025-03-17 10:45:16,789 - gmail_import - INFO - Processing message 30/100
2025-03-17 10:45:22,175 - gmail_import - INFO - Processing message 40/100
2025-03-17 10:45:27,384 - gmail_import - INFO - Processing message 50/100
2025-03-17 10:45:32,546 - gmail_import - INFO - Processing message 60/100
2025-03-17 10:45:37,756 - gmail_import - INFO - Processing message 70/100
2025-03-17 10:45:43,311 - gmail_import - INFO - Processing message 80/100
2025-03-17 10:45:48,975 - gmail_import - INFO - Processing message 90/100
2025-03-17 10:45:54,524 - gmail_import - INFO - Processing message 100/100
2025-03-17 10:45:55,102 - gmail_import - INFO - Found 46 emails to process
2025-03-17 10:45:55,102 - gmail_import - INFO - Processing batch of 46 emails (indices 0-45)
2025-03-17 10:45:55,828 - gmail_import - INFO - Email 195a4dc18cb1796c already exists in database
2025-03-17 10:45:56,390 - gmail_import - INFO - Email 195a4db746f35315 already exists in database
2025-03-17 10:45:57,017 - gmail_import - INFO - Email 195a4c41cf5a772b already exists in database
2025-03-17 10:45:57,534 - gmail_import - INFO - Email 195a4affb507045c already exists in database
2025-03-17 10:45:58,126 - gmail_import - INFO - Email 195a49fe840f4ff8 already exists in database
2025-03-17 10:45:58,624 - gmail_import - INFO - Email 195a48527a3b6697 already exists in database
2025-03-17 10:45:59,123 - gmail_import - INFO - Email 195a470b189f06f6 already exists in database
2025-03-17 10:45:59,669 - gmail_import - INFO - Email 195a45054830c274 already exists in database
2025-03-17 10:46:00,385 - gmail_import - INFO - Email 195a428a02559237 already exists in database
2025-03-17 10:46:00,908 - gmail_import - INFO - Email 195a41c3f90ab669 already exists in database
2025-03-17 10:46:01,490 - gmail_import - INFO - Email 195a41c2a4a084a1 already exists in database
2025-03-17 10:46:02,020 - gmail_import - INFO - Email 195a3e148577d5bd already exists in database
2025-03-17 10:46:02,514 - gmail_import - INFO - Email 195a3932b70eb73f already exists in database
2025-03-17 10:46:03,033 - gmail_import - INFO - Email 195a38dc5277adb1 already exists in database
2025-03-17 10:46:03,544 - gmail_import - INFO - Email 195a38cdf5681da1 already exists in database
2025-03-17 10:46:04,091 - gmail_import - INFO - Email 195a369bdd5177e1 already exists in database
2025-03-17 10:46:04,554 - gmail_import - INFO - Email 195a363cd752ffff already exists in database
2025-03-17 10:46:04,935 - gmail_import - INFO - Email 195a363c4486d029 already exists in database
2025-03-17 10:46:05,414 - gmail_import - INFO - Email 195a2ef7cc9b6f1f already exists in database
2025-03-17 10:46:05,920 - gmail_import - INFO - Email 195a2e95cd7c706f already exists in database
2025-03-17 10:46:06,354 - gmail_import - INFO - Email 195a26e3e1d940cd already exists in database
2025-03-17 10:46:06,868 - gmail_import - INFO - Email 195a2612f74e0f2c already exists in database
2025-03-17 10:46:07,434 - gmail_import - INFO - Email 195a23a24ab4733f already exists in database
2025-03-17 10:46:07,899 - gmail_import - INFO - Email 195a1d777299e927 already exists in database
2025-03-17 10:46:08,432 - gmail_import - INFO - Email 195a1c0ae7e73467 already exists in database
2025-03-17 10:46:08,955 - gmail_import - INFO - Email 195a1bab38c60270 already exists in database
2025-03-17 10:46:09,477 - gmail_import - INFO - Email 195a1aff2933dc4f already exists in database
2025-03-17 10:46:09,993 - gmail_import - INFO - Email 195a1959fcd09064 already exists in database
2025-03-17 10:46:10,523 - gmail_import - INFO - Email 195a0c650f76ea1f already exists in database
2025-03-17 10:46:11,108 - gmail_import - INFO - Email 195a0bc6ea1f1009 already exists in database
2025-03-17 10:46:11,913 - gmail_import - INFO - Email 195a08d16852a601 already exists in database
2025-03-17 10:46:12,423 - gmail_import - INFO - Email 195a056a82276948 already exists in database
2025-03-17 10:46:12,942 - gmail_import - INFO - Email 195a0213d8970da9 already exists in database
2025-03-17 10:46:13,375 - gmail_import - INFO - Email 195a006a3b92c3b4 already exists in database
2025-03-17 10:46:13,856 - gmail_import - INFO - Email 1959fe5da21e85c1 already exists in database
2025-03-17 10:46:14,318 - gmail_import - INFO - Email 1959fb1a5c989020 already exists in database
2025-03-17 10:46:14,742 - gmail_import - INFO - Email 1959fad2760d0db1 already exists in database
2025-03-17 10:46:15,247 - gmail_import - INFO - Email 1959fa23e8d7df2b already exists in database
2025-03-17 10:46:15,748 - gmail_import - INFO - Email 1959f7b1d2719e5b already exists in database
2025-03-17 10:46:16,213 - gmail_import - INFO - Email 1959f7852f0e8200 already exists in database
2025-03-17 10:46:16,718 - gmail_import - INFO - Email 1959f72b09226031 already exists in database
2025-03-17 10:46:17,202 - gmail_import - INFO - Email 1959f4c18d0b41c9 already exists in database
2025-03-17 10:46:17,756 - gmail_import - INFO - Email 1959f49a92f64c77 already exists in database
2025-03-17 10:46:18,328 - gmail_import - INFO - Email 1959f4766f3848ef already exists in database
2025-03-17 10:46:18,943 - gmail_import - INFO - Email 1959f36c9cefca39 already exists in database
2025-03-17 10:46:19,469 - gmail_import - INFO - Email 1959f0a9b985a4dc already exists in database
2025-03-17 10:46:19,699 - gmail_import - INFO - Batch complete. Imported 0/46 emails
2025-03-17 10:46:19,700 - gmail_import - INFO - Gmail import completed successfully. Processed 46 emails.
