2025-03-17 18:15:03,478 - gmail_import - INFO - Connecting to MotherDuck database: md:dewey
2025-03-17 18:15:04,557 - gmail_import - INFO - Successfully connected to MotherDuck
2025-03-17 18:15:05,314 - gmail_import - INFO - Dropped existing email_analyses table
2025-03-17 18:15:05,754 - gmail_import - INFO - Created email_analyses table with updated schema
2025-03-17 18:15:08,257 - gmail_import - INFO - Connected to database at md:dewey
2025-03-17 18:15:08,257 - gmail_import - INFO - Using token from /Users/srvo/dewey/token.json
2025-03-17 18:15:08,260 - gmail_import - INFO - Refreshing expired credentials
2025-03-17 18:15:08,471 - gmail_import - INFO - Importing all historical emails
2025-03-17 18:15:08,471 - gmail_import - INFO - Including sent emails
2025-03-17 18:15:08,840 - gmail_import - INFO - Fetched 500 messages, total: 500
2025-03-17 18:15:09,618 - gmail_import - INFO - Fetched 500 messages, total: 1000
2025-03-17 18:15:10,383 - gmail_import - INFO - Fetched 500 messages, total: 1500
2025-03-17 18:15:11,175 - gmail_import - INFO - Fetched 500 messages, total: 2000
2025-03-17 18:15:11,931 - gmail_import - INFO - Fetched 500 messages, total: 2500
2025-03-17 18:15:12,736 - gmail_import - INFO - Fetched 500 messages, total: 3000
2025-03-17 18:15:13,496 - gmail_import - INFO - Fetched 500 messages, total: 3500
2025-03-17 18:15:14,309 - gmail_import - INFO - Fetched 500 messages, total: 4000
2025-03-17 18:15:15,072 - gmail_import - INFO - Fetched 500 messages, total: 4500
2025-03-17 18:15:15,858 - gmail_import - INFO - Fetched 500 messages, total: 5000
2025-03-17 18:15:16,615 - gmail_import - INFO - Fetched 500 messages, total: 5500
2025-03-17 18:15:17,395 - gmail_import - INFO - Fetched 500 messages, total: 6000
2025-03-17 18:15:18,178 - gmail_import - INFO - Fetched 500 messages, total: 6500
2025-03-17 18:15:18,957 - gmail_import - INFO - Fetched 500 messages, total: 7000
2025-03-17 18:15:19,735 - gmail_import - INFO - Fetched 500 messages, total: 7500
2025-03-17 18:15:20,492 - gmail_import - INFO - Fetched 500 messages, total: 8000
2025-03-17 18:15:21,236 - gmail_import - INFO - Fetched 500 messages, total: 8500
2025-03-17 18:15:22,015 - gmail_import - INFO - Fetched 500 messages, total: 9000
2025-03-17 18:15:22,794 - gmail_import - INFO - Fetched 500 messages, total: 9500
2025-03-17 18:15:23,624 - gmail_import - INFO - Fetched 500 messages, total: 10000
2025-03-17 18:15:24,398 - gmail_import - INFO - Fetched 500 messages, total: 10500
2025-03-17 18:15:25,167 - gmail_import - INFO - Fetched 500 messages, total: 11000
2025-03-17 18:15:25,959 - gmail_import - INFO - Fetched 500 messages, total: 11500
2025-03-17 18:15:26,749 - gmail_import - INFO - Fetched 500 messages, total: 12000
2025-03-17 18:15:27,519 - gmail_import - INFO - Fetched 500 messages, total: 12500
2025-03-17 18:15:28,293 - gmail_import - INFO - Fetched 500 messages, total: 13000
2025-03-17 18:15:29,070 - gmail_import - INFO - Fetched 500 messages, total: 13500
2025-03-17 18:15:29,842 - gmail_import - INFO - Fetched 500 messages, total: 14000
2025-03-17 18:15:30,611 - gmail_import - INFO - Fetched 500 messages, total: 14500
2025-03-17 18:15:31,367 - gmail_import - INFO - Fetched 500 messages, total: 15000
2025-03-17 18:15:32,119 - gmail_import - INFO - Fetched 500 messages, total: 15500
2025-03-17 18:15:32,885 - gmail_import - INFO - Fetched 500 messages, total: 16000
2025-03-17 18:15:33,631 - gmail_import - INFO - Fetched 500 messages, total: 16500
2025-03-17 18:15:34,384 - gmail_import - INFO - Fetched 500 messages, total: 17000
2025-03-17 18:15:35,161 - gmail_import - INFO - Fetched 500 messages, total: 17500
2025-03-17 18:15:35,930 - gmail_import - INFO - Fetched 500 messages, total: 18000
2025-03-17 18:15:36,676 - gmail_import - INFO - Fetched 500 messages, total: 18500
2025-03-17 18:15:37,429 - gmail_import - INFO - Fetched 500 messages, total: 19000
2025-03-17 18:15:38,193 - gmail_import - INFO - Fetched 500 messages, total: 19500
2025-03-17 18:15:38,942 - gmail_import - INFO - Fetched 500 messages, total: 20000
2025-03-17 18:15:39,710 - gmail_import - INFO - Fetched 500 messages, total: 20500
2025-03-17 18:15:40,501 - gmail_import - INFO - Fetched 500 messages, total: 21000
2025-03-17 18:15:41,244 - gmail_import - INFO - Fetched 500 messages, total: 21500
2025-03-17 18:15:42,002 - gmail_import - INFO - Fetched 500 messages, total: 22000
2025-03-17 18:15:42,774 - gmail_import - INFO - Fetched 500 messages, total: 22500
2025-03-17 18:15:43,510 - gmail_import - INFO - Fetched 500 messages, total: 23000
2025-03-17 18:15:44,289 - gmail_import - INFO - Fetched 500 messages, total: 23500
2025-03-17 18:15:45,092 - gmail_import - INFO - Fetched 500 messages, total: 24000
2025-03-17 18:15:45,884 - gmail_import - INFO - Fetched 500 messages, total: 24500
2025-03-17 18:15:46,690 - gmail_import - INFO - Fetched 500 messages, total: 25000
2025-03-17 18:15:47,480 - gmail_import - INFO - Fetched 500 messages, total: 25500
2025-03-17 18:15:48,266 - gmail_import - INFO - Fetched 500 messages, total: 26000
2025-03-17 18:15:49,034 - gmail_import - INFO - Fetched 500 messages, total: 26500
2025-03-17 18:15:50,162 - gmail_import - INFO - Fetched 500 messages, total: 27000
2025-03-17 18:15:50,962 - gmail_import - INFO - Fetched 500 messages, total: 27500
2025-03-17 18:15:51,723 - gmail_import - INFO - Fetched 500 messages, total: 28000
2025-03-17 18:15:52,510 - gmail_import - INFO - Fetched 500 messages, total: 28500
2025-03-17 18:15:53,294 - gmail_import - INFO - Fetched 500 messages, total: 29000
2025-03-17 18:15:54,080 - gmail_import - INFO - Fetched 500 messages, total: 29500
2025-03-17 18:15:54,859 - gmail_import - INFO - Fetched 500 messages, total: 30000
2025-03-17 18:15:55,633 - gmail_import - INFO - Fetched 500 messages, total: 30500
2025-03-17 18:15:56,384 - gmail_import - INFO - Fetched 500 messages, total: 31000
2025-03-17 18:15:57,146 - gmail_import - INFO - Fetched 500 messages, total: 31500
2025-03-17 18:15:57,902 - gmail_import - INFO - Fetched 500 messages, total: 32000
2025-03-17 18:15:58,666 - gmail_import - INFO - Fetched 500 messages, total: 32500
2025-03-17 18:15:59,419 - gmail_import - INFO - Fetched 500 messages, total: 33000
2025-03-17 18:16:00,184 - gmail_import - INFO - Fetched 500 messages, total: 33500
2025-03-17 18:16:00,920 - gmail_import - INFO - Fetched 500 messages, total: 34000
2025-03-17 18:16:01,748 - gmail_import - INFO - Fetched 500 messages, total: 34500
2025-03-17 18:16:02,538 - gmail_import - INFO - Fetched 500 messages, total: 35000
2025-03-17 18:16:03,316 - gmail_import - INFO - Fetched 500 messages, total: 35500
2025-03-17 18:16:04,074 - gmail_import - INFO - Fetched 500 messages, total: 36000
2025-03-17 18:16:04,831 - gmail_import - INFO - Fetched 500 messages, total: 36500
2025-03-17 18:16:05,599 - gmail_import - INFO - Fetched 500 messages, total: 37000
2025-03-17 18:16:06,346 - gmail_import - INFO - Fetched 500 messages, total: 37500
2025-03-17 18:16:07,109 - gmail_import - INFO - Fetched 500 messages, total: 38000
2025-03-17 18:16:07,872 - gmail_import - INFO - Fetched 500 messages, total: 38500
2025-03-17 18:16:08,645 - gmail_import - INFO - Fetched 500 messages, total: 39000
2025-03-17 18:16:09,413 - gmail_import - INFO - Fetched 500 messages, total: 39500
2025-03-17 18:16:10,170 - gmail_import - INFO - Fetched 500 messages, total: 40000
2025-03-17 18:16:10,930 - gmail_import - INFO - Fetched 500 messages, total: 40500
2025-03-17 18:16:11,683 - gmail_import - INFO - Fetched 500 messages, total: 41000
2025-03-17 18:16:12,458 - gmail_import - INFO - Fetched 500 messages, total: 41500
2025-03-17 18:16:13,214 - gmail_import - INFO - Fetched 500 messages, total: 42000
2025-03-17 18:16:13,968 - gmail_import - INFO - Fetched 500 messages, total: 42500
2025-03-17 18:16:14,735 - gmail_import - INFO - Fetched 500 messages, total: 43000
2025-03-17 18:16:15,500 - gmail_import - INFO - Fetched 500 messages, total: 43500
2025-03-17 18:16:16,284 - gmail_import - INFO - Fetched 500 messages, total: 44000
2025-03-17 18:16:17,097 - gmail_import - INFO - Fetched 500 messages, total: 44500
2025-03-17 18:16:17,856 - gmail_import - INFO - Fetched 500 messages, total: 45000
2025-03-17 18:16:18,611 - gmail_import - INFO - Fetched 500 messages, total: 45500
2025-03-17 18:16:19,365 - gmail_import - INFO - Fetched 500 messages, total: 46000
2025-03-17 18:16:20,147 - gmail_import - INFO - Fetched 500 messages, total: 46500
2025-03-17 18:16:21,064 - gmail_import - INFO - Fetched 500 messages, total: 47000
2025-03-17 18:16:21,878 - gmail_import - INFO - Fetched 500 messages, total: 47500
2025-03-17 18:16:22,625 - gmail_import - INFO - Fetched 500 messages, total: 48000
2025-03-17 18:16:23,409 - gmail_import - INFO - Fetched 500 messages, total: 48500
2025-03-17 18:16:24,164 - gmail_import - INFO - Fetched 500 messages, total: 49000
2025-03-17 18:16:24,935 - gmail_import - INFO - Fetched 500 messages, total: 49500
2025-03-17 18:16:25,704 - gmail_import - INFO - Fetched 500 messages, total: 50000
2025-03-17 18:16:26,494 - gmail_import - INFO - Fetched 500 messages, total: 50500
2025-03-17 18:16:27,254 - gmail_import - INFO - Fetched 500 messages, total: 51000
2025-03-17 18:16:28,014 - gmail_import - INFO - Fetched 500 messages, total: 51500
2025-03-17 18:16:28,770 - gmail_import - INFO - Fetched 500 messages, total: 52000
2025-03-17 18:16:29,542 - gmail_import - INFO - Fetched 500 messages, total: 52500
2025-03-17 18:16:30,293 - gmail_import - INFO - Fetched 500 messages, total: 53000
2025-03-17 18:16:31,044 - gmail_import - INFO - Fetched 500 messages, total: 53500
2025-03-17 18:16:31,813 - gmail_import - INFO - Fetched 500 messages, total: 54000
2025-03-17 18:16:32,569 - gmail_import - INFO - Fetched 500 messages, total: 54500
2025-03-17 18:16:33,322 - gmail_import - INFO - Fetched 500 messages, total: 55000
2025-03-17 18:16:34,064 - gmail_import - INFO - Fetched 500 messages, total: 55500
2025-03-17 18:16:34,826 - gmail_import - INFO - Fetched 500 messages, total: 56000
2025-03-17 18:16:35,607 - gmail_import - INFO - Fetched 500 messages, total: 56500
2025-03-17 18:16:36,348 - gmail_import - INFO - Fetched 500 messages, total: 57000
2025-03-17 18:16:37,079 - gmail_import - INFO - Fetched 238 messages, total: 57238
2025-03-17 18:16:37,080 - gmail_import - INFO - Found 57238 emails, fetching details...
2025-03-17 18:16:39,501 - gmail_import - INFO - Processing message 10/57238
2025-03-17 18:16:42,138 - gmail_import - INFO - Processing message 20/57238
2025-03-17 18:16:44,817 - gmail_import - INFO - Processing message 30/57238
2025-03-17 18:16:47,522 - gmail_import - INFO - Processing message 40/57238
2025-03-17 18:16:50,206 - gmail_import - INFO - Processing message 50/57238
2025-03-17 18:16:52,838 - gmail_import - INFO - Processing message 60/57238
2025-03-17 18:16:55,523 - gmail_import - INFO - Processing message 70/57238
2025-03-17 18:16:58,193 - gmail_import - INFO - Processing message 80/57238
2025-03-17 18:17:00,867 - gmail_import - INFO - Processing message 90/57238
2025-03-17 18:17:03,589 - gmail_import - INFO - Processing message 100/57238
2025-03-17 18:17:06,321 - gmail_import - INFO - Processing message 110/57238
2025-03-17 18:17:08,956 - gmail_import - INFO - Processing message 120/57238
2025-03-17 18:17:11,625 - gmail_import - INFO - Processing message 130/57238
2025-03-17 18:17:14,320 - gmail_import - INFO - Processing message 140/57238
2025-03-17 18:17:17,002 - gmail_import - INFO - Processing message 150/57238
2025-03-17 18:17:19,700 - gmail_import - INFO - Processing message 160/57238
2025-03-17 18:17:22,360 - gmail_import - INFO - Processing message 170/57238
2025-03-17 18:17:25,072 - gmail_import - INFO - Processing message 180/57238
2025-03-17 18:17:27,692 - gmail_import - INFO - Processing message 190/57238
2025-03-17 18:17:30,397 - gmail_import - INFO - Processing message 200/57238
2025-03-17 18:17:33,071 - gmail_import - INFO - Processing message 210/57238
2025-03-17 18:17:35,758 - gmail_import - INFO - Processing message 220/57238
2025-03-17 18:17:38,463 - gmail_import - INFO - Processing message 230/57238
2025-03-17 18:17:41,137 - gmail_import - INFO - Processing message 240/57238
2025-03-17 18:17:43,845 - gmail_import - INFO - Processing message 250/57238
2025-03-17 18:17:46,521 - gmail_import - INFO - Processing message 260/57238
2025-03-17 18:17:49,216 - gmail_import - INFO - Processing message 270/57238
2025-03-17 18:17:51,904 - gmail_import - INFO - Processing message 280/57238
2025-03-17 18:17:54,581 - gmail_import - INFO - Processing message 290/57238
2025-03-17 18:17:57,232 - gmail_import - INFO - Processing message 300/57238
2025-03-17 18:17:59,928 - gmail_import - INFO - Processing message 310/57238
2025-03-17 18:18:02,630 - gmail_import - INFO - Processing message 320/57238
2025-03-17 18:18:05,316 - gmail_import - INFO - Processing message 330/57238
2025-03-17 18:18:08,042 - gmail_import - INFO - Processing message 340/57238
2025-03-17 18:18:10,676 - gmail_import - INFO - Processing message 350/57238
2025-03-17 18:18:13,324 - gmail_import - INFO - Processing message 360/57238
2025-03-17 18:18:16,010 - gmail_import - INFO - Processing message 370/57238
2025-03-17 18:18:18,725 - gmail_import - INFO - Processing message 380/57238
2025-03-17 18:18:21,330 - gmail_import - INFO - Processing message 390/57238
2025-03-17 18:18:24,005 - gmail_import - INFO - Processing message 400/57238
2025-03-17 18:18:26,616 - gmail_import - INFO - Processing message 410/57238
2025-03-17 18:18:29,311 - gmail_import - INFO - Processing message 420/57238
2025-03-17 18:18:31,905 - gmail_import - INFO - Processing message 430/57238
2025-03-17 18:18:34,602 - gmail_import - INFO - Processing message 440/57238
2025-03-17 18:18:37,292 - gmail_import - INFO - Processing message 450/57238
2025-03-17 18:18:39,999 - gmail_import - INFO - Processing message 460/57238
2025-03-17 18:18:42,643 - gmail_import - INFO - Processing message 470/57238
2025-03-17 18:18:45,338 - gmail_import - INFO - Processing message 480/57238
2025-03-17 18:18:48,031 - gmail_import - INFO - Processing message 490/57238
2025-03-17 18:18:50,702 - gmail_import - INFO - Processing message 500/57238
2025-03-17 18:18:53,363 - gmail_import - INFO - Processing message 510/57238
2025-03-17 18:18:55,985 - gmail_import - INFO - Processing message 520/57238
2025-03-17 18:18:58,711 - gmail_import - INFO - Processing message 530/57238
2025-03-17 18:19:01,380 - gmail_import - INFO - Processing message 540/57238
2025-03-17 18:19:04,090 - gmail_import - INFO - Processing message 550/57238
2025-03-17 18:19:06,795 - gmail_import - INFO - Processing message 560/57238
2025-03-17 18:19:09,510 - gmail_import - INFO - Processing message 570/57238
2025-03-17 18:19:12,172 - gmail_import - INFO - Processing message 580/57238
2025-03-17 18:19:14,880 - gmail_import - INFO - Processing message 590/57238
2025-03-17 18:19:17,584 - gmail_import - INFO - Processing message 600/57238
2025-03-17 18:19:20,265 - gmail_import - INFO - Processing message 610/57238
2025-03-17 18:19:22,952 - gmail_import - INFO - Processing message 620/57238
2025-03-17 18:19:25,591 - gmail_import - INFO - Processing message 630/57238
2025-03-17 18:19:28,238 - gmail_import - INFO - Processing message 640/57238
2025-03-17 18:19:30,909 - gmail_import - INFO - Processing message 650/57238
2025-03-17 18:19:33,558 - gmail_import - INFO - Processing message 660/57238
2025-03-17 18:19:36,224 - gmail_import - INFO - Processing message 670/57238
2025-03-17 18:19:38,900 - gmail_import - INFO - Processing message 680/57238
2025-03-17 18:19:41,586 - gmail_import - INFO - Processing message 690/57238
2025-03-17 18:19:44,286 - gmail_import - INFO - Processing message 700/57238
2025-03-17 18:19:46,924 - gmail_import - INFO - Processing message 710/57238
2025-03-17 18:19:49,576 - gmail_import - INFO - Processing message 720/57238
2025-03-17 18:19:52,280 - gmail_import - INFO - Processing message 730/57238
2025-03-17 18:19:54,923 - gmail_import - INFO - Processing message 740/57238
2025-03-17 18:19:57,622 - gmail_import - INFO - Processing message 750/57238
2025-03-17 18:20:00,324 - gmail_import - INFO - Processing message 760/57238
2025-03-17 18:20:02,925 - gmail_import - INFO - Processing message 770/57238
2025-03-17 18:20:05,615 - gmail_import - INFO - Processing message 780/57238
2025-03-17 18:20:08,308 - gmail_import - INFO - Processing message 790/57238
2025-03-17 18:20:10,943 - gmail_import - INFO - Processing message 800/57238
2025-03-17 18:20:13,597 - gmail_import - INFO - Processing message 810/57238
2025-03-17 18:20:16,209 - gmail_import - INFO - Processing message 820/57238
2025-03-17 18:20:18,849 - gmail_import - INFO - Processing message 830/57238
2025-03-17 18:20:21,546 - gmail_import - INFO - Processing message 840/57238
2025-03-17 18:20:24,144 - gmail_import - INFO - Processing message 850/57238
2025-03-17 18:20:26,799 - gmail_import - INFO - Processing message 860/57238
2025-03-17 18:20:29,455 - gmail_import - INFO - Processing message 870/57238
2025-03-17 18:20:32,111 - gmail_import - INFO - Processing message 880/57238
2025-03-17 18:20:34,781 - gmail_import - INFO - Processing message 890/57238
2025-03-17 18:20:37,496 - gmail_import - INFO - Processing message 900/57238
2025-03-17 18:20:40,184 - gmail_import - INFO - Processing message 910/57238
2025-03-17 18:20:42,837 - gmail_import - INFO - Processing message 920/57238
2025-03-17 18:20:45,521 - gmail_import - INFO - Processing message 930/57238
2025-03-17 18:20:48,205 - gmail_import - INFO - Processing message 940/57238
2025-03-17 18:20:50,873 - gmail_import - INFO - Processing message 950/57238
2025-03-17 18:20:53,558 - gmail_import - INFO - Processing message 960/57238
2025-03-17 18:20:56,243 - gmail_import - INFO - Processing message 970/57238
2025-03-17 18:20:58,858 - gmail_import - INFO - Processing message 980/57238
2025-03-17 18:21:01,565 - gmail_import - INFO - Processing message 990/57238
2025-03-17 18:21:04,278 - gmail_import - INFO - Processing message 1000/57238
2025-03-17 18:21:06,972 - gmail_import - INFO - Processing message 1010/57238
2025-03-17 18:21:09,684 - gmail_import - INFO - Processing message 1020/57238
2025-03-17 18:21:12,378 - gmail_import - INFO - Processing message 1030/57238
2025-03-17 18:21:15,087 - gmail_import - INFO - Processing message 1040/57238
2025-03-17 18:21:17,801 - gmail_import - INFO - Processing message 1050/57238
2025-03-17 18:21:20,503 - gmail_import - INFO - Processing message 1060/57238
2025-03-17 18:21:23,138 - gmail_import - INFO - Processing message 1070/57238
2025-03-17 18:21:25,847 - gmail_import - INFO - Processing message 1080/57238
2025-03-17 18:21:28,507 - gmail_import - INFO - Processing message 1090/57238
2025-03-17 18:21:31,210 - gmail_import - INFO - Processing message 1100/57238
2025-03-17 18:21:33,886 - gmail_import - INFO - Processing message 1110/57238
2025-03-17 18:21:36,561 - gmail_import - INFO - Processing message 1120/57238
2025-03-17 18:21:39,280 - gmail_import - INFO - Processing message 1130/57238
2025-03-17 18:21:41,962 - gmail_import - INFO - Processing message 1140/57238
2025-03-17 18:21:44,622 - gmail_import - INFO - Processing message 1150/57238
2025-03-17 18:21:47,297 - gmail_import - INFO - Processing message 1160/57238
2025-03-17 18:21:49,977 - gmail_import - INFO - Processing message 1170/57238
2025-03-17 18:21:52,669 - gmail_import - INFO - Processing message 1180/57238
2025-03-17 18:21:55,361 - gmail_import - INFO - Processing message 1190/57238
2025-03-17 18:21:58,038 - gmail_import - INFO - Processing message 1200/57238
2025-03-17 18:22:00,697 - gmail_import - INFO - Processing message 1210/57238
2025-03-17 18:22:03,324 - gmail_import - INFO - Processing message 1220/57238
2025-03-17 18:22:05,989 - gmail_import - INFO - Processing message 1230/57238
2025-03-17 18:22:08,665 - gmail_import - INFO - Processing message 1240/57238
2025-03-17 18:22:11,319 - gmail_import - INFO - Processing message 1250/57238
2025-03-17 18:22:14,024 - gmail_import - INFO - Processing message 1260/57238
2025-03-17 18:22:16,705 - gmail_import - INFO - Processing message 1270/57238
2025-03-17 18:22:19,392 - gmail_import - INFO - Processing message 1280/57238
2025-03-17 18:22:22,121 - gmail_import - INFO - Processing message 1290/57238
2025-03-17 18:22:24,832 - gmail_import - INFO - Processing message 1300/57238
2025-03-17 18:22:27,595 - gmail_import - INFO - Processing message 1310/57238
2025-03-17 18:22:30,524 - gmail_import - INFO - Processing message 1320/57238
2025-03-17 18:22:33,218 - gmail_import - INFO - Processing message 1330/57238
2025-03-17 18:22:35,941 - gmail_import - INFO - Processing message 1340/57238
2025-03-17 18:22:38,580 - gmail_import - INFO - Processing message 1350/57238
2025-03-17 18:22:41,165 - gmail_import - INFO - Processing message 1360/57238
2025-03-17 18:22:43,808 - gmail_import - INFO - Processing message 1370/57238
2025-03-17 18:22:46,442 - gmail_import - INFO - Processing message 1380/57238
2025-03-17 18:22:49,138 - gmail_import - INFO - Processing message 1390/57238
2025-03-17 18:22:51,834 - gmail_import - INFO - Processing message 1400/57238
2025-03-17 18:22:54,505 - gmail_import - INFO - Processing message 1410/57238
2025-03-17 18:22:57,197 - gmail_import - INFO - Processing message 1420/57238
2025-03-17 18:22:59,890 - gmail_import - INFO - Processing message 1430/57238
2025-03-17 18:23:02,575 - gmail_import - INFO - Processing message 1440/57238
2025-03-17 18:23:05,271 - gmail_import - INFO - Processing message 1450/57238
2025-03-17 18:23:07,992 - gmail_import - INFO - Processing message 1460/57238
2025-03-17 18:23:10,658 - gmail_import - INFO - Processing message 1470/57238
2025-03-17 18:23:13,321 - gmail_import - INFO - Processing message 1480/57238
2025-03-17 18:23:15,982 - gmail_import - INFO - Processing message 1490/57238
2025-03-17 18:23:18,672 - gmail_import - INFO - Processing message 1500/57238
2025-03-17 18:23:21,335 - gmail_import - INFO - Processing message 1510/57238
2025-03-17 18:23:24,009 - gmail_import - INFO - Processing message 1520/57238
2025-03-17 18:23:26,690 - gmail_import - INFO - Processing message 1530/57238
2025-03-17 18:23:29,333 - gmail_import - INFO - Processing message 1540/57238
2025-03-17 18:23:31,965 - gmail_import - INFO - Processing message 1550/57238
2025-03-17 18:23:34,632 - gmail_import - INFO - Processing message 1560/57238
2025-03-17 18:23:37,352 - gmail_import - INFO - Processing message 1570/57238
2025-03-17 18:23:40,012 - gmail_import - INFO - Processing message 1580/57238
2025-03-17 18:23:42,725 - gmail_import - INFO - Processing message 1590/57238
2025-03-17 18:23:45,401 - gmail_import - INFO - Processing message 1600/57238
2025-03-17 18:23:48,110 - gmail_import - INFO - Processing message 1610/57238
2025-03-17 18:23:50,812 - gmail_import - INFO - Processing message 1620/57238
2025-03-17 18:23:53,495 - gmail_import - INFO - Processing message 1630/57238
2025-03-17 18:23:56,197 - gmail_import - INFO - Processing message 1640/57238
2025-03-17 18:23:58,855 - gmail_import - INFO - Processing message 1650/57238
2025-03-17 18:24:01,544 - gmail_import - INFO - Processing message 1660/57238
2025-03-17 18:24:04,245 - gmail_import - INFO - Processing message 1670/57238
2025-03-17 18:24:06,884 - gmail_import - INFO - Processing message 1680/57238
2025-03-17 18:24:09,570 - gmail_import - INFO - Processing message 1690/57238
2025-03-17 18:24:12,282 - gmail_import - INFO - Processing message 1700/57238
2025-03-17 18:24:14,962 - gmail_import - INFO - Processing message 1710/57238
2025-03-17 18:24:17,647 - gmail_import - INFO - Processing message 1720/57238
2025-03-17 18:24:20,305 - gmail_import - INFO - Processing message 1730/57238
2025-03-17 18:24:23,009 - gmail_import - INFO - Processing message 1740/57238
2025-03-17 18:24:25,669 - gmail_import - INFO - Processing message 1750/57238
2025-03-17 18:24:28,334 - gmail_import - INFO - Processing message 1760/57238
2025-03-17 18:24:31,033 - gmail_import - INFO - Processing message 1770/57238
2025-03-17 18:24:33,700 - gmail_import - INFO - Processing message 1780/57238
2025-03-17 18:24:36,419 - gmail_import - INFO - Processing message 1790/57238
2025-03-17 18:24:39,088 - gmail_import - INFO - Processing message 1800/57238
2025-03-17 18:24:41,804 - gmail_import - INFO - Processing message 1810/57238
2025-03-17 18:24:44,378 - gmail_import - INFO - Processing message 1820/57238
2025-03-17 18:24:46,997 - gmail_import - INFO - Processing message 1830/57238
2025-03-17 18:24:49,636 - gmail_import - INFO - Processing message 1840/57238
2025-03-17 18:24:52,314 - gmail_import - INFO - Processing message 1850/57238
2025-03-17 18:24:54,976 - gmail_import - INFO - Processing message 1860/57238
2025-03-17 18:24:57,585 - gmail_import - INFO - Processing message 1870/57238
2025-03-17 18:25:00,293 - gmail_import - INFO - Processing message 1880/57238
2025-03-17 18:25:02,953 - gmail_import - INFO - Processing message 1890/57238
2025-03-17 18:25:05,655 - gmail_import - INFO - Processing message 1900/57238
2025-03-17 18:25:08,267 - gmail_import - INFO - Processing message 1910/57238
2025-03-17 18:25:10,882 - gmail_import - INFO - Processing message 1920/57238
2025-03-17 18:25:13,566 - gmail_import - INFO - Processing message 1930/57238
2025-03-17 18:25:16,225 - gmail_import - INFO - Processing message 1940/57238
2025-03-17 18:25:18,919 - gmail_import - INFO - Processing message 1950/57238
2025-03-17 18:25:21,602 - gmail_import - INFO - Processing message 1960/57238
2025-03-17 18:25:24,202 - gmail_import - INFO - Processing message 1970/57238
2025-03-17 18:25:26,857 - gmail_import - INFO - Processing message 1980/57238
2025-03-17 18:25:29,576 - gmail_import - INFO - Processing message 1990/57238
2025-03-17 18:25:32,225 - gmail_import - INFO - Processing message 2000/57238
2025-03-17 18:25:34,910 - gmail_import - INFO - Processing message 2010/57238
2025-03-17 18:25:37,562 - gmail_import - INFO - Processing message 2020/57238
2025-03-17 18:25:40,195 - gmail_import - INFO - Processing message 2030/57238
2025-03-17 18:25:42,892 - gmail_import - INFO - Processing message 2040/57238
2025-03-17 18:25:45,460 - gmail_import - INFO - Processing message 2050/57238
2025-03-17 18:25:48,135 - gmail_import - INFO - Processing message 2060/57238
2025-03-17 18:25:50,775 - gmail_import - INFO - Processing message 2070/57238
2025-03-17 18:25:53,418 - gmail_import - INFO - Processing message 2080/57238
2025-03-17 18:25:56,030 - gmail_import - INFO - Processing message 2090/57238
2025-03-17 18:25:58,685 - gmail_import - INFO - Processing message 2100/57238
2025-03-17 18:26:01,371 - gmail_import - INFO - Processing message 2110/57238
2025-03-17 18:26:04,101 - gmail_import - INFO - Processing message 2120/57238
2025-03-17 18:26:06,784 - gmail_import - INFO - Processing message 2130/57238
2025-03-17 18:26:09,378 - gmail_import - INFO - Processing message 2140/57238
2025-03-17 18:26:12,031 - gmail_import - INFO - Processing message 2150/57238
2025-03-17 18:26:14,722 - gmail_import - INFO - Processing message 2160/57238
2025-03-17 18:26:17,375 - gmail_import - INFO - Processing message 2170/57238
2025-03-17 18:26:20,045 - gmail_import - INFO - Processing message 2180/57238
2025-03-17 18:26:22,762 - gmail_import - INFO - Processing message 2190/57238
2025-03-17 18:26:25,429 - gmail_import - INFO - Processing message 2200/57238
2025-03-17 18:26:28,109 - gmail_import - INFO - Processing message 2210/57238
2025-03-17 18:26:30,729 - gmail_import - INFO - Processing message 2220/57238
2025-03-17 18:26:33,365 - gmail_import - INFO - Processing message 2230/57238
2025-03-17 18:26:36,011 - gmail_import - INFO - Processing message 2240/57238
2025-03-17 18:26:38,732 - gmail_import - INFO - Processing message 2250/57238
2025-03-17 18:26:41,424 - gmail_import - INFO - Processing message 2260/57238
2025-03-17 18:26:44,085 - gmail_import - INFO - Processing message 2270/57238
2025-03-17 18:26:46,762 - gmail_import - INFO - Processing message 2280/57238
2025-03-17 18:26:49,419 - gmail_import - INFO - Processing message 2290/57238
2025-03-17 18:26:52,112 - gmail_import - INFO - Processing message 2300/57238
2025-03-17 18:26:54,732 - gmail_import - INFO - Processing message 2310/57238
2025-03-17 18:26:57,445 - gmail_import - INFO - Processing message 2320/57238
2025-03-17 18:27:00,106 - gmail_import - INFO - Processing message 2330/57238
2025-03-17 18:27:02,768 - gmail_import - INFO - Processing message 2340/57238
2025-03-17 18:27:05,466 - gmail_import - INFO - Processing message 2350/57238
2025-03-17 18:27:08,151 - gmail_import - INFO - Processing message 2360/57238
2025-03-17 18:27:10,864 - gmail_import - INFO - Processing message 2370/57238
2025-03-17 18:27:13,550 - gmail_import - INFO - Processing message 2380/57238
2025-03-17 18:27:16,255 - gmail_import - INFO - Processing message 2390/57238
2025-03-17 18:27:18,941 - gmail_import - INFO - Processing message 2400/57238
2025-03-17 18:27:21,606 - gmail_import - INFO - Processing message 2410/57238
2025-03-17 18:27:24,290 - gmail_import - INFO - Processing message 2420/57238
2025-03-17 18:27:26,958 - gmail_import - INFO - Processing message 2430/57238
2025-03-17 18:27:29,626 - gmail_import - INFO - Processing message 2440/57238
2025-03-17 18:27:32,233 - gmail_import - INFO - Processing message 2450/57238
2025-03-17 18:27:34,880 - gmail_import - INFO - Processing message 2460/57238
2025-03-17 18:27:37,546 - gmail_import - INFO - Processing message 2470/57238
2025-03-17 18:27:40,231 - gmail_import - INFO - Processing message 2480/57238
2025-03-17 18:27:42,889 - gmail_import - INFO - Processing message 2490/57238
2025-03-17 18:27:45,554 - gmail_import - INFO - Processing message 2500/57238
2025-03-17 18:27:48,209 - gmail_import - INFO - Processing message 2510/57238
2025-03-17 18:27:50,896 - gmail_import - INFO - Processing message 2520/57238
2025-03-17 18:27:53,607 - gmail_import - INFO - Processing message 2530/57238
2025-03-17 18:27:56,265 - gmail_import - INFO - Processing message 2540/57238
2025-03-17 18:27:58,947 - gmail_import - INFO - Processing message 2550/57238
2025-03-17 18:28:01,536 - gmail_import - INFO - Processing message 2560/57238
2025-03-17 18:28:04,192 - gmail_import - INFO - Processing message 2570/57238
2025-03-17 18:28:06,794 - gmail_import - INFO - Processing message 2580/57238
2025-03-17 18:28:09,492 - gmail_import - INFO - Processing message 2590/57238
2025-03-17 18:28:12,156 - gmail_import - INFO - Processing message 2600/57238
2025-03-17 18:28:14,832 - gmail_import - INFO - Processing message 2610/57238
2025-03-17 18:28:17,433 - gmail_import - INFO - Processing message 2620/57238
2025-03-17 18:28:20,151 - gmail_import - INFO - Processing message 2630/57238
2025-03-17 18:28:22,806 - gmail_import - INFO - Processing message 2640/57238
2025-03-17 18:28:25,384 - gmail_import - INFO - Processing message 2650/57238
2025-03-17 18:28:27,984 - gmail_import - INFO - Processing message 2660/57238
2025-03-17 18:28:30,610 - gmail_import - INFO - Processing message 2670/57238
2025-03-17 18:28:33,321 - gmail_import - INFO - Processing message 2680/57238
2025-03-17 18:28:35,985 - gmail_import - INFO - Processing message 2690/57238
2025-03-17 18:28:38,661 - gmail_import - INFO - Processing message 2700/57238
2025-03-17 18:28:41,310 - gmail_import - INFO - Processing message 2710/57238
2025-03-17 18:28:44,003 - gmail_import - INFO - Processing message 2720/57238
2025-03-17 18:28:46,712 - gmail_import - INFO - Processing message 2730/57238
2025-03-17 18:28:49,353 - gmail_import - INFO - Processing message 2740/57238
2025-03-17 18:28:52,008 - gmail_import - INFO - Processing message 2750/57238
2025-03-17 18:28:54,661 - gmail_import - INFO - Processing message 2760/57238
2025-03-17 18:28:57,356 - gmail_import - INFO - Processing message 2770/57238
2025-03-17 18:29:00,026 - gmail_import - INFO - Processing message 2780/57238
2025-03-17 18:29:02,721 - gmail_import - INFO - Processing message 2790/57238
2025-03-17 18:29:05,378 - gmail_import - INFO - Processing message 2800/57238
2025-03-17 18:29:07,937 - gmail_import - INFO - Processing message 2810/57238
2025-03-17 18:29:10,605 - gmail_import - INFO - Processing message 2820/57238
2025-03-17 18:29:13,301 - gmail_import - INFO - Processing message 2830/57238
2025-03-17 18:29:16,004 - gmail_import - INFO - Processing message 2840/57238
2025-03-17 18:29:18,656 - gmail_import - INFO - Processing message 2850/57238
2025-03-17 18:29:21,296 - gmail_import - INFO - Processing message 2860/57238
2025-03-17 18:29:23,935 - gmail_import - INFO - Processing message 2870/57238
2025-03-17 18:29:26,607 - gmail_import - INFO - Processing message 2880/57238
2025-03-17 18:29:29,289 - gmail_import - INFO - Processing message 2890/57238
2025-03-17 18:29:31,944 - gmail_import - INFO - Processing message 2900/57238
2025-03-17 18:29:34,648 - gmail_import - INFO - Processing message 2910/57238
2025-03-17 18:29:37,286 - gmail_import - INFO - Processing message 2920/57238
2025-03-17 18:29:39,970 - gmail_import - INFO - Processing message 2930/57238
2025-03-17 18:29:42,623 - gmail_import - INFO - Processing message 2940/57238
2025-03-17 18:29:45,333 - gmail_import - INFO - Processing message 2950/57238
2025-03-17 18:29:48,000 - gmail_import - INFO - Processing message 2960/57238
2025-03-17 18:29:50,640 - gmail_import - INFO - Processing message 2970/57238
2025-03-17 18:29:53,333 - gmail_import - INFO - Processing message 2980/57238
2025-03-17 18:29:56,038 - gmail_import - INFO - Processing message 2990/57238
2025-03-17 18:29:58,747 - gmail_import - INFO - Processing message 3000/57238
2025-03-17 18:30:01,441 - gmail_import - INFO - Processing message 3010/57238
2025-03-17 18:30:04,110 - gmail_import - INFO - Processing message 3020/57238
2025-03-17 18:30:06,786 - gmail_import - INFO - Processing message 3030/57238
2025-03-17 18:30:09,473 - gmail_import - INFO - Processing message 3040/57238
2025-03-17 18:30:12,148 - gmail_import - INFO - Processing message 3050/57238
2025-03-17 18:30:14,850 - gmail_import - INFO - Processing message 3060/57238
2025-03-17 18:30:17,493 - gmail_import - INFO - Processing message 3070/57238
2025-03-17 18:30:20,191 - gmail_import - INFO - Processing message 3080/57238
2025-03-17 18:30:22,884 - gmail_import - INFO - Processing message 3090/57238
2025-03-17 18:30:25,612 - gmail_import - INFO - Processing message 3100/57238
2025-03-17 18:30:28,288 - gmail_import - INFO - Processing message 3110/57238
2025-03-17 18:30:30,893 - gmail_import - INFO - Processing message 3120/57238
2025-03-17 18:30:33,578 - gmail_import - INFO - Processing message 3130/57238
2025-03-17 18:30:36,270 - gmail_import - INFO - Processing message 3140/57238
2025-03-17 18:30:38,950 - gmail_import - INFO - Processing message 3150/57238
2025-03-17 18:30:41,656 - gmail_import - INFO - Processing message 3160/57238
2025-03-17 18:30:44,300 - gmail_import - INFO - Processing message 3170/57238
2025-03-17 18:30:46,980 - gmail_import - INFO - Processing message 3180/57238
2025-03-17 18:30:49,681 - gmail_import - INFO - Processing message 3190/57238
2025-03-17 18:30:52,404 - gmail_import - INFO - Processing message 3200/57238
2025-03-17 18:30:55,068 - gmail_import - INFO - Processing message 3210/57238
2025-03-17 18:30:57,779 - gmail_import - INFO - Processing message 3220/57238
2025-03-17 18:31:00,399 - gmail_import - INFO - Processing message 3230/57238
2025-03-17 18:31:03,061 - gmail_import - INFO - Processing message 3240/57238
2025-03-17 18:31:05,748 - gmail_import - INFO - Processing message 3250/57238
2025-03-17 18:31:08,435 - gmail_import - INFO - Processing message 3260/57238
2025-03-17 18:31:11,127 - gmail_import - INFO - Processing message 3270/57238
2025-03-17 18:31:13,824 - gmail_import - INFO - Processing message 3280/57238
2025-03-17 18:31:16,506 - gmail_import - INFO - Processing message 3290/57238
2025-03-17 18:31:19,111 - gmail_import - INFO - Processing message 3300/57238
2025-03-17 18:31:21,787 - gmail_import - INFO - Processing message 3310/57238
2025-03-17 18:31:24,496 - gmail_import - INFO - Processing message 3320/57238
2025-03-17 18:31:27,222 - gmail_import - INFO - Processing message 3330/57238
2025-03-17 18:31:29,910 - gmail_import - INFO - Processing message 3340/57238
2025-03-17 18:31:32,572 - gmail_import - INFO - Processing message 3350/57238
2025-03-17 18:31:35,250 - gmail_import - INFO - Processing message 3360/57238
2025-03-17 18:31:37,867 - gmail_import - INFO - Processing message 3370/57238
2025-03-17 18:31:40,540 - gmail_import - INFO - Processing message 3380/57238
2025-03-17 18:31:43,247 - gmail_import - INFO - Processing message 3390/57238
2025-03-17 18:31:45,950 - gmail_import - INFO - Processing message 3400/57238
2025-03-17 18:31:48,585 - gmail_import - INFO - Processing message 3410/57238
2025-03-17 18:31:51,249 - gmail_import - INFO - Processing message 3420/57238
2025-03-17 18:31:53,929 - gmail_import - INFO - Processing message 3430/57238
2025-03-17 18:31:56,603 - gmail_import - INFO - Processing message 3440/57238
2025-03-17 18:31:59,303 - gmail_import - INFO - Processing message 3450/57238
2025-03-17 18:32:02,025 - gmail_import - INFO - Processing message 3460/57238
2025-03-17 18:32:04,707 - gmail_import - INFO - Processing message 3470/57238
2025-03-17 18:32:07,399 - gmail_import - INFO - Processing message 3480/57238
2025-03-17 18:32:10,058 - gmail_import - INFO - Processing message 3490/57238
2025-03-17 18:32:12,725 - gmail_import - INFO - Processing message 3500/57238
2025-03-17 18:32:15,402 - gmail_import - INFO - Processing message 3510/57238
2025-03-17 18:32:18,085 - gmail_import - INFO - Processing message 3520/57238
2025-03-17 18:32:20,784 - gmail_import - INFO - Processing message 3530/57238
2025-03-17 18:32:23,434 - gmail_import - INFO - Processing message 3540/57238
2025-03-17 18:32:26,141 - gmail_import - INFO - Processing message 3550/57238
2025-03-17 18:32:28,821 - gmail_import - INFO - Processing message 3560/57238
2025-03-17 18:32:31,503 - gmail_import - INFO - Processing message 3570/57238
2025-03-17 18:32:34,184 - gmail_import - INFO - Processing message 3580/57238
2025-03-17 18:32:36,845 - gmail_import - INFO - Processing message 3590/57238
2025-03-17 18:32:39,512 - gmail_import - INFO - Processing message 3600/57238
2025-03-17 18:32:42,213 - gmail_import - INFO - Processing message 3610/57238
2025-03-17 18:32:44,938 - gmail_import - INFO - Processing message 3620/57238
2025-03-17 18:32:47,594 - gmail_import - INFO - Processing message 3630/57238
2025-03-17 18:32:50,232 - gmail_import - INFO - Processing message 3640/57238
2025-03-17 18:32:52,853 - gmail_import - INFO - Processing message 3650/57238
2025-03-17 18:32:55,513 - gmail_import - INFO - Processing message 3660/57238
2025-03-17 18:32:58,192 - gmail_import - INFO - Processing message 3670/57238
2025-03-17 18:33:00,906 - gmail_import - INFO - Processing message 3680/57238
2025-03-17 18:33:03,548 - gmail_import - INFO - Processing message 3690/57238
2025-03-17 18:33:06,208 - gmail_import - INFO - Processing message 3700/57238
2025-03-17 18:33:08,894 - gmail_import - INFO - Processing message 3710/57238
2025-03-17 18:33:11,555 - gmail_import - INFO - Processing message 3720/57238
2025-03-17 18:33:14,247 - gmail_import - INFO - Processing message 3730/57238
2025-03-17 18:33:16,901 - gmail_import - INFO - Processing message 3740/57238
2025-03-17 18:33:19,553 - gmail_import - INFO - Processing message 3750/57238
2025-03-17 18:33:22,255 - gmail_import - INFO - Processing message 3760/57238
2025-03-17 18:33:24,937 - gmail_import - INFO - Processing message 3770/57238
2025-03-17 18:33:27,656 - gmail_import - INFO - Processing message 3780/57238
2025-03-17 18:33:30,328 - gmail_import - INFO - Processing message 3790/57238
2025-03-17 18:33:32,985 - gmail_import - INFO - Processing message 3800/57238
2025-03-17 18:33:35,679 - gmail_import - INFO - Processing message 3810/57238
2025-03-17 18:33:38,353 - gmail_import - INFO - Processing message 3820/57238
2025-03-17 18:33:40,969 - gmail_import - INFO - Processing message 3830/57238
2025-03-17 18:33:43,619 - gmail_import - INFO - Processing message 3840/57238
2025-03-17 18:33:46,244 - gmail_import - INFO - Processing message 3850/57238
2025-03-17 18:33:48,934 - gmail_import - INFO - Processing message 3860/57238
2025-03-17 18:33:51,566 - gmail_import - INFO - Processing message 3870/57238
2025-03-17 18:33:54,198 - gmail_import - INFO - Processing message 3880/57238
2025-03-17 18:33:56,863 - gmail_import - INFO - Processing message 3890/57238
2025-03-17 18:33:59,555 - gmail_import - INFO - Processing message 3900/57238
2025-03-17 18:34:02,231 - gmail_import - INFO - Processing message 3910/57238
2025-03-17 18:34:04,927 - gmail_import - INFO - Processing message 3920/57238
2025-03-17 18:34:07,650 - gmail_import - INFO - Processing message 3930/57238
2025-03-17 18:34:10,319 - gmail_import - INFO - Processing message 3940/57238
2025-03-17 18:34:12,998 - gmail_import - INFO - Processing message 3950/57238
2025-03-17 18:34:15,622 - gmail_import - INFO - Processing message 3960/57238
2025-03-17 18:34:18,315 - gmail_import - INFO - Processing message 3970/57238
2025-03-17 18:34:21,027 - gmail_import - INFO - Processing message 3980/57238
2025-03-17 18:34:23,706 - gmail_import - INFO - Processing message 3990/57238
2025-03-17 18:34:26,367 - gmail_import - INFO - Processing message 4000/57238
2025-03-17 18:34:29,076 - gmail_import - INFO - Processing message 4010/57238
2025-03-17 18:34:31,767 - gmail_import - INFO - Processing message 4020/57238
2025-03-17 18:34:34,483 - gmail_import - INFO - Processing message 4030/57238
2025-03-17 18:34:37,111 - gmail_import - INFO - Processing message 4040/57238
2025-03-17 18:34:39,747 - gmail_import - INFO - Processing message 4050/57238
2025-03-17 18:34:42,456 - gmail_import - INFO - Processing message 4060/57238
2025-03-17 18:34:45,177 - gmail_import - INFO - Processing message 4070/57238
2025-03-17 18:34:47,909 - gmail_import - INFO - Processing message 4080/57238
2025-03-17 18:34:50,602 - gmail_import - INFO - Processing message 4090/57238
2025-03-17 18:34:53,280 - gmail_import - INFO - Processing message 4100/57238
2025-03-17 18:34:55,991 - gmail_import - INFO - Processing message 4110/57238
2025-03-17 18:34:58,607 - gmail_import - INFO - Processing message 4120/57238
2025-03-17 18:35:01,265 - gmail_import - INFO - Processing message 4130/57238
2025-03-17 18:35:03,886 - gmail_import - INFO - Processing message 4140/57238
2025-03-17 18:35:06,555 - gmail_import - INFO - Processing message 4150/57238
2025-03-17 18:35:09,250 - gmail_import - INFO - Processing message 4160/57238
2025-03-17 18:35:11,912 - gmail_import - INFO - Processing message 4170/57238
2025-03-17 18:35:14,594 - gmail_import - INFO - Processing message 4180/57238
2025-03-17 18:35:17,187 - gmail_import - INFO - Processing message 4190/57238
2025-03-17 18:35:19,849 - gmail_import - INFO - Processing message 4200/57238
2025-03-17 18:35:22,487 - gmail_import - INFO - Processing message 4210/57238
2025-03-17 18:35:25,158 - gmail_import - INFO - Processing message 4220/57238
2025-03-17 18:35:27,810 - gmail_import - INFO - Processing message 4230/57238
2025-03-17 18:35:30,490 - gmail_import - INFO - Processing message 4240/57238
2025-03-17 18:35:33,087 - gmail_import - INFO - Processing message 4250/57238
2025-03-17 18:35:35,742 - gmail_import - INFO - Processing message 4260/57238
2025-03-17 18:35:38,394 - gmail_import - INFO - Processing message 4270/57238
2025-03-17 18:35:41,098 - gmail_import - INFO - Processing message 4280/57238
2025-03-17 18:35:43,681 - gmail_import - INFO - Processing message 4290/57238
2025-03-17 18:35:46,259 - gmail_import - INFO - Processing message 4300/57238
2025-03-17 18:35:48,955 - gmail_import - INFO - Processing message 4310/57238
2025-03-17 18:35:51,650 - gmail_import - INFO - Processing message 4320/57238
2025-03-17 18:35:54,341 - gmail_import - INFO - Processing message 4330/57238
2025-03-17 18:35:56,991 - gmail_import - INFO - Processing message 4340/57238
2025-03-17 18:35:59,698 - gmail_import - INFO - Processing message 4350/57238
2025-03-17 18:36:02,411 - gmail_import - INFO - Processing message 4360/57238
2025-03-17 18:36:05,141 - gmail_import - INFO - Processing message 4370/57238
2025-03-17 18:36:07,849 - gmail_import - INFO - Processing message 4380/57238
2025-03-17 18:36:10,481 - gmail_import - INFO - Processing message 4390/57238
2025-03-17 18:36:13,170 - gmail_import - INFO - Processing message 4400/57238
2025-03-17 18:36:15,849 - gmail_import - INFO - Processing message 4410/57238
2025-03-17 18:36:18,533 - gmail_import - INFO - Processing message 4420/57238
2025-03-17 18:36:21,217 - gmail_import - INFO - Processing message 4430/57238
2025-03-17 18:36:23,880 - gmail_import - INFO - Processing message 4440/57238
2025-03-17 18:36:26,563 - gmail_import - INFO - Processing message 4450/57238
2025-03-17 18:36:29,229 - gmail_import - INFO - Processing message 4460/57238
2025-03-17 18:36:31,859 - gmail_import - INFO - Processing message 4470/57238
2025-03-17 18:36:34,530 - gmail_import - INFO - Processing message 4480/57238
2025-03-17 18:36:37,176 - gmail_import - INFO - Processing message 4490/57238
2025-03-17 18:36:39,836 - gmail_import - INFO - Processing message 4500/57238
2025-03-17 18:36:42,441 - gmail_import - INFO - Processing message 4510/57238
2025-03-17 18:36:45,129 - gmail_import - INFO - Processing message 4520/57238
2025-03-17 18:36:47,822 - gmail_import - INFO - Processing message 4530/57238
2025-03-17 18:36:50,500 - gmail_import - INFO - Processing message 4540/57238
2025-03-17 18:36:53,162 - gmail_import - INFO - Processing message 4550/57238
2025-03-17 18:36:55,836 - gmail_import - INFO - Processing message 4560/57238
2025-03-17 18:36:58,546 - gmail_import - INFO - Processing message 4570/57238
2025-03-17 18:37:01,236 - gmail_import - INFO - Processing message 4580/57238
2025-03-17 18:37:03,921 - gmail_import - INFO - Processing message 4590/57238
2025-03-17 18:37:06,594 - gmail_import - INFO - Processing message 4600/57238
2025-03-17 18:37:09,267 - gmail_import - INFO - Processing message 4610/57238
2025-03-17 18:37:11,959 - gmail_import - INFO - Processing message 4620/57238
2025-03-17 18:37:14,646 - gmail_import - INFO - Processing message 4630/57238
2025-03-17 18:37:17,297 - gmail_import - INFO - Processing message 4640/57238
2025-03-17 18:37:19,998 - gmail_import - INFO - Processing message 4650/57238
2025-03-17 18:37:22,671 - gmail_import - INFO - Processing message 4660/57238
2025-03-17 18:37:25,333 - gmail_import - INFO - Processing message 4670/57238
2025-03-17 18:37:28,027 - gmail_import - INFO - Processing message 4680/57238
2025-03-17 18:37:30,722 - gmail_import - INFO - Processing message 4690/57238
2025-03-17 18:37:33,405 - gmail_import - INFO - Processing message 4700/57238
2025-03-17 18:37:36,066 - gmail_import - INFO - Processing message 4710/57238
2025-03-17 18:37:38,710 - gmail_import - INFO - Processing message 4720/57238
2025-03-17 18:37:41,413 - gmail_import - INFO - Processing message 4730/57238
2025-03-17 18:37:44,068 - gmail_import - INFO - Processing message 4740/57238
2025-03-17 18:37:46,755 - gmail_import - INFO - Processing message 4750/57238
2025-03-17 18:37:49,469 - gmail_import - INFO - Processing message 4760/57238
2025-03-17 18:37:52,140 - gmail_import - INFO - Processing message 4770/57238
2025-03-17 18:37:54,832 - gmail_import - INFO - Processing message 4780/57238
2025-03-17 18:37:57,515 - gmail_import - INFO - Processing message 4790/57238
2025-03-17 18:38:00,218 - gmail_import - INFO - Processing message 4800/57238
2025-03-17 18:38:02,923 - gmail_import - INFO - Processing message 4810/57238
2025-03-17 18:38:05,628 - gmail_import - INFO - Processing message 4820/57238
2025-03-17 18:38:08,322 - gmail_import - INFO - Processing message 4830/57238
2025-03-17 18:38:10,950 - gmail_import - INFO - Processing message 4840/57238
2025-03-17 18:38:13,605 - gmail_import - INFO - Processing message 4850/57238
2025-03-17 18:38:16,294 - gmail_import - INFO - Processing message 4860/57238
2025-03-17 18:38:18,972 - gmail_import - INFO - Processing message 4870/57238
2025-03-17 18:38:21,654 - gmail_import - INFO - Processing message 4880/57238
2025-03-17 18:38:24,317 - gmail_import - INFO - Processing message 4890/57238
2025-03-17 18:38:27,022 - gmail_import - INFO - Processing message 4900/57238
2025-03-17 18:38:29,723 - gmail_import - INFO - Processing message 4910/57238
2025-03-17 18:38:32,389 - gmail_import - INFO - Processing message 4920/57238
2025-03-17 18:38:35,094 - gmail_import - INFO - Processing message 4930/57238
2025-03-17 18:38:37,737 - gmail_import - INFO - Processing message 4940/57238
2025-03-17 18:38:40,397 - gmail_import - INFO - Processing message 4950/57238
2025-03-17 18:38:42,965 - gmail_import - INFO - Processing message 4960/57238
2025-03-17 18:38:45,637 - gmail_import - INFO - Processing message 4970/57238
2025-03-17 18:38:48,293 - gmail_import - INFO - Processing message 4980/57238
2025-03-17 18:38:50,989 - gmail_import - INFO - Processing message 4990/57238
2025-03-17 18:38:53,675 - gmail_import - INFO - Processing message 5000/57238
2025-03-17 18:38:56,356 - gmail_import - INFO - Processing message 5010/57238
2025-03-17 18:38:59,045 - gmail_import - INFO - Processing message 5020/57238
2025-03-17 18:39:01,711 - gmail_import - INFO - Processing message 5030/57238
2025-03-17 18:39:04,383 - gmail_import - INFO - Processing message 5040/57238
2025-03-17 18:39:07,064 - gmail_import - INFO - Processing message 5050/57238
2025-03-17 18:39:09,715 - gmail_import - INFO - Processing message 5060/57238
2025-03-17 18:39:12,355 - gmail_import - INFO - Processing message 5070/57238
2025-03-17 18:39:15,050 - gmail_import - INFO - Processing message 5080/57238
2025-03-17 18:39:17,759 - gmail_import - INFO - Processing message 5090/57238
2025-03-17 18:39:20,452 - gmail_import - INFO - Processing message 5100/57238
2025-03-17 18:39:23,136 - gmail_import - INFO - Processing message 5110/57238
2025-03-17 18:39:25,804 - gmail_import - INFO - Processing message 5120/57238
2025-03-17 18:39:28,469 - gmail_import - INFO - Processing message 5130/57238
2025-03-17 18:39:31,141 - gmail_import - INFO - Processing message 5140/57238
2025-03-17 18:39:33,819 - gmail_import - INFO - Processing message 5150/57238
2025-03-17 18:39:36,502 - gmail_import - INFO - Processing message 5160/57238
2025-03-17 18:39:39,221 - gmail_import - INFO - Processing message 5170/57238
2025-03-17 18:39:41,911 - gmail_import - INFO - Processing message 5180/57238
2025-03-17 18:39:44,603 - gmail_import - INFO - Processing message 5190/57238
2025-03-17 18:39:47,284 - gmail_import - INFO - Processing message 5200/57238
2025-03-17 18:39:49,941 - gmail_import - INFO - Processing message 5210/57238
2025-03-17 18:39:52,648 - gmail_import - INFO - Processing message 5220/57238
2025-03-17 18:39:55,341 - gmail_import - INFO - Processing message 5230/57238
2025-03-17 18:39:58,015 - gmail_import - INFO - Processing message 5240/57238
2025-03-17 18:40:00,697 - gmail_import - INFO - Processing message 5250/57238
2025-03-17 18:40:03,396 - gmail_import - INFO - Processing message 5260/57238
2025-03-17 18:40:06,073 - gmail_import - INFO - Processing message 5270/57238
2025-03-17 18:40:08,712 - gmail_import - INFO - Processing message 5280/57238
2025-03-17 18:40:11,385 - gmail_import - INFO - Processing message 5290/57238
2025-03-17 18:40:14,056 - gmail_import - INFO - Processing message 5300/57238
2025-03-17 18:40:16,722 - gmail_import - INFO - Processing message 5310/57238
2025-03-17 18:40:19,349 - gmail_import - INFO - Processing message 5320/57238
2025-03-17 18:40:22,031 - gmail_import - INFO - Processing message 5330/57238
2025-03-17 18:40:24,710 - gmail_import - INFO - Processing message 5340/57238
2025-03-17 18:40:27,373 - gmail_import - INFO - Processing message 5350/57238
2025-03-17 18:40:29,982 - gmail_import - INFO - Processing message 5360/57238
2025-03-17 18:40:32,642 - gmail_import - INFO - Processing message 5370/57238
2025-03-17 18:40:35,307 - gmail_import - INFO - Processing message 5380/57238
2025-03-17 18:40:37,966 - gmail_import - INFO - Processing message 5390/57238
2025-03-17 18:40:40,656 - gmail_import - INFO - Processing message 5400/57238
2025-03-17 18:40:43,316 - gmail_import - INFO - Processing message 5410/57238
2025-03-17 18:40:45,898 - gmail_import - INFO - Processing message 5420/57238
2025-03-17 18:40:48,600 - gmail_import - INFO - Processing message 5430/57238
2025-03-17 18:40:51,304 - gmail_import - INFO - Processing message 5440/57238
2025-03-17 18:40:54,028 - gmail_import - INFO - Processing message 5450/57238
2025-03-17 18:40:56,709 - gmail_import - INFO - Processing message 5460/57238
2025-03-17 18:40:59,369 - gmail_import - INFO - Processing message 5470/57238
2025-03-17 18:41:02,040 - gmail_import - INFO - Processing message 5480/57238
2025-03-17 18:41:04,658 - gmail_import - INFO - Processing message 5490/57238
2025-03-17 18:41:07,304 - gmail_import - INFO - Processing message 5500/57238
2025-03-17 18:41:09,943 - gmail_import - INFO - Processing message 5510/57238
2025-03-17 18:41:12,602 - gmail_import - INFO - Processing message 5520/57238
2025-03-17 18:41:15,243 - gmail_import - INFO - Processing message 5530/57238
2025-03-17 18:41:17,924 - gmail_import - INFO - Processing message 5540/57238
2025-03-17 18:41:20,569 - gmail_import - INFO - Processing message 5550/57238
2025-03-17 18:41:23,266 - gmail_import - INFO - Processing message 5560/57238
2025-03-17 18:41:25,933 - gmail_import - INFO - Processing message 5570/57238
2025-03-17 18:41:28,601 - gmail_import - INFO - Processing message 5580/57238
2025-03-17 18:41:31,319 - gmail_import - INFO - Processing message 5590/57238
2025-03-17 18:41:34,034 - gmail_import - INFO - Processing message 5600/57238
2025-03-17 18:41:36,724 - gmail_import - INFO - Processing message 5610/57238
2025-03-17 18:41:39,406 - gmail_import - INFO - Processing message 5620/57238
2025-03-17 18:41:42,075 - gmail_import - INFO - Processing message 5630/57238
2025-03-17 18:41:44,782 - gmail_import - INFO - Processing message 5640/57238
2025-03-17 18:41:47,481 - gmail_import - INFO - Processing message 5650/57238
2025-03-17 18:41:50,164 - gmail_import - INFO - Processing message 5660/57238
2025-03-17 18:41:52,875 - gmail_import - INFO - Processing message 5670/57238
2025-03-17 18:41:55,546 - gmail_import - INFO - Processing message 5680/57238
2025-03-17 18:41:58,231 - gmail_import - INFO - Processing message 5690/57238
2025-03-17 18:42:00,920 - gmail_import - INFO - Processing message 5700/57238
2025-03-17 18:42:03,581 - gmail_import - INFO - Processing message 5710/57238
2025-03-17 18:42:06,230 - gmail_import - INFO - Processing message 5720/57238
2025-03-17 18:42:08,918 - gmail_import - INFO - Processing message 5730/57238
2025-03-17 18:42:11,600 - gmail_import - INFO - Processing message 5740/57238
2025-03-17 18:42:14,255 - gmail_import - INFO - Processing message 5750/57238
2025-03-17 18:42:16,938 - gmail_import - INFO - Processing message 5760/57238
2025-03-17 18:42:19,651 - gmail_import - INFO - Processing message 5770/57238
2025-03-17 18:42:22,300 - gmail_import - INFO - Processing message 5780/57238
2025-03-17 18:42:24,886 - gmail_import - INFO - Processing message 5790/57238
2025-03-17 18:42:27,535 - gmail_import - INFO - Processing message 5800/57238
2025-03-17 18:42:30,257 - gmail_import - INFO - Processing message 5810/57238
2025-03-17 18:42:32,946 - gmail_import - INFO - Processing message 5820/57238
2025-03-17 18:42:35,629 - gmail_import - INFO - Processing message 5830/57238
2025-03-17 18:42:38,271 - gmail_import - INFO - Processing message 5840/57238
2025-03-17 18:42:40,980 - gmail_import - INFO - Processing message 5850/57238
2025-03-17 18:42:43,656 - gmail_import - INFO - Processing message 5860/57238
2025-03-17 18:42:46,298 - gmail_import - INFO - Processing message 5870/57238
2025-03-17 18:42:48,994 - gmail_import - INFO - Processing message 5880/57238
2025-03-17 18:42:51,689 - gmail_import - INFO - Processing message 5890/57238
2025-03-17 18:42:54,322 - gmail_import - INFO - Processing message 5900/57238
2025-03-17 18:42:57,024 - gmail_import - INFO - Processing message 5910/57238
2025-03-17 18:42:59,718 - gmail_import - INFO - Processing message 5920/57238
2025-03-17 18:43:02,426 - gmail_import - INFO - Processing message 5930/57238
2025-03-17 18:43:05,010 - gmail_import - INFO - Processing message 5940/57238
2025-03-17 18:43:07,680 - gmail_import - INFO - Processing message 5950/57238
2025-03-17 18:43:10,327 - gmail_import - INFO - Processing message 5960/57238
2025-03-17 18:43:13,028 - gmail_import - INFO - Processing message 5970/57238
2025-03-17 18:43:15,710 - gmail_import - INFO - Processing message 5980/57238
2025-03-17 18:43:18,394 - gmail_import - INFO - Processing message 5990/57238
2025-03-17 18:43:21,103 - gmail_import - INFO - Processing message 6000/57238
2025-03-17 18:43:23,775 - gmail_import - INFO - Processing message 6010/57238
2025-03-17 18:43:26,470 - gmail_import - INFO - Processing message 6020/57238
2025-03-17 18:43:29,146 - gmail_import - INFO - Processing message 6030/57238
2025-03-17 18:43:31,841 - gmail_import - INFO - Processing message 6040/57238
2025-03-17 18:43:34,541 - gmail_import - INFO - Processing message 6050/57238
2025-03-17 18:43:37,186 - gmail_import - INFO - Processing message 6060/57238
2025-03-17 18:43:39,887 - gmail_import - INFO - Processing message 6070/57238
2025-03-17 18:43:42,580 - gmail_import - INFO - Processing message 6080/57238
2025-03-17 18:43:45,279 - gmail_import - INFO - Processing message 6090/57238
2025-03-17 18:43:47,920 - gmail_import - INFO - Processing message 6100/57238
2025-03-17 18:43:50,621 - gmail_import - INFO - Processing message 6110/57238
2025-03-17 18:43:53,283 - gmail_import - INFO - Processing message 6120/57238
2025-03-17 18:43:55,971 - gmail_import - INFO - Processing message 6130/57238
2025-03-17 18:43:58,686 - gmail_import - INFO - Processing message 6140/57238
2025-03-17 18:44:01,388 - gmail_import - INFO - Processing message 6150/57238
2025-03-17 18:44:04,074 - gmail_import - INFO - Processing message 6160/57238
2025-03-17 18:44:06,714 - gmail_import - INFO - Processing message 6170/57238
2025-03-17 18:44:09,380 - gmail_import - INFO - Processing message 6180/57238
2025-03-17 18:44:12,061 - gmail_import - INFO - Processing message 6190/57238
2025-03-17 18:44:14,681 - gmail_import - INFO - Processing message 6200/57238
2025-03-17 18:44:17,382 - gmail_import - INFO - Processing message 6210/57238
2025-03-17 18:44:20,101 - gmail_import - INFO - Processing message 6220/57238
2025-03-17 18:44:22,702 - gmail_import - INFO - Processing message 6230/57238
2025-03-17 18:44:25,405 - gmail_import - INFO - Processing message 6240/57238
2025-03-17 18:44:28,122 - gmail_import - INFO - Processing message 6250/57238
2025-03-17 18:44:30,772 - gmail_import - INFO - Processing message 6260/57238
2025-03-17 18:44:33,452 - gmail_import - INFO - Processing message 6270/57238
2025-03-17 18:44:36,115 - gmail_import - INFO - Processing message 6280/57238
2025-03-17 18:44:38,800 - gmail_import - INFO - Processing message 6290/57238
2025-03-17 18:44:41,511 - gmail_import - INFO - Processing message 6300/57238
2025-03-17 18:44:44,205 - gmail_import - INFO - Processing message 6310/57238
2025-03-17 18:44:46,878 - gmail_import - INFO - Processing message 6320/57238
2025-03-17 18:44:49,576 - gmail_import - INFO - Processing message 6330/57238
2025-03-17 18:44:52,298 - gmail_import - INFO - Processing message 6340/57238
2025-03-17 18:44:54,996 - gmail_import - INFO - Processing message 6350/57238
2025-03-17 18:44:57,630 - gmail_import - INFO - Processing message 6360/57238
2025-03-17 18:45:00,332 - gmail_import - INFO - Processing message 6370/57238
2025-03-17 18:45:02,993 - gmail_import - INFO - Processing message 6380/57238
2025-03-17 18:45:05,619 - gmail_import - INFO - Processing message 6390/57238
2025-03-17 18:45:08,243 - gmail_import - INFO - Processing message 6400/57238
2025-03-17 18:45:10,908 - gmail_import - INFO - Processing message 6410/57238
2025-03-17 18:45:13,586 - gmail_import - INFO - Processing message 6420/57238
2025-03-17 18:45:16,229 - gmail_import - INFO - Processing message 6430/57238
2025-03-17 18:45:18,917 - gmail_import - INFO - Processing message 6440/57238
2025-03-17 18:45:21,592 - gmail_import - INFO - Processing message 6450/57238
2025-03-17 18:45:24,270 - gmail_import - INFO - Processing message 6460/57238
2025-03-17 18:45:26,939 - gmail_import - INFO - Processing message 6470/57238
2025-03-17 18:45:29,602 - gmail_import - INFO - Processing message 6480/57238
2025-03-17 18:45:32,238 - gmail_import - INFO - Processing message 6490/57238
2025-03-17 18:45:34,941 - gmail_import - INFO - Processing message 6500/57238
2025-03-17 18:45:37,616 - gmail_import - INFO - Processing message 6510/57238
2025-03-17 18:45:40,310 - gmail_import - INFO - Processing message 6520/57238
2025-03-17 18:45:43,018 - gmail_import - INFO - Processing message 6530/57238
2025-03-17 18:45:45,686 - gmail_import - INFO - Processing message 6540/57238
2025-03-17 18:45:48,400 - gmail_import - INFO - Processing message 6550/57238
2025-03-17 18:45:51,102 - gmail_import - INFO - Processing message 6560/57238
2025-03-17 18:45:53,739 - gmail_import - INFO - Processing message 6570/57238
2025-03-17 18:45:56,399 - gmail_import - INFO - Processing message 6580/57238
2025-03-17 18:45:59,053 - gmail_import - INFO - Processing message 6590/57238
2025-03-17 18:46:01,694 - gmail_import - INFO - Processing message 6600/57238
2025-03-17 18:46:04,374 - gmail_import - INFO - Processing message 6610/57238
2025-03-17 18:46:07,073 - gmail_import - INFO - Processing message 6620/57238
2025-03-17 18:46:09,696 - gmail_import - INFO - Processing message 6630/57238
2025-03-17 18:46:12,344 - gmail_import - INFO - Processing message 6640/57238
2025-03-17 18:46:15,040 - gmail_import - INFO - Processing message 6650/57238
2025-03-17 18:46:17,736 - gmail_import - INFO - Processing message 6660/57238
2025-03-17 18:46:20,447 - gmail_import - INFO - Processing message 6670/57238
2025-03-17 18:46:23,063 - gmail_import - INFO - Processing message 6680/57238
2025-03-17 18:46:25,762 - gmail_import - INFO - Processing message 6690/57238
2025-03-17 18:46:28,440 - gmail_import - INFO - Processing message 6700/57238
2025-03-17 18:46:31,082 - gmail_import - INFO - Processing message 6710/57238
2025-03-17 18:46:33,774 - gmail_import - INFO - Processing message 6720/57238
2025-03-17 18:46:36,371 - gmail_import - INFO - Processing message 6730/57238
2025-03-17 18:46:39,082 - gmail_import - INFO - Processing message 6740/57238
2025-03-17 18:46:41,737 - gmail_import - INFO - Processing message 6750/57238
2025-03-17 18:46:44,396 - gmail_import - INFO - Processing message 6760/57238
2025-03-17 18:46:47,047 - gmail_import - INFO - Processing message 6770/57238
