2025-03-17 11:05:00,947 - gmail_import - INFO - Starting Gmail import: looking back 1 days, max 100 emails
2025-03-17 11:05:00,947 - gmail_import - INFO - Using database: /Users/srvo/dewey_emails.duckdb
2025-03-17 11:05:01,132 - gmail_import - INFO - Using token from /Users/srvo/dewey/token.json
2025-03-17 11:05:01,135 - gmail_import - INFO - Refreshing expired credentials
2025-03-17 11:05:01,667 - gmail_import - INFO - Importing emails from 2025/03/16 to 2025/03/17
2025-03-17 11:05:01,667 - gmail_import - INFO - Including sent emails
2025-03-17 11:05:02,112 - gmail_import - INFO - Fetched 100 messages, total: 100
2025-03-17 11:05:02,112 - gmail_import - INFO - Found 100 emails, fetching details...
2025-03-17 11:05:06,631 - gmail_import - INFO - Processing message 10/100
2025-03-17 11:05:12,040 - gmail_import - INFO - Processing message 20/100
2025-03-17 11:05:17,111 - gmail_import - INFO - Processing message 30/100
2025-03-17 11:05:22,346 - gmail_import - INFO - Processing message 40/100
2025-03-17 11:05:27,931 - gmail_import - INFO - Processing message 50/100
2025-03-17 11:05:33,394 - gmail_import - INFO - Processing message 60/100
2025-03-17 11:05:38,627 - gmail_import - INFO - Processing message 70/100
2025-03-17 11:05:43,844 - gmail_import - INFO - Processing message 80/100
2025-03-17 11:05:49,100 - gmail_import - INFO - Processing message 90/100
2025-03-17 11:05:54,344 - gmail_import - INFO - Processing message 100/100
2025-03-17 11:05:54,895 - gmail_import - INFO - Found 51 emails to process
2025-03-17 11:05:54,895 - gmail_import - INFO - Processing batch of 51 emails (indices 0-50)
2025-03-17 11:05:56,712 - gmail_import - INFO - Stored email 195a50ea9ab13cb2 in database
2025-03-17 11:05:57,220 - gmail_import - INFO - Stored email 195a50e95deb424d in database
2025-03-17 11:05:57,741 - gmail_import - INFO - Stored email 195a50e682137e83 in database
2025-03-17 11:05:58,196 - gmail_import - INFO - Email 195a502db0d5ea73 already exists in database
2025-03-17 11:05:58,724 - gmail_import - INFO - Email 195a4dc18cb1796c already exists in database
2025-03-17 11:05:59,111 - gmail_import - INFO - Email 195a4db746f35315 already exists in database
2025-03-17 11:05:59,617 - gmail_import - INFO - Email 195a4c41cf5a772b already exists in database
2025-03-17 11:06:00,061 - gmail_import - INFO - Email 195a4affb507045c already exists in database
2025-03-17 11:06:00,509 - gmail_import - INFO - Stored email 195a4a08bb0c05e5 in database
2025-03-17 11:06:00,979 - gmail_import - INFO - Email 195a49fe840f4ff8 already exists in database
2025-03-17 11:06:01,439 - gmail_import - INFO - Email 195a48527a3b6697 already exists in database
2025-03-17 11:06:01,934 - gmail_import - INFO - Email 195a470b189f06f6 already exists in database
2025-03-17 11:06:02,487 - gmail_import - INFO - Email 195a45054830c274 already exists in database
2025-03-17 11:06:03,125 - gmail_import - INFO - Email 195a428a02559237 already exists in database
2025-03-17 11:06:03,586 - gmail_import - INFO - Email 195a41c3f90ab669 already exists in database
2025-03-17 11:06:04,126 - gmail_import - INFO - Email 195a41c2a4a084a1 already exists in database
2025-03-17 11:06:04,642 - gmail_import - INFO - Email 195a3e148577d5bd already exists in database
2025-03-17 11:06:05,120 - gmail_import - INFO - Email 195a3932b70eb73f already exists in database
2025-03-17 11:06:05,635 - gmail_import - INFO - Email 195a38dc5277adb1 already exists in database
2025-03-17 11:06:06,158 - gmail_import - INFO - Email 195a38cdf5681da1 already exists in database
2025-03-17 11:06:06,653 - gmail_import - INFO - Email 195a369bdd5177e1 already exists in database
2025-03-17 11:06:07,205 - gmail_import - INFO - Email 195a363cd752ffff already exists in database
2025-03-17 11:06:07,708 - gmail_import - INFO - Email 195a363c4486d029 already exists in database
2025-03-17 11:06:08,227 - gmail_import - INFO - Email 195a2ef7cc9b6f1f already exists in database
2025-03-17 11:06:08,779 - gmail_import - INFO - Email 195a2e95cd7c706f already exists in database
2025-03-17 11:06:09,275 - gmail_import - INFO - Email 195a26e3e1d940cd already exists in database
2025-03-17 11:06:09,830 - gmail_import - INFO - Email 195a2612f74e0f2c already exists in database
2025-03-17 11:06:10,354 - gmail_import - INFO - Email 195a23a24ab4733f already exists in database
2025-03-17 11:06:10,848 - gmail_import - INFO - Email 195a1d777299e927 already exists in database
2025-03-17 11:06:11,402 - gmail_import - INFO - Email 195a1c0ae7e73467 already exists in database
2025-03-17 11:06:11,900 - gmail_import - INFO - Email 195a1bab38c60270 already exists in database
2025-03-17 11:06:12,447 - gmail_import - INFO - Email 195a1aff2933dc4f already exists in database
2025-03-17 11:06:12,945 - gmail_import - INFO - Email 195a1959fcd09064 already exists in database
2025-03-17 11:06:13,562 - gmail_import - INFO - Email 195a0c650f76ea1f already exists in database
2025-03-17 11:06:14,192 - gmail_import - INFO - Email 195a0bc6ea1f1009 already exists in database
2025-03-17 11:06:15,098 - gmail_import - INFO - Email 195a08d16852a601 already exists in database
2025-03-17 11:06:15,594 - gmail_import - INFO - Email 195a056a82276948 already exists in database
2025-03-17 11:06:16,121 - gmail_import - INFO - Email 195a0213d8970da9 already exists in database
2025-03-17 11:06:16,645 - gmail_import - INFO - Email 195a006a3b92c3b4 already exists in database
2025-03-17 11:06:17,179 - gmail_import - INFO - Email 1959fe5da21e85c1 already exists in database
2025-03-17 11:06:17,694 - gmail_import - INFO - Email 1959fb1a5c989020 already exists in database
2025-03-17 11:06:18,217 - gmail_import - INFO - Email 1959fad2760d0db1 already exists in database
2025-03-17 11:06:18,802 - gmail_import - INFO - Email 1959fa23e8d7df2b already exists in database
2025-03-17 11:06:19,364 - gmail_import - INFO - Email 1959f7b1d2719e5b already exists in database
2025-03-17 11:06:19,821 - gmail_import - INFO - Email 1959f7852f0e8200 already exists in database
2025-03-17 11:06:20,312 - gmail_import - INFO - Email 1959f72b09226031 already exists in database
2025-03-17 11:06:20,811 - gmail_import - INFO - Email 1959f4c18d0b41c9 already exists in database
2025-03-17 11:06:21,429 - gmail_import - INFO - Email 1959f49a92f64c77 already exists in database
2025-03-17 11:06:21,972 - gmail_import - INFO - Email 1959f4766f3848ef already exists in database
2025-03-17 11:06:22,420 - gmail_import - INFO - Email 1959f36c9cefca39 already exists in database
2025-03-17 11:06:22,958 - gmail_import - INFO - Email 1959f0a9b985a4dc already exists in database
2025-03-17 11:06:23,233 - gmail_import - INFO - Batch complete. Imported 4/51 emails
2025-03-17 11:06:23,234 - gmail_import - INFO - Gmail import completed successfully. Processed 51 emails.
