2025-03-17 10:50:08,848 - gmail_import - INFO - Starting Gmail import: looking back 1 days, max 100 emails
2025-03-17 10:50:08,848 - gmail_import - INFO - Using database: /Users/srvo/dewey_emails.duckdb
2025-03-17 10:50:10,643 - gmail_import - INFO - Using token from /Users/srvo/dewey/token.json
2025-03-17 10:50:10,663 - gmail_import - INFO - Refreshing expired credentials
2025-03-17 10:50:11,042 - gmail_import - INFO - Importing emails from 2025/03/16 to 2025/03/17
2025-03-17 10:50:11,043 - gmail_import - INFO - Including sent emails
2025-03-17 10:50:11,379 - gmail_import - INFO - Fetched 100 messages, total: 100
2025-03-17 10:50:11,380 - gmail_import - INFO - Found 100 emails, fetching details...
2025-03-17 10:50:15,444 - gmail_import - INFO - Processing message 10/100
2025-03-17 10:50:19,718 - gmail_import - INFO - Processing message 20/100
2025-03-17 10:50:24,377 - gmail_import - INFO - Processing message 30/100
2025-03-17 10:50:29,175 - gmail_import - INFO - Processing message 40/100
2025-03-17 10:50:33,897 - gmail_import - INFO - Processing message 50/100
2025-03-17 10:50:38,445 - gmail_import - INFO - Processing message 60/100
2025-03-17 10:50:43,305 - gmail_import - INFO - Processing message 70/100
2025-03-17 10:50:48,820 - gmail_import - INFO - Processing message 80/100
2025-03-17 10:50:53,940 - gmail_import - INFO - Processing message 90/100
2025-03-17 10:50:59,010 - gmail_import - INFO - Processing message 100/100
2025-03-17 10:50:59,560 - gmail_import - INFO - Found 47 emails to process
2025-03-17 10:50:59,560 - gmail_import - INFO - Processing batch of 47 emails (indices 0-46)
2025-03-17 10:51:06,778 - gmail_import - INFO - Stored email 195a502db0d5ea73 in database
2025-03-17 10:51:07,511 - gmail_import - INFO - Email 195a4dc18cb1796c already exists in database
2025-03-17 10:51:07,978 - gmail_import - INFO - Email 195a4db746f35315 already exists in database
2025-03-17 10:51:08,522 - gmail_import - INFO - Email 195a4c41cf5a772b already exists in database
2025-03-17 10:51:09,026 - gmail_import - INFO - Email 195a4affb507045c already exists in database
2025-03-17 10:51:09,597 - gmail_import - INFO - Email 195a49fe840f4ff8 already exists in database
2025-03-17 10:51:10,073 - gmail_import - INFO - Email 195a48527a3b6697 already exists in database
2025-03-17 10:51:10,504 - gmail_import - INFO - Email 195a470b189f06f6 already exists in database
2025-03-17 10:51:11,133 - gmail_import - INFO - Email 195a45054830c274 already exists in database
2025-03-17 10:51:11,924 - gmail_import - INFO - Email 195a428a02559237 already exists in database
2025-03-17 10:51:12,437 - gmail_import - INFO - Email 195a41c3f90ab669 already exists in database
2025-03-17 10:51:13,107 - gmail_import - INFO - Email 195a41c2a4a084a1 already exists in database
2025-03-17 10:51:13,744 - gmail_import - INFO - Email 195a3e148577d5bd already exists in database
2025-03-17 10:51:14,271 - gmail_import - INFO - Email 195a3932b70eb73f already exists in database
2025-03-17 10:51:14,979 - gmail_import - INFO - Email 195a38dc5277adb1 already exists in database
2025-03-17 10:51:15,679 - gmail_import - INFO - Email 195a38cdf5681da1 already exists in database
2025-03-17 10:51:16,242 - gmail_import - INFO - Email 195a369bdd5177e1 already exists in database
2025-03-17 10:51:16,888 - gmail_import - INFO - Email 195a363cd752ffff already exists in database
2025-03-17 10:51:17,249 - gmail_import - INFO - Email 195a363c4486d029 already exists in database
2025-03-17 10:51:17,711 - gmail_import - INFO - Email 195a2ef7cc9b6f1f already exists in database
2025-03-17 10:51:18,271 - gmail_import - INFO - Email 195a2e95cd7c706f already exists in database
2025-03-17 10:51:18,683 - gmail_import - INFO - Email 195a26e3e1d940cd already exists in database
2025-03-17 10:51:19,195 - gmail_import - INFO - Email 195a2612f74e0f2c already exists in database
2025-03-17 10:51:19,673 - gmail_import - INFO - Email 195a23a24ab4733f already exists in database
2025-03-17 10:51:20,200 - gmail_import - INFO - Email 195a1d777299e927 already exists in database
2025-03-17 10:51:20,679 - gmail_import - INFO - Email 195a1c0ae7e73467 already exists in database
2025-03-17 10:51:21,094 - gmail_import - INFO - Email 195a1bab38c60270 already exists in database
2025-03-17 10:51:21,607 - gmail_import - INFO - Email 195a1aff2933dc4f already exists in database
2025-03-17 10:51:22,011 - gmail_import - INFO - Email 195a1959fcd09064 already exists in database
2025-03-17 10:51:22,428 - gmail_import - INFO - Email 195a0c650f76ea1f already exists in database
2025-03-17 10:51:22,928 - gmail_import - INFO - Email 195a0bc6ea1f1009 already exists in database
2025-03-17 10:51:23,538 - gmail_import - INFO - Email 195a08d16852a601 already exists in database
2025-03-17 10:51:23,956 - gmail_import - INFO - Email 195a056a82276948 already exists in database
2025-03-17 10:51:24,373 - gmail_import - INFO - Email 195a0213d8970da9 already exists in database
2025-03-17 10:51:24,779 - gmail_import - INFO - Email 195a006a3b92c3b4 already exists in database
2025-03-17 10:51:25,282 - gmail_import - INFO - Email 1959fe5da21e85c1 already exists in database
2025-03-17 10:51:25,801 - gmail_import - INFO - Email 1959fb1a5c989020 already exists in database
2025-03-17 10:51:26,211 - gmail_import - INFO - Email 1959fad2760d0db1 already exists in database
2025-03-17 10:51:26,647 - gmail_import - INFO - Email 1959fa23e8d7df2b already exists in database
2025-03-17 10:51:27,086 - gmail_import - INFO - Email 1959f7b1d2719e5b already exists in database
2025-03-17 10:51:27,514 - gmail_import - INFO - Email 1959f7852f0e8200 already exists in database
2025-03-17 10:51:27,934 - gmail_import - INFO - Email 1959f72b09226031 already exists in database
2025-03-17 10:51:28,428 - gmail_import - INFO - Email 1959f4c18d0b41c9 already exists in database
2025-03-17 10:51:28,949 - gmail_import - INFO - Email 1959f49a92f64c77 already exists in database
2025-03-17 10:51:29,368 - gmail_import - INFO - Email 1959f4766f3848ef already exists in database
2025-03-17 10:51:29,752 - gmail_import - INFO - Email 1959f36c9cefca39 already exists in database
2025-03-17 10:51:30,170 - gmail_import - INFO - Email 1959f0a9b985a4dc already exists in database
2025-03-17 10:51:30,421 - gmail_import - INFO - Batch complete. Imported 1/47 emails
2025-03-17 10:51:30,421 - gmail_import - INFO - Gmail import completed successfully. Processed 47 emails.
