2025-03-17 17:49:28,239 - gmail_import - INFO - Connecting to MotherDuck database: md:dewey
2025-03-17 17:49:29,293 - gmail_import - INFO - Successfully connected to MotherDuck
2025-03-17 17:49:29,963 - gmail_import - WARNING - Failed to create index: Binder Error: Table "email_analyses" does not have a column named "thread_id"

Candidate bindings: : "id"
2025-03-17 17:49:30,376 - gmail_import - WARNING - Failed to create index: Binder Error: Table "email_analyses" does not have a column named "internal_date"

Candidate bindings: : "analysis_date"
2025-03-17 17:49:30,627 - gmail_import - WARNING - Failed to create index: Binder Error: Table "email_analyses" does not have a column named "status"

Candidate bindings: : "id"
2025-03-17 17:49:30,879 - gmail_import - WARNING - Failed to create index: Binder Error: Table "email_analyses" does not have a column named "batch_id"

Candidate bindings: : "id"
2025-03-17 17:49:31,098 - gmail_import - WARNING - Failed to create index: Binder Error: Table "email_analyses" does not have a column named "import_timestamp"

Candidate bindings: : "scores"
2025-03-17 17:49:31,098 - gmail_import - INFO - Connected to database at md:dewey
2025-03-17 17:49:31,098 - gmail_import - INFO - Using token from /Users/srvo/dewey/token.json
2025-03-17 17:49:31,100 - gmail_import - INFO - Refreshing expired credentials
2025-03-17 17:49:31,331 - gmail_import - INFO - Importing emails from 2025/03/10 to 2025/03/17
2025-03-17 17:49:31,331 - gmail_import - INFO - Including sent emails
2025-03-17 17:49:31,686 - gmail_import - INFO - Fetched 500 messages, total: 500
2025-03-17 17:49:32,382 - gmail_import - INFO - Fetched 500 messages, total: 1000
2025-03-17 17:49:32,382 - gmail_import - INFO - Found 1000 emails, fetching details...
2025-03-17 17:49:35,653 - gmail_import - INFO - Processing message 10/1000
2025-03-17 17:49:39,197 - gmail_import - INFO - Processing message 20/1000
2025-03-17 17:49:42,859 - gmail_import - INFO - Processing message 30/1000
2025-03-17 17:49:46,521 - gmail_import - INFO - Processing message 40/1000
2025-03-17 17:49:50,124 - gmail_import - INFO - Processing message 50/1000
2025-03-17 17:49:53,721 - gmail_import - INFO - Processing message 60/1000
2025-03-17 17:49:57,362 - gmail_import - INFO - Processing message 70/1000
2025-03-17 17:50:01,178 - gmail_import - INFO - Processing message 80/1000
2025-03-17 17:50:04,855 - gmail_import - INFO - Processing message 90/1000
2025-03-17 17:50:08,330 - gmail_import - INFO - Processing message 100/1000
2025-03-17 17:50:11,957 - gmail_import - INFO - Processing message 110/1000
2025-03-17 17:50:15,544 - gmail_import - INFO - Processing message 120/1000
2025-03-17 17:50:19,307 - gmail_import - INFO - Processing message 130/1000
2025-03-17 17:50:22,884 - gmail_import - INFO - Processing message 140/1000
2025-03-17 17:50:26,701 - gmail_import - INFO - Processing message 150/1000
2025-03-17 17:50:30,423 - gmail_import - INFO - Processing message 160/1000
2025-03-17 17:50:33,997 - gmail_import - INFO - Processing message 170/1000
2025-03-17 17:50:37,670 - gmail_import - INFO - Processing message 180/1000
2025-03-17 17:50:41,147 - gmail_import - INFO - Processing message 190/1000
2025-03-17 17:50:44,965 - gmail_import - INFO - Processing message 200/1000
2025-03-17 17:50:48,673 - gmail_import - INFO - Processing message 210/1000
2025-03-17 17:50:52,238 - gmail_import - INFO - Processing message 220/1000
2025-03-17 17:50:55,911 - gmail_import - INFO - Processing message 230/1000
2025-03-17 17:50:59,518 - gmail_import - INFO - Processing message 240/1000
2025-03-17 17:51:03,213 - gmail_import - INFO - Processing message 250/1000
2025-03-17 17:51:07,041 - gmail_import - INFO - Processing message 260/1000
2025-03-17 17:51:10,597 - gmail_import - INFO - Processing message 270/1000
2025-03-17 17:51:14,257 - gmail_import - INFO - Processing message 280/1000
2025-03-17 17:51:17,920 - gmail_import - INFO - Processing message 290/1000
2025-03-17 17:51:21,590 - gmail_import - INFO - Processing message 300/1000
2025-03-17 17:51:25,244 - gmail_import - INFO - Processing message 310/1000
2025-03-17 17:51:28,764 - gmail_import - INFO - Processing message 320/1000
2025-03-17 17:51:32,393 - gmail_import - INFO - Processing message 330/1000
2025-03-17 17:51:36,004 - gmail_import - INFO - Processing message 340/1000
2025-03-17 17:51:39,603 - gmail_import - INFO - Processing message 350/1000
2025-03-17 17:51:43,273 - gmail_import - INFO - Processing message 360/1000
2025-03-17 17:51:46,853 - gmail_import - INFO - Processing message 370/1000
2025-03-17 17:51:50,545 - gmail_import - INFO - Processing message 380/1000
2025-03-17 17:51:54,149 - gmail_import - INFO - Processing message 390/1000
2025-03-17 17:51:57,655 - gmail_import - INFO - Processing message 400/1000
2025-03-17 17:52:01,117 - gmail_import - INFO - Processing message 410/1000
2025-03-17 17:52:04,888 - gmail_import - INFO - Processing message 420/1000
2025-03-17 17:52:08,541 - gmail_import - INFO - Processing message 430/1000
2025-03-17 17:52:12,365 - gmail_import - INFO - Processing message 440/1000
2025-03-17 17:52:16,030 - gmail_import - INFO - Processing message 450/1000
2025-03-17 17:52:19,496 - gmail_import - INFO - Processing message 460/1000
2025-03-17 17:52:23,004 - gmail_import - INFO - Processing message 470/1000
2025-03-17 17:52:26,601 - gmail_import - INFO - Processing message 480/1000
2025-03-17 17:52:30,140 - gmail_import - INFO - Processing message 490/1000
2025-03-17 17:52:33,723 - gmail_import - INFO - Processing message 500/1000
2025-03-17 17:52:37,453 - gmail_import - INFO - Processing message 510/1000
2025-03-17 17:52:41,140 - gmail_import - INFO - Processing message 520/1000
2025-03-17 17:52:45,016 - gmail_import - INFO - Processing message 530/1000
2025-03-17 17:52:48,585 - gmail_import - INFO - Processing message 540/1000
2025-03-17 17:52:52,327 - gmail_import - INFO - Processing message 550/1000
2025-03-17 17:52:56,014 - gmail_import - INFO - Processing message 560/1000
2025-03-17 17:52:59,595 - gmail_import - INFO - Processing message 570/1000
2025-03-17 17:53:03,090 - gmail_import - INFO - Processing message 580/1000
2025-03-17 17:53:06,909 - gmail_import - INFO - Processing message 590/1000
2025-03-17 17:53:10,514 - gmail_import - INFO - Processing message 600/1000
2025-03-17 17:53:14,126 - gmail_import - INFO - Processing message 610/1000
2025-03-17 17:53:18,147 - gmail_import - INFO - Processing message 620/1000
2025-03-17 17:53:21,671 - gmail_import - INFO - Processing message 630/1000
2025-03-17 17:53:25,239 - gmail_import - INFO - Processing message 640/1000
2025-03-17 17:53:28,873 - gmail_import - INFO - Processing message 650/1000
2025-03-17 17:53:32,457 - gmail_import - INFO - Processing message 660/1000
2025-03-17 17:53:36,107 - gmail_import - INFO - Processing message 670/1000
2025-03-17 17:53:39,634 - gmail_import - INFO - Processing message 680/1000
2025-03-17 17:53:43,206 - gmail_import - INFO - Processing message 690/1000
2025-03-17 17:53:46,692 - gmail_import - INFO - Processing message 700/1000
2025-03-17 17:53:50,268 - gmail_import - INFO - Processing message 710/1000
2025-03-17 17:53:53,848 - gmail_import - INFO - Processing message 720/1000
2025-03-17 17:53:57,365 - gmail_import - INFO - Processing message 730/1000
2025-03-17 17:54:00,997 - gmail_import - INFO - Processing message 740/1000
2025-03-17 17:54:04,508 - gmail_import - INFO - Processing message 750/1000
2025-03-17 17:54:08,046 - gmail_import - INFO - Processing message 760/1000
2025-03-17 17:54:11,620 - gmail_import - INFO - Processing message 770/1000
2025-03-17 17:54:15,275 - gmail_import - INFO - Processing message 780/1000
2025-03-17 17:54:18,844 - gmail_import - INFO - Processing message 790/1000
2025-03-17 17:54:22,564 - gmail_import - INFO - Processing message 800/1000
2025-03-17 17:54:26,159 - gmail_import - INFO - Processing message 810/1000
2025-03-17 17:54:29,802 - gmail_import - INFO - Processing message 820/1000
2025-03-17 17:54:33,518 - gmail_import - INFO - Processing message 830/1000
2025-03-17 17:54:37,065 - gmail_import - INFO - Processing message 840/1000
2025-03-17 17:54:40,633 - gmail_import - INFO - Processing message 850/1000
2025-03-17 17:54:44,468 - gmail_import - INFO - Processing message 860/1000
2025-03-17 17:54:48,267 - gmail_import - INFO - Processing message 870/1000
2025-03-17 17:54:51,980 - gmail_import - INFO - Processing message 880/1000
2025-03-17 17:54:55,545 - gmail_import - INFO - Processing message 890/1000
2025-03-17 17:54:59,090 - gmail_import - INFO - Processing message 900/1000
2025-03-17 17:55:02,800 - gmail_import - INFO - Processing message 910/1000
2025-03-17 17:55:06,428 - gmail_import - INFO - Processing message 920/1000
2025-03-17 17:55:10,015 - gmail_import - INFO - Processing message 930/1000
2025-03-17 17:55:13,619 - gmail_import - INFO - Processing message 940/1000
2025-03-17 17:55:17,415 - gmail_import - INFO - Processing message 950/1000
2025-03-17 17:55:21,006 - gmail_import - INFO - Processing message 960/1000
2025-03-17 17:55:24,940 - gmail_import - INFO - Processing message 970/1000
2025-03-17 17:55:28,807 - gmail_import - INFO - Processing message 980/1000
2025-03-17 17:55:32,447 - gmail_import - INFO - Processing message 990/1000
2025-03-17 17:55:36,068 - gmail_import - INFO - Processing message 1000/1000
2025-03-17 17:55:36,548 - gmail_import - INFO - Found 510 emails to process
2025-03-17 17:55:55,122 - gmail_import - ERROR - Error storing email 195a624ae1603e5d: Binder Error: Table "email_analyses" does not have a column with name "thread_id"
2025-03-17 17:55:55,278 - gmail_import - ERROR - Error storing email 195a5b328cf91f36: Binder Error: Table "email_analyses" does not have a column with name "thread_id"
2025-03-17 17:55:55,486 - gmail_import - ERROR - Error storing email 195a59035340eb23: Binder Error: Table "email_analyses" does not have a column with name "thread_id"
2025-03-17 17:55:55,705 - gmail_import - ERROR - Error storing email 195a57d41c98636c: Binder Error: Table "email_analyses" does not have a column with name "thread_id"
2025-03-17 17:55:55,924 - gmail_import - ERROR - Error storing email 195a57bb930ad7da: Binder Error: Table "email_analyses" does not have a column with name "thread_id"
2025-03-17 17:55:56,138 - gmail_import - ERROR - Error storing email 195a51a01aaacf41: Binder Error: Table "email_analyses" does not have a column with name "thread_id"
2025-03-17 17:55:56,237 - gmail_import - ERROR - Error storing email 195a512eb1c90e66: Binder Error: Table "email_analyses" does not have a column with name "thread_id"
2025-03-17 17:55:56,337 - gmail_import - ERROR - Error storing email 195a512be70048bd: Binder Error: Table "email_analyses" does not have a column with name "thread_id"
2025-03-17 17:55:56,435 - gmail_import - ERROR - Error storing email 195a50ea9ab13cb2: Binder Error: Table "email_analyses" does not have a column with name "thread_id"
2025-03-17 17:55:56,643 - gmail_import - ERROR - Error storing email 195a50e95deb424d: Binder Error: Table "email_analyses" does not have a column with name "thread_id"
2025-03-17 17:55:56,742 - gmail_import - ERROR - Error storing email 195a50e682137e83: Binder Error: Table "email_analyses" does not have a column with name "thread_id"
2025-03-17 17:55:56,840 - gmail_import - ERROR - Error storing email 195a50cd0a0e207e: Binder Error: Table "email_analyses" does not have a column with name "thread_id"
2025-03-17 17:55:56,940 - gmail_import - ERROR - Error storing email 195a5043f6459a8c: Binder Error: Table "email_analyses" does not have a column with name "thread_id"
2025-03-17 17:55:57,040 - gmail_import - ERROR - Error storing email 195a504304583da4: Binder Error: Table "email_analyses" does not have a column with name "thread_id"
2025-03-17 17:55:57,151 - gmail_import - ERROR - Error storing email 195a502db0d5ea73: Binder Error: Table "email_analyses" does not have a column with name "thread_id"
2025-03-17 17:55:57,253 - gmail_import - ERROR - Error storing email 195a5014ff26580d: Binder Error: Table "email_analyses" does not have a column with name "thread_id"
2025-03-17 17:55:57,351 - gmail_import - ERROR - Error storing email 195a4eb132f96ab3: Binder Error: Table "email_analyses" does not have a column with name "thread_id"
2025-03-17 17:55:57,455 - gmail_import - ERROR - Error storing email 195a4ea48f3eaab0: Binder Error: Table "email_analyses" does not have a column with name "thread_id"
2025-03-17 17:55:57,560 - gmail_import - ERROR - Error storing email 195a4e589d04139c: Binder Error: Table "email_analyses" does not have a column with name "thread_id"
2025-03-17 17:55:57,658 - gmail_import - ERROR - Error storing email 195a4df3696e868d: Binder Error: Table "email_analyses" does not have a column with name "thread_id"
2025-03-17 17:55:57,820 - gmail_import - ERROR - Error storing email 195a4de344211317: Binder Error: Table "email_analyses" does not have a column with name "thread_id"
2025-03-17 17:55:57,920 - gmail_import - ERROR - Error storing email 195a4de0d8d196fa: Binder Error: Table "email_analyses" does not have a column with name "thread_id"
2025-03-17 17:55:58,026 - gmail_import - ERROR - Error storing email 195a4dc18cb1796c: Binder Error: Table "email_analyses" does not have a column with name "thread_id"
2025-03-17 17:55:58,124 - gmail_import - ERROR - Error storing email 195a4db746f35315: Binder Error: Table "email_analyses" does not have a column with name "thread_id"
2025-03-17 17:55:58,231 - gmail_import - ERROR - Error storing email 195a4da942a243ff: Binder Error: Table "email_analyses" does not have a column with name "thread_id"
2025-03-17 17:55:58,341 - gmail_import - ERROR - Error storing email 195a4d789a920b4a: Binder Error: Table "email_analyses" does not have a column with name "thread_id"
2025-03-17 17:55:58,544 - gmail_import - ERROR - Error storing email 195a4d76dfcec1f0: Binder Error: Table "email_analyses" does not have a column with name "thread_id"
2025-03-17 17:55:58,647 - gmail_import - ERROR - Error storing email 195a4d6cdfdba5af: Binder Error: Table "email_analyses" does not have a column with name "thread_id"
2025-03-17 17:55:58,761 - gmail_import - ERROR - Error storing email 195a4d608429e130: Binder Error: Table "email_analyses" does not have a column with name "thread_id"
2025-03-17 17:55:58,858 - gmail_import - ERROR - Error storing email 195a4d560d83c850: Binder Error: Table "email_analyses" does not have a column with name "thread_id"
2025-03-17 17:55:58,956 - gmail_import - ERROR - Error storing email 195a4d25c17a50b2: Binder Error: Table "email_analyses" does not have a column with name "thread_id"
2025-03-17 17:55:59,054 - gmail_import - ERROR - Error storing email 195a4cfdaba7e10b: Binder Error: Table "email_analyses" does not have a column with name "thread_id"
2025-03-17 17:55:59,265 - gmail_import - ERROR - Error storing email 195a4c41cf5a772b: Binder Error: Table "email_analyses" does not have a column with name "thread_id"
2025-03-17 17:55:59,364 - gmail_import - ERROR - Error storing email 195a4c13cf25ffff: Binder Error: Table "email_analyses" does not have a column with name "thread_id"
2025-03-17 17:55:59,467 - gmail_import - ERROR - Error storing email 195a4bb00a8393ed: Binder Error: Table "email_analyses" does not have a column with name "thread_id"
2025-03-17 17:55:59,577 - gmail_import - ERROR - Error storing email 195a4b3faf6aa7cf: Binder Error: Table "email_analyses" does not have a column with name "thread_id"
2025-03-17 17:55:59,675 - gmail_import - ERROR - Error storing email 195a4affb507045c: Binder Error: Table "email_analyses" does not have a column with name "thread_id"
2025-03-17 17:55:59,771 - gmail_import - ERROR - Error storing email 195a4ab849144425: Binder Error: Table "email_analyses" does not have a column with name "thread_id"
2025-03-17 17:55:59,870 - gmail_import - ERROR - Error storing email 195a4a0c907ec783: Binder Error: Table "email_analyses" does not have a column with name "thread_id"
2025-03-17 17:56:00,072 - gmail_import - ERROR - Error storing email 195a4a08bb0c05e5: Binder Error: Table "email_analyses" does not have a column with name "thread_id"
2025-03-17 17:56:00,324 - gmail_import - ERROR - Error storing email 195a49fe840f4ff8: Binder Error: Table "email_analyses" does not have a column with name "thread_id"
2025-03-17 17:56:00,423 - gmail_import - ERROR - Error storing email 195a49f633e230be: Binder Error: Table "email_analyses" does not have a column with name "thread_id"
2025-03-17 17:56:00,521 - gmail_import - ERROR - Error storing email 195a49eceee001eb: Binder Error: Table "email_analyses" does not have a column with name "thread_id"
2025-03-17 17:56:00,620 - gmail_import - ERROR - Error storing email 195a49ec037e2935: Binder Error: Table "email_analyses" does not have a column with name "thread_id"
2025-03-17 17:56:00,717 - gmail_import - ERROR - Error storing email 195a492f6b58d6c5: Binder Error: Table "email_analyses" does not have a column with name "thread_id"
2025-03-17 17:56:00,814 - gmail_import - ERROR - Error storing email 195a48527a3b6697: Binder Error: Table "email_analyses" does not have a column with name "thread_id"
2025-03-17 17:56:00,911 - gmail_import - ERROR - Error storing email 195a470b189f06f6: Binder Error: Table "email_analyses" does not have a column with name "thread_id"
2025-03-17 17:56:01,114 - gmail_import - ERROR - Error storing email 195a46f7e7fb1af1: Binder Error: Table "email_analyses" does not have a column with name "thread_id"
2025-03-17 17:56:01,214 - gmail_import - ERROR - Error storing email 195a46c07db8be0e: Binder Error: Table "email_analyses" does not have a column with name "thread_id"
2025-03-17 17:56:01,321 - gmail_import - ERROR - Error storing email 195a468d93d50e2a: Binder Error: Table "email_analyses" does not have a column with name "thread_id"
2025-03-17 17:56:01,424 - gmail_import - INFO - Processed sub-batch 1, Success: 0, Errors: 50
2025-03-17 17:56:01,424 - gmail_import - INFO - Batch 0-50: Success=0, Errors=50
2025-03-17 17:56:24,969 - gmail_import - ERROR - Error storing email 195a468c2d2035dc: Binder Error: Table "email_analyses" does not have a column with name "thread_id"
2025-03-17 17:56:25,184 - gmail_import - ERROR - Error storing email 195a467c709f11cc: Binder Error: Table "email_analyses" does not have a column with name "thread_id"
2025-03-17 17:56:25,281 - gmail_import - ERROR - Error storing email 195a465ab430fe6d: Binder Error: Table "email_analyses" does not have a column with name "thread_id"
2025-03-17 17:56:25,380 - gmail_import - ERROR - Error storing email 195a45a21e32c2df: Binder Error: Table "email_analyses" does not have a column with name "thread_id"
2025-03-17 17:56:25,594 - gmail_import - ERROR - Error storing email 195a4549302079bc: Binder Error: Table "email_analyses" does not have a column with name "thread_id"
2025-03-17 17:56:25,698 - gmail_import - ERROR - Error storing email 195a45054830c274: Binder Error: Table "email_analyses" does not have a column with name "thread_id"
2025-03-17 17:56:25,797 - gmail_import - ERROR - Error storing email 195a44792693c098: Binder Error: Table "email_analyses" does not have a column with name "thread_id"
2025-03-17 17:56:25,895 - gmail_import - ERROR - Error storing email 195a433869d11e86: Binder Error: Table "email_analyses" does not have a column with name "thread_id"
2025-03-17 17:56:26,061 - gmail_import - ERROR - Error storing email 195a430a4e1943ed: Binder Error: Table "email_analyses" does not have a column with name "thread_id"
2025-03-17 17:56:26,167 - gmail_import - ERROR - Error storing email 195a428a02559237: Binder Error: Table "email_analyses" does not have a column with name "thread_id"
2025-03-17 17:56:26,295 - gmail_import - ERROR - Error storing email 195a426e0a740579: Binder Error: Table "email_analyses" does not have a column with name "thread_id"
2025-03-17 17:56:26,507 - gmail_import - ERROR - Error storing email 195a41fa7886d263: Binder Error: Table "email_analyses" does not have a column with name "thread_id"
2025-03-17 17:56:26,608 - gmail_import - ERROR - Error storing email 195a41c3f90ab669: Binder Error: Table "email_analyses" does not have a column with name "thread_id"
2025-03-17 17:56:26,711 - gmail_import - ERROR - Error storing email 195a41c2a4a084a1: Binder Error: Table "email_analyses" does not have a column with name "thread_id"
2025-03-17 17:56:26,814 - gmail_import - ERROR - Error storing email 195a40a427db439b: Binder Error: Table "email_analyses" does not have a column with name "thread_id"
2025-03-17 17:56:26,913 - gmail_import - ERROR - Error storing email 195a40a2160120f0: Binder Error: Table "email_analyses" does not have a column with name "thread_id"
2025-03-17 17:56:27,019 - gmail_import - ERROR - Error storing email 195a409b4f1dcb5b: Binder Error: Table "email_analyses" does not have a column with name "thread_id"
2025-03-17 17:56:27,118 - gmail_import - ERROR - Error storing email 195a4023d3ed0a31: Binder Error: Table "email_analyses" does not have a column with name "thread_id"
2025-03-17 17:56:27,218 - gmail_import - ERROR - Error storing email 195a4013a8b3161b: Binder Error: Table "email_analyses" does not have a column with name "thread_id"
2025-03-17 17:56:27,424 - gmail_import - ERROR - Error storing email 195a3fc101785d73: Binder Error: Table "email_analyses" does not have a column with name "thread_id"
2025-03-17 17:56:27,603 - gmail_import - ERROR - Error storing email 195a3eb51f0a1ed5: Binder Error: Table "email_analyses" does not have a column with name "thread_id"
2025-03-17 17:56:27,710 - gmail_import - ERROR - Error storing email 195a3e148577d5bd: Binder Error: Table "email_analyses" does not have a column with name "thread_id"
2025-03-17 17:56:27,814 - gmail_import - ERROR - Error storing email 195a3932b70eb73f: Binder Error: Table "email_analyses" does not have a column with name "thread_id"
2025-03-17 17:56:27,918 - gmail_import - ERROR - Error storing email 195a38dc5277adb1: Binder Error: Table "email_analyses" does not have a column with name "thread_id"
2025-03-17 17:56:28,017 - gmail_import - ERROR - Error storing email 195a38cdf5681da1: Binder Error: Table "email_analyses" does not have a column with name "thread_id"
2025-03-17 17:56:28,121 - gmail_import - ERROR - Error storing email 195a369bdd5177e1: Binder Error: Table "email_analyses" does not have a column with name "thread_id"
2025-03-17 17:56:28,219 - gmail_import - ERROR - Error storing email 195a363cd752ffff: Binder Error: Table "email_analyses" does not have a column with name "thread_id"
2025-03-17 17:56:28,373 - gmail_import - ERROR - Error storing email 195a363c4486d029: Binder Error: Table "email_analyses" does not have a column with name "thread_id"
2025-03-17 17:56:28,583 - gmail_import - ERROR - Error storing email 195a2ef7cc9b6f1f: Binder Error: Table "email_analyses" does not have a column with name "thread_id"
2025-03-17 17:56:28,685 - gmail_import - ERROR - Error storing email 195a2e95cd7c706f: Binder Error: Table "email_analyses" does not have a column with name "thread_id"
2025-03-17 17:56:28,780 - gmail_import - ERROR - Error storing email 195a26e3e1d940cd: Binder Error: Table "email_analyses" does not have a column with name "thread_id"
2025-03-17 17:56:28,882 - gmail_import - ERROR - Error storing email 195a2612f74e0f2c: Binder Error: Table "email_analyses" does not have a column with name "thread_id"
2025-03-17 17:56:28,981 - gmail_import - ERROR - Error storing email 195a23a24ab4733f: Binder Error: Table "email_analyses" does not have a column with name "thread_id"
2025-03-17 17:56:29,084 - gmail_import - ERROR - Error storing email 195a1d777299e927: Binder Error: Table "email_analyses" does not have a column with name "thread_id"
2025-03-17 17:56:29,184 - gmail_import - ERROR - Error storing email 195a1c0ae7e73467: Binder Error: Table "email_analyses" does not have a column with name "thread_id"
2025-03-17 17:56:29,281 - gmail_import - ERROR - Error storing email 195a1bab38c60270: Binder Error: Table "email_analyses" does not have a column with name "thread_id"
2025-03-17 17:56:29,380 - gmail_import - ERROR - Error storing email 195a1aff2933dc4f: Binder Error: Table "email_analyses" does not have a column with name "thread_id"
2025-03-17 17:56:29,478 - gmail_import - ERROR - Error storing email 195a1959fcd09064: Binder Error: Table "email_analyses" does not have a column with name "thread_id"
2025-03-17 17:56:29,577 - gmail_import - ERROR - Error storing email 195a0c650f76ea1f: Binder Error: Table "email_analyses" does not have a column with name "thread_id"
2025-03-17 17:56:29,682 - gmail_import - ERROR - Error storing email 195a0bc6ea1f1009: Binder Error: Table "email_analyses" does not have a column with name "thread_id"
2025-03-17 17:56:29,881 - gmail_import - ERROR - Error storing email 195a08d16852a601: Binder Error: Table "email_analyses" does not have a column with name "thread_id"
2025-03-17 17:56:29,979 - gmail_import - ERROR - Error storing email 195a056a82276948: Binder Error: Table "email_analyses" does not have a column with name "thread_id"
2025-03-17 17:56:30,188 - gmail_import - ERROR - Error storing email 195a0213d8970da9: Binder Error: Table "email_analyses" does not have a column with name "thread_id"
2025-03-17 17:56:30,396 - gmail_import - ERROR - Error storing email 195a006a3b92c3b4: Binder Error: Table "email_analyses" does not have a column with name "thread_id"
2025-03-17 17:56:30,498 - gmail_import - ERROR - Error storing email 1959fe5da21e85c1: Binder Error: Table "email_analyses" does not have a column with name "thread_id"
2025-03-17 17:56:30,600 - gmail_import - ERROR - Error storing email 1959fb5d1370a8ba: Binder Error: Table "email_analyses" does not have a column with name "thread_id"
2025-03-17 17:56:30,700 - gmail_import - ERROR - Error storing email 1959fb1a5c989020: Binder Error: Table "email_analyses" does not have a column with name "thread_id"
2025-03-17 17:56:30,906 - gmail_import - ERROR - Error storing email 1959fad2760d0db1: Binder Error: Table "email_analyses" does not have a column with name "thread_id"
2025-03-17 17:56:31,008 - gmail_import - ERROR - Error storing email 1959fa23e8d7df2b: Binder Error: Table "email_analyses" does not have a column with name "thread_id"
2025-03-17 17:56:31,175 - gmail_import - ERROR - Error storing email 1959f8757c8a4066: Binder Error: Table "email_analyses" does not have a column with name "thread_id"
2025-03-17 17:56:31,270 - gmail_import - INFO - Processed sub-batch 1, Success: 0, Errors: 50
2025-03-17 17:56:31,270 - gmail_import - INFO - Batch 50-100: Success=0, Errors=50
2025-03-17 17:56:54,507 - gmail_import - ERROR - Error storing email 1959f7b1d2719e5b: Binder Error: Table "email_analyses" does not have a column with name "thread_id"
2025-03-17 17:56:54,717 - gmail_import - ERROR - Error storing email 1959f7852f0e8200: Binder Error: Table "email_analyses" does not have a column with name "thread_id"
2025-03-17 17:56:54,819 - gmail_import - ERROR - Error storing email 1959f72b09226031: Binder Error: Table "email_analyses" does not have a column with name "thread_id"
2025-03-17 17:56:54,978 - gmail_import - ERROR - Error storing email 1959f4c18d0b41c9: Binder Error: Table "email_analyses" does not have a column with name "thread_id"
2025-03-17 17:56:55,083 - gmail_import - ERROR - Error storing email 1959f49a92f64c77: Binder Error: Table "email_analyses" does not have a column with name "thread_id"
2025-03-17 17:56:55,287 - gmail_import - ERROR - Error storing email 1959f4766f3848ef: Binder Error: Table "email_analyses" does not have a column with name "thread_id"
2025-03-17 17:56:55,389 - gmail_import - ERROR - Error storing email 1959f36c9cefca39: Binder Error: Table "email_analyses" does not have a column with name "thread_id"
2025-03-17 17:56:55,488 - gmail_import - ERROR - Error storing email 1959f0a9b985a4dc: Binder Error: Table "email_analyses" does not have a column with name "thread_id"
2025-03-17 17:56:55,589 - gmail_import - ERROR - Error storing email 1959ea8650a432b0: Binder Error: Table "email_analyses" does not have a column with name "thread_id"
2025-03-17 17:56:55,686 - gmail_import - ERROR - Error storing email 1959e700ecd72cc1: Binder Error: Table "email_analyses" does not have a column with name "thread_id"
2025-03-17 17:56:55,790 - gmail_import - ERROR - Error storing email 1959e6dc3ecf6ded: Binder Error: Table "email_analyses" does not have a column with name "thread_id"
2025-03-17 17:56:55,892 - gmail_import - ERROR - Error storing email 1959e6605d784566: Binder Error: Table "email_analyses" does not have a column with name "thread_id"
2025-03-17 17:56:55,990 - gmail_import - ERROR - Error storing email 1959dcd47dce0829: Binder Error: Table "email_analyses" does not have a column with name "thread_id"
2025-03-17 17:56:56,092 - gmail_import - ERROR - Error storing email 1959cae4c7c73843: Binder Error: Table "email_analyses" does not have a column with name "thread_id"
2025-03-17 17:56:56,195 - gmail_import - ERROR - Error storing email 1959c853675510e6: Binder Error: Table "email_analyses" does not have a column with name "thread_id"
2025-03-17 17:56:56,298 - gmail_import - ERROR - Error storing email 1959bd603351bd15: Binder Error: Table "email_analyses" does not have a column with name "thread_id"
2025-03-17 17:56:56,401 - gmail_import - ERROR - Error storing email 1959b9f3c6f42356: Binder Error: Table "email_analyses" does not have a column with name "thread_id"
2025-03-17 17:56:56,506 - gmail_import - ERROR - Error storing email 1959b9d2599ca470: Binder Error: Table "email_analyses" does not have a column with name "thread_id"
2025-03-17 17:56:56,683 - gmail_import - ERROR - Error storing email 1959b677f064a6e5: Binder Error: Table "email_analyses" does not have a column with name "thread_id"
2025-03-17 17:56:56,785 - gmail_import - ERROR - Error storing email 1959b21544e725ab: Binder Error: Table "email_analyses" does not have a column with name "thread_id"
2025-03-17 17:56:56,883 - gmail_import - ERROR - Error storing email 1959afda7353488c: Binder Error: Table "email_analyses" does not have a column with name "thread_id"
2025-03-17 17:56:56,981 - gmail_import - ERROR - Error storing email 1959ae37f4741f7b: Binder Error: Table "email_analyses" does not have a column with name "thread_id"
2025-03-17 17:56:57,230 - gmail_import - ERROR - Error storing email 1959ab9eaa52effe: Binder Error: Table "email_analyses" does not have a column with name "thread_id"
2025-03-17 17:56:57,328 - gmail_import - ERROR - Error storing email 1959aa4de818cfa0: Binder Error: Table "email_analyses" does not have a column with name "thread_id"
2025-03-17 17:56:57,428 - gmail_import - ERROR - Error storing email 1959a90007d610b7: Binder Error: Table "email_analyses" does not have a column with name "thread_id"
2025-03-17 17:56:57,532 - gmail_import - ERROR - Error storing email 1959a6f0ee17b54f: Binder Error: Table "email_analyses" does not have a column with name "thread_id"
2025-03-17 17:56:57,634 - gmail_import - ERROR - Error storing email 1959a635a4a8ca20: Binder Error: Table "email_analyses" does not have a column with name "thread_id"
2025-03-17 17:56:57,734 - gmail_import - ERROR - Error storing email 1959a55b610604ac: Binder Error: Table "email_analyses" does not have a column with name "thread_id"
2025-03-17 17:56:57,833 - gmail_import - ERROR - Error storing email 1959a52f65300721: Binder Error: Table "email_analyses" does not have a column with name "thread_id"
2025-03-17 17:56:57,935 - gmail_import - ERROR - Error storing email 1959a4a6ff992b52: Binder Error: Table "email_analyses" does not have a column with name "thread_id"
2025-03-17 17:56:58,036 - gmail_import - ERROR - Error storing email 1959a424cd196e2a: Binder Error: Table "email_analyses" does not have a column with name "thread_id"
2025-03-17 17:56:58,136 - gmail_import - ERROR - Error storing email 1959a16e7930e4c3: Binder Error: Table "email_analyses" does not have a column with name "thread_id"
2025-03-17 17:56:58,233 - gmail_import - ERROR - Error storing email 1959a15a14557330: Binder Error: Table "email_analyses" does not have a column with name "thread_id"
2025-03-17 17:56:58,333 - gmail_import - ERROR - Error storing email 19599f9a357fd8dd: Binder Error: Table "email_analyses" does not have a column with name "thread_id"
2025-03-17 17:56:58,439 - gmail_import - ERROR - Error storing email 19599eeabc6dc21b: Binder Error: Table "email_analyses" does not have a column with name "thread_id"
2025-03-17 17:56:58,540 - gmail_import - ERROR - Error storing email 19599e452eab47ee: Binder Error: Table "email_analyses" does not have a column with name "thread_id"
2025-03-17 17:56:58,642 - gmail_import - ERROR - Error storing email 19599bfdeed5bdbc: Binder Error: Table "email_analyses" does not have a column with name "thread_id"
2025-03-17 17:56:58,745 - gmail_import - ERROR - Error storing email 195998f987756302: Binder Error: Table "email_analyses" does not have a column with name "thread_id"
2025-03-17 17:56:58,846 - gmail_import - ERROR - Error storing email 195997ac4b231245: Binder Error: Table "email_analyses" does not have a column with name "thread_id"
2025-03-17 17:56:58,942 - gmail_import - ERROR - Error storing email 1959961f0bd273c9: Binder Error: Table "email_analyses" does not have a column with name "thread_id"
2025-03-17 17:56:59,044 - gmail_import - ERROR - Error storing email 1959961a57e426b2: Binder Error: Table "email_analyses" does not have a column with name "thread_id"
2025-03-17 17:56:59,143 - gmail_import - ERROR - Error storing email 1959948c91951eb2: Binder Error: Table "email_analyses" does not have a column with name "thread_id"
2025-03-17 17:56:59,310 - gmail_import - ERROR - Error storing email 1959940ffdb6b033: Binder Error: Table "email_analyses" does not have a column with name "thread_id"
2025-03-17 17:56:59,412 - gmail_import - ERROR - Error storing email 195993fe761af487: Binder Error: Table "email_analyses" does not have a column with name "thread_id"
2025-03-17 17:56:59,511 - gmail_import - ERROR - Error storing email 195992245810962f: Binder Error: Table "email_analyses" does not have a column with name "thread_id"
2025-03-17 17:56:59,608 - gmail_import - ERROR - Error storing email 19599083122fb2bc: Binder Error: Table "email_analyses" does not have a column with name "thread_id"
2025-03-17 17:56:59,750 - gmail_import - ERROR - Error storing email 19598dd744ba900e: Binder Error: Table "email_analyses" does not have a column with name "thread_id"
2025-03-17 17:56:59,847 - gmail_import - ERROR - Error storing email 19598cf792618a5e: Binder Error: Table "email_analyses" does not have a column with name "thread_id"
2025-03-17 17:56:59,953 - gmail_import - ERROR - Error storing email 1959806b8710ffed: Binder Error: Table "email_analyses" does not have a column with name "thread_id"
2025-03-17 17:57:00,052 - gmail_import - ERROR - Error storing email 19597f514a97af76: Binder Error: Table "email_analyses" does not have a column with name "thread_id"
2025-03-17 17:57:00,146 - gmail_import - INFO - Processed sub-batch 1, Success: 0, Errors: 50
2025-03-17 17:57:00,146 - gmail_import - INFO - Batch 100-150: Success=0, Errors=50
2025-03-17 17:57:23,832 - gmail_import - ERROR - Error storing email 19597aa6efe9ff1b: Binder Error: Table "email_analyses" does not have a column with name "thread_id"
2025-03-17 17:57:23,940 - gmail_import - ERROR - Error storing email 195979bda5e7d4d6: Binder Error: Table "email_analyses" does not have a column with name "thread_id"
2025-03-17 17:57:24,041 - gmail_import - ERROR - Error storing email 195977a0b393a909: Binder Error: Table "email_analyses" does not have a column with name "thread_id"
2025-03-17 17:57:24,145 - gmail_import - ERROR - Error storing email 1959773e994d8158: Binder Error: Table "email_analyses" does not have a column with name "thread_id"
2025-03-17 17:57:24,245 - gmail_import - ERROR - Error storing email 195976abc4d7f880: Binder Error: Table "email_analyses" does not have a column with name "thread_id"
2025-03-17 17:57:24,345 - gmail_import - ERROR - Error storing email 195975bccecf89a8: Binder Error: Table "email_analyses" does not have a column with name "thread_id"
2025-03-17 17:57:24,442 - gmail_import - ERROR - Error storing email 195975a568fe8297: Binder Error: Table "email_analyses" does not have a column with name "thread_id"
2025-03-17 17:57:24,546 - gmail_import - ERROR - Error storing email 1959757ab612b834: Binder Error: Table "email_analyses" does not have a column with name "thread_id"
2025-03-17 17:57:24,650 - gmail_import - ERROR - Error storing email 19597290a401d912: Binder Error: Table "email_analyses" does not have a column with name "thread_id"
2025-03-17 17:57:24,755 - gmail_import - ERROR - Error storing email 19597220d43b87f5: Binder Error: Table "email_analyses" does not have a column with name "thread_id"
2025-03-17 17:57:24,879 - gmail_import - ERROR - Error storing email 195971f58f024ecf: Binder Error: Table "email_analyses" does not have a column with name "thread_id"
2025-03-17 17:57:25,029 - gmail_import - ERROR - Error storing email 19596df7e4cb61a0: Binder Error: Table "email_analyses" does not have a column with name "thread_id"
2025-03-17 17:57:25,126 - gmail_import - ERROR - Error storing email 19596bda74c69498: Binder Error: Table "email_analyses" does not have a column with name "thread_id"
2025-03-17 17:57:25,228 - gmail_import - ERROR - Error storing email 19596b15743afd84: Binder Error: Table "email_analyses" does not have a column with name "thread_id"
2025-03-17 17:57:25,445 - gmail_import - ERROR - Error storing email 1959681fa4fb79f3: Binder Error: Table "email_analyses" does not have a column with name "thread_id"
2025-03-17 17:57:25,550 - gmail_import - ERROR - Error storing email 195967e333f70bbb: Binder Error: Table "email_analyses" does not have a column with name "thread_id"
2025-03-17 17:57:25,758 - gmail_import - ERROR - Error storing email 195966cb19c56e7e: Binder Error: Table "email_analyses" does not have a column with name "thread_id"
2025-03-17 17:57:25,859 - gmail_import - ERROR - Error storing email 19596454120baa06: Binder Error: Table "email_analyses" does not have a column with name "thread_id"
2025-03-17 17:57:25,959 - gmail_import - ERROR - Error storing email 195962c992f35de1: Binder Error: Table "email_analyses" does not have a column with name "thread_id"
2025-03-17 17:57:26,056 - gmail_import - ERROR - Error storing email 195961be0c78def8: Binder Error: Table "email_analyses" does not have a column with name "thread_id"
2025-03-17 17:57:26,160 - gmail_import - ERROR - Error storing email 195960afb05893e9: Binder Error: Table "email_analyses" does not have a column with name "thread_id"
2025-03-17 17:57:26,264 - gmail_import - ERROR - Error storing email 195960a3291be1cf: Binder Error: Table "email_analyses" does not have a column with name "thread_id"
2025-03-17 17:57:26,365 - gmail_import - ERROR - Error storing email 1959603cbbcffabb: Binder Error: Table "email_analyses" does not have a column with name "thread_id"
2025-03-17 17:57:26,468 - gmail_import - ERROR - Error storing email 19595f8242a58bbf: Binder Error: Table "email_analyses" does not have a column with name "thread_id"
2025-03-17 17:57:26,673 - gmail_import - ERROR - Error storing email 19595e90f678ee6b: Binder Error: Table "email_analyses" does not have a column with name "thread_id"
2025-03-17 17:57:26,772 - gmail_import - ERROR - Error storing email 19595d2a47784c31: Binder Error: Table "email_analyses" does not have a column with name "thread_id"
2025-03-17 17:57:26,976 - gmail_import - ERROR - Error storing email 19595c61920f14d2: Binder Error: Table "email_analyses" does not have a column with name "thread_id"
2025-03-17 17:57:27,088 - gmail_import - ERROR - Error storing email 195959213b0d4daa: Binder Error: Table "email_analyses" does not have a column with name "thread_id"
2025-03-17 17:57:27,249 - gmail_import - ERROR - Error storing email 1959583e5c7b19dd: Binder Error: Table "email_analyses" does not have a column with name "thread_id"
2025-03-17 17:57:27,386 - gmail_import - ERROR - Error storing email 19595835657c016f: Binder Error: Table "email_analyses" does not have a column with name "thread_id"
2025-03-17 17:57:28,779 - gmail_import - ERROR - Error storing email 19595715c8ff6a5c: Binder Error: Table "email_analyses" does not have a column with name "thread_id"
2025-03-17 17:57:28,885 - gmail_import - ERROR - Error storing email 1959566f8bf73f57: Binder Error: Table "email_analyses" does not have a column with name "thread_id"
2025-03-17 17:57:28,996 - gmail_import - ERROR - Error storing email 195956384229a8dd: Binder Error: Table "email_analyses" does not have a column with name "thread_id"
2025-03-17 17:57:29,105 - gmail_import - ERROR - Error storing email 1959562aa2141fb0: Binder Error: Table "email_analyses" does not have a column with name "thread_id"
2025-03-17 17:57:29,313 - gmail_import - ERROR - Error storing email 19595558b9d3d785: Binder Error: Table "email_analyses" does not have a column with name "thread_id"
2025-03-17 17:57:29,426 - gmail_import - ERROR - Error storing email 1959554039a6b409: Binder Error: Table "email_analyses" does not have a column with name "thread_id"
2025-03-17 17:57:29,541 - gmail_import - ERROR - Error storing email 195954e94cb7bf11: Binder Error: Table "email_analyses" does not have a column with name "thread_id"
2025-03-17 17:57:29,651 - gmail_import - ERROR - Error storing email 195954ba76bdecf5: Binder Error: Table "email_analyses" does not have a column with name "thread_id"
2025-03-17 17:57:29,763 - gmail_import - ERROR - Error storing email 1959538881187bb9: Binder Error: Table "email_analyses" does not have a column with name "thread_id"
2025-03-17 17:57:29,992 - gmail_import - ERROR - Error storing email 19595370c885e239: Binder Error: Table "email_analyses" does not have a column with name "thread_id"
2025-03-17 17:57:30,106 - gmail_import - ERROR - Error storing email 19595341c01ec95b: Binder Error: Table "email_analyses" does not have a column with name "thread_id"
2025-03-17 17:57:30,211 - gmail_import - ERROR - Error storing email 195952ef99698891: Binder Error: Table "email_analyses" does not have a column with name "thread_id"
2025-03-17 17:57:30,419 - gmail_import - ERROR - Error storing email 195952e26e3f3dc0: Binder Error: Table "email_analyses" does not have a column with name "thread_id"
2025-03-17 17:57:30,529 - gmail_import - ERROR - Error storing email 19595262e85ce020: Binder Error: Table "email_analyses" does not have a column with name "thread_id"
2025-03-17 17:57:30,746 - gmail_import - ERROR - Error storing email 19595229087e8f4b: Binder Error: Table "email_analyses" does not have a column with name "thread_id"
2025-03-17 17:57:30,856 - gmail_import - ERROR - Error storing email 195951d82b439a05: Binder Error: Table "email_analyses" does not have a column with name "thread_id"
2025-03-17 17:57:30,966 - gmail_import - ERROR - Error storing email 19594fd69e2e1e97: Binder Error: Table "email_analyses" does not have a column with name "thread_id"
2025-03-17 17:57:31,117 - gmail_import - ERROR - Error storing email 19594fc6fafd2e22: Binder Error: Table "email_analyses" does not have a column with name "thread_id"
2025-03-17 17:57:31,225 - gmail_import - ERROR - Error storing email 19594fbf43b05ba5: Binder Error: Table "email_analyses" does not have a column with name "thread_id"
2025-03-17 17:57:31,335 - gmail_import - ERROR - Error storing email 19594f7db68dab4f: Binder Error: Table "email_analyses" does not have a column with name "thread_id"
2025-03-17 17:57:31,428 - gmail_import - INFO - Processed sub-batch 1, Success: 0, Errors: 50
2025-03-17 17:57:31,428 - gmail_import - INFO - Batch 150-200: Success=0, Errors=50
2025-03-17 17:57:55,790 - gmail_import - ERROR - Error storing email 19594f7762216e47: Binder Error: Table "email_analyses" does not have a column with name "thread_id"
2025-03-17 17:57:55,892 - gmail_import - ERROR - Error storing email 19594f3604666867: Binder Error: Table "email_analyses" does not have a column with name "thread_id"
2025-03-17 17:57:55,991 - gmail_import - ERROR - Error storing email 19594f226cc25bb2: Binder Error: Table "email_analyses" does not have a column with name "thread_id"
2025-03-17 17:57:56,086 - gmail_import - ERROR - Error storing email 19594e9833abe244: Binder Error: Table "email_analyses" does not have a column with name "thread_id"
2025-03-17 17:57:56,306 - gmail_import - ERROR - Error storing email 19594e96263d453e: Binder Error: Table "email_analyses" does not have a column with name "thread_id"
2025-03-17 17:57:56,402 - gmail_import - ERROR - Error storing email 19594e061a336043: Binder Error: Table "email_analyses" does not have a column with name "thread_id"
2025-03-17 17:57:56,501 - gmail_import - ERROR - Error storing email 19594dedef03ba94: Binder Error: Table "email_analyses" does not have a column with name "thread_id"
2025-03-17 17:57:56,595 - gmail_import - ERROR - Error storing email 19594de1fe2e3cd0: Binder Error: Table "email_analyses" does not have a column with name "thread_id"
2025-03-17 17:57:56,691 - gmail_import - ERROR - Error storing email 19594d9b0736a23b: Binder Error: Table "email_analyses" does not have a column with name "thread_id"
2025-03-17 17:57:56,789 - gmail_import - ERROR - Error storing email 19594cba78801566: Binder Error: Table "email_analyses" does not have a column with name "thread_id"
2025-03-17 17:57:56,886 - gmail_import - ERROR - Error storing email 19594ca4fa1ee3ab: Binder Error: Table "email_analyses" does not have a column with name "thread_id"
2025-03-17 17:57:56,985 - gmail_import - ERROR - Error storing email 19594c168b85f66f: Binder Error: Table "email_analyses" does not have a column with name "thread_id"
2025-03-17 17:57:57,084 - gmail_import - ERROR - Error storing email 19594bdc17db9cf3: Binder Error: Table "email_analyses" does not have a column with name "thread_id"
2025-03-17 17:57:57,181 - gmail_import - ERROR - Error storing email 19594a6491ec73f2: Binder Error: Table "email_analyses" does not have a column with name "thread_id"
2025-03-17 17:57:57,278 - gmail_import - ERROR - Error storing email 1959499e93d256ca: Binder Error: Table "email_analyses" does not have a column with name "thread_id"
2025-03-17 17:57:57,495 - gmail_import - ERROR - Error storing email 195948bb516e7b83: Binder Error: Table "email_analyses" does not have a column with name "thread_id"
2025-03-17 17:57:57,591 - gmail_import - ERROR - Error storing email 19594715811a1a4b: Binder Error: Table "email_analyses" does not have a column with name "thread_id"
2025-03-17 17:57:57,688 - gmail_import - ERROR - Error storing email 19594317f73648a4: Binder Error: Table "email_analyses" does not have a column with name "thread_id"
2025-03-17 17:57:57,849 - gmail_import - ERROR - Error storing email 19594287120c9c08: Binder Error: Table "email_analyses" does not have a column with name "thread_id"
2025-03-17 17:57:57,977 - gmail_import - ERROR - Error storing email 1959426b96e067aa: Binder Error: Table "email_analyses" does not have a column with name "thread_id"
2025-03-17 17:57:59,295 - gmail_import - ERROR - Error storing email 195941d0d3486656: Binder Error: Table "email_analyses" does not have a column with name "thread_id"
2025-03-17 17:57:59,533 - gmail_import - ERROR - Error storing email 195941cb5db39946: Binder Error: Table "email_analyses" does not have a column with name "thread_id"
2025-03-17 17:57:59,640 - gmail_import - ERROR - Error storing email 195941b54abc8569: Binder Error: Table "email_analyses" does not have a column with name "thread_id"
2025-03-17 17:57:59,844 - gmail_import - ERROR - Error storing email 195941a775da4c96: Binder Error: Table "email_analyses" does not have a column with name "thread_id"
2025-03-17 17:57:59,954 - gmail_import - ERROR - Error storing email 195937667e99408e: Binder Error: Table "email_analyses" does not have a column with name "thread_id"
2025-03-17 17:58:00,165 - gmail_import - ERROR - Error storing email 195936085ab7aeb4: Binder Error: Table "email_analyses" does not have a column with name "thread_id"
2025-03-17 17:58:00,272 - gmail_import - ERROR - Error storing email 19593096b31e2a36: Binder Error: Table "email_analyses" does not have a column with name "thread_id"
2025-03-17 17:58:00,376 - gmail_import - ERROR - Error storing email 19593093e4ebb0bd: Binder Error: Table "email_analyses" does not have a column with name "thread_id"
2025-03-17 17:58:00,585 - gmail_import - ERROR - Error storing email 19592ee6b1faaf0f: Binder Error: Table "email_analyses" does not have a column with name "thread_id"
2025-03-17 17:58:00,689 - gmail_import - ERROR - Error storing email 195924c5a773347b: Binder Error: Table "email_analyses" does not have a column with name "thread_id"
2025-03-17 17:58:00,794 - gmail_import - ERROR - Error storing email 195922a2f136caeb: Binder Error: Table "email_analyses" does not have a column with name "thread_id"
2025-03-17 17:58:00,993 - gmail_import - ERROR - Error storing email 19591fa18d3772ea: Binder Error: Table "email_analyses" does not have a column with name "thread_id"
2025-03-17 17:58:01,099 - gmail_import - ERROR - Error storing email 19591e5e50ed63b7: Binder Error: Table "email_analyses" does not have a column with name "thread_id"
2025-03-17 17:58:01,201 - gmail_import - INFO - Email 19591cfebce0b042 already exists, skipping
2025-03-17 17:58:01,306 - gmail_import - INFO - Email 19591cb0c5ffb326 already exists, skipping
2025-03-17 17:58:01,414 - gmail_import - ERROR - Error storing email 195919d891f65d73: Binder Error: Table "email_analyses" does not have a column with name "thread_id"
2025-03-17 17:58:01,536 - gmail_import - ERROR - Error storing email 195919c13ffee636: Binder Error: Table "email_analyses" does not have a column with name "thread_id"
2025-03-17 17:58:01,648 - gmail_import - ERROR - Error storing email 195918a24f06cddb: Binder Error: Table "email_analyses" does not have a column with name "thread_id"
2025-03-17 17:58:01,760 - gmail_import - ERROR - Error storing email 19591867df592f4e: Binder Error: Table "email_analyses" does not have a column with name "thread_id"
2025-03-17 17:58:01,880 - gmail_import - ERROR - Error storing email 1959183913eee11b: Binder Error: Table "email_analyses" does not have a column with name "thread_id"
2025-03-17 17:58:01,990 - gmail_import - ERROR - Error storing email 195917f272b4b2d7: Binder Error: Table "email_analyses" does not have a column with name "thread_id"
2025-03-17 17:58:02,629 - gmail_import - ERROR - Error storing email 195917df04ba423d: Binder Error: Table "email_analyses" does not have a column with name "thread_id"
2025-03-17 17:58:02,781 - gmail_import - ERROR - Error storing email 195917106a595fb7: Binder Error: Table "email_analyses" does not have a column with name "thread_id"
2025-03-17 17:58:02,993 - gmail_import - ERROR - Error storing email 195915ba0caa9ec0: Binder Error: Table "email_analyses" does not have a column with name "thread_id"
2025-03-17 17:58:03,096 - gmail_import - ERROR - Error storing email 1959151a5011c844: Binder Error: Table "email_analyses" does not have a column with name "thread_id"
2025-03-17 17:58:03,194 - gmail_import - ERROR - Error storing email 195913915cd5642a: Binder Error: Table "email_analyses" does not have a column with name "thread_id"
2025-03-17 17:58:03,305 - gmail_import - ERROR - Error storing email 195912b8b696fbe2: Binder Error: Table "email_analyses" does not have a column with name "thread_id"
2025-03-17 17:58:03,407 - gmail_import - ERROR - Error storing email 195911bb9ffa688b: Binder Error: Table "email_analyses" does not have a column with name "thread_id"
2025-03-17 17:58:03,505 - gmail_import - ERROR - Error storing email 19591027a4a1465f: Binder Error: Table "email_analyses" does not have a column with name "thread_id"
2025-03-17 17:58:03,611 - gmail_import - ERROR - Error storing email 19590ff26972b22b: Binder Error: Table "email_analyses" does not have a column with name "thread_id"
2025-03-17 17:58:03,707 - gmail_import - INFO - Processed sub-batch 1, Success: 0, Errors: 50
2025-03-17 17:58:03,708 - gmail_import - INFO - Batch 200-250: Success=0, Errors=50
2025-03-17 17:58:27,381 - gmail_import - ERROR - Error storing email 19590ff1b4a35c88: Binder Error: Table "email_analyses" does not have a column with name "thread_id"
2025-03-17 17:58:27,483 - gmail_import - ERROR - Error storing email 19590fc71eecfd4e: Binder Error: Table "email_analyses" does not have a column with name "thread_id"
2025-03-17 17:58:27,581 - gmail_import - ERROR - Error storing email 19590f1241ffbca3: Binder Error: Table "email_analyses" does not have a column with name "thread_id"
2025-03-17 17:58:27,681 - gmail_import - ERROR - Error storing email 19590ef97dfff5ff: Binder Error: Table "email_analyses" does not have a column with name "thread_id"
2025-03-17 17:58:27,780 - gmail_import - ERROR - Error storing email 19590ef45640170a: Binder Error: Table "email_analyses" does not have a column with name "thread_id"
2025-03-17 17:58:27,882 - gmail_import - ERROR - Error storing email 19590ef3d0b0b559: Binder Error: Table "email_analyses" does not have a column with name "thread_id"
2025-03-17 17:58:27,986 - gmail_import - ERROR - Error storing email 19590e57287cec47: Binder Error: Table "email_analyses" does not have a column with name "thread_id"
2025-03-17 17:58:28,084 - gmail_import - ERROR - Error storing email 19590cf7e88d07f7: Binder Error: Table "email_analyses" does not have a column with name "thread_id"
2025-03-17 17:58:28,188 - gmail_import - ERROR - Error storing email 19590cc1d2452649: Binder Error: Table "email_analyses" does not have a column with name "thread_id"
2025-03-17 17:58:28,403 - gmail_import - ERROR - Error storing email 19590b087dc2533f: Binder Error: Table "email_analyses" does not have a column with name "thread_id"
2025-03-17 17:58:28,575 - gmail_import - ERROR - Error storing email 19590a97dcf492b2: Binder Error: Table "email_analyses" does not have a column with name "thread_id"
2025-03-17 17:58:28,712 - gmail_import - ERROR - Error storing email 19590a843657cd5f: Binder Error: Table "email_analyses" does not have a column with name "thread_id"
2025-03-17 17:58:28,836 - gmail_import - ERROR - Error storing email 19590970da2237e6: Binder Error: Table "email_analyses" does not have a column with name "thread_id"
2025-03-17 17:58:28,956 - gmail_import - ERROR - Error storing email 19590933cfafcbc3: Binder Error: Table "email_analyses" does not have a column with name "thread_id"
2025-03-17 17:58:29,079 - gmail_import - ERROR - Error storing email 195908d950a15b8e: Binder Error: Table "email_analyses" does not have a column with name "thread_id"
2025-03-17 17:58:29,204 - gmail_import - ERROR - Error storing email 19590892e42f339d: Binder Error: Table "email_analyses" does not have a column with name "thread_id"
2025-03-17 17:58:29,406 - gmail_import - ERROR - Error storing email 19590851abe982c5: Binder Error: Table "email_analyses" does not have a column with name "thread_id"
2025-03-17 17:58:29,524 - gmail_import - ERROR - Error storing email 195907c7b0d6f041: Binder Error: Table "email_analyses" does not have a column with name "thread_id"
2025-03-17 17:58:29,724 - gmail_import - ERROR - Error storing email 19590792723abfc2: Binder Error: Table "email_analyses" does not have a column with name "thread_id"
2025-03-17 17:58:29,843 - gmail_import - ERROR - Error storing email 1959073319f49469: Binder Error: Table "email_analyses" does not have a column with name "thread_id"
2025-03-17 17:58:30,983 - gmail_import - ERROR - Error storing email 1959059d6ca72757: Binder Error: Table "email_analyses" does not have a column with name "thread_id"
2025-03-17 17:58:31,185 - gmail_import - ERROR - Error storing email 1959053bf1113dac: Binder Error: Table "email_analyses" does not have a column with name "thread_id"
2025-03-17 17:58:31,404 - gmail_import - ERROR - Error storing email 1959044b05d73725: Binder Error: Table "email_analyses" does not have a column with name "thread_id"
2025-03-17 17:58:31,506 - gmail_import - ERROR - Error storing email 19590449ade98d43: Binder Error: Table "email_analyses" does not have a column with name "thread_id"
2025-03-17 17:58:31,609 - gmail_import - ERROR - Error storing email 1959042ba0afa8fb: Binder Error: Table "email_analyses" does not have a column with name "thread_id"
2025-03-17 17:58:31,816 - gmail_import - ERROR - Error storing email 19590405ccdd1c63: Binder Error: Table "email_analyses" does not have a column with name "thread_id"
2025-03-17 17:58:31,934 - gmail_import - ERROR - Error storing email 195903d2408c1610: Binder Error: Table "email_analyses" does not have a column with name "thread_id"
2025-03-17 17:58:32,152 - gmail_import - ERROR - Error storing email 195903d12dd7da98: Binder Error: Table "email_analyses" does not have a column with name "thread_id"
2025-03-17 17:58:32,260 - gmail_import - ERROR - Error storing email 195903c90d1a17de: Binder Error: Table "email_analyses" does not have a column with name "thread_id"
2025-03-17 17:58:32,388 - gmail_import - ERROR - Error storing email 1959037313beb5d0: Binder Error: Table "email_analyses" does not have a column with name "thread_id"
2025-03-17 17:58:32,603 - gmail_import - ERROR - Error storing email 1959016877433736: Binder Error: Table "email_analyses" does not have a column with name "thread_id"
2025-03-17 17:58:32,803 - gmail_import - ERROR - Error storing email 1959012622139ec6: Binder Error: Table "email_analyses" does not have a column with name "thread_id"
2025-03-17 17:58:33,007 - gmail_import - ERROR - Error storing email 195900c5175dea0f: Binder Error: Table "email_analyses" does not have a column with name "thread_id"
2025-03-17 17:58:33,111 - gmail_import - ERROR - Error storing email 195900ac581d1e0d: Binder Error: Table "email_analyses" does not have a column with name "thread_id"
2025-03-17 17:58:33,215 - gmail_import - ERROR - Error storing email 195900777b29b354: Binder Error: Table "email_analyses" does not have a column with name "thread_id"
2025-03-17 17:58:33,319 - gmail_import - ERROR - Error storing email 1958ff771a21effa: Binder Error: Table "email_analyses" does not have a column with name "thread_id"
2025-03-17 17:58:33,523 - gmail_import - ERROR - Error storing email 1958fe3353596756: Binder Error: Table "email_analyses" does not have a column with name "thread_id"
2025-03-17 17:58:33,714 - gmail_import - ERROR - Error storing email 1958fd600dd80d8e: Binder Error: Table "email_analyses" does not have a column with name "thread_id"
2025-03-17 17:58:33,840 - gmail_import - ERROR - Error storing email 1958fd058077cece: Binder Error: Table "email_analyses" does not have a column with name "thread_id"
2025-03-17 17:58:34,063 - gmail_import - ERROR - Error storing email 1958fcecfb7b11b7: Binder Error: Table "email_analyses" does not have a column with name "thread_id"
2025-03-17 17:58:35,337 - gmail_import - ERROR - Error storing email 1958fcba47b9f763: Binder Error: Table "email_analyses" does not have a column with name "thread_id"
2025-03-17 17:58:35,443 - gmail_import - ERROR - Error storing email 1958fc31b5bc6f48: Binder Error: Table "email_analyses" does not have a column with name "thread_id"
2025-03-17 17:58:35,548 - gmail_import - ERROR - Error storing email 1958fbbcaa72d06b: Binder Error: Table "email_analyses" does not have a column with name "thread_id"
2025-03-17 17:58:35,752 - gmail_import - ERROR - Error storing email 1958fb95fd11bfef: Binder Error: Table "email_analyses" does not have a column with name "thread_id"
2025-03-17 17:58:35,956 - gmail_import - ERROR - Error storing email 1958fb3c15ce9fd7: Binder Error: Table "email_analyses" does not have a column with name "thread_id"
2025-03-17 17:58:36,164 - gmail_import - ERROR - Error storing email 1958fb3a8fb1e9c1: Binder Error: Table "email_analyses" does not have a column with name "thread_id"
2025-03-17 17:58:36,274 - gmail_import - ERROR - Error storing email 1958fa9405fa9a86: Binder Error: Table "email_analyses" does not have a column with name "thread_id"
2025-03-17 17:58:36,379 - gmail_import - ERROR - Error storing email 1958f9f74a8b3917: Binder Error: Table "email_analyses" does not have a column with name "thread_id"
2025-03-17 17:58:36,485 - gmail_import - ERROR - Error storing email 1958f9ae65ee8e9d: Binder Error: Table "email_analyses" does not have a column with name "thread_id"
2025-03-17 17:58:36,684 - gmail_import - ERROR - Error storing email 1958f97b8ecdf054: Binder Error: Table "email_analyses" does not have a column with name "thread_id"
2025-03-17 17:58:36,779 - gmail_import - INFO - Processed sub-batch 1, Success: 0, Errors: 50
2025-03-17 17:58:36,779 - gmail_import - INFO - Batch 250-300: Success=0, Errors=50
2025-03-17 17:59:00,208 - gmail_import - ERROR - Error storing email 1958f977575384f6: Binder Error: Table "email_analyses" does not have a column with name "thread_id"
2025-03-17 17:59:00,311 - gmail_import - ERROR - Error storing email 1958f913adadad5b: Binder Error: Table "email_analyses" does not have a column with name "thread_id"
2025-03-17 17:59:00,409 - gmail_import - ERROR - Error storing email 1958f7e0300ca22e: Binder Error: Table "email_analyses" does not have a column with name "thread_id"
2025-03-17 17:59:00,509 - gmail_import - ERROR - Error storing email 1958f6b38572ddbd: Binder Error: Table "email_analyses" does not have a column with name "thread_id"
2025-03-17 17:59:00,716 - gmail_import - ERROR - Error storing email 1958f538e587ff5d: Binder Error: Table "email_analyses" does not have a column with name "thread_id"
2025-03-17 17:59:00,925 - gmail_import - ERROR - Error storing email 1958f36f70e44da9: Binder Error: Table "email_analyses" does not have a column with name "thread_id"
2025-03-17 17:59:01,021 - gmail_import - ERROR - Error storing email 1958f2da7f5bfe3d: Binder Error: Table "email_analyses" does not have a column with name "thread_id"
2025-03-17 17:59:01,225 - gmail_import - ERROR - Error storing email 1958f239b9ce346e: Binder Error: Table "email_analyses" does not have a column with name "thread_id"
2025-03-17 17:59:01,320 - gmail_import - ERROR - Error storing email 1958f06cca6303b8: Binder Error: Table "email_analyses" does not have a column with name "thread_id"
2025-03-17 17:59:01,423 - gmail_import - ERROR - Error storing email 1958ef9eaeaf6113: Binder Error: Table "email_analyses" does not have a column with name "thread_id"
2025-03-17 17:59:01,523 - gmail_import - ERROR - Error storing email 1958ef67c06072c2: Binder Error: Table "email_analyses" does not have a column with name "thread_id"
2025-03-17 17:59:01,627 - gmail_import - ERROR - Error storing email 1958ef4c99266676: Binder Error: Table "email_analyses" does not have a column with name "thread_id"
2025-03-17 17:59:01,729 - gmail_import - ERROR - Error storing email 1958ef3b4c42944b: Binder Error: Table "email_analyses" does not have a column with name "thread_id"
2025-03-17 17:59:01,827 - gmail_import - ERROR - Error storing email 1958e4f522bcafcf: Binder Error: Table "email_analyses" does not have a column with name "thread_id"
2025-03-17 17:59:01,922 - gmail_import - ERROR - Error storing email 1958e42e96ce5c0d: Binder Error: Table "email_analyses" does not have a column with name "thread_id"
2025-03-17 17:59:02,023 - gmail_import - ERROR - Error storing email 1958e2e26de29044: Binder Error: Table "email_analyses" does not have a column with name "thread_id"
2025-03-17 17:59:02,120 - gmail_import - ERROR - Error storing email 1958e2052a2a67dd: Binder Error: Table "email_analyses" does not have a column with name "thread_id"
2025-03-17 17:59:02,216 - gmail_import - ERROR - Error storing email 1958dd0e6a1ee7a1: Binder Error: Table "email_analyses" does not have a column with name "thread_id"
2025-03-17 17:59:02,312 - gmail_import - ERROR - Error storing email 1958d3ba3da2eee6: Binder Error: Table "email_analyses" does not have a column with name "thread_id"
2025-03-17 17:59:02,513 - gmail_import - ERROR - Error storing email 1958d359ee13f4ab: Binder Error: Table "email_analyses" does not have a column with name "thread_id"
2025-03-17 17:59:02,977 - gmail_import - ERROR - Error storing email 1958d25d12e4c279: Binder Error: Table "email_analyses" does not have a column with name "thread_id"
2025-03-17 17:59:03,078 - gmail_import - ERROR - Error storing email 1958d00ed6685e63: Binder Error: Table "email_analyses" does not have a column with name "thread_id"
2025-03-17 17:59:03,179 - gmail_import - ERROR - Error storing email 1958cf9fbcfc9b9f: Binder Error: Table "email_analyses" does not have a column with name "thread_id"
2025-03-17 17:59:03,277 - gmail_import - ERROR - Error storing email 1958cf9e8fd648a3: Binder Error: Table "email_analyses" does not have a column with name "thread_id"
2025-03-17 17:59:03,492 - gmail_import - ERROR - Error storing email 1958cd4ddceba3e3: Binder Error: Table "email_analyses" does not have a column with name "thread_id"
2025-03-17 17:59:03,697 - gmail_import - ERROR - Error storing email 1958cadcd3c6c479: Binder Error: Table "email_analyses" does not have a column with name "thread_id"
2025-03-17 17:59:03,793 - gmail_import - ERROR - Error storing email 1958c6392534b41f: Binder Error: Table "email_analyses" does not have a column with name "thread_id"
2025-03-17 17:59:03,900 - gmail_import - ERROR - Error storing email 1958c602a745c17f: Binder Error: Table "email_analyses" does not have a column with name "thread_id"
2025-03-17 17:59:03,994 - gmail_import - ERROR - Error storing email 1958c28c833d43cf: Binder Error: Table "email_analyses" does not have a column with name "thread_id"
2025-03-17 17:59:04,109 - gmail_import - ERROR - Error storing email 1958c18eb663ef49: Binder Error: Table "email_analyses" does not have a column with name "thread_id"
2025-03-17 17:59:04,269 - gmail_import - ERROR - Error storing email 1958bf9d2885628e: Binder Error: Table "email_analyses" does not have a column with name "thread_id"
2025-03-17 17:59:04,489 - gmail_import - ERROR - Error storing email 1958bdf38eaadde3: Binder Error: Table "email_analyses" does not have a column with name "thread_id"
2025-03-17 17:59:04,697 - gmail_import - ERROR - Error storing email 1958bca8e33b8378: Binder Error: Table "email_analyses" does not have a column with name "thread_id"
2025-03-17 17:59:04,904 - gmail_import - ERROR - Error storing email 1958bc82ec126ac4: Binder Error: Table "email_analyses" does not have a column with name "thread_id"
2025-03-17 17:59:05,103 - gmail_import - ERROR - Error storing email 1958bc45b7dbc714: Binder Error: Table "email_analyses" does not have a column with name "thread_id"
2025-03-17 17:59:05,232 - gmail_import - ERROR - Error storing email 1958bb04cb7da744: Binder Error: Table "email_analyses" does not have a column with name "thread_id"
2025-03-17 17:59:05,440 - gmail_import - ERROR - Error storing email 1958ba54fa60797f: Binder Error: Table "email_analyses" does not have a column with name "thread_id"
2025-03-17 17:59:05,564 - gmail_import - ERROR - Error storing email 1958b91c358f7e2e: Binder Error: Table "email_analyses" does not have a column with name "thread_id"
2025-03-17 17:59:05,768 - gmail_import - ERROR - Error storing email 1958b81fb7213274: Binder Error: Table "email_analyses" does not have a column with name "thread_id"
2025-03-17 17:59:05,890 - gmail_import - ERROR - Error storing email 1958b70cfdbb16e8: Binder Error: Table "email_analyses" does not have a column with name "thread_id"
2025-03-17 17:59:06,009 - gmail_import - ERROR - Error storing email 1958b70675507f23: Binder Error: Table "email_analyses" does not have a column with name "thread_id"
2025-03-17 17:59:07,215 - gmail_import - ERROR - Error storing email 1958b5ed90ff62ff: Binder Error: Table "email_analyses" does not have a column with name "thread_id"
2025-03-17 17:59:07,323 - gmail_import - ERROR - Error storing email 1958b5ba4d23bc24: Binder Error: Table "email_analyses" does not have a column with name "thread_id"
2025-03-17 17:59:07,430 - gmail_import - ERROR - Error storing email 1958b510c758b2ff: Binder Error: Table "email_analyses" does not have a column with name "thread_id"
2025-03-17 17:59:07,644 - gmail_import - ERROR - Error storing email 1958b4291b518827: Binder Error: Table "email_analyses" does not have a column with name "thread_id"
2025-03-17 17:59:07,755 - gmail_import - ERROR - Error storing email 1958b3a75890d18b: Binder Error: Table "email_analyses" does not have a column with name "thread_id"
2025-03-17 17:59:07,862 - gmail_import - ERROR - Error storing email 1958b388c929b783: Binder Error: Table "email_analyses" does not have a column with name "thread_id"
2025-03-17 17:59:07,967 - gmail_import - ERROR - Error storing email 1958b332fe96ad73: Binder Error: Table "email_analyses" does not have a column with name "thread_id"
2025-03-17 17:59:08,071 - gmail_import - ERROR - Error storing email 1958b20fedb7a359: Binder Error: Table "email_analyses" does not have a column with name "thread_id"
2025-03-17 17:59:08,177 - gmail_import - ERROR - Error storing email 1958b1ad801d812b: Binder Error: Table "email_analyses" does not have a column with name "thread_id"
2025-03-17 17:59:08,273 - gmail_import - INFO - Processed sub-batch 1, Success: 0, Errors: 50
2025-03-17 17:59:08,273 - gmail_import - INFO - Batch 300-350: Success=0, Errors=50
2025-03-17 17:59:31,780 - gmail_import - ERROR - Error storing email 1958b13a7b897c13: Binder Error: Table "email_analyses" does not have a column with name "thread_id"
2025-03-17 17:59:31,992 - gmail_import - ERROR - Error storing email 1958b0fc957b632b: Binder Error: Table "email_analyses" does not have a column with name "thread_id"
2025-03-17 17:59:32,204 - gmail_import - ERROR - Error storing email 1958afd1bd086180: Binder Error: Table "email_analyses" does not have a column with name "thread_id"
2025-03-17 17:59:32,406 - gmail_import - ERROR - Error storing email 1958afcf636f0093: Binder Error: Table "email_analyses" does not have a column with name "thread_id"
2025-03-17 17:59:32,615 - gmail_import - ERROR - Error storing email 1958af2972a28bf2: Binder Error: Table "email_analyses" does not have a column with name "thread_id"
2025-03-17 17:59:32,718 - gmail_import - ERROR - Error storing email 1958af22e00cc237: Binder Error: Table "email_analyses" does not have a column with name "thread_id"
2025-03-17 17:59:32,924 - gmail_import - ERROR - Error storing email 1958af0dabbc0da2: Binder Error: Table "email_analyses" does not have a column with name "thread_id"
2025-03-17 17:59:33,022 - gmail_import - ERROR - Error storing email 1958ae615562e767: Binder Error: Table "email_analyses" does not have a column with name "thread_id"
2025-03-17 17:59:33,235 - gmail_import - ERROR - Error storing email 1958ae1501a9766c: Binder Error: Table "email_analyses" does not have a column with name "thread_id"
2025-03-17 17:59:33,445 - gmail_import - ERROR - Error storing email 1958adb924a32346: Binder Error: Table "email_analyses" does not have a column with name "thread_id"
2025-03-17 17:59:33,541 - gmail_import - ERROR - Error storing email 1958adaa4d65c971: Binder Error: Table "email_analyses" does not have a column with name "thread_id"
2025-03-17 17:59:33,637 - gmail_import - ERROR - Error storing email 1958ada2e9971a8a: Binder Error: Table "email_analyses" does not have a column with name "thread_id"
2025-03-17 17:59:33,739 - gmail_import - ERROR - Error storing email 1958ad664229555e: Binder Error: Table "email_analyses" does not have a column with name "thread_id"
2025-03-17 17:59:33,836 - gmail_import - ERROR - Error storing email 1958ac615d129267: Binder Error: Table "email_analyses" does not have a column with name "thread_id"
2025-03-17 17:59:33,937 - gmail_import - ERROR - Error storing email 1958ab93f48700c5: Binder Error: Table "email_analyses" does not have a column with name "thread_id"
2025-03-17 17:59:34,033 - gmail_import - ERROR - Error storing email 1958ab43697a2fb3: Binder Error: Table "email_analyses" does not have a column with name "thread_id"
2025-03-17 17:59:34,130 - gmail_import - ERROR - Error storing email 1958aae4af19a391: Binder Error: Table "email_analyses" does not have a column with name "thread_id"
2025-03-17 17:59:34,344 - gmail_import - ERROR - Error storing email 1958aa8c667f7fbb: Binder Error: Table "email_analyses" does not have a column with name "thread_id"
2025-03-17 17:59:34,444 - gmail_import - ERROR - Error storing email 1958aa212882f1aa: Binder Error: Table "email_analyses" does not have a column with name "thread_id"
2025-03-17 17:59:34,647 - gmail_import - ERROR - Error storing email 1958aa210ed36b24: Binder Error: Table "email_analyses" does not have a column with name "thread_id"
2025-03-17 17:59:34,855 - gmail_import - ERROR - Error storing email 1958aa16eba1450e: Binder Error: Table "email_analyses" does not have a column with name "thread_id"
2025-03-17 17:59:35,324 - gmail_import - ERROR - Error storing email 1958a9aed3cf1dad: Binder Error: Table "email_analyses" does not have a column with name "thread_id"
2025-03-17 17:59:35,425 - gmail_import - ERROR - Error storing email 1958a73dce5a517b: Binder Error: Table "email_analyses" does not have a column with name "thread_id"
2025-03-17 17:59:35,523 - gmail_import - ERROR - Error storing email 1958a712add10104: Binder Error: Table "email_analyses" does not have a column with name "thread_id"
2025-03-17 17:59:35,623 - gmail_import - ERROR - Error storing email 1958a62ef8db1b72: Binder Error: Table "email_analyses" does not have a column with name "thread_id"
2025-03-17 17:59:35,722 - gmail_import - ERROR - Error storing email 1958a58a2567fbbc: Binder Error: Table "email_analyses" does not have a column with name "thread_id"
2025-03-17 17:59:35,845 - gmail_import - ERROR - Error storing email 1958a57a83136b5b: Binder Error: Table "email_analyses" does not have a column with name "thread_id"
2025-03-17 17:59:35,942 - gmail_import - ERROR - Error storing email 1958a4ef3a8095c8: Binder Error: Table "email_analyses" does not have a column with name "thread_id"
2025-03-17 17:59:36,160 - gmail_import - ERROR - Error storing email 1958a3e3149dfa68: Binder Error: Table "email_analyses" does not have a column with name "thread_id"
2025-03-17 17:59:36,256 - gmail_import - ERROR - Error storing email 1958a2cb5a1d5f84: Binder Error: Table "email_analyses" does not have a column with name "thread_id"
2025-03-17 17:59:36,353 - gmail_import - ERROR - Error storing email 1958a1730c257529: Binder Error: Table "email_analyses" does not have a column with name "thread_id"
2025-03-17 17:59:36,556 - gmail_import - ERROR - Error storing email 1958a16026ad9ab8: Binder Error: Table "email_analyses" does not have a column with name "thread_id"
2025-03-17 17:59:36,655 - gmail_import - ERROR - Error storing email 19589e7a8c105e63: Binder Error: Table "email_analyses" does not have a column with name "thread_id"
2025-03-17 17:59:36,854 - gmail_import - ERROR - Error storing email 19589dfbf6146001: Binder Error: Table "email_analyses" does not have a column with name "thread_id"
2025-03-17 17:59:36,951 - gmail_import - ERROR - Error storing email 19589d33b389f1b8: Binder Error: Table "email_analyses" does not have a column with name "thread_id"
2025-03-17 17:59:37,050 - gmail_import - ERROR - Error storing email 19589ce4bd814b08: Binder Error: Table "email_analyses" does not have a column with name "thread_id"
2025-03-17 17:59:37,153 - gmail_import - ERROR - Error storing email 19589ccf6729020e: Binder Error: Table "email_analyses" does not have a column with name "thread_id"
2025-03-17 17:59:37,255 - gmail_import - ERROR - Error storing email 19589c261218ce2e: Binder Error: Table "email_analyses" does not have a column with name "thread_id"
2025-03-17 17:59:37,354 - gmail_import - ERROR - Error storing email 1958928acafeda7e: Binder Error: Table "email_analyses" does not have a column with name "thread_id"
2025-03-17 17:59:37,450 - gmail_import - ERROR - Error storing email 19589169e45d8129: Binder Error: Table "email_analyses" does not have a column with name "thread_id"
2025-03-17 17:59:37,809 - gmail_import - ERROR - Error storing email 19588b65d4b85222: Binder Error: Table "email_analyses" does not have a column with name "thread_id"
2025-03-17 17:59:37,904 - gmail_import - ERROR - Error storing email 19588b6541a8b790: Binder Error: Table "email_analyses" does not have a column with name "thread_id"
2025-03-17 17:59:38,102 - gmail_import - ERROR - Error storing email 19588375b2d9c4de: Binder Error: Table "email_analyses" does not have a column with name "thread_id"
2025-03-17 17:59:38,197 - gmail_import - ERROR - Error storing email 195881517a94163c: Binder Error: Table "email_analyses" does not have a column with name "thread_id"
2025-03-17 17:59:38,413 - gmail_import - ERROR - Error storing email 195881491fbe8060: Binder Error: Table "email_analyses" does not have a column with name "thread_id"
2025-03-17 17:59:38,624 - gmail_import - ERROR - Error storing email 19588015a61118db: Binder Error: Table "email_analyses" does not have a column with name "thread_id"
2025-03-17 17:59:38,720 - gmail_import - ERROR - Error storing email 19587bced0461f77: Binder Error: Table "email_analyses" does not have a column with name "thread_id"
2025-03-17 17:59:38,818 - gmail_import - ERROR - Error storing email 195875b8ebb4ec43: Binder Error: Table "email_analyses" does not have a column with name "thread_id"
2025-03-17 17:59:38,917 - gmail_import - ERROR - Error storing email 1958750305c4d787: Binder Error: Table "email_analyses" does not have a column with name "thread_id"
2025-03-17 17:59:39,135 - gmail_import - ERROR - Error storing email 195874762c551dd0: Binder Error: Table "email_analyses" does not have a column with name "thread_id"
2025-03-17 17:59:39,230 - gmail_import - INFO - Processed sub-batch 1, Success: 0, Errors: 50
2025-03-17 17:59:39,230 - gmail_import - INFO - Batch 350-400: Success=0, Errors=50
2025-03-17 18:00:02,916 - gmail_import - ERROR - Error storing email 195873cd65a70e5c: Binder Error: Table "email_analyses" does not have a column with name "thread_id"
2025-03-17 18:00:03,015 - gmail_import - ERROR - Error storing email 195873aa012de0c0: Binder Error: Table "email_analyses" does not have a column with name "thread_id"
2025-03-17 18:00:03,116 - gmail_import - ERROR - Error storing email 195871a16aaea511: Binder Error: Table "email_analyses" does not have a column with name "thread_id"
2025-03-17 18:00:03,325 - gmail_import - ERROR - Error storing email 1958703d0d51a0c6: Binder Error: Table "email_analyses" does not have a column with name "thread_id"
2025-03-17 18:00:03,536 - gmail_import - ERROR - Error storing email 19586fb8885d2360: Binder Error: Table "email_analyses" does not have a column with name "thread_id"
2025-03-17 18:00:03,637 - gmail_import - ERROR - Error storing email 19586e740db05f33: Binder Error: Table "email_analyses" does not have a column with name "thread_id"
2025-03-17 18:00:03,738 - gmail_import - ERROR - Error storing email 19586dbc9eb3cf0a: Binder Error: Table "email_analyses" does not have a column with name "thread_id"
2025-03-17 18:00:03,837 - gmail_import - ERROR - Error storing email 19586d76cfdb16a9: Binder Error: Table "email_analyses" does not have a column with name "thread_id"
2025-03-17 18:00:03,936 - gmail_import - ERROR - Error storing email 19586c0d80c44943: Binder Error: Table "email_analyses" does not have a column with name "thread_id"
2025-03-17 18:00:04,035 - gmail_import - ERROR - Error storing email 19586b2754252948: Binder Error: Table "email_analyses" does not have a column with name "thread_id"
2025-03-17 18:00:04,243 - gmail_import - ERROR - Error storing email 19586ad80be2cbcb: Binder Error: Table "email_analyses" does not have a column with name "thread_id"
2025-03-17 18:00:04,339 - gmail_import - ERROR - Error storing email 19586ad1d3af5661: Binder Error: Table "email_analyses" does not have a column with name "thread_id"
2025-03-17 18:00:04,443 - gmail_import - ERROR - Error storing email 19586ac85af2fb9a: Binder Error: Table "email_analyses" does not have a column with name "thread_id"
2025-03-17 18:00:04,540 - gmail_import - ERROR - Error storing email 195869ee26650bb4: Binder Error: Table "email_analyses" does not have a column with name "thread_id"
2025-03-17 18:00:04,641 - gmail_import - ERROR - Error storing email 19586971a16c6a88: Binder Error: Table "email_analyses" does not have a column with name "thread_id"
2025-03-17 18:00:04,742 - gmail_import - ERROR - Error storing email 1958683350bf8450: Binder Error: Table "email_analyses" does not have a column with name "thread_id"
2025-03-17 18:00:04,840 - gmail_import - ERROR - Error storing email 195867dd4aa66456: Binder Error: Table "email_analyses" does not have a column with name "thread_id"
2025-03-17 18:00:04,939 - gmail_import - ERROR - Error storing email 1958662f386a588d: Binder Error: Table "email_analyses" does not have a column with name "thread_id"
2025-03-17 18:00:05,038 - gmail_import - ERROR - Error storing email 195865e1b0f0c0ce: Binder Error: Table "email_analyses" does not have a column with name "thread_id"
2025-03-17 18:00:05,135 - gmail_import - ERROR - Error storing email 195865c461c95139: Binder Error: Table "email_analyses" does not have a column with name "thread_id"
2025-03-17 18:00:05,427 - gmail_import - ERROR - Error storing email 195865889fdaf20a: Binder Error: Table "email_analyses" does not have a column with name "thread_id"
2025-03-17 18:00:05,587 - gmail_import - ERROR - Error storing email 195865333f34103a: Binder Error: Table "email_analyses" does not have a column with name "thread_id"
2025-03-17 18:00:05,798 - gmail_import - ERROR - Error storing email 1958646b51590005: Binder Error: Table "email_analyses" does not have a column with name "thread_id"
2025-03-17 18:00:05,898 - gmail_import - ERROR - Error storing email 1958635e88e53caf: Binder Error: Table "email_analyses" does not have a column with name "thread_id"
2025-03-17 18:00:05,997 - gmail_import - ERROR - Error storing email 195862af2e2ffa1d: Binder Error: Table "email_analyses" does not have a column with name "thread_id"
2025-03-17 18:00:06,204 - gmail_import - ERROR - Error storing email 1958629939574791: Binder Error: Table "email_analyses" does not have a column with name "thread_id"
2025-03-17 18:00:06,313 - gmail_import - ERROR - Error storing email 19586295a25c73ca: Binder Error: Table "email_analyses" does not have a column with name "thread_id"
2025-03-17 18:00:06,526 - gmail_import - ERROR - Error storing email 1958626e37da33d1: Binder Error: Table "email_analyses" does not have a column with name "thread_id"
2025-03-17 18:00:06,736 - gmail_import - ERROR - Error storing email 19586212a1f95882: Binder Error: Table "email_analyses" does not have a column with name "thread_id"
2025-03-17 18:00:06,830 - gmail_import - ERROR - Error storing email 195861f031cea479: Binder Error: Table "email_analyses" does not have a column with name "thread_id"
2025-03-17 18:00:07,035 - gmail_import - ERROR - Error storing email 195861b84a88c0a8: Binder Error: Table "email_analyses" does not have a column with name "thread_id"
2025-03-17 18:00:07,158 - gmail_import - ERROR - Error storing email 195860f8ee498250: Binder Error: Table "email_analyses" does not have a column with name "thread_id"
2025-03-17 18:00:07,254 - gmail_import - ERROR - Error storing email 195860a225cb742e: Binder Error: Table "email_analyses" does not have a column with name "thread_id"
2025-03-17 18:00:07,354 - gmail_import - ERROR - Error storing email 19586078d5871c27: Binder Error: Table "email_analyses" does not have a column with name "thread_id"
2025-03-17 18:00:07,451 - gmail_import - ERROR - Error storing email 1958604d904f6129: Binder Error: Table "email_analyses" does not have a column with name "thread_id"
2025-03-17 18:00:07,552 - gmail_import - ERROR - Error storing email 19585e7bb5a1e4b7: Binder Error: Table "email_analyses" does not have a column with name "thread_id"
2025-03-17 18:00:07,652 - gmail_import - ERROR - Error storing email 19585e7bafb12faf: Binder Error: Table "email_analyses" does not have a column with name "thread_id"
2025-03-17 18:00:07,751 - gmail_import - ERROR - Error storing email 19585cc375399868: Binder Error: Table "email_analyses" does not have a column with name "thread_id"
2025-03-17 18:00:07,858 - gmail_import - ERROR - Error storing email 19585cc22e991f71: Binder Error: Table "email_analyses" does not have a column with name "thread_id"
2025-03-17 18:00:07,968 - gmail_import - ERROR - Error storing email 19585c65407d1eab: Binder Error: Table "email_analyses" does not have a column with name "thread_id"
2025-03-17 18:00:08,174 - gmail_import - ERROR - Error storing email 19585c244b4ba823: Binder Error: Table "email_analyses" does not have a column with name "thread_id"
2025-03-17 18:00:08,431 - gmail_import - ERROR - Error storing email 19585a8ff99bcb29: Binder Error: Table "email_analyses" does not have a column with name "thread_id"
2025-03-17 18:00:08,635 - gmail_import - ERROR - Error storing email 1958599a5f837544: Binder Error: Table "email_analyses" does not have a column with name "thread_id"
2025-03-17 18:00:08,844 - gmail_import - ERROR - Error storing email 195858a62f40176b: Binder Error: Table "email_analyses" does not have a column with name "thread_id"
2025-03-17 18:00:08,942 - gmail_import - ERROR - Error storing email 19585854635201ee: Binder Error: Table "email_analyses" does not have a column with name "thread_id"
2025-03-17 18:00:09,146 - gmail_import - ERROR - Error storing email 195858523ad7c524: Binder Error: Table "email_analyses" does not have a column with name "thread_id"
2025-03-17 18:00:09,243 - gmail_import - ERROR - Error storing email 1958583a754f83df: Binder Error: Table "email_analyses" does not have a column with name "thread_id"
2025-03-17 18:00:09,459 - gmail_import - ERROR - Error storing email 1958581dd22c9334: Binder Error: Table "email_analyses" does not have a column with name "thread_id"
2025-03-17 18:00:09,559 - gmail_import - ERROR - Error storing email 19585726824d726c: Binder Error: Table "email_analyses" does not have a column with name "thread_id"
2025-03-17 18:00:09,656 - gmail_import - ERROR - Error storing email 195856fda0d526c4: Binder Error: Table "email_analyses" does not have a column with name "thread_id"
2025-03-17 18:00:09,750 - gmail_import - INFO - Processed sub-batch 1, Success: 0, Errors: 50
2025-03-17 18:00:09,750 - gmail_import - INFO - Batch 400-450: Success=0, Errors=50
2025-03-17 18:00:32,667 - gmail_import - ERROR - Error storing email 195856c2e2327fc7: Binder Error: Table "email_analyses" does not have a column with name "thread_id"
2025-03-17 18:00:32,874 - gmail_import - ERROR - Error storing email 195856adbf5882ef: Binder Error: Table "email_analyses" does not have a column with name "thread_id"
2025-03-17 18:00:33,056 - gmail_import - ERROR - Error storing email 19585682a0e462c4: Binder Error: Table "email_analyses" does not have a column with name "thread_id"
2025-03-17 18:00:33,154 - gmail_import - ERROR - Error storing email 1958565e855bff19: Binder Error: Table "email_analyses" does not have a column with name "thread_id"
2025-03-17 18:00:33,354 - gmail_import - ERROR - Error storing email 1958565640d3ec8d: Binder Error: Table "email_analyses" does not have a column with name "thread_id"
2025-03-17 18:00:33,453 - gmail_import - ERROR - Error storing email 1958559a1accd2d1: Binder Error: Table "email_analyses" does not have a column with name "thread_id"
2025-03-17 18:00:33,550 - gmail_import - ERROR - Error storing email 19585587031b7e6f: Binder Error: Table "email_analyses" does not have a column with name "thread_id"
2025-03-17 18:00:33,761 - gmail_import - ERROR - Error storing email 1958555e227da377: Binder Error: Table "email_analyses" does not have a column with name "thread_id"
2025-03-17 18:00:33,856 - gmail_import - ERROR - Error storing email 195854eb23db56c4: Binder Error: Table "email_analyses" does not have a column with name "thread_id"
2025-03-17 18:00:34,064 - gmail_import - ERROR - Error storing email 195854d980ebbfa6: Binder Error: Table "email_analyses" does not have a column with name "thread_id"
2025-03-17 18:00:34,274 - gmail_import - ERROR - Error storing email 195854aeb99d764f: Binder Error: Table "email_analyses" does not have a column with name "thread_id"
2025-03-17 18:00:34,371 - gmail_import - ERROR - Error storing email 195854ab8bdc65a0: Binder Error: Table "email_analyses" does not have a column with name "thread_id"
2025-03-17 18:00:34,577 - gmail_import - ERROR - Error storing email 1958540a29d5ec29: Binder Error: Table "email_analyses" does not have a column with name "thread_id"
2025-03-17 18:00:34,673 - gmail_import - ERROR - Error storing email 19585314086da5d8: Binder Error: Table "email_analyses" does not have a column with name "thread_id"
2025-03-17 18:00:34,873 - gmail_import - ERROR - Error storing email 195852e0cdbf7ff6: Binder Error: Table "email_analyses" does not have a column with name "thread_id"
2025-03-17 18:00:35,083 - gmail_import - ERROR - Error storing email 1958522dc780e4ab: Binder Error: Table "email_analyses" does not have a column with name "thread_id"
2025-03-17 18:00:35,179 - gmail_import - ERROR - Error storing email 1958515797aa2be5: Binder Error: Table "email_analyses" does not have a column with name "thread_id"
2025-03-17 18:00:35,276 - gmail_import - ERROR - Error storing email 19584f605b7755c3: Binder Error: Table "email_analyses" does not have a column with name "thread_id"
2025-03-17 18:00:35,491 - gmail_import - ERROR - Error storing email 19584ebec073b778: Binder Error: Table "email_analyses" does not have a column with name "thread_id"
2025-03-17 18:00:35,587 - gmail_import - ERROR - Error storing email 19584ea2d12a52ad: Binder Error: Table "email_analyses" does not have a column with name "thread_id"
2025-03-17 18:00:35,685 - gmail_import - ERROR - Error storing email 19584b3f553b17d3: Binder Error: Table "email_analyses" does not have a column with name "thread_id"
2025-03-17 18:00:35,908 - gmail_import - ERROR - Error storing email 19584ae39c9becf4: Binder Error: Table "email_analyses" does not have a column with name "thread_id"
2025-03-17 18:00:36,072 - gmail_import - ERROR - Error storing email 19584a7a9ca13dd6: Binder Error: Table "email_analyses" does not have a column with name "thread_id"
2025-03-17 18:00:36,234 - gmail_import - ERROR - Error storing email 19584a70a19f71df: Binder Error: Table "email_analyses" does not have a column with name "thread_id"
2025-03-17 18:00:36,332 - gmail_import - ERROR - Error storing email 19584812d609ffd7: Binder Error: Table "email_analyses" does not have a column with name "thread_id"
2025-03-17 18:00:36,427 - gmail_import - ERROR - Error storing email 1958467eb94560bb: Binder Error: Table "email_analyses" does not have a column with name "thread_id"
2025-03-17 18:00:36,523 - gmail_import - ERROR - Error storing email 19584444c9ab22cd: Binder Error: Table "email_analyses" does not have a column with name "thread_id"
2025-03-17 18:00:36,733 - gmail_import - ERROR - Error storing email 19584444b2eab266: Binder Error: Table "email_analyses" does not have a column with name "thread_id"
2025-03-17 18:00:36,936 - gmail_import - ERROR - Error storing email 19584257a6237cb7: Binder Error: Table "email_analyses" does not have a column with name "thread_id"
2025-03-17 18:00:37,032 - gmail_import - ERROR - Error storing email 1958401d3ecc997e: Binder Error: Table "email_analyses" does not have a column with name "thread_id"
2025-03-17 18:00:37,128 - gmail_import - ERROR - Error storing email 19583629d29d1aa6: Binder Error: Table "email_analyses" does not have a column with name "thread_id"
2025-03-17 18:00:37,333 - gmail_import - ERROR - Error storing email 195834f952346d8a: Binder Error: Table "email_analyses" does not have a column with name "thread_id"
2025-03-17 18:00:37,431 - gmail_import - ERROR - Error storing email 19583328dfbf014a: Binder Error: Table "email_analyses" does not have a column with name "thread_id"
2025-03-17 18:00:37,526 - gmail_import - ERROR - Error storing email 19583308ef8643db: Binder Error: Table "email_analyses" does not have a column with name "thread_id"
2025-03-17 18:00:37,623 - gmail_import - ERROR - Error storing email 195830fa5b727f90: Binder Error: Table "email_analyses" does not have a column with name "thread_id"
2025-03-17 18:00:37,834 - gmail_import - ERROR - Error storing email 19582e486d2e0baf: Binder Error: Table "email_analyses" does not have a column with name "thread_id"
2025-03-17 18:00:38,035 - gmail_import - ERROR - Error storing email 19582da578dc5c4b: Binder Error: Table "email_analyses" does not have a column with name "thread_id"
2025-03-17 18:00:38,133 - gmail_import - ERROR - Error storing email 19582cf829bdd60b: Binder Error: Table "email_analyses" does not have a column with name "thread_id"
2025-03-17 18:00:38,233 - gmail_import - ERROR - Error storing email 19582c6037bff6b3: Binder Error: Table "email_analyses" does not have a column with name "thread_id"
2025-03-17 18:00:38,434 - gmail_import - ERROR - Error storing email 19582b479ae56b7f: Binder Error: Table "email_analyses" does not have a column with name "thread_id"
2025-03-17 18:00:38,530 - gmail_import - ERROR - Error storing email 1958296ca43dc22f: Binder Error: Table "email_analyses" does not have a column with name "thread_id"
2025-03-17 18:00:39,090 - gmail_import - ERROR - Error storing email 1958296c48278ccb: Binder Error: Table "email_analyses" does not have a column with name "thread_id"
2025-03-17 18:00:39,188 - gmail_import - ERROR - Error storing email 195828696b588544: Binder Error: Table "email_analyses" does not have a column with name "thread_id"
2025-03-17 18:00:39,398 - gmail_import - ERROR - Error storing email 1958274ae2959815: Binder Error: Table "email_analyses" does not have a column with name "thread_id"
2025-03-17 18:00:39,542 - gmail_import - ERROR - Error storing email 195824a93611041b: Binder Error: Table "email_analyses" does not have a column with name "thread_id"
2025-03-17 18:00:39,642 - gmail_import - ERROR - Error storing email 195824a76afbf5b1: Binder Error: Table "email_analyses" does not have a column with name "thread_id"
2025-03-17 18:00:39,844 - gmail_import - ERROR - Error storing email 1958243117c29d1b: Binder Error: Table "email_analyses" does not have a column with name "thread_id"
2025-03-17 18:00:40,043 - gmail_import - ERROR - Error storing email 1958220c31b7bef4: Binder Error: Table "email_analyses" does not have a column with name "thread_id"
2025-03-17 18:00:40,253 - gmail_import - ERROR - Error storing email 195821af4a06899f: Binder Error: Table "email_analyses" does not have a column with name "thread_id"
2025-03-17 18:00:40,349 - gmail_import - ERROR - Error storing email 19581d3daf194aeb: Binder Error: Table "email_analyses" does not have a column with name "thread_id"
2025-03-17 18:00:40,448 - gmail_import - INFO - Processed sub-batch 1, Success: 0, Errors: 50
2025-03-17 18:00:40,449 - gmail_import - INFO - Batch 450-500: Success=0, Errors=50
2025-03-17 18:00:49,340 - gmail_import - ERROR - Error storing email 19581aa589288178: Binder Error: Table "email_analyses" does not have a column with name "thread_id"
2025-03-17 18:00:49,438 - gmail_import - ERROR - Error storing email 19581a18f67a3ee4: Binder Error: Table "email_analyses" does not have a column with name "thread_id"
2025-03-17 18:00:49,644 - gmail_import - ERROR - Error storing email 19581954b76568dc: Binder Error: Table "email_analyses" does not have a column with name "thread_id"
2025-03-17 18:00:49,740 - gmail_import - ERROR - Error storing email 19581891e5e44df6: Binder Error: Table "email_analyses" does not have a column with name "thread_id"
2025-03-17 18:00:49,839 - gmail_import - ERROR - Error storing email 19581622bcfaacc2: Binder Error: Table "email_analyses" does not have a column with name "thread_id"
2025-03-17 18:00:49,935 - gmail_import - ERROR - Error storing email 1958154c2e29f365: Binder Error: Table "email_analyses" does not have a column with name "thread_id"
2025-03-17 18:00:50,031 - gmail_import - ERROR - Error storing email 1958143bb995f31d: Binder Error: Table "email_analyses" does not have a column with name "thread_id"
2025-03-17 18:00:50,134 - gmail_import - ERROR - Error storing email 1958139c925d4fcc: Binder Error: Table "email_analyses" does not have a column with name "thread_id"
2025-03-17 18:00:50,232 - gmail_import - ERROR - Error storing email 1958136654853802: Binder Error: Table "email_analyses" does not have a column with name "thread_id"
2025-03-17 18:00:50,336 - gmail_import - ERROR - Error storing email 1958135c272db0e3: Binder Error: Table "email_analyses" does not have a column with name "thread_id"
2025-03-17 18:00:50,435 - gmail_import - INFO - Processed sub-batch 1, Success: 0, Errors: 10
2025-03-17 18:00:50,435 - gmail_import - INFO - Batch 500-510: Success=0, Errors=10
2025-03-17 18:00:50,436 - gmail_import - INFO - Import batch import_20250317_174931_65248 completed successfully
2025-03-17 18:00:50,436 - gmail_import - INFO - Database connection closed
