2025-03-17 11:20:01,711 - gmail_import - INFO - Starting Gmail import: looking back 1 days, max 100 emails
2025-03-17 11:20:01,711 - gmail_import - INFO - Using database: /Users/srvo/dewey_emails.duckdb
2025-03-17 11:20:01,778 - gmail_import - INFO - Using token from /Users/srvo/dewey/token.json
2025-03-17 11:20:01,783 - gmail_import - INFO - Refreshing expired credentials
2025-03-17 11:20:02,116 - gmail_import - INFO - Importing emails from 2025/03/16 to 2025/03/17
2025-03-17 11:20:02,116 - gmail_import - INFO - Including sent emails
2025-03-17 11:20:02,454 - gmail_import - INFO - Fetched 100 messages, total: 100
2025-03-17 11:20:02,454 - gmail_import - INFO - Found 100 emails, fetching details...
2025-03-17 11:20:07,084 - gmail_import - INFO - Processing message 10/100
2025-03-17 11:20:12,317 - gmail_import - INFO - Processing message 20/100
2025-03-17 11:20:17,704 - gmail_import - INFO - Processing message 30/100
2025-03-17 11:20:23,212 - gmail_import - INFO - Processing message 40/100
2025-03-17 11:20:29,247 - gmail_import - INFO - Processing message 50/100
2025-03-17 11:20:35,145 - gmail_import - INFO - Processing message 60/100
2025-03-17 11:20:40,409 - gmail_import - INFO - Processing message 70/100
2025-03-17 11:20:45,590 - gmail_import - INFO - Processing message 80/100
2025-03-17 11:20:50,986 - gmail_import - INFO - Processing message 90/100
2025-03-17 11:20:56,122 - gmail_import - INFO - Processing message 100/100
2025-03-17 11:20:56,639 - gmail_import - INFO - Found 51 emails to process
2025-03-17 11:20:56,640 - gmail_import - INFO - Processing batch of 51 emails (indices 0-50)
2025-03-17 11:20:56,823 - gmail_import - ERROR - Error storing email: Binder Error: Table "emails" does not have a column named "received_date"

Candidate bindings: : "date"
2025-03-17 11:20:57,305 - gmail_import - ERROR - Error storing email: Binder Error: Table "emails" does not have a column named "received_date"

Candidate bindings: : "date"
2025-03-17 11:20:57,880 - gmail_import - ERROR - Error storing email: Binder Error: Table "emails" does not have a column named "received_date"

Candidate bindings: : "date"
2025-03-17 11:20:58,372 - gmail_import - ERROR - Error storing email: Binder Error: Table "emails" does not have a column named "received_date"

Candidate bindings: : "date"
2025-03-17 11:20:58,906 - gmail_import - ERROR - Error storing email: Binder Error: Table "emails" does not have a column named "received_date"

Candidate bindings: : "date"
2025-03-17 11:20:59,431 - gmail_import - ERROR - Error storing email: Binder Error: Table "emails" does not have a column named "received_date"

Candidate bindings: : "date"
2025-03-17 11:20:59,926 - gmail_import - ERROR - Error storing email: Binder Error: Table "emails" does not have a column named "received_date"

Candidate bindings: : "date"
2025-03-17 11:21:00,498 - gmail_import - ERROR - Error storing email: Binder Error: Table "emails" does not have a column named "received_date"

Candidate bindings: : "date"
2025-03-17 11:21:00,983 - gmail_import - ERROR - Error storing email: Binder Error: Table "emails" does not have a column named "received_date"

Candidate bindings: : "date"
2025-03-17 11:21:01,537 - gmail_import - ERROR - Error storing email: Binder Error: Table "emails" does not have a column named "received_date"

Candidate bindings: : "date"
2025-03-17 11:21:02,084 - gmail_import - ERROR - Error storing email: Binder Error: Table "emails" does not have a column named "received_date"

Candidate bindings: : "date"
2025-03-17 11:21:02,577 - gmail_import - ERROR - Error storing email: Binder Error: Table "emails" does not have a column named "received_date"

Candidate bindings: : "date"
2025-03-17 11:21:03,104 - gmail_import - ERROR - Error storing email: Binder Error: Table "emails" does not have a column named "received_date"

Candidate bindings: : "date"
2025-03-17 11:21:03,634 - gmail_import - ERROR - Error storing email: Binder Error: Table "emails" does not have a column named "received_date"

Candidate bindings: : "date"
2025-03-17 11:21:04,155 - gmail_import - ERROR - Error storing email: Binder Error: Table "emails" does not have a column named "received_date"

Candidate bindings: : "date"
2025-03-17 11:21:04,688 - gmail_import - ERROR - Error storing email: Binder Error: Table "emails" does not have a column named "received_date"

Candidate bindings: : "date"
2025-03-17 11:21:05,251 - gmail_import - ERROR - Error storing email: Binder Error: Table "emails" does not have a column named "received_date"

Candidate bindings: : "date"
2025-03-17 11:21:05,753 - gmail_import - ERROR - Error storing email: Binder Error: Table "emails" does not have a column named "received_date"

Candidate bindings: : "date"
2025-03-17 11:21:06,299 - gmail_import - ERROR - Error storing email: Binder Error: Table "emails" does not have a column named "received_date"

Candidate bindings: : "date"
2025-03-17 11:21:06,804 - gmail_import - ERROR - Error storing email: Binder Error: Table "emails" does not have a column named "received_date"

Candidate bindings: : "date"
2025-03-17 11:21:07,308 - gmail_import - ERROR - Error storing email: Binder Error: Table "emails" does not have a column named "received_date"

Candidate bindings: : "date"
2025-03-17 11:21:07,822 - gmail_import - ERROR - Error storing email: Binder Error: Table "emails" does not have a column named "received_date"

Candidate bindings: : "date"
2025-03-17 11:21:08,358 - gmail_import - ERROR - Error storing email: Binder Error: Table "emails" does not have a column named "received_date"

Candidate bindings: : "date"
2025-03-17 11:21:08,887 - gmail_import - ERROR - Error storing email: Binder Error: Table "emails" does not have a column named "received_date"

Candidate bindings: : "date"
2025-03-17 11:21:09,396 - gmail_import - ERROR - Error storing email: Binder Error: Table "emails" does not have a column named "received_date"

Candidate bindings: : "date"
2025-03-17 11:21:09,921 - gmail_import - ERROR - Error storing email: Binder Error: Table "emails" does not have a column named "received_date"

Candidate bindings: : "date"
2025-03-17 11:21:10,453 - gmail_import - ERROR - Error storing email: Binder Error: Table "emails" does not have a column named "received_date"

Candidate bindings: : "date"
2025-03-17 11:21:10,985 - gmail_import - ERROR - Error storing email: Binder Error: Table "emails" does not have a column named "received_date"

Candidate bindings: : "date"
2025-03-17 11:21:11,493 - gmail_import - ERROR - Error storing email: Binder Error: Table "emails" does not have a column named "received_date"

Candidate bindings: : "date"
2025-03-17 11:21:12,021 - gmail_import - ERROR - Error storing email: Binder Error: Table "emails" does not have a column named "received_date"

Candidate bindings: : "date"
2025-03-17 11:21:12,516 - gmail_import - ERROR - Error storing email: Binder Error: Table "emails" does not have a column named "received_date"

Candidate bindings: : "date"
2025-03-17 11:21:13,075 - gmail_import - ERROR - Error storing email: Binder Error: Table "emails" does not have a column named "received_date"

Candidate bindings: : "date"
2025-03-17 11:21:13,560 - gmail_import - ERROR - Error storing email: Binder Error: Table "emails" does not have a column named "received_date"

Candidate bindings: : "date"
2025-03-17 11:21:14,119 - gmail_import - ERROR - Error storing email: Binder Error: Table "emails" does not have a column named "received_date"

Candidate bindings: : "date"
2025-03-17 11:21:14,637 - gmail_import - ERROR - Error storing email: Binder Error: Table "emails" does not have a column named "received_date"

Candidate bindings: : "date"
2025-03-17 11:21:15,152 - gmail_import - ERROR - Error storing email: Binder Error: Table "emails" does not have a column named "received_date"

Candidate bindings: : "date"
2025-03-17 11:21:15,686 - gmail_import - ERROR - Error storing email: Binder Error: Table "emails" does not have a column named "received_date"

Candidate bindings: : "date"
2025-03-17 11:21:16,229 - gmail_import - ERROR - Error storing email: Binder Error: Table "emails" does not have a column named "received_date"

Candidate bindings: : "date"
2025-03-17 11:21:17,007 - gmail_import - ERROR - Error storing email: Binder Error: Table "emails" does not have a column named "received_date"

Candidate bindings: : "date"
2025-03-17 11:21:17,531 - gmail_import - ERROR - Error storing email: Binder Error: Table "emails" does not have a column named "received_date"

Candidate bindings: : "date"
2025-03-17 11:21:18,033 - gmail_import - ERROR - Error storing email: Binder Error: Table "emails" does not have a column named "received_date"

Candidate bindings: : "date"
2025-03-17 11:21:18,548 - gmail_import - ERROR - Error storing email: Binder Error: Table "emails" does not have a column named "received_date"

Candidate bindings: : "date"
2025-03-17 11:21:19,072 - gmail_import - ERROR - Error storing email: Binder Error: Table "emails" does not have a column named "received_date"

Candidate bindings: : "date"
2025-03-17 11:21:19,584 - gmail_import - ERROR - Error storing email: Binder Error: Table "emails" does not have a column named "received_date"

Candidate bindings: : "date"
2025-03-17 11:21:20,088 - gmail_import - ERROR - Error storing email: Binder Error: Table "emails" does not have a column named "received_date"

Candidate bindings: : "date"
2025-03-17 11:21:20,591 - gmail_import - ERROR - Error storing email: Binder Error: Table "emails" does not have a column named "received_date"

Candidate bindings: : "date"
2025-03-17 11:21:21,078 - gmail_import - ERROR - Error storing email: Binder Error: Table "emails" does not have a column named "received_date"

Candidate bindings: : "date"
2025-03-17 11:21:21,565 - gmail_import - ERROR - Error storing email: Binder Error: Table "emails" does not have a column named "received_date"

Candidate bindings: : "date"
2025-03-17 11:21:22,077 - gmail_import - ERROR - Error storing email: Binder Error: Table "emails" does not have a column named "received_date"

Candidate bindings: : "date"
2025-03-17 11:21:22,569 - gmail_import - ERROR - Error storing email: Binder Error: Table "emails" does not have a column named "received_date"

Candidate bindings: : "date"
2025-03-17 11:21:23,123 - gmail_import - ERROR - Error storing email: Binder Error: Table "emails" does not have a column named "received_date"

Candidate bindings: : "date"
2025-03-17 11:21:23,470 - gmail_import - INFO - Batch complete. Imported 0/51 emails
2025-03-17 11:21:23,471 - gmail_import - INFO - Gmail import completed successfully. Processed 51 emails.
