2025-03-17 11:37:06,414 - gmail_import - ERROR - Error reading checkpoint: Binder Error: Referenced column "status" not found in FROM clause!
Candidate bindings: "last_import_time", "last_processed_index"

LINE 2:                 SELECT last_processed_index, status, error_message 
                                                     ^
2025-03-17 11:37:06,415 - gmail_import - INFO - Using token from /Users/srvo/dewey/token.json
2025-03-17 11:37:06,416 - gmail_import - INFO - Refreshing expired credentials
2025-03-17 11:37:06,650 - gmail_import - INFO - Importing emails from 2025/03/10 to 2025/03/17
2025-03-17 11:37:06,650 - gmail_import - INFO - Including sent emails
2025-03-17 11:37:06,941 - gmail_import - INFO - Fetched 500 messages, total: 500
2025-03-17 11:37:07,699 - gmail_import - INFO - Fetched 500 messages, total: 1000
2025-03-17 11:37:07,699 - gmail_import - INFO - Found 1000 emails, fetching details...
2025-03-17 11:37:11,047 - gmail_import - INFO - Processing message 10/1000
2025-03-17 11:37:15,063 - gmail_import - INFO - Processing message 20/1000
2025-03-17 11:37:19,072 - gmail_import - INFO - Processing message 30/1000
2025-03-17 11:37:22,878 - gmail_import - INFO - Processing message 40/1000
2025-03-17 11:37:26,950 - gmail_import - INFO - Processing message 50/1000
2025-03-17 11:37:31,343 - gmail_import - INFO - Processing message 60/1000
2025-03-17 11:37:35,361 - gmail_import - INFO - Processing message 70/1000
2025-03-17 11:37:39,389 - gmail_import - INFO - Processing message 80/1000
2025-03-17 11:37:43,407 - gmail_import - INFO - Processing message 90/1000
2025-03-17 11:37:47,225 - gmail_import - INFO - Processing message 100/1000
2025-03-17 11:37:50,986 - gmail_import - INFO - Processing message 110/1000
2025-03-17 11:37:55,127 - gmail_import - INFO - Processing message 120/1000
2025-03-17 11:37:58,958 - gmail_import - INFO - Processing message 130/1000
2025-03-17 11:38:03,163 - gmail_import - INFO - Processing message 140/1000
2025-03-17 11:38:07,182 - gmail_import - INFO - Processing message 150/1000
2025-03-17 11:38:11,343 - gmail_import - INFO - Processing message 160/1000
2025-03-17 11:38:16,289 - gmail_import - INFO - Processing message 170/1000
2025-03-17 11:38:21,891 - gmail_import - INFO - Processing message 180/1000
2025-03-17 11:38:26,771 - gmail_import - INFO - Processing message 190/1000
2025-03-17 11:38:32,056 - gmail_import - INFO - Processing message 200/1000
2025-03-17 11:38:36,736 - gmail_import - INFO - Processing message 210/1000
2025-03-17 11:38:41,961 - gmail_import - INFO - Processing message 220/1000
2025-03-17 11:38:46,220 - gmail_import - INFO - Processing message 230/1000
2025-03-17 11:38:51,309 - gmail_import - INFO - Processing message 240/1000
2025-03-17 11:38:55,187 - gmail_import - INFO - Processing message 250/1000
2025-03-17 11:38:59,256 - gmail_import - INFO - Processing message 260/1000
2025-03-17 11:39:03,129 - gmail_import - INFO - Processing message 270/1000
2025-03-17 11:39:07,740 - gmail_import - INFO - Processing message 280/1000
2025-03-17 11:39:14,058 - gmail_import - INFO - Processing message 290/1000
2025-03-17 11:39:18,666 - gmail_import - INFO - Processing message 300/1000
2025-03-17 11:39:22,875 - gmail_import - INFO - Processing message 310/1000
2025-03-17 11:39:26,875 - gmail_import - INFO - Processing message 320/1000
2025-03-17 11:39:30,886 - gmail_import - INFO - Processing message 330/1000
2025-03-17 11:39:36,062 - gmail_import - INFO - Processing message 340/1000
2025-03-17 11:39:40,473 - gmail_import - INFO - Processing message 350/1000
2025-03-17 11:39:44,368 - gmail_import - INFO - Processing message 360/1000
2025-03-17 11:39:48,707 - gmail_import - INFO - Processing message 370/1000
2025-03-17 11:39:52,729 - gmail_import - INFO - Processing message 380/1000
2025-03-17 11:39:56,949 - gmail_import - INFO - Processing message 390/1000
2025-03-17 11:40:00,881 - gmail_import - INFO - Processing message 400/1000
2025-03-17 11:40:04,803 - gmail_import - INFO - Processing message 410/1000
2025-03-17 11:40:09,016 - gmail_import - INFO - Processing message 420/1000
2025-03-17 11:40:13,052 - gmail_import - INFO - Processing message 430/1000
2025-03-17 11:40:16,877 - gmail_import - INFO - Processing message 440/1000
2025-03-17 11:40:20,880 - gmail_import - INFO - Processing message 450/1000
2025-03-17 11:40:25,068 - gmail_import - INFO - Processing message 460/1000
2025-03-17 11:40:28,953 - gmail_import - INFO - Processing message 470/1000
2025-03-17 11:40:33,123 - gmail_import - INFO - Processing message 480/1000
2025-03-17 11:40:37,153 - gmail_import - INFO - Processing message 490/1000
2025-03-17 11:40:41,504 - gmail_import - INFO - Processing message 500/1000
2025-03-17 11:40:46,083 - gmail_import - INFO - Processing message 510/1000
2025-03-17 11:40:50,434 - gmail_import - INFO - Processing message 520/1000
2025-03-17 11:40:54,654 - gmail_import - INFO - Processing message 530/1000
