2025-03-17 06:40:02,050 - gmail_import - INFO - Starting Gmail import: looking back 1 days, max 100 emails
2025-03-17 06:40:02,050 - gmail_import - INFO - Using database: /Users/srvo/dewey_emails.duckdb
2025-03-17 06:40:02,074 - gmail_import - INFO - Using token from /Users/srvo/dewey/token.json
2025-03-17 06:40:02,079 - gmail_import - INFO - Refreshing expired credentials
2025-03-17 06:40:02,311 - gmail_import - INFO - Importing emails from 2025/03/16 to 2025/03/17
2025-03-17 06:40:02,311 - gmail_import - INFO - Including sent emails
2025-03-17 06:40:02,629 - gmail_import - INFO - Fetched 100 messages, total: 100
2025-03-17 06:40:02,629 - gmail_import - INFO - Found 100 emails, fetching details...
2025-03-17 06:40:06,423 - gmail_import - INFO - Processing message 10/100
2025-03-17 06:40:10,491 - gmail_import - INFO - Processing message 20/100
2025-03-17 06:40:15,060 - gmail_import - INFO - Processing message 30/100
2025-03-17 06:40:19,374 - gmail_import - INFO - Processing message 40/100
2025-03-17 06:40:23,631 - gmail_import - INFO - Processing message 50/100
2025-03-17 06:40:27,945 - gmail_import - INFO - Processing message 60/100
2025-03-17 06:40:31,975 - gmail_import - INFO - Processing message 70/100
2025-03-17 06:40:36,951 - gmail_import - INFO - Processing message 80/100
2025-03-17 06:40:41,279 - gmail_import - INFO - Processing message 90/100
2025-03-17 06:40:45,440 - gmail_import - INFO - Processing message 100/100
2025-03-17 06:40:45,844 - gmail_import - INFO - Found 34 emails to process
2025-03-17 06:40:45,844 - gmail_import - INFO - Processing batch of 34 emails (indices 0-33)
2025-03-17 06:40:47,490 - gmail_import - INFO - Stored email 195a41c2a4a084a1 in database
2025-03-17 06:40:47,871 - gmail_import - INFO - Email 195a26e3e1d940cd already exists in database
2025-03-17 06:40:48,294 - gmail_import - INFO - Email 195a2612f74e0f2c already exists in database
2025-03-17 06:40:48,717 - gmail_import - INFO - Email 195a23a24ab4733f already exists in database
2025-03-17 06:40:49,129 - gmail_import - INFO - Email 195a1d777299e927 already exists in database
2025-03-17 06:40:49,522 - gmail_import - INFO - Email 195a1c0ae7e73467 already exists in database
2025-03-17 06:40:49,955 - gmail_import - INFO - Email 195a1bab38c60270 already exists in database
2025-03-17 06:40:50,379 - gmail_import - INFO - Email 195a1aff2933dc4f already exists in database
2025-03-17 06:40:50,789 - gmail_import - INFO - Email 195a1959fcd09064 already exists in database
2025-03-17 06:40:51,212 - gmail_import - INFO - Email 195a0c650f76ea1f already exists in database
2025-03-17 06:40:51,652 - gmail_import - INFO - Email 195a0bc6ea1f1009 already exists in database
2025-03-17 06:40:52,119 - gmail_import - INFO - Email 195a08d16852a601 already exists in database
2025-03-17 06:40:52,525 - gmail_import - INFO - Email 195a056a82276948 already exists in database
2025-03-17 06:40:52,948 - gmail_import - INFO - Email 195a0213d8970da9 already exists in database
2025-03-17 06:40:53,353 - gmail_import - INFO - Email 195a006a3b92c3b4 already exists in database
2025-03-17 06:40:53,778 - gmail_import - INFO - Email 1959fe5da21e85c1 already exists in database
2025-03-17 06:40:54,179 - gmail_import - INFO - Email 1959fb5d1370a8ba already exists in database
2025-03-17 06:40:54,538 - gmail_import - INFO - Email 1959fb1a5c989020 already exists in database
2025-03-17 06:40:54,956 - gmail_import - INFO - Email 1959fad2760d0db1 already exists in database
2025-03-17 06:40:55,360 - gmail_import - INFO - Email 1959fa23e8d7df2b already exists in database
2025-03-17 06:40:55,784 - gmail_import - INFO - Email 1959f8757c8a4066 already exists in database
2025-03-17 06:40:56,304 - gmail_import - INFO - Email 1959f7b1d2719e5b already exists in database
2025-03-17 06:40:56,660 - gmail_import - INFO - Email 1959f7852f0e8200 already exists in database
2025-03-17 06:40:57,102 - gmail_import - INFO - Email 1959f72b09226031 already exists in database
2025-03-17 06:40:57,520 - gmail_import - INFO - Email 1959f4c18d0b41c9 already exists in database
2025-03-17 06:40:58,001 - gmail_import - INFO - Email 1959f49a92f64c77 already exists in database
2025-03-17 06:40:58,449 - gmail_import - INFO - Email 1959f4766f3848ef already exists in database
2025-03-17 06:40:58,851 - gmail_import - INFO - Email 1959f36c9cefca39 already exists in database
2025-03-17 06:40:59,306 - gmail_import - INFO - Email 1959f0a9b985a4dc already exists in database
2025-03-17 06:40:59,866 - gmail_import - INFO - Email 1959ea8650a432b0 already exists in database
2025-03-17 06:41:00,264 - gmail_import - INFO - Email 1959e700ecd72cc1 already exists in database
2025-03-17 06:41:00,713 - gmail_import - INFO - Email 1959e6dc3ecf6ded already exists in database
2025-03-17 06:41:01,159 - gmail_import - INFO - Email 1959e6605d784566 already exists in database
2025-03-17 06:41:01,569 - gmail_import - INFO - Email 1959dcd47dce0829 already exists in database
2025-03-17 06:41:01,834 - gmail_import - INFO - Batch complete. Imported 1/34 emails
2025-03-17 06:41:01,835 - gmail_import - INFO - Gmail import completed successfully. Processed 34 emails.
