2025-03-17 06:50:01,173 - gmail_import - INFO - Starting Gmail import: looking back 1 days, max 100 emails
2025-03-17 06:50:01,174 - gmail_import - INFO - Using database: /Users/srvo/dewey_emails.duckdb
2025-03-17 06:50:01,302 - gmail_import - INFO - Using token from /Users/srvo/dewey/token.json
2025-03-17 06:50:01,306 - gmail_import - INFO - Refreshing expired credentials
2025-03-17 06:50:01,553 - gmail_import - INFO - Importing emails from 2025/03/16 to 2025/03/17
2025-03-17 06:50:01,553 - gmail_import - INFO - Including sent emails
2025-03-17 06:50:01,840 - gmail_import - INFO - Fetched 100 messages, total: 100
2025-03-17 06:50:01,841 - gmail_import - INFO - Found 100 emails, fetching details...
2025-03-17 06:50:05,530 - gmail_import - INFO - Processing message 10/100
2025-03-17 06:50:09,756 - gmail_import - INFO - Processing message 20/100
2025-03-17 06:50:13,729 - gmail_import - INFO - Processing message 30/100
2025-03-17 06:50:17,779 - gmail_import - INFO - Processing message 40/100
2025-03-17 06:50:21,953 - gmail_import - INFO - Processing message 50/100
2025-03-17 06:50:26,604 - gmail_import - INFO - Processing message 60/100
2025-03-17 06:50:30,534 - gmail_import - INFO - Processing message 70/100
2025-03-17 06:50:35,175 - gmail_import - INFO - Processing message 80/100
2025-03-17 06:50:39,606 - gmail_import - INFO - Processing message 90/100
2025-03-17 06:50:43,651 - gmail_import - INFO - Processing message 100/100
2025-03-17 06:50:44,071 - gmail_import - INFO - Found 34 emails to process
2025-03-17 06:50:44,072 - gmail_import - INFO - Processing batch of 34 emails (indices 0-33)
2025-03-17 06:50:44,466 - gmail_import - INFO - Email 195a41c2a4a084a1 already exists in database
2025-03-17 06:50:44,854 - gmail_import - INFO - Email 195a26e3e1d940cd already exists in database
2025-03-17 06:50:45,233 - gmail_import - INFO - Email 195a2612f74e0f2c already exists in database
2025-03-17 06:50:45,581 - gmail_import - INFO - Email 195a23a24ab4733f already exists in database
2025-03-17 06:50:46,013 - gmail_import - INFO - Email 195a1d777299e927 already exists in database
2025-03-17 06:50:46,353 - gmail_import - INFO - Email 195a1c0ae7e73467 already exists in database
2025-03-17 06:50:46,713 - gmail_import - INFO - Email 195a1bab38c60270 already exists in database
2025-03-17 06:50:47,153 - gmail_import - INFO - Email 195a1aff2933dc4f already exists in database
2025-03-17 06:50:47,558 - gmail_import - INFO - Email 195a1959fcd09064 already exists in database
2025-03-17 06:50:47,925 - gmail_import - INFO - Email 195a0c650f76ea1f already exists in database
2025-03-17 06:50:48,326 - gmail_import - INFO - Email 195a0bc6ea1f1009 already exists in database
2025-03-17 06:50:48,854 - gmail_import - INFO - Email 195a08d16852a601 already exists in database
2025-03-17 06:50:49,220 - gmail_import - INFO - Email 195a056a82276948 already exists in database
2025-03-17 06:50:49,620 - gmail_import - INFO - Email 195a0213d8970da9 already exists in database
2025-03-17 06:50:50,048 - gmail_import - INFO - Email 195a006a3b92c3b4 already exists in database
2025-03-17 06:50:50,425 - gmail_import - INFO - Email 1959fe5da21e85c1 already exists in database
2025-03-17 06:50:50,858 - gmail_import - INFO - Email 1959fb5d1370a8ba already exists in database
2025-03-17 06:50:51,238 - gmail_import - INFO - Email 1959fb1a5c989020 already exists in database
2025-03-17 06:50:51,625 - gmail_import - INFO - Email 1959fad2760d0db1 already exists in database
2025-03-17 06:50:52,043 - gmail_import - INFO - Email 1959fa23e8d7df2b already exists in database
2025-03-17 06:50:52,442 - gmail_import - INFO - Email 1959f8757c8a4066 already exists in database
2025-03-17 06:50:52,808 - gmail_import - INFO - Email 1959f7b1d2719e5b already exists in database
2025-03-17 06:50:53,232 - gmail_import - INFO - Email 1959f7852f0e8200 already exists in database
2025-03-17 06:50:53,618 - gmail_import - INFO - Email 1959f72b09226031 already exists in database
2025-03-17 06:50:53,974 - gmail_import - INFO - Email 1959f4c18d0b41c9 already exists in database
2025-03-17 06:50:54,377 - gmail_import - INFO - Email 1959f49a92f64c77 already exists in database
2025-03-17 06:50:54,759 - gmail_import - INFO - Email 1959f4766f3848ef already exists in database
2025-03-17 06:50:55,141 - gmail_import - INFO - Email 1959f36c9cefca39 already exists in database
2025-03-17 06:50:55,541 - gmail_import - INFO - Email 1959f0a9b985a4dc already exists in database
2025-03-17 06:50:56,010 - gmail_import - INFO - Email 1959ea8650a432b0 already exists in database
2025-03-17 06:50:56,411 - gmail_import - INFO - Email 1959e700ecd72cc1 already exists in database
2025-03-17 06:50:56,762 - gmail_import - INFO - Email 1959e6dc3ecf6ded already exists in database
2025-03-17 06:50:57,161 - gmail_import - INFO - Email 1959e6605d784566 already exists in database
2025-03-17 06:50:57,507 - gmail_import - INFO - Email 1959dcd47dce0829 already exists in database
2025-03-17 06:50:57,762 - gmail_import - INFO - Batch complete. Imported 0/34 emails
2025-03-17 06:50:57,762 - gmail_import - INFO - Gmail import completed successfully. Processed 34 emails.
