2025-03-17 03:20:01,723 - gmail_import - INFO - Starting Gmail import: looking back 1 days, max 100 emails
2025-03-17 03:20:01,724 - gmail_import - INFO - Using database: /Users/srvo/dewey_emails.duckdb
2025-03-17 03:20:01,897 - gmail_import - INFO - Using token from /Users/srvo/dewey/token.json
2025-03-17 03:20:01,906 - gmail_import - INFO - Importing emails from 2025/03/16 to 2025/03/17
2025-03-17 03:20:01,906 - gmail_import - INFO - Including sent emails
2025-03-17 03:20:02,179 - gmail_import - INFO - Fetched 100 messages, total: 100
2025-03-17 03:20:02,179 - gmail_import - INFO - Found 100 emails, fetching details...
2025-03-17 03:20:16,382 - gmail_import - INFO - Email 195a2612f74e0f2c already exists in database
2025-03-17 03:20:16,539 - gmail_import - INFO - Email 195a1d777299e927 already exists in database
2025-03-17 03:20:16,660 - gmail_import - INFO - Email 195a1c0ae7e73467 already exists in database
2025-03-17 03:20:16,782 - gmail_import - INFO - Email 195a1bab38c60270 already exists in database
2025-03-17 03:20:16,928 - gmail_import - INFO - Email 195a1aff2933dc4f already exists in database
2025-03-17 03:20:17,050 - gmail_import - INFO - Email 195a1959fcd09064 already exists in database
2025-03-17 03:20:17,203 - gmail_import - INFO - Email 195a0c650f76ea1f already exists in database
2025-03-17 03:20:17,368 - gmail_import - INFO - Email 195a0bc6ea1f1009 already exists in database
2025-03-17 03:20:17,583 - gmail_import - INFO - Email 195a08d16852a601 already exists in database
2025-03-17 03:20:17,714 - gmail_import - INFO - Email 195a056a82276948 already exists in database
2025-03-17 03:20:17,836 - gmail_import - INFO - Email 195a0213d8970da9 already exists in database
2025-03-17 03:20:17,972 - gmail_import - INFO - Email 195a006a3b92c3b4 already exists in database
2025-03-17 03:20:18,099 - gmail_import - INFO - Email 1959fe5da21e85c1 already exists in database
2025-03-17 03:20:18,241 - gmail_import - INFO - Email 1959fb5d1370a8ba already exists in database
2025-03-17 03:20:18,362 - gmail_import - INFO - Email 1959fb1a5c989020 already exists in database
2025-03-17 03:20:18,499 - gmail_import - INFO - Email 1959fad2760d0db1 already exists in database
2025-03-17 03:20:18,642 - gmail_import - INFO - Email 1959fa23e8d7df2b already exists in database
2025-03-17 03:20:18,777 - gmail_import - INFO - Email 1959f8757c8a4066 already exists in database
2025-03-17 03:20:18,907 - gmail_import - INFO - Email 1959f7b1d2719e5b already exists in database
2025-03-17 03:20:19,029 - gmail_import - INFO - Email 1959f7852f0e8200 already exists in database
2025-03-17 03:20:19,158 - gmail_import - INFO - Email 1959f72b09226031 already exists in database
2025-03-17 03:20:19,288 - gmail_import - INFO - Email 1959f4c18d0b41c9 already exists in database
2025-03-17 03:20:19,418 - gmail_import - INFO - Email 1959f49a92f64c77 already exists in database
2025-03-17 03:20:19,553 - gmail_import - INFO - Email 1959f4766f3848ef already exists in database
2025-03-17 03:20:19,688 - gmail_import - INFO - Email 1959f36c9cefca39 already exists in database
2025-03-17 03:20:19,821 - gmail_import - INFO - Email 1959f0a9b985a4dc already exists in database
2025-03-17 03:20:19,973 - gmail_import - INFO - Email 1959ea8650a432b0 already exists in database
2025-03-17 03:20:20,089 - gmail_import - INFO - Email 1959e700ecd72cc1 already exists in database
2025-03-17 03:20:20,238 - gmail_import - INFO - Email 1959e6dc3ecf6ded already exists in database
2025-03-17 03:20:20,365 - gmail_import - INFO - Email 1959e6605d784566 already exists in database
2025-03-17 03:20:20,482 - gmail_import - INFO - Email 1959dcd47dce0829 already exists in database
2025-03-17 03:20:20,482 - gmail_import - INFO - Gmail import completed successfully. Imported 0 emails.
