2025-03-17 07:15:01,002 - gmail_import - INFO - Starting Gmail import: looking back 1 days, max 100 emails
2025-03-17 07:15:01,003 - gmail_import - INFO - Using database: /Users/srvo/dewey_emails.duckdb
2025-03-17 07:15:01,019 - gmail_import - INFO - Using token from /Users/srvo/dewey/token.json
2025-03-17 07:15:01,024 - gmail_import - INFO - Refreshing expired credentials
2025-03-17 07:15:01,250 - gmail_import - INFO - Importing emails from 2025/03/16 to 2025/03/17
2025-03-17 07:15:01,250 - gmail_import - INFO - Including sent emails
2025-03-17 07:15:01,559 - gmail_import - INFO - Fetched 100 messages, total: 100
2025-03-17 07:15:01,559 - gmail_import - INFO - Found 100 emails, fetching details...
2025-03-17 07:15:05,130 - gmail_import - INFO - Processing message 10/100
2025-03-17 07:15:09,256 - gmail_import - INFO - Processing message 20/100
2025-03-17 07:15:13,161 - gmail_import - INFO - Processing message 30/100
2025-03-17 07:15:17,318 - gmail_import - INFO - Processing message 40/100
2025-03-17 07:15:21,285 - gmail_import - INFO - Processing message 50/100
2025-03-17 07:15:25,350 - gmail_import - INFO - Processing message 60/100
2025-03-17 07:15:29,352 - gmail_import - INFO - Processing message 70/100
2025-03-17 07:15:33,462 - gmail_import - INFO - Processing message 80/100
2025-03-17 07:15:37,537 - gmail_import - INFO - Processing message 90/100
2025-03-17 07:15:41,951 - gmail_import - INFO - Processing message 100/100
2025-03-17 07:15:42,352 - gmail_import - INFO - Found 34 emails to process
2025-03-17 07:15:42,352 - gmail_import - INFO - Processing batch of 34 emails (indices 0-33)
2025-03-17 07:15:42,575 - gmail_import - INFO - Email 195a41c2a4a084a1 already exists in database
2025-03-17 07:15:42,992 - gmail_import - INFO - Email 195a2ef7cc9b6f1f already exists in database
2025-03-17 07:15:43,418 - gmail_import - INFO - Email 195a2e95cd7c706f already exists in database
2025-03-17 07:15:43,835 - gmail_import - INFO - Email 195a26e3e1d940cd already exists in database
2025-03-17 07:15:44,227 - gmail_import - INFO - Email 195a2612f74e0f2c already exists in database
2025-03-17 07:15:44,616 - gmail_import - INFO - Email 195a23a24ab4733f already exists in database
2025-03-17 07:15:45,031 - gmail_import - INFO - Email 195a1d777299e927 already exists in database
2025-03-17 07:15:45,456 - gmail_import - INFO - Email 195a1c0ae7e73467 already exists in database
2025-03-17 07:15:45,844 - gmail_import - INFO - Email 195a1bab38c60270 already exists in database
2025-03-17 07:15:46,212 - gmail_import - INFO - Email 195a1aff2933dc4f already exists in database
2025-03-17 07:15:46,571 - gmail_import - INFO - Email 195a1959fcd09064 already exists in database
2025-03-17 07:15:46,979 - gmail_import - INFO - Email 195a0c650f76ea1f already exists in database
2025-03-17 07:15:47,347 - gmail_import - INFO - Email 195a0bc6ea1f1009 already exists in database
2025-03-17 07:15:47,867 - gmail_import - INFO - Email 195a08d16852a601 already exists in database
2025-03-17 07:15:48,299 - gmail_import - INFO - Email 195a056a82276948 already exists in database
2025-03-17 07:15:48,701 - gmail_import - INFO - Email 195a0213d8970da9 already exists in database
2025-03-17 07:15:49,120 - gmail_import - INFO - Email 195a006a3b92c3b4 already exists in database
2025-03-17 07:15:49,541 - gmail_import - INFO - Email 1959fe5da21e85c1 already exists in database
2025-03-17 07:15:49,943 - gmail_import - INFO - Email 1959fb5d1370a8ba already exists in database
2025-03-17 07:15:50,366 - gmail_import - INFO - Email 1959fb1a5c989020 already exists in database
2025-03-17 07:15:50,776 - gmail_import - INFO - Email 1959fad2760d0db1 already exists in database
2025-03-17 07:15:51,202 - gmail_import - INFO - Email 1959fa23e8d7df2b already exists in database
2025-03-17 07:15:51,613 - gmail_import - INFO - Email 1959f8757c8a4066 already exists in database
2025-03-17 07:15:52,027 - gmail_import - INFO - Email 1959f7b1d2719e5b already exists in database
2025-03-17 07:15:52,430 - gmail_import - INFO - Email 1959f7852f0e8200 already exists in database
2025-03-17 07:15:52,828 - gmail_import - INFO - Email 1959f72b09226031 already exists in database
2025-03-17 07:15:53,230 - gmail_import - INFO - Email 1959f4c18d0b41c9 already exists in database
2025-03-17 07:15:53,700 - gmail_import - INFO - Email 1959f49a92f64c77 already exists in database
2025-03-17 07:15:54,123 - gmail_import - INFO - Email 1959f4766f3848ef already exists in database
2025-03-17 07:15:54,541 - gmail_import - INFO - Email 1959f36c9cefca39 already exists in database
2025-03-17 07:15:54,971 - gmail_import - INFO - Email 1959f0a9b985a4dc already exists in database
2025-03-17 07:15:55,352 - gmail_import - INFO - Email 1959e700ecd72cc1 already exists in database
2025-03-17 07:15:55,783 - gmail_import - INFO - Email 1959e6dc3ecf6ded already exists in database
2025-03-17 07:15:56,250 - gmail_import - INFO - Email 1959e6605d784566 already exists in database
2025-03-17 07:15:56,519 - gmail_import - INFO - Batch complete. Imported 0/34 emails
2025-03-17 07:15:56,520 - gmail_import - INFO - Gmail import completed successfully. Processed 34 emails.
