2025-03-17 11:10:01,315 - gmail_import - INFO - Starting Gmail import: looking back 1 days, max 100 emails
2025-03-17 11:10:01,316 - gmail_import - INFO - Using database: /Users/srvo/dewey_emails.duckdb
2025-03-17 11:10:01,338 - gmail_import - INFO - Using token from /Users/srvo/dewey/token.json
2025-03-17 11:10:01,343 - gmail_import - INFO - Refreshing expired credentials
2025-03-17 11:10:01,828 - gmail_import - INFO - Importing emails from 2025/03/16 to 2025/03/17
2025-03-17 11:10:01,828 - gmail_import - INFO - Including sent emails
2025-03-17 11:10:02,102 - gmail_import - INFO - Fetched 100 messages, total: 100
2025-03-17 11:10:02,102 - gmail_import - INFO - Found 100 emails, fetching details...
2025-03-17 11:10:05,907 - gmail_import - INFO - Processing message 10/100
2025-03-17 11:10:10,294 - gmail_import - INFO - Processing message 20/100
2025-03-17 11:10:14,956 - gmail_import - INFO - Processing message 30/100
2025-03-17 11:10:20,172 - gmail_import - INFO - Processing message 40/100
2025-03-17 11:10:24,958 - gmail_import - INFO - Processing message 50/100
2025-03-17 11:10:30,254 - gmail_import - INFO - Processing message 60/100
2025-03-17 11:10:35,471 - gmail_import - INFO - Processing message 70/100
2025-03-17 11:10:40,713 - gmail_import - INFO - Processing message 80/100
2025-03-17 11:10:46,101 - gmail_import - INFO - Processing message 90/100
2025-03-17 11:10:51,350 - gmail_import - INFO - Processing message 100/100
2025-03-17 11:10:52,004 - gmail_import - INFO - Found 51 emails to process
2025-03-17 11:10:52,005 - gmail_import - INFO - Processing batch of 51 emails (indices 0-50)
2025-03-17 11:10:52,177 - gmail_import - ERROR - Error storing email: Binder Error: Table "emails" does not have a column named "received_date"

Candidate bindings: : "date"
2025-03-17 11:10:52,808 - gmail_import - ERROR - Error storing email: Binder Error: Table "emails" does not have a column named "received_date"

Candidate bindings: : "date"
2025-03-17 11:10:53,331 - gmail_import - ERROR - Error storing email: Binder Error: Table "emails" does not have a column named "received_date"

Candidate bindings: : "date"
2025-03-17 11:10:53,854 - gmail_import - ERROR - Error storing email: Binder Error: Table "emails" does not have a column named "received_date"

Candidate bindings: : "date"
2025-03-17 11:10:54,381 - gmail_import - ERROR - Error storing email: Binder Error: Table "emails" does not have a column named "received_date"

Candidate bindings: : "date"
2025-03-17 11:10:54,773 - gmail_import - ERROR - Error storing email: Binder Error: Table "emails" does not have a column named "received_date"

Candidate bindings: : "date"
2025-03-17 11:10:55,428 - gmail_import - ERROR - Error storing email: Binder Error: Table "emails" does not have a column named "received_date"

Candidate bindings: : "date"
2025-03-17 11:10:55,827 - gmail_import - ERROR - Error storing email: Binder Error: Table "emails" does not have a column named "received_date"

Candidate bindings: : "date"
2025-03-17 11:10:56,369 - gmail_import - ERROR - Error storing email: Binder Error: Table "emails" does not have a column named "received_date"

Candidate bindings: : "date"
2025-03-17 11:10:56,840 - gmail_import - ERROR - Error storing email: Binder Error: Table "emails" does not have a column named "received_date"

Candidate bindings: : "date"
2025-03-17 11:10:57,342 - gmail_import - ERROR - Error storing email: Binder Error: Table "emails" does not have a column named "received_date"

Candidate bindings: : "date"
2025-03-17 11:10:57,823 - gmail_import - ERROR - Error storing email: Binder Error: Table "emails" does not have a column named "received_date"

Candidate bindings: : "date"
2025-03-17 11:10:58,254 - gmail_import - ERROR - Error storing email: Binder Error: Table "emails" does not have a column named "received_date"

Candidate bindings: : "date"
2025-03-17 11:10:58,771 - gmail_import - ERROR - Error storing email: Binder Error: Table "emails" does not have a column named "received_date"

Candidate bindings: : "date"
2025-03-17 11:10:59,332 - gmail_import - ERROR - Error storing email: Binder Error: Table "emails" does not have a column named "received_date"

Candidate bindings: : "date"
2025-03-17 11:10:59,983 - gmail_import - ERROR - Error storing email: Binder Error: Table "emails" does not have a column named "received_date"

Candidate bindings: : "date"
2025-03-17 11:11:00,519 - gmail_import - ERROR - Error storing email: Binder Error: Table "emails" does not have a column named "received_date"

Candidate bindings: : "date"
2025-03-17 11:11:01,196 - gmail_import - ERROR - Error storing email: Binder Error: Table "emails" does not have a column named "received_date"

Candidate bindings: : "date"
2025-03-17 11:11:01,721 - gmail_import - ERROR - Error storing email: Binder Error: Table "emails" does not have a column named "received_date"

Candidate bindings: : "date"
2025-03-17 11:11:02,244 - gmail_import - ERROR - Error storing email: Binder Error: Table "emails" does not have a column named "received_date"

Candidate bindings: : "date"
2025-03-17 11:11:02,771 - gmail_import - ERROR - Error storing email: Binder Error: Table "emails" does not have a column named "received_date"

Candidate bindings: : "date"
2025-03-17 11:11:03,294 - gmail_import - ERROR - Error storing email: Binder Error: Table "emails" does not have a column named "received_date"

Candidate bindings: : "date"
2025-03-17 11:11:03,816 - gmail_import - ERROR - Error storing email: Binder Error: Table "emails" does not have a column named "received_date"

Candidate bindings: : "date"
2025-03-17 11:11:04,234 - gmail_import - ERROR - Error storing email: Binder Error: Table "emails" does not have a column named "received_date"

Candidate bindings: : "date"
2025-03-17 11:11:04,666 - gmail_import - ERROR - Error storing email: Binder Error: Table "emails" does not have a column named "received_date"

Candidate bindings: : "date"
2025-03-17 11:11:05,090 - gmail_import - ERROR - Error storing email: Binder Error: Table "emails" does not have a column named "received_date"

Candidate bindings: : "date"
2025-03-17 11:11:05,646 - gmail_import - ERROR - Error storing email: Binder Error: Table "emails" does not have a column named "received_date"

Candidate bindings: : "date"
2025-03-17 11:11:06,111 - gmail_import - ERROR - Error storing email: Binder Error: Table "emails" does not have a column named "received_date"

Candidate bindings: : "date"
2025-03-17 11:11:06,687 - gmail_import - ERROR - Error storing email: Binder Error: Table "emails" does not have a column named "received_date"

Candidate bindings: : "date"
2025-03-17 11:11:07,160 - gmail_import - ERROR - Error storing email: Binder Error: Table "emails" does not have a column named "received_date"

Candidate bindings: : "date"
2025-03-17 11:11:07,713 - gmail_import - ERROR - Error storing email: Binder Error: Table "emails" does not have a column named "received_date"

Candidate bindings: : "date"
2025-03-17 11:11:08,206 - gmail_import - ERROR - Error storing email: Binder Error: Table "emails" does not have a column named "received_date"

Candidate bindings: : "date"
2025-03-17 11:11:08,730 - gmail_import - ERROR - Error storing email: Binder Error: Table "emails" does not have a column named "received_date"

Candidate bindings: : "date"
2025-03-17 11:11:09,256 - gmail_import - ERROR - Error storing email: Binder Error: Table "emails" does not have a column named "received_date"

Candidate bindings: : "date"
2025-03-17 11:11:09,780 - gmail_import - ERROR - Error storing email: Binder Error: Table "emails" does not have a column named "received_date"

Candidate bindings: : "date"
2025-03-17 11:11:10,324 - gmail_import - ERROR - Error storing email: Binder Error: Table "emails" does not have a column named "received_date"

Candidate bindings: : "date"
2025-03-17 11:11:10,921 - gmail_import - ERROR - Error storing email: Binder Error: Table "emails" does not have a column named "received_date"

Candidate bindings: : "date"
2025-03-17 11:11:11,730 - gmail_import - ERROR - Error storing email: Binder Error: Table "emails" does not have a column named "received_date"

Candidate bindings: : "date"
2025-03-17 11:11:12,232 - gmail_import - ERROR - Error storing email: Binder Error: Table "emails" does not have a column named "received_date"

Candidate bindings: : "date"
2025-03-17 11:11:12,754 - gmail_import - ERROR - Error storing email: Binder Error: Table "emails" does not have a column named "received_date"

Candidate bindings: : "date"
2025-03-17 11:11:13,157 - gmail_import - ERROR - Error storing email: Binder Error: Table "emails" does not have a column named "received_date"

Candidate bindings: : "date"
2025-03-17 11:11:13,628 - gmail_import - ERROR - Error storing email: Binder Error: Table "emails" does not have a column named "received_date"

Candidate bindings: : "date"
2025-03-17 11:11:14,152 - gmail_import - ERROR - Error storing email: Binder Error: Table "emails" does not have a column named "received_date"

Candidate bindings: : "date"
2025-03-17 11:11:14,826 - gmail_import - ERROR - Error storing email: Binder Error: Table "emails" does not have a column named "received_date"

Candidate bindings: : "date"
2025-03-17 11:11:15,352 - gmail_import - ERROR - Error storing email: Binder Error: Table "emails" does not have a column named "received_date"

Candidate bindings: : "date"
2025-03-17 11:11:15,876 - gmail_import - ERROR - Error storing email: Binder Error: Table "emails" does not have a column named "received_date"

Candidate bindings: : "date"
2025-03-17 11:11:16,399 - gmail_import - ERROR - Error storing email: Binder Error: Table "emails" does not have a column named "received_date"

Candidate bindings: : "date"
2025-03-17 11:11:16,923 - gmail_import - ERROR - Error storing email: Binder Error: Table "emails" does not have a column named "received_date"

Candidate bindings: : "date"
2025-03-17 11:11:17,352 - gmail_import - ERROR - Error storing email: Binder Error: Table "emails" does not have a column named "received_date"

Candidate bindings: : "date"
2025-03-17 11:11:17,867 - gmail_import - ERROR - Error storing email: Binder Error: Table "emails" does not have a column named "received_date"

Candidate bindings: : "date"
2025-03-17 11:11:18,341 - gmail_import - ERROR - Error storing email: Binder Error: Table "emails" does not have a column named "received_date"

Candidate bindings: : "date"
2025-03-17 11:11:18,613 - gmail_import - INFO - Batch complete. Imported 0/51 emails
2025-03-17 11:11:18,613 - gmail_import - INFO - Gmail import completed successfully. Processed 51 emails.
