2025-03-17 10:55:04,581 - gmail_import - INFO - Starting Gmail import: looking back 1 days, max 100 emails
2025-03-17 10:55:04,581 - gmail_import - INFO - Using database: /Users/srvo/dewey_emails.duckdb
2025-03-17 10:55:04,684 - gmail_import - INFO - Using token from /Users/srvo/dewey/token.json
2025-03-17 10:55:04,688 - gmail_import - INFO - Refreshing expired credentials
2025-03-17 10:55:05,019 - gmail_import - INFO - Importing emails from 2025/03/16 to 2025/03/17
2025-03-17 10:55:05,019 - gmail_import - INFO - Including sent emails
2025-03-17 10:55:05,394 - gmail_import - INFO - Fetched 100 messages, total: 100
2025-03-17 10:55:05,394 - gmail_import - INFO - Found 100 emails, fetching details...
2025-03-17 10:55:10,003 - gmail_import - INFO - Processing message 10/100
2025-03-17 10:55:15,263 - gmail_import - INFO - Processing message 20/100
2025-03-17 10:55:20,698 - gmail_import - INFO - Processing message 30/100
2025-03-17 10:55:25,791 - gmail_import - INFO - Processing message 40/100
2025-03-17 10:55:31,252 - gmail_import - INFO - Processing message 50/100
2025-03-17 10:55:36,545 - gmail_import - INFO - Processing message 60/100
2025-03-17 10:55:41,576 - gmail_import - INFO - Processing message 70/100
2025-03-17 10:55:46,905 - gmail_import - INFO - Processing message 80/100
2025-03-17 10:55:52,067 - gmail_import - INFO - Processing message 90/100
2025-03-17 10:55:57,489 - gmail_import - INFO - Processing message 100/100
2025-03-17 10:55:58,037 - gmail_import - INFO - Found 47 emails to process
2025-03-17 10:55:58,037 - gmail_import - INFO - Processing batch of 47 emails (indices 0-46)
2025-03-17 10:55:58,177 - gmail_import - INFO - Email 195a502db0d5ea73 already exists in database
2025-03-17 10:55:58,813 - gmail_import - INFO - Email 195a4dc18cb1796c already exists in database
2025-03-17 10:55:59,209 - gmail_import - INFO - Email 195a4db746f35315 already exists in database
2025-03-17 10:55:59,712 - gmail_import - INFO - Email 195a4c41cf5a772b already exists in database
2025-03-17 10:56:00,226 - gmail_import - INFO - Email 195a4affb507045c already exists in database
2025-03-17 10:56:00,762 - gmail_import - INFO - Email 195a49fe840f4ff8 already exists in database
2025-03-17 10:56:01,256 - gmail_import - INFO - Email 195a48527a3b6697 already exists in database
2025-03-17 10:56:01,668 - gmail_import - INFO - Email 195a470b189f06f6 already exists in database
2025-03-17 10:56:02,186 - gmail_import - INFO - Email 195a45054830c274 already exists in database
2025-03-17 10:56:02,814 - gmail_import - INFO - Email 195a428a02559237 already exists in database
2025-03-17 10:56:03,236 - gmail_import - INFO - Email 195a41c3f90ab669 already exists in database
2025-03-17 10:56:03,810 - gmail_import - INFO - Email 195a41c2a4a084a1 already exists in database
2025-03-17 10:56:04,269 - gmail_import - INFO - Email 195a3e148577d5bd already exists in database
2025-03-17 10:56:04,749 - gmail_import - INFO - Email 195a3932b70eb73f already exists in database
2025-03-17 10:56:05,309 - gmail_import - INFO - Email 195a38dc5277adb1 already exists in database
2025-03-17 10:56:05,837 - gmail_import - INFO - Email 195a38cdf5681da1 already exists in database
2025-03-17 10:56:06,269 - gmail_import - INFO - Email 195a369bdd5177e1 already exists in database
2025-03-17 10:56:06,677 - gmail_import - INFO - Email 195a363cd752ffff already exists in database
2025-03-17 10:56:07,093 - gmail_import - INFO - Email 195a363c4486d029 already exists in database
2025-03-17 10:56:07,532 - gmail_import - INFO - Email 195a2ef7cc9b6f1f already exists in database
2025-03-17 10:56:07,956 - gmail_import - INFO - Email 195a2e95cd7c706f already exists in database
2025-03-17 10:56:08,351 - gmail_import - INFO - Email 195a26e3e1d940cd already exists in database
2025-03-17 10:56:08,820 - gmail_import - INFO - Email 195a2612f74e0f2c already exists in database
2025-03-17 10:56:09,230 - gmail_import - INFO - Email 195a23a24ab4733f already exists in database
2025-03-17 10:56:09,660 - gmail_import - INFO - Email 195a1d777299e927 already exists in database
2025-03-17 10:56:10,069 - gmail_import - INFO - Email 195a1c0ae7e73467 already exists in database
2025-03-17 10:56:10,536 - gmail_import - INFO - Email 195a1bab38c60270 already exists in database
2025-03-17 10:56:11,038 - gmail_import - INFO - Email 195a1aff2933dc4f already exists in database
2025-03-17 10:56:11,453 - gmail_import - INFO - Email 195a1959fcd09064 already exists in database
2025-03-17 10:56:11,938 - gmail_import - INFO - Email 195a0c650f76ea1f already exists in database
2025-03-17 10:56:12,482 - gmail_import - INFO - Email 195a0bc6ea1f1009 already exists in database
2025-03-17 10:56:13,141 - gmail_import - INFO - Email 195a08d16852a601 already exists in database
2025-03-17 10:56:13,661 - gmail_import - INFO - Email 195a056a82276948 already exists in database
2025-03-17 10:56:14,044 - gmail_import - INFO - Email 195a0213d8970da9 already exists in database
2025-03-17 10:56:14,509 - gmail_import - INFO - Email 195a006a3b92c3b4 already exists in database
2025-03-17 10:56:14,937 - gmail_import - INFO - Email 1959fe5da21e85c1 already exists in database
2025-03-17 10:56:15,430 - gmail_import - INFO - Email 1959fb1a5c989020 already exists in database
2025-03-17 10:56:15,981 - gmail_import - INFO - Email 1959fad2760d0db1 already exists in database
2025-03-17 10:56:16,512 - gmail_import - INFO - Email 1959fa23e8d7df2b already exists in database
2025-03-17 10:56:17,005 - gmail_import - INFO - Email 1959f7b1d2719e5b already exists in database
2025-03-17 10:56:17,558 - gmail_import - INFO - Email 1959f7852f0e8200 already exists in database
2025-03-17 10:56:18,099 - gmail_import - INFO - Email 1959f72b09226031 already exists in database
2025-03-17 10:56:18,574 - gmail_import - INFO - Email 1959f4c18d0b41c9 already exists in database
2025-03-17 10:56:19,202 - gmail_import - INFO - Email 1959f49a92f64c77 already exists in database
2025-03-17 10:56:19,654 - gmail_import - INFO - Email 1959f4766f3848ef already exists in database
2025-03-17 10:56:20,149 - gmail_import - INFO - Email 1959f36c9cefca39 already exists in database
2025-03-17 10:56:20,672 - gmail_import - INFO - Email 1959f0a9b985a4dc already exists in database
2025-03-17 10:56:20,941 - gmail_import - INFO - Batch complete. Imported 0/47 emails
2025-03-17 10:56:20,941 - gmail_import - INFO - Gmail import completed successfully. Processed 47 emails.
