2025-03-17 03:14:31,110 - gmail_import - INFO - Starting historical Gmail import, max 1000 emails per batch
2025-03-17 03:14:31,110 - gmail_import - INFO - Using database: /Users/srvo/dewey_emails.duckdb
2025-03-17 03:14:31,175 - gmail_import - INFO - Using token from /Users/srvo/dewey/token.json
2025-03-17 03:14:31,178 - gmail_import - INFO - Importing all historical emails
2025-03-17 03:14:31,178 - gmail_import - INFO - Including sent emails
2025-03-17 03:14:31,603 - gmail_import - INFO - Fetched 500 messages, total: 500
2025-03-17 03:14:31,971 - gmail_import - INFO - Fetched 500 messages, total: 1000
2025-03-17 03:14:32,279 - gmail_import - INFO - Fetched 500 messages, total: 1500
2025-03-17 03:14:32,634 - gmail_import - INFO - Fetched 500 messages, total: 2000
2025-03-17 03:14:32,931 - gmail_import - INFO - Fetched 500 messages, total: 2500
2025-03-17 03:14:33,261 - gmail_import - INFO - Fetched 500 messages, total: 3000
2025-03-17 03:14:33,653 - gmail_import - INFO - Fetched 500 messages, total: 3500
2025-03-17 03:14:34,062 - gmail_import - INFO - Fetched 500 messages, total: 4000
2025-03-17 03:14:34,420 - gmail_import - INFO - Fetched 500 messages, total: 4500
2025-03-17 03:14:34,785 - gmail_import - INFO - Fetched 500 messages, total: 5000
2025-03-17 03:14:35,193 - gmail_import - INFO - Fetched 500 messages, total: 5500
2025-03-17 03:14:35,557 - gmail_import - INFO - Fetched 500 messages, total: 6000
2025-03-17 03:14:35,869 - gmail_import - INFO - Fetched 500 messages, total: 6500
2025-03-17 03:14:36,315 - gmail_import - INFO - Fetched 500 messages, total: 7000
2025-03-17 03:14:36,727 - gmail_import - INFO - Fetched 500 messages, total: 7500
2025-03-17 03:14:37,056 - gmail_import - INFO - Fetched 500 messages, total: 8000
2025-03-17 03:14:37,376 - gmail_import - INFO - Fetched 500 messages, total: 8500
2025-03-17 03:14:37,754 - gmail_import - INFO - Fetched 500 messages, total: 9000
2025-03-17 03:14:38,073 - gmail_import - INFO - Fetched 500 messages, total: 9500
2025-03-17 03:14:38,395 - gmail_import - INFO - Fetched 500 messages, total: 10000
2025-03-17 03:14:38,693 - gmail_import - INFO - Fetched 500 messages, total: 10500
2025-03-17 03:14:39,019 - gmail_import - INFO - Fetched 500 messages, total: 11000
2025-03-17 03:14:39,296 - gmail_import - INFO - Fetched 500 messages, total: 11500
2025-03-17 03:14:39,610 - gmail_import - INFO - Fetched 500 messages, total: 12000
2025-03-17 03:14:39,906 - gmail_import - INFO - Fetched 500 messages, total: 12500
2025-03-17 03:14:40,206 - gmail_import - INFO - Fetched 500 messages, total: 13000
2025-03-17 03:14:40,477 - gmail_import - INFO - Fetched 500 messages, total: 13500
2025-03-17 03:14:40,803 - gmail_import - INFO - Fetched 500 messages, total: 14000
2025-03-17 03:14:41,116 - gmail_import - INFO - Fetched 500 messages, total: 14500
2025-03-17 03:14:41,422 - gmail_import - INFO - Fetched 500 messages, total: 15000
2025-03-17 03:14:41,736 - gmail_import - INFO - Fetched 500 messages, total: 15500
2025-03-17 03:14:42,037 - gmail_import - INFO - Fetched 500 messages, total: 16000
2025-03-17 03:14:42,336 - gmail_import - INFO - Fetched 500 messages, total: 16500
2025-03-17 03:14:42,616 - gmail_import - INFO - Fetched 500 messages, total: 17000
2025-03-17 03:14:42,920 - gmail_import - INFO - Fetched 500 messages, total: 17500
2025-03-17 03:14:43,226 - gmail_import - INFO - Fetched 500 messages, total: 18000
2025-03-17 03:14:43,538 - gmail_import - INFO - Fetched 500 messages, total: 18500
2025-03-17 03:14:43,891 - gmail_import - INFO - Fetched 500 messages, total: 19000
2025-03-17 03:14:44,212 - gmail_import - INFO - Fetched 500 messages, total: 19500
2025-03-17 03:14:44,487 - gmail_import - INFO - Fetched 500 messages, total: 20000
2025-03-17 03:14:44,797 - gmail_import - INFO - Fetched 500 messages, total: 20500
2025-03-17 03:14:45,123 - gmail_import - INFO - Fetched 500 messages, total: 21000
2025-03-17 03:14:45,399 - gmail_import - INFO - Fetched 500 messages, total: 21500
2025-03-17 03:14:45,690 - gmail_import - INFO - Fetched 500 messages, total: 22000
2025-03-17 03:14:46,048 - gmail_import - INFO - Fetched 500 messages, total: 22500
2025-03-17 03:14:46,328 - gmail_import - INFO - Fetched 500 messages, total: 23000
2025-03-17 03:14:46,632 - gmail_import - INFO - Fetched 500 messages, total: 23500
2025-03-17 03:14:46,944 - gmail_import - INFO - Fetched 500 messages, total: 24000
2025-03-17 03:14:47,305 - gmail_import - INFO - Fetched 500 messages, total: 24500
2025-03-17 03:14:47,622 - gmail_import - INFO - Fetched 500 messages, total: 25000
2025-03-17 03:14:47,903 - gmail_import - INFO - Fetched 500 messages, total: 25500
2025-03-17 03:14:48,223 - gmail_import - INFO - Fetched 500 messages, total: 26000
2025-03-17 03:14:48,552 - gmail_import - INFO - Fetched 500 messages, total: 26500
2025-03-17 03:14:48,862 - gmail_import - INFO - Fetched 500 messages, total: 27000
2025-03-17 03:14:49,130 - gmail_import - INFO - Fetched 500 messages, total: 27500
2025-03-17 03:14:49,438 - gmail_import - INFO - Fetched 500 messages, total: 28000
2025-03-17 03:14:49,713 - gmail_import - INFO - Fetched 500 messages, total: 28500
2025-03-17 03:14:49,999 - gmail_import - INFO - Fetched 500 messages, total: 29000
2025-03-17 03:14:50,301 - gmail_import - INFO - Fetched 500 messages, total: 29500
2025-03-17 03:14:50,584 - gmail_import - INFO - Fetched 500 messages, total: 30000
2025-03-17 03:14:50,868 - gmail_import - INFO - Fetched 500 messages, total: 30500
2025-03-17 03:14:51,163 - gmail_import - INFO - Fetched 500 messages, total: 31000
2025-03-17 03:14:51,442 - gmail_import - INFO - Fetched 500 messages, total: 31500
2025-03-17 03:14:51,714 - gmail_import - INFO - Fetched 500 messages, total: 32000
2025-03-17 03:14:51,990 - gmail_import - INFO - Fetched 500 messages, total: 32500
2025-03-17 03:14:52,272 - gmail_import - INFO - Fetched 500 messages, total: 33000
2025-03-17 03:14:52,548 - gmail_import - INFO - Fetched 500 messages, total: 33500
2025-03-17 03:14:52,835 - gmail_import - INFO - Fetched 500 messages, total: 34000
2025-03-17 03:14:53,146 - gmail_import - INFO - Fetched 500 messages, total: 34500
2025-03-17 03:14:53,427 - gmail_import - INFO - Fetched 500 messages, total: 35000
2025-03-17 03:14:53,711 - gmail_import - INFO - Fetched 500 messages, total: 35500
2025-03-17 03:14:54,020 - gmail_import - INFO - Fetched 500 messages, total: 36000
2025-03-17 03:14:54,307 - gmail_import - INFO - Fetched 500 messages, total: 36500
2025-03-17 03:14:54,596 - gmail_import - INFO - Fetched 500 messages, total: 37000
2025-03-17 03:14:54,877 - gmail_import - INFO - Fetched 500 messages, total: 37500
2025-03-17 03:14:55,181 - gmail_import - INFO - Fetched 500 messages, total: 38000
2025-03-17 03:14:55,460 - gmail_import - INFO - Fetched 500 messages, total: 38500
2025-03-17 03:14:55,744 - gmail_import - INFO - Fetched 500 messages, total: 39000
2025-03-17 03:14:56,049 - gmail_import - INFO - Fetched 500 messages, total: 39500
2025-03-17 03:14:56,317 - gmail_import - INFO - Fetched 500 messages, total: 40000
2025-03-17 03:14:56,619 - gmail_import - INFO - Fetched 500 messages, total: 40500
2025-03-17 03:14:56,892 - gmail_import - INFO - Fetched 500 messages, total: 41000
2025-03-17 03:14:57,195 - gmail_import - INFO - Fetched 500 messages, total: 41500
2025-03-17 03:14:57,471 - gmail_import - INFO - Fetched 500 messages, total: 42000
2025-03-17 03:14:57,767 - gmail_import - INFO - Fetched 500 messages, total: 42500
2025-03-17 03:14:58,305 - gmail_import - INFO - Fetched 500 messages, total: 43000
2025-03-17 03:14:58,603 - gmail_import - INFO - Fetched 500 messages, total: 43500
2025-03-17 03:14:58,912 - gmail_import - INFO - Fetched 500 messages, total: 44000
2025-03-17 03:14:59,189 - gmail_import - INFO - Fetched 500 messages, total: 44500
2025-03-17 03:14:59,482 - gmail_import - INFO - Fetched 500 messages, total: 45000
2025-03-17 03:14:59,794 - gmail_import - INFO - Fetched 500 messages, total: 45500
2025-03-17 03:15:00,074 - gmail_import - INFO - Fetched 500 messages, total: 46000
2025-03-17 03:15:00,382 - gmail_import - INFO - Fetched 500 messages, total: 46500
2025-03-17 03:15:00,674 - gmail_import - INFO - Fetched 500 messages, total: 47000
2025-03-17 03:15:00,993 - gmail_import - INFO - Fetched 500 messages, total: 47500
2025-03-17 03:15:01,265 - gmail_import - INFO - Fetched 500 messages, total: 48000
2025-03-17 03:15:01,538 - gmail_import - INFO - Fetched 500 messages, total: 48500
2025-03-17 03:15:01,822 - gmail_import - INFO - Fetched 500 messages, total: 49000
2025-03-17 03:15:02,100 - gmail_import - INFO - Fetched 500 messages, total: 49500
2025-03-17 03:15:02,414 - gmail_import - INFO - Fetched 500 messages, total: 50000
2025-03-17 03:15:02,698 - gmail_import - INFO - Fetched 500 messages, total: 50500
2025-03-17 03:15:02,968 - gmail_import - INFO - Fetched 500 messages, total: 51000
2025-03-17 03:15:03,276 - gmail_import - INFO - Fetched 500 messages, total: 51500
2025-03-17 03:15:03,562 - gmail_import - INFO - Fetched 500 messages, total: 52000
2025-03-17 03:15:03,850 - gmail_import - INFO - Fetched 500 messages, total: 52500
2025-03-17 03:15:04,164 - gmail_import - INFO - Fetched 500 messages, total: 53000
2025-03-17 03:15:04,436 - gmail_import - INFO - Fetched 500 messages, total: 53500
2025-03-17 03:15:04,708 - gmail_import - INFO - Fetched 500 messages, total: 54000
2025-03-17 03:15:04,984 - gmail_import - INFO - Fetched 500 messages, total: 54500
2025-03-17 03:15:05,265 - gmail_import - INFO - Fetched 500 messages, total: 55000
2025-03-17 03:15:05,539 - gmail_import - INFO - Fetched 500 messages, total: 55500
2025-03-17 03:15:05,824 - gmail_import - INFO - Fetched 500 messages, total: 56000
2025-03-17 03:15:06,153 - gmail_import - INFO - Fetched 500 messages, total: 56500
2025-03-17 03:15:06,428 - gmail_import - INFO - Fetched 500 messages, total: 57000
2025-03-17 03:15:06,697 - gmail_import - INFO - Fetched 149 messages, total: 57149
2025-03-17 03:15:06,697 - gmail_import - INFO - Found 57149 emails, fetching details...
2025-03-17 03:15:07,377 - gmail_import - INFO - Stored email 195a2ef7cc9b6f1f in database
2025-03-17 03:15:07,637 - gmail_import - INFO - Stored email 195a2e95cd7c706f in database
2025-03-17 03:15:07,895 - gmail_import - INFO - Stored email 195a26e3e1d940cd in database
2025-03-17 03:15:08,318 - gmail_import - INFO - Email 195a2612f74e0f2c already exists in database
2025-03-17 03:15:08,440 - gmail_import - INFO - Stored email 195a23a24ab4733f in database
2025-03-17 03:15:08,701 - gmail_import - INFO - Email 195a1d777299e927 already exists in database
2025-03-17 03:15:08,818 - gmail_import - INFO - Email 195a1c0ae7e73467 already exists in database
2025-03-17 03:15:08,970 - gmail_import - INFO - Email 195a1bab38c60270 already exists in database
2025-03-17 03:15:09,097 - gmail_import - INFO - Email 195a1aff2933dc4f already exists in database
2025-03-17 03:15:09,219 - gmail_import - INFO - Email 195a1959fcd09064 already exists in database
2025-03-17 03:15:09,389 - gmail_import - INFO - Stored email 195a0c650f76ea1f in database
2025-03-17 03:15:09,639 - gmail_import - INFO - Stored email 195a0bc6ea1f1009 in database
2025-03-17 03:15:09,970 - gmail_import - INFO - Stored email 195a08d16852a601 in database
2025-03-17 03:15:10,202 - gmail_import - INFO - Stored email 195a056a82276948 in database
2025-03-17 03:15:10,443 - gmail_import - INFO - Stored email 195a0213d8970da9 in database
2025-03-17 03:15:10,757 - gmail_import - INFO - Stored email 195a006a3b92c3b4 in database
2025-03-17 03:15:10,757 - gmail_import - INFO - Imported 10/57149 emails
2025-03-17 03:15:11,022 - gmail_import - INFO - Stored email 1959fe5da21e85c1 in database
2025-03-17 03:15:11,289 - gmail_import - INFO - Stored email 1959fb5d1370a8ba in database
2025-03-17 03:15:11,519 - gmail_import - INFO - Stored email 1959fb1a5c989020 in database
2025-03-17 03:15:11,747 - gmail_import - INFO - Stored email 1959fad2760d0db1 in database
2025-03-17 03:15:12,031 - gmail_import - INFO - Stored email 1959fa23e8d7df2b in database
2025-03-17 03:15:12,284 - gmail_import - INFO - Stored email 1959f8757c8a4066 in database
2025-03-17 03:15:12,519 - gmail_import - INFO - Stored email 1959f7b1d2719e5b in database
2025-03-17 03:15:12,749 - gmail_import - INFO - Stored email 1959f7852f0e8200 in database
2025-03-17 03:15:13,014 - gmail_import - INFO - Stored email 1959f72b09226031 in database
2025-03-17 03:15:13,260 - gmail_import - INFO - Stored email 1959f4c18d0b41c9 in database
2025-03-17 03:15:13,260 - gmail_import - INFO - Imported 20/57149 emails
2025-03-17 03:15:13,523 - gmail_import - INFO - Stored email 1959f49a92f64c77 in database
2025-03-17 03:15:13,756 - gmail_import - INFO - Stored email 1959f4766f3848ef in database
2025-03-17 03:15:13,986 - gmail_import - INFO - Stored email 1959f36c9cefca39 in database
2025-03-17 03:15:14,217 - gmail_import - INFO - Stored email 1959f0a9b985a4dc in database
2025-03-17 03:15:14,506 - gmail_import - INFO - Stored email 1959ea8650a432b0 in database
2025-03-17 03:15:14,737 - gmail_import - INFO - Stored email 1959e700ecd72cc1 in database
2025-03-17 03:15:14,990 - gmail_import - INFO - Stored email 1959e6dc3ecf6ded in database
2025-03-17 03:15:15,275 - gmail_import - INFO - Stored email 1959e6605d784566 in database
2025-03-17 03:15:15,539 - gmail_import - INFO - Stored email 1959dcd47dce0829 in database
2025-03-17 03:15:15,800 - gmail_import - INFO - Stored email 1959cae4c7c73843 in database
2025-03-17 03:15:15,801 - gmail_import - INFO - Imported 30/57149 emails
2025-03-17 03:15:16,078 - gmail_import - INFO - Stored email 1959c853675510e6 in database
2025-03-17 03:15:16,338 - gmail_import - INFO - Stored email 1959bd603351bd15 in database
2025-03-17 03:15:16,578 - gmail_import - INFO - Stored email 1959b9f3c6f42356 in database
2025-03-17 03:15:16,832 - gmail_import - INFO - Stored email 1959b9d2599ca470 in database
2025-03-17 03:15:17,149 - gmail_import - INFO - Stored email 1959b677f064a6e5 in database
2025-03-17 03:15:17,402 - gmail_import - INFO - Stored email 1959b21544e725ab in database
2025-03-17 03:15:17,655 - gmail_import - INFO - Stored email 1959afda7353488c in database
2025-03-17 03:15:17,943 - gmail_import - INFO - Stored email 1959ae37f4741f7b in database
2025-03-17 03:15:18,168 - gmail_import - INFO - Stored email 1959ab9eaa52effe in database
2025-03-17 03:15:18,409 - gmail_import - INFO - Stored email 1959aa4de818cfa0 in database
2025-03-17 03:15:18,410 - gmail_import - INFO - Imported 40/57149 emails
2025-03-17 03:15:18,678 - gmail_import - INFO - Stored email 1959a90007d610b7 in database
2025-03-17 03:15:18,920 - gmail_import - INFO - Stored email 1959a6f0ee17b54f in database
2025-03-17 03:15:19,142 - gmail_import - INFO - Stored email 1959a635a4a8ca20 in database
2025-03-17 03:15:19,373 - gmail_import - INFO - Stored email 1959a55b610604ac in database
2025-03-17 03:15:19,636 - gmail_import - INFO - Stored email 1959a52f65300721 in database
2025-03-17 03:15:19,879 - gmail_import - INFO - Stored email 1959a4a6ff992b52 in database
2025-03-17 03:15:20,127 - gmail_import - INFO - Stored email 1959a424cd196e2a in database
2025-03-17 03:15:20,362 - gmail_import - INFO - Stored email 1959a16e7930e4c3 in database
2025-03-17 03:15:20,581 - gmail_import - INFO - Stored email 1959a15a14557330 in database
2025-03-17 03:15:20,904 - gmail_import - INFO - Stored email 19599f9a357fd8dd in database
2025-03-17 03:15:20,904 - gmail_import - INFO - Imported 50/57149 emails
2025-03-17 03:15:21,169 - gmail_import - INFO - Stored email 19599eeabc6dc21b in database
2025-03-17 03:15:21,410 - gmail_import - INFO - Stored email 19599e452eab47ee in database
2025-03-17 03:15:21,687 - gmail_import - INFO - Stored email 19599bfdeed5bdbc in database
2025-03-17 03:15:21,963 - gmail_import - INFO - Stored email 195998f987756302 in database
2025-03-17 03:15:22,225 - gmail_import - INFO - Stored email 195997ac4b231245 in database
2025-03-17 03:15:22,466 - gmail_import - INFO - Stored email 1959961f0bd273c9 in database
2025-03-17 03:15:22,734 - gmail_import - INFO - Stored email 1959961a57e426b2 in database
2025-03-17 03:15:22,976 - gmail_import - INFO - Stored email 1959948c91951eb2 in database
2025-03-17 03:15:23,235 - gmail_import - INFO - Stored email 1959940ffdb6b033 in database
2025-03-17 03:15:23,516 - gmail_import - INFO - Stored email 195993fe761af487 in database
2025-03-17 03:15:23,517 - gmail_import - INFO - Imported 60/57149 emails
2025-03-17 03:15:23,758 - gmail_import - INFO - Stored email 195992245810962f in database
2025-03-17 03:15:24,002 - gmail_import - INFO - Stored email 19599083122fb2bc in database
2025-03-17 03:15:24,306 - gmail_import - INFO - Stored email 19598dd744ba900e in database
2025-03-17 03:15:24,547 - gmail_import - INFO - Stored email 19598cf792618a5e in database
2025-03-17 03:15:24,830 - gmail_import - INFO - Stored email 1959806b8710ffed in database
2025-03-17 03:15:25,057 - gmail_import - INFO - Stored email 19597f514a97af76 in database
2025-03-17 03:15:25,314 - gmail_import - INFO - Stored email 19597aa6efe9ff1b in database
2025-03-17 03:15:25,580 - gmail_import - INFO - Stored email 195979bda5e7d4d6 in database
2025-03-17 03:15:25,839 - gmail_import - INFO - Stored email 195977a0b393a909 in database
2025-03-17 03:15:26,130 - gmail_import - INFO - Stored email 1959773e994d8158 in database
2025-03-17 03:15:26,131 - gmail_import - INFO - Imported 70/57149 emails
2025-03-17 03:15:26,500 - gmail_import - INFO - Stored email 195976abc4d7f880 in database
2025-03-17 03:15:26,742 - gmail_import - INFO - Stored email 195975bccecf89a8 in database
2025-03-17 03:15:26,982 - gmail_import - INFO - Stored email 195975a568fe8297 in database
2025-03-17 03:15:27,232 - gmail_import - INFO - Stored email 1959757ab612b834 in database
2025-03-17 03:15:27,463 - gmail_import - INFO - Stored email 19597290a401d912 in database
2025-03-17 03:15:27,986 - gmail_import - INFO - Stored email 19597220d43b87f5 in database
2025-03-17 03:15:28,247 - gmail_import - INFO - Stored email 195971f58f024ecf in database
2025-03-17 03:15:28,498 - gmail_import - INFO - Stored email 19596df7e4cb61a0 in database
2025-03-17 03:15:28,788 - gmail_import - INFO - Stored email 19596bda74c69498 in database
2025-03-17 03:15:29,039 - gmail_import - INFO - Stored email 19596b15743afd84 in database
2025-03-17 03:15:29,039 - gmail_import - INFO - Imported 80/57149 emails
2025-03-17 03:15:29,382 - gmail_import - INFO - Stored email 1959681fa4fb79f3 in database
2025-03-17 03:15:29,614 - gmail_import - INFO - Stored email 195967e333f70bbb in database
2025-03-17 03:15:29,850 - gmail_import - INFO - Stored email 195966cb19c56e7e in database
2025-03-17 03:15:30,114 - gmail_import - INFO - Stored email 19596454120baa06 in database
2025-03-17 03:15:30,361 - gmail_import - INFO - Stored email 195962c992f35de1 in database
2025-03-17 03:15:30,598 - gmail_import - INFO - Stored email 195961be0c78def8 in database
2025-03-17 03:15:30,848 - gmail_import - INFO - Stored email 195960afb05893e9 in database
2025-03-17 03:15:31,514 - gmail_import - INFO - Stored email 195960a3291be1cf in database
2025-03-17 03:15:31,825 - gmail_import - INFO - Stored email 1959603cbbcffabb in database
2025-03-17 03:15:32,081 - gmail_import - INFO - Stored email 19595f8242a58bbf in database
2025-03-17 03:15:32,081 - gmail_import - INFO - Imported 90/57149 emails
2025-03-17 03:15:32,354 - gmail_import - INFO - Stored email 19595e90f678ee6b in database
2025-03-17 03:15:32,946 - gmail_import - INFO - Stored email 19595d2a47784c31 in database
2025-03-17 03:15:33,217 - gmail_import - INFO - Stored email 19595c61920f14d2 in database
2025-03-17 03:15:33,494 - gmail_import - INFO - Stored email 195959213b0d4daa in database
2025-03-17 03:15:33,728 - gmail_import - INFO - Stored email 1959583e5c7b19dd in database
2025-03-17 03:15:33,973 - gmail_import - INFO - Stored email 19595835657c016f in database
2025-03-17 03:15:34,250 - gmail_import - INFO - Stored email 19595715c8ff6a5c in database
2025-03-17 03:15:34,501 - gmail_import - INFO - Stored email 1959566f8bf73f57 in database
2025-03-17 03:15:34,777 - gmail_import - INFO - Stored email 195956384229a8dd in database
2025-03-17 03:15:35,032 - gmail_import - INFO - Stored email 1959562aa2141fb0 in database
2025-03-17 03:15:35,032 - gmail_import - INFO - Imported 100/57149 emails
2025-03-17 03:15:35,294 - gmail_import - INFO - Stored email 19595558b9d3d785 in database
2025-03-17 03:15:35,560 - gmail_import - INFO - Stored email 1959554039a6b409 in database
2025-03-17 03:15:35,829 - gmail_import - INFO - Stored email 195954e94cb7bf11 in database
2025-03-17 03:15:36,102 - gmail_import - INFO - Stored email 195954ba76bdecf5 in database
2025-03-17 03:15:36,384 - gmail_import - INFO - Stored email 1959538881187bb9 in database
2025-03-17 03:15:36,636 - gmail_import - INFO - Stored email 19595370c885e239 in database
2025-03-17 03:15:36,911 - gmail_import - INFO - Stored email 19595341c01ec95b in database
2025-03-17 03:15:37,194 - gmail_import - INFO - Stored email 195952ef99698891 in database
2025-03-17 03:15:37,456 - gmail_import - INFO - Stored email 195952e26e3f3dc0 in database
2025-03-17 03:15:37,706 - gmail_import - INFO - Stored email 19595262e85ce020 in database
2025-03-17 03:15:37,706 - gmail_import - INFO - Imported 110/57149 emails
2025-03-17 03:15:37,973 - gmail_import - INFO - Stored email 19595229087e8f4b in database
2025-03-17 03:15:38,239 - gmail_import - INFO - Stored email 195951d82b439a05 in database
2025-03-17 03:15:38,501 - gmail_import - INFO - Stored email 19594fd69e2e1e97 in database
2025-03-17 03:15:38,739 - gmail_import - INFO - Stored email 19594fc6fafd2e22 in database
2025-03-17 03:15:38,985 - gmail_import - INFO - Stored email 19594fbf43b05ba5 in database
2025-03-17 03:15:39,269 - gmail_import - INFO - Stored email 19594f7db68dab4f in database
2025-03-17 03:15:39,521 - gmail_import - INFO - Stored email 19594f7762216e47 in database
2025-03-17 03:15:39,768 - gmail_import - INFO - Stored email 19594f3604666867 in database
2025-03-17 03:15:40,083 - gmail_import - INFO - Stored email 19594f226cc25bb2 in database
2025-03-17 03:15:40,319 - gmail_import - INFO - Stored email 19594e9833abe244 in database
2025-03-17 03:15:40,320 - gmail_import - INFO - Imported 120/57149 emails
2025-03-17 03:15:40,570 - gmail_import - INFO - Stored email 19594e96263d453e in database
2025-03-17 03:15:40,807 - gmail_import - INFO - Stored email 19594e061a336043 in database
2025-03-17 03:15:41,087 - gmail_import - INFO - Stored email 19594dedef03ba94 in database
2025-03-17 03:15:41,316 - gmail_import - INFO - Stored email 19594de1fe2e3cd0 in database
2025-03-17 03:15:41,597 - gmail_import - INFO - Stored email 19594d9b0736a23b in database
2025-03-17 03:15:41,853 - gmail_import - INFO - Stored email 19594cba78801566 in database
2025-03-17 03:15:42,091 - gmail_import - INFO - Stored email 19594ca4fa1ee3ab in database
2025-03-17 03:15:42,358 - gmail_import - INFO - Stored email 19594c168b85f66f in database
2025-03-17 03:15:42,598 - gmail_import - INFO - Stored email 19594bdc17db9cf3 in database
2025-03-17 03:15:42,862 - gmail_import - INFO - Stored email 19594a6491ec73f2 in database
2025-03-17 03:15:42,862 - gmail_import - INFO - Imported 130/57149 emails
2025-03-17 03:15:43,103 - gmail_import - INFO - Stored email 1959499e93d256ca in database
2025-03-17 03:15:43,380 - gmail_import - INFO - Stored email 195948bb516e7b83 in database
2025-03-17 03:15:43,681 - gmail_import - INFO - Stored email 19594715811a1a4b in database
2025-03-17 03:15:43,938 - gmail_import - INFO - Stored email 19594317f73648a4 in database
2025-03-17 03:15:44,204 - gmail_import - INFO - Stored email 19594287120c9c08 in database
2025-03-17 03:15:44,518 - gmail_import - INFO - Stored email 1959426b96e067aa in database
2025-03-17 03:15:44,776 - gmail_import - INFO - Stored email 195941d0d3486656 in database
2025-03-17 03:15:45,041 - gmail_import - INFO - Stored email 195941cb5db39946 in database
2025-03-17 03:15:45,306 - gmail_import - INFO - Stored email 195941b54abc8569 in database
2025-03-17 03:15:45,560 - gmail_import - INFO - Stored email 195941a775da4c96 in database
2025-03-17 03:15:45,561 - gmail_import - INFO - Imported 140/57149 emails
2025-03-17 03:15:45,802 - gmail_import - INFO - Stored email 195937667e99408e in database
2025-03-17 03:15:46,050 - gmail_import - INFO - Stored email 195936085ab7aeb4 in database
2025-03-17 03:15:46,298 - gmail_import - INFO - Stored email 19593096b31e2a36 in database
2025-03-17 03:15:46,565 - gmail_import - INFO - Stored email 19593093e4ebb0bd in database
2025-03-17 03:15:46,806 - gmail_import - INFO - Stored email 19592ee6b1faaf0f in database
2025-03-17 03:15:47,183 - gmail_import - INFO - Stored email 195924c5a773347b in database
2025-03-17 03:15:47,432 - gmail_import - INFO - Stored email 195922a2f136caeb in database
2025-03-17 03:15:47,715 - gmail_import - INFO - Stored email 19591fa18d3772ea in database
2025-03-17 03:15:48,104 - gmail_import - INFO - Stored email 19591e5e50ed63b7 in database
2025-03-17 03:15:48,353 - gmail_import - INFO - Stored email 19591cfebce0b042 in database
2025-03-17 03:15:48,353 - gmail_import - INFO - Imported 150/57149 emails
2025-03-17 03:15:48,598 - gmail_import - INFO - Stored email 19591cb0c5ffb326 in database
2025-03-17 03:15:48,842 - gmail_import - INFO - Stored email 195919d891f65d73 in database
2025-03-17 03:15:49,078 - gmail_import - INFO - Stored email 195919c13ffee636 in database
2025-03-17 03:15:49,314 - gmail_import - INFO - Stored email 195918a24f06cddb in database
2025-03-17 03:15:49,549 - gmail_import - INFO - Stored email 19591867df592f4e in database
2025-03-17 03:15:49,798 - gmail_import - INFO - Stored email 1959183913eee11b in database
2025-03-17 03:15:50,040 - gmail_import - INFO - Stored email 195917f272b4b2d7 in database
2025-03-17 03:15:50,277 - gmail_import - INFO - Stored email 195917df04ba423d in database
2025-03-17 03:15:50,530 - gmail_import - INFO - Stored email 195917106a595fb7 in database
2025-03-17 03:15:50,908 - gmail_import - INFO - Stored email 195915ba0caa9ec0 in database
2025-03-17 03:15:50,908 - gmail_import - INFO - Imported 160/57149 emails
2025-03-17 03:15:51,147 - gmail_import - INFO - Stored email 1959151a5011c844 in database
2025-03-17 03:15:51,413 - gmail_import - INFO - Stored email 195913915cd5642a in database
2025-03-17 03:15:51,658 - gmail_import - INFO - Stored email 195912b8b696fbe2 in database
2025-03-17 03:15:51,908 - gmail_import - INFO - Stored email 195911bb9ffa688b in database
2025-03-17 03:15:52,154 - gmail_import - INFO - Stored email 19591027a4a1465f in database
2025-03-17 03:15:52,416 - gmail_import - INFO - Stored email 19590ff26972b22b in database
2025-03-17 03:15:52,655 - gmail_import - INFO - Stored email 19590ff1b4a35c88 in database
2025-03-17 03:15:52,895 - gmail_import - INFO - Stored email 19590fc71eecfd4e in database
2025-03-17 03:15:53,145 - gmail_import - INFO - Stored email 19590f1241ffbca3 in database
2025-03-17 03:15:53,399 - gmail_import - INFO - Stored email 19590ef97dfff5ff in database
2025-03-17 03:15:53,399 - gmail_import - INFO - Imported 170/57149 emails
2025-03-17 03:15:53,630 - gmail_import - INFO - Stored email 19590ef45640170a in database
2025-03-17 03:15:53,880 - gmail_import - INFO - Stored email 19590ef3d0b0b559 in database
2025-03-17 03:15:54,184 - gmail_import - INFO - Stored email 19590e57287cec47 in database
2025-03-17 03:15:54,428 - gmail_import - INFO - Stored email 19590cf7e88d07f7 in database
2025-03-17 03:15:54,676 - gmail_import - INFO - Stored email 19590cc1d2452649 in database
2025-03-17 03:15:54,909 - gmail_import - INFO - Stored email 19590b087dc2533f in database
2025-03-17 03:15:55,145 - gmail_import - INFO - Stored email 19590a97dcf492b2 in database
2025-03-17 03:15:55,399 - gmail_import - INFO - Stored email 19590a843657cd5f in database
2025-03-17 03:15:55,629 - gmail_import - INFO - Stored email 19590970da2237e6 in database
2025-03-17 03:15:55,859 - gmail_import - INFO - Stored email 19590933cfafcbc3 in database
2025-03-17 03:15:55,859 - gmail_import - INFO - Imported 180/57149 emails
2025-03-17 03:15:56,135 - gmail_import - INFO - Stored email 195908d950a15b8e in database
2025-03-17 03:15:56,411 - gmail_import - INFO - Stored email 19590892e42f339d in database
2025-03-17 03:15:56,638 - gmail_import - INFO - Stored email 19590851abe982c5 in database
2025-03-17 03:15:56,892 - gmail_import - INFO - Stored email 195907c7b0d6f041 in database
2025-03-17 03:15:57,120 - gmail_import - INFO - Stored email 19590792723abfc2 in database
2025-03-17 03:15:57,387 - gmail_import - INFO - Stored email 1959073319f49469 in database
2025-03-17 03:15:57,663 - gmail_import - INFO - Stored email 1959059d6ca72757 in database
2025-03-17 03:15:57,909 - gmail_import - INFO - Stored email 1959053bf1113dac in database
2025-03-17 03:15:58,146 - gmail_import - INFO - Stored email 1959044b05d73725 in database
2025-03-17 03:15:58,410 - gmail_import - INFO - Stored email 19590449ade98d43 in database
2025-03-17 03:15:58,411 - gmail_import - INFO - Imported 190/57149 emails
2025-03-17 03:15:58,647 - gmail_import - INFO - Stored email 1959042ba0afa8fb in database
2025-03-17 03:15:58,929 - gmail_import - INFO - Stored email 19590405ccdd1c63 in database
2025-03-17 03:15:59,174 - gmail_import - INFO - Stored email 195903d2408c1610 in database
2025-03-17 03:15:59,417 - gmail_import - INFO - Stored email 195903d12dd7da98 in database
2025-03-17 03:15:59,656 - gmail_import - INFO - Stored email 195903c90d1a17de in database
2025-03-17 03:15:59,909 - gmail_import - INFO - Stored email 1959037313beb5d0 in database
2025-03-17 03:16:00,142 - gmail_import - INFO - Stored email 1959016877433736 in database
2025-03-17 03:16:00,442 - gmail_import - INFO - Stored email 1959012622139ec6 in database
2025-03-17 03:16:00,731 - gmail_import - INFO - Stored email 195900c5175dea0f in database
2025-03-17 03:16:00,964 - gmail_import - INFO - Stored email 195900ac581d1e0d in database
2025-03-17 03:16:00,964 - gmail_import - INFO - Imported 200/57149 emails
2025-03-17 03:16:01,195 - gmail_import - INFO - Stored email 195900777b29b354 in database
2025-03-17 03:16:01,436 - gmail_import - INFO - Stored email 1958ff771a21effa in database
2025-03-17 03:16:01,670 - gmail_import - INFO - Stored email 1958fe3353596756 in database
2025-03-17 03:16:01,932 - gmail_import - INFO - Stored email 1958fd600dd80d8e in database
2025-03-17 03:16:02,184 - gmail_import - INFO - Stored email 1958fd058077cece in database
2025-03-17 03:16:02,451 - gmail_import - INFO - Stored email 1958fcecfb7b11b7 in database
2025-03-17 03:16:02,777 - gmail_import - INFO - Stored email 1958fcba47b9f763 in database
2025-03-17 03:16:03,040 - gmail_import - INFO - Stored email 1958fc31b5bc6f48 in database
2025-03-17 03:16:03,291 - gmail_import - INFO - Stored email 1958fbbcaa72d06b in database
2025-03-17 03:16:03,533 - gmail_import - INFO - Stored email 1958fb95fd11bfef in database
2025-03-17 03:16:03,534 - gmail_import - INFO - Imported 210/57149 emails
2025-03-17 03:16:03,774 - gmail_import - INFO - Stored email 1958fb3c15ce9fd7 in database
2025-03-17 03:16:04,009 - gmail_import - INFO - Stored email 1958fb3a8fb1e9c1 in database
2025-03-17 03:16:04,269 - gmail_import - INFO - Stored email 1958fa9405fa9a86 in database
2025-03-17 03:16:04,511 - gmail_import - INFO - Stored email 1958f9f74a8b3917 in database
2025-03-17 03:16:04,753 - gmail_import - INFO - Stored email 1958f9ae65ee8e9d in database
2025-03-17 03:16:05,004 - gmail_import - INFO - Stored email 1958f97b8ecdf054 in database
2025-03-17 03:16:05,238 - gmail_import - INFO - Stored email 1958f977575384f6 in database
2025-03-17 03:16:05,485 - gmail_import - INFO - Stored email 1958f913adadad5b in database
2025-03-17 03:16:05,731 - gmail_import - INFO - Stored email 1958f7e0300ca22e in database
2025-03-17 03:16:06,001 - gmail_import - INFO - Stored email 1958f6b38572ddbd in database
2025-03-17 03:16:06,001 - gmail_import - INFO - Imported 220/57149 emails
2025-03-17 03:16:06,254 - gmail_import - INFO - Stored email 1958f538e587ff5d in database
2025-03-17 03:16:06,491 - gmail_import - INFO - Stored email 1958f36f70e44da9 in database
2025-03-17 03:16:06,727 - gmail_import - INFO - Stored email 1958f2da7f5bfe3d in database
2025-03-17 03:16:06,977 - gmail_import - INFO - Stored email 1958f239b9ce346e in database
2025-03-17 03:16:07,201 - gmail_import - INFO - Stored email 1958f06cca6303b8 in database
2025-03-17 03:16:07,466 - gmail_import - INFO - Stored email 1958ef9eaeaf6113 in database
2025-03-17 03:16:07,741 - gmail_import - INFO - Stored email 1958ef67c06072c2 in database
2025-03-17 03:16:08,020 - gmail_import - INFO - Stored email 1958ef4c99266676 in database
2025-03-17 03:16:08,291 - gmail_import - INFO - Stored email 1958ef3b4c42944b in database
2025-03-17 03:16:08,663 - gmail_import - INFO - Stored email 1958e4f522bcafcf in database
2025-03-17 03:16:08,663 - gmail_import - INFO - Imported 230/57149 emails
2025-03-17 03:16:08,922 - gmail_import - INFO - Stored email 1958e42e96ce5c0d in database
2025-03-17 03:16:09,172 - gmail_import - INFO - Stored email 1958e2e26de29044 in database
2025-03-17 03:16:09,419 - gmail_import - INFO - Stored email 1958e2052a2a67dd in database
2025-03-17 03:16:09,680 - gmail_import - INFO - Stored email 1958dd0e6a1ee7a1 in database
2025-03-17 03:16:09,953 - gmail_import - INFO - Stored email 1958d3ba3da2eee6 in database
2025-03-17 03:16:10,242 - gmail_import - INFO - Stored email 1958d359ee13f4ab in database
2025-03-17 03:16:10,530 - gmail_import - INFO - Stored email 1958d25d12e4c279 in database
2025-03-17 03:16:10,797 - gmail_import - INFO - Stored email 1958d00ed6685e63 in database
2025-03-17 03:16:11,027 - gmail_import - INFO - Stored email 1958cf9fbcfc9b9f in database
2025-03-17 03:16:11,295 - gmail_import - INFO - Stored email 1958cf9e8fd648a3 in database
2025-03-17 03:16:11,295 - gmail_import - INFO - Imported 240/57149 emails
2025-03-17 03:16:11,530 - gmail_import - INFO - Stored email 1958cd4ddceba3e3 in database
2025-03-17 03:16:11,823 - gmail_import - INFO - Stored email 1958cadcd3c6c479 in database
2025-03-17 03:16:12,119 - gmail_import - INFO - Stored email 1958c6392534b41f in database
2025-03-17 03:16:12,380 - gmail_import - INFO - Stored email 1958c602a745c17f in database
2025-03-17 03:16:12,627 - gmail_import - INFO - Stored email 1958c28c833d43cf in database
2025-03-17 03:16:12,892 - gmail_import - INFO - Stored email 1958c18eb663ef49 in database
2025-03-17 03:16:13,284 - gmail_import - INFO - Stored email 1958bf9d2885628e in database
2025-03-17 03:16:13,552 - gmail_import - INFO - Stored email 1958bdf38eaadde3 in database
2025-03-17 03:16:13,799 - gmail_import - INFO - Stored email 1958bca8e33b8378 in database
2025-03-17 03:16:14,054 - gmail_import - INFO - Stored email 1958bc82ec126ac4 in database
2025-03-17 03:16:14,055 - gmail_import - INFO - Imported 250/57149 emails
2025-03-17 03:16:14,290 - gmail_import - INFO - Stored email 1958bc45b7dbc714 in database
2025-03-17 03:16:14,557 - gmail_import - INFO - Stored email 1958bb04cb7da744 in database
2025-03-17 03:16:14,819 - gmail_import - INFO - Stored email 1958ba54fa60797f in database
2025-03-17 03:16:15,084 - gmail_import - INFO - Stored email 1958b91c358f7e2e in database
2025-03-17 03:16:15,321 - gmail_import - INFO - Stored email 1958b81fb7213274 in database
2025-03-17 03:16:15,612 - gmail_import - INFO - Stored email 1958b70cfdbb16e8 in database
2025-03-17 03:16:15,904 - gmail_import - INFO - Stored email 1958b70675507f23 in database
2025-03-17 03:16:16,150 - gmail_import - INFO - Stored email 1958b5ed90ff62ff in database
2025-03-17 03:16:16,393 - gmail_import - INFO - Stored email 1958b5ba4d23bc24 in database
2025-03-17 03:16:16,647 - gmail_import - INFO - Stored email 1958b510c758b2ff in database
2025-03-17 03:16:16,647 - gmail_import - INFO - Imported 260/57149 emails
2025-03-17 03:16:16,902 - gmail_import - INFO - Stored email 1958b4291b518827 in database
2025-03-17 03:16:17,144 - gmail_import - INFO - Stored email 1958b3a75890d18b in database
2025-03-17 03:16:17,416 - gmail_import - INFO - Stored email 1958b388c929b783 in database
2025-03-17 03:16:17,671 - gmail_import - INFO - Stored email 1958b332fe96ad73 in database
2025-03-17 03:16:17,920 - gmail_import - INFO - Stored email 1958b20fedb7a359 in database
2025-03-17 03:16:18,183 - gmail_import - INFO - Stored email 1958b1ad801d812b in database
2025-03-17 03:16:18,428 - gmail_import - INFO - Stored email 1958b13a7b897c13 in database
2025-03-17 03:16:18,668 - gmail_import - INFO - Stored email 1958b0fc957b632b in database
2025-03-17 03:16:18,941 - gmail_import - INFO - Stored email 1958afd1bd086180 in database
2025-03-17 03:16:19,189 - gmail_import - INFO - Stored email 1958afcf636f0093 in database
2025-03-17 03:16:19,189 - gmail_import - INFO - Imported 270/57149 emails
2025-03-17 03:16:19,467 - gmail_import - INFO - Stored email 1958af2972a28bf2 in database
2025-03-17 03:16:19,767 - gmail_import - INFO - Stored email 1958af22e00cc237 in database
2025-03-17 03:16:20,013 - gmail_import - INFO - Stored email 1958af0dabbc0da2 in database
2025-03-17 03:16:20,266 - gmail_import - INFO - Stored email 1958ae615562e767 in database
2025-03-17 03:16:20,507 - gmail_import - INFO - Stored email 1958ae1501a9766c in database
2025-03-17 03:16:20,738 - gmail_import - INFO - Stored email 1958adb924a32346 in database
2025-03-17 03:16:20,987 - gmail_import - INFO - Stored email 1958adaa4d65c971 in database
2025-03-17 03:16:21,218 - gmail_import - INFO - Stored email 1958ada2e9971a8a in database
2025-03-17 03:16:21,522 - gmail_import - INFO - Stored email 1958ad664229555e in database
2025-03-17 03:16:21,765 - gmail_import - INFO - Stored email 1958ac615d129267 in database
2025-03-17 03:16:21,766 - gmail_import - INFO - Imported 280/57149 emails
2025-03-17 03:16:22,006 - gmail_import - INFO - Stored email 1958ab93f48700c5 in database
2025-03-17 03:16:22,230 - gmail_import - INFO - Stored email 1958ab43697a2fb3 in database
2025-03-17 03:16:22,461 - gmail_import - INFO - Stored email 1958aae4af19a391 in database
2025-03-17 03:16:22,703 - gmail_import - INFO - Stored email 1958aa8c667f7fbb in database
2025-03-17 03:16:22,979 - gmail_import - INFO - Stored email 1958aa212882f1aa in database
2025-03-17 03:16:23,227 - gmail_import - INFO - Stored email 1958aa210ed36b24 in database
2025-03-17 03:16:23,496 - gmail_import - INFO - Stored email 1958aa16eba1450e in database
2025-03-17 03:16:23,738 - gmail_import - INFO - Stored email 1958a9aed3cf1dad in database
2025-03-17 03:16:24,026 - gmail_import - INFO - Stored email 1958a73dce5a517b in database
2025-03-17 03:16:24,275 - gmail_import - INFO - Stored email 1958a712add10104 in database
2025-03-17 03:16:24,275 - gmail_import - INFO - Imported 290/57149 emails
2025-03-17 03:16:24,532 - gmail_import - INFO - Stored email 1958a62ef8db1b72 in database
2025-03-17 03:16:24,782 - gmail_import - INFO - Stored email 1958a58a2567fbbc in database
2025-03-17 03:16:25,029 - gmail_import - INFO - Stored email 1958a57a83136b5b in database
2025-03-17 03:16:25,255 - gmail_import - INFO - Stored email 1958a4ef3a8095c8 in database
2025-03-17 03:16:25,500 - gmail_import - INFO - Stored email 1958a3e3149dfa68 in database
2025-03-17 03:16:25,734 - gmail_import - INFO - Stored email 1958a2cb5a1d5f84 in database
2025-03-17 03:16:25,965 - gmail_import - INFO - Stored email 1958a1730c257529 in database
2025-03-17 03:16:26,194 - gmail_import - INFO - Stored email 1958a16026ad9ab8 in database
2025-03-17 03:16:26,454 - gmail_import - INFO - Stored email 19589e7a8c105e63 in database
2025-03-17 03:16:26,751 - gmail_import - INFO - Stored email 19589dfbf6146001 in database
2025-03-17 03:16:26,751 - gmail_import - INFO - Imported 300/57149 emails
2025-03-17 03:16:27,018 - gmail_import - INFO - Stored email 19589d33b389f1b8 in database
2025-03-17 03:16:27,313 - gmail_import - INFO - Stored email 19589ce4bd814b08 in database
2025-03-17 03:16:27,576 - gmail_import - INFO - Stored email 19589ccf6729020e in database
2025-03-17 03:16:27,804 - gmail_import - INFO - Stored email 19589c261218ce2e in database
2025-03-17 03:16:28,084 - gmail_import - INFO - Stored email 1958928acafeda7e in database
2025-03-17 03:16:28,334 - gmail_import - INFO - Stored email 19589169e45d8129 in database
2025-03-17 03:16:28,587 - gmail_import - INFO - Stored email 19588b65d4b85222 in database
2025-03-17 03:16:28,837 - gmail_import - INFO - Stored email 19588b6541a8b790 in database
2025-03-17 03:16:29,092 - gmail_import - INFO - Stored email 19588375b2d9c4de in database
2025-03-17 03:16:29,345 - gmail_import - INFO - Stored email 195881517a94163c in database
2025-03-17 03:16:29,345 - gmail_import - INFO - Imported 310/57149 emails
2025-03-17 03:16:29,590 - gmail_import - INFO - Stored email 195881491fbe8060 in database
2025-03-17 03:16:29,849 - gmail_import - INFO - Stored email 19588015a61118db in database
2025-03-17 03:16:30,134 - gmail_import - INFO - Stored email 19587bced0461f77 in database
2025-03-17 03:16:30,404 - gmail_import - INFO - Stored email 195875b8ebb4ec43 in database
2025-03-17 03:16:30,690 - gmail_import - INFO - Stored email 1958750305c4d787 in database
2025-03-17 03:16:30,931 - gmail_import - INFO - Stored email 195874762c551dd0 in database
2025-03-17 03:16:31,217 - gmail_import - INFO - Stored email 195873cd65a70e5c in database
2025-03-17 03:16:31,463 - gmail_import - INFO - Stored email 195873aa012de0c0 in database
2025-03-17 03:16:31,745 - gmail_import - INFO - Stored email 195871a16aaea511 in database
2025-03-17 03:16:31,979 - gmail_import - INFO - Stored email 1958703d0d51a0c6 in database
2025-03-17 03:16:31,979 - gmail_import - INFO - Imported 320/57149 emails
2025-03-17 03:16:32,216 - gmail_import - INFO - Stored email 19586fb8885d2360 in database
2025-03-17 03:16:32,438 - gmail_import - INFO - Stored email 19586e740db05f33 in database
2025-03-17 03:16:32,706 - gmail_import - INFO - Stored email 19586dbc9eb3cf0a in database
2025-03-17 03:16:32,967 - gmail_import - INFO - Stored email 19586d76cfdb16a9 in database
2025-03-17 03:16:33,215 - gmail_import - INFO - Stored email 19586c0d80c44943 in database
2025-03-17 03:16:33,525 - gmail_import - INFO - Stored email 19586b2754252948 in database
2025-03-17 03:16:33,761 - gmail_import - INFO - Stored email 19586ad80be2cbcb in database
2025-03-17 03:16:34,017 - gmail_import - INFO - Stored email 19586ad1d3af5661 in database
2025-03-17 03:16:34,286 - gmail_import - INFO - Stored email 19586ac85af2fb9a in database
2025-03-17 03:16:34,547 - gmail_import - INFO - Stored email 195869ee26650bb4 in database
2025-03-17 03:16:34,547 - gmail_import - INFO - Imported 330/57149 emails
2025-03-17 03:16:34,848 - gmail_import - INFO - Stored email 19586971a16c6a88 in database
2025-03-17 03:16:35,126 - gmail_import - INFO - Stored email 1958683350bf8450 in database
2025-03-17 03:16:35,392 - gmail_import - INFO - Stored email 195867dd4aa66456 in database
2025-03-17 03:16:35,639 - gmail_import - INFO - Stored email 1958662f386a588d in database
2025-03-17 03:16:35,902 - gmail_import - INFO - Stored email 195865e1b0f0c0ce in database
2025-03-17 03:16:36,133 - gmail_import - INFO - Stored email 195865c461c95139 in database
2025-03-17 03:16:36,425 - gmail_import - INFO - Stored email 195865889fdaf20a in database
2025-03-17 03:16:36,670 - gmail_import - INFO - Stored email 195865333f34103a in database
2025-03-17 03:16:37,008 - gmail_import - INFO - Stored email 1958646b51590005 in database
2025-03-17 03:16:37,262 - gmail_import - INFO - Stored email 1958635e88e53caf in database
2025-03-17 03:16:37,262 - gmail_import - INFO - Imported 340/57149 emails
2025-03-17 03:16:37,494 - gmail_import - INFO - Stored email 195862af2e2ffa1d in database
2025-03-17 03:16:37,735 - gmail_import - INFO - Stored email 1958629939574791 in database
2025-03-17 03:16:37,970 - gmail_import - INFO - Stored email 19586295a25c73ca in database
2025-03-17 03:16:38,222 - gmail_import - INFO - Stored email 1958626e37da33d1 in database
2025-03-17 03:16:38,537 - gmail_import - INFO - Stored email 19586212a1f95882 in database
2025-03-17 03:16:38,760 - gmail_import - INFO - Stored email 195861f031cea479 in database
2025-03-17 03:16:39,038 - gmail_import - INFO - Stored email 195861b84a88c0a8 in database
2025-03-17 03:16:39,288 - gmail_import - INFO - Stored email 195860f8ee498250 in database
2025-03-17 03:16:39,548 - gmail_import - INFO - Stored email 195860a225cb742e in database
2025-03-17 03:16:39,844 - gmail_import - INFO - Stored email 19586078d5871c27 in database
2025-03-17 03:16:39,844 - gmail_import - INFO - Imported 350/57149 emails
2025-03-17 03:16:40,074 - gmail_import - INFO - Stored email 1958604d904f6129 in database
2025-03-17 03:16:40,359 - gmail_import - INFO - Stored email 19585e7bb5a1e4b7 in database
2025-03-17 03:16:40,639 - gmail_import - INFO - Stored email 19585e7bafb12faf in database
2025-03-17 03:16:40,881 - gmail_import - INFO - Stored email 19585cc375399868 in database
2025-03-17 03:16:41,131 - gmail_import - INFO - Stored email 19585cc22e991f71 in database
2025-03-17 03:16:41,363 - gmail_import - INFO - Stored email 19585c65407d1eab in database
2025-03-17 03:16:41,585 - gmail_import - INFO - Stored email 19585c244b4ba823 in database
2025-03-17 03:16:41,829 - gmail_import - INFO - Stored email 19585a8ff99bcb29 in database
2025-03-17 03:16:42,085 - gmail_import - INFO - Stored email 1958599a5f837544 in database
2025-03-17 03:16:42,325 - gmail_import - INFO - Stored email 195858a62f40176b in database
2025-03-17 03:16:42,325 - gmail_import - INFO - Imported 360/57149 emails
2025-03-17 03:16:42,574 - gmail_import - INFO - Stored email 19585854635201ee in database
2025-03-17 03:16:42,841 - gmail_import - INFO - Stored email 195858523ad7c524 in database
2025-03-17 03:16:43,076 - gmail_import - INFO - Stored email 1958583a754f83df in database
2025-03-17 03:16:43,340 - gmail_import - INFO - Stored email 1958581dd22c9334 in database
2025-03-17 03:16:43,609 - gmail_import - INFO - Stored email 19585726824d726c in database
2025-03-17 03:16:43,837 - gmail_import - INFO - Stored email 195856fda0d526c4 in database
2025-03-17 03:16:44,099 - gmail_import - INFO - Stored email 195856c2e2327fc7 in database
2025-03-17 03:16:44,330 - gmail_import - INFO - Stored email 195856adbf5882ef in database
2025-03-17 03:16:44,594 - gmail_import - INFO - Stored email 19585682a0e462c4 in database
2025-03-17 03:16:44,887 - gmail_import - INFO - Stored email 1958565e855bff19 in database
2025-03-17 03:16:44,887 - gmail_import - INFO - Imported 370/57149 emails
2025-03-17 03:16:45,125 - gmail_import - INFO - Stored email 1958565640d3ec8d in database
2025-03-17 03:16:45,382 - gmail_import - INFO - Stored email 1958559a1accd2d1 in database
2025-03-17 03:16:45,629 - gmail_import - INFO - Stored email 19585587031b7e6f in database
2025-03-17 03:16:45,880 - gmail_import - INFO - Stored email 1958555e227da377 in database
2025-03-17 03:16:46,096 - gmail_import - INFO - Stored email 195854eb23db56c4 in database
2025-03-17 03:16:46,349 - gmail_import - INFO - Stored email 195854d980ebbfa6 in database
2025-03-17 03:16:46,633 - gmail_import - INFO - Stored email 195854aeb99d764f in database
2025-03-17 03:16:46,871 - gmail_import - INFO - Stored email 195854ab8bdc65a0 in database
2025-03-17 03:16:47,173 - gmail_import - INFO - Stored email 1958540a29d5ec29 in database
2025-03-17 03:16:47,410 - gmail_import - INFO - Stored email 19585314086da5d8 in database
2025-03-17 03:16:47,410 - gmail_import - INFO - Imported 380/57149 emails
2025-03-17 03:16:47,637 - gmail_import - INFO - Stored email 195852e0cdbf7ff6 in database
2025-03-17 03:16:47,875 - gmail_import - INFO - Stored email 1958522dc780e4ab in database
2025-03-17 03:16:48,135 - gmail_import - INFO - Stored email 1958515797aa2be5 in database
2025-03-17 03:16:48,422 - gmail_import - INFO - Stored email 19584f605b7755c3 in database
2025-03-17 03:16:48,938 - gmail_import - INFO - Stored email 19584ebec073b778 in database
2025-03-17 03:16:49,169 - gmail_import - INFO - Stored email 19584ea2d12a52ad in database
2025-03-17 03:16:49,414 - gmail_import - INFO - Stored email 19584b3f553b17d3 in database
2025-03-17 03:16:49,654 - gmail_import - INFO - Stored email 19584ae39c9becf4 in database
2025-03-17 03:16:49,911 - gmail_import - INFO - Stored email 19584a7a9ca13dd6 in database
2025-03-17 03:16:50,154 - gmail_import - INFO - Stored email 19584a70a19f71df in database
2025-03-17 03:16:50,155 - gmail_import - INFO - Imported 390/57149 emails
2025-03-17 03:16:50,393 - gmail_import - INFO - Stored email 19584812d609ffd7 in database
2025-03-17 03:16:50,624 - gmail_import - INFO - Stored email 1958467eb94560bb in database
2025-03-17 03:16:50,866 - gmail_import - INFO - Stored email 19584444c9ab22cd in database
2025-03-17 03:16:51,098 - gmail_import - INFO - Stored email 19584444b2eab266 in database
2025-03-17 03:16:51,394 - gmail_import - INFO - Stored email 19584257a6237cb7 in database
2025-03-17 03:16:51,631 - gmail_import - INFO - Stored email 1958401d3ecc997e in database
2025-03-17 03:16:51,857 - gmail_import - INFO - Stored email 19583629d29d1aa6 in database
2025-03-17 03:16:52,112 - gmail_import - INFO - Stored email 195834f952346d8a in database
2025-03-17 03:16:52,421 - gmail_import - INFO - Stored email 19583328dfbf014a in database
2025-03-17 03:16:52,659 - gmail_import - INFO - Stored email 19583308ef8643db in database
2025-03-17 03:16:52,659 - gmail_import - INFO - Imported 400/57149 emails
2025-03-17 03:16:52,898 - gmail_import - INFO - Stored email 195830fa5b727f90 in database
2025-03-17 03:16:53,122 - gmail_import - INFO - Stored email 19582e486d2e0baf in database
2025-03-17 03:16:53,352 - gmail_import - INFO - Stored email 19582da578dc5c4b in database
2025-03-17 03:16:53,569 - gmail_import - INFO - Stored email 19582cf829bdd60b in database
2025-03-17 03:16:53,801 - gmail_import - INFO - Stored email 19582c6037bff6b3 in database
2025-03-17 03:16:54,034 - gmail_import - INFO - Stored email 19582b479ae56b7f in database
2025-03-17 03:16:54,250 - gmail_import - INFO - Stored email 1958296ca43dc22f in database
2025-03-17 03:16:54,550 - gmail_import - INFO - Stored email 1958296c48278ccb in database
2025-03-17 03:16:54,776 - gmail_import - INFO - Stored email 195828696b588544 in database
2025-03-17 03:16:55,024 - gmail_import - INFO - Stored email 1958274ae2959815 in database
2025-03-17 03:16:55,025 - gmail_import - INFO - Imported 410/57149 emails
2025-03-17 03:16:55,280 - gmail_import - INFO - Stored email 195824a93611041b in database
2025-03-17 03:16:55,546 - gmail_import - INFO - Stored email 195824a76afbf5b1 in database
2025-03-17 03:16:55,781 - gmail_import - INFO - Stored email 1958243117c29d1b in database
2025-03-17 03:16:56,096 - gmail_import - INFO - Stored email 19582357d4114850 in database
2025-03-17 03:16:56,331 - gmail_import - INFO - Stored email 1958220c31b7bef4 in database
2025-03-17 03:16:56,580 - gmail_import - INFO - Stored email 195821af4a06899f in database
2025-03-17 03:16:56,863 - gmail_import - INFO - Stored email 1958217ad0a45d26 in database
2025-03-17 03:16:57,150 - gmail_import - INFO - Stored email 19581e06510c859a in database
2025-03-17 03:16:57,391 - gmail_import - INFO - Stored email 19581d7a47621b9b in database
2025-03-17 03:16:57,661 - gmail_import - INFO - Stored email 19581d3daf194aeb in database
2025-03-17 03:16:57,661 - gmail_import - INFO - Imported 420/57149 emails
2025-03-17 03:16:57,909 - gmail_import - INFO - Stored email 19581aa589288178 in database
2025-03-17 03:16:58,176 - gmail_import - INFO - Stored email 19581a74c860d508 in database
2025-03-17 03:16:58,431 - gmail_import - INFO - Stored email 19581a18f67a3ee4 in database
2025-03-17 03:16:58,681 - gmail_import - INFO - Stored email 19581954b76568dc in database
2025-03-17 03:16:58,930 - gmail_import - INFO - Stored email 19581891e5e44df6 in database
2025-03-17 03:16:59,193 - gmail_import - INFO - Stored email 19581622bcfaacc2 in database
2025-03-17 03:16:59,475 - gmail_import - INFO - Stored email 195815514b8da2b3 in database
2025-03-17 03:16:59,723 - gmail_import - INFO - Stored email 1958154c2e29f365 in database
2025-03-17 03:16:59,957 - gmail_import - INFO - Stored email 1958143bb995f31d in database
2025-03-17 03:17:00,291 - gmail_import - INFO - Stored email 1958139c925d4fcc in database
2025-03-17 03:17:00,291 - gmail_import - INFO - Imported 430/57149 emails
2025-03-17 03:17:00,562 - gmail_import - INFO - Stored email 1958136654853802 in database
2025-03-17 03:17:00,814 - gmail_import - INFO - Stored email 1958135c272db0e3 in database
2025-03-17 03:17:01,100 - gmail_import - INFO - Stored email 195812f83472a6a7 in database
2025-03-17 03:17:01,368 - gmail_import - INFO - Stored email 1958128b89e02762 in database
2025-03-17 03:17:01,627 - gmail_import - INFO - Stored email 19581031798929f0 in database
2025-03-17 03:17:01,938 - gmail_import - INFO - Stored email 19580efbf39f6854 in database
2025-03-17 03:17:02,182 - gmail_import - INFO - Stored email 19580e8137059ffa in database
2025-03-17 03:17:02,453 - gmail_import - INFO - Stored email 19580e0206d7cd43 in database
2025-03-17 03:17:02,711 - gmail_import - INFO - Stored email 19580dddfd6bb416 in database
2025-03-17 03:17:02,947 - gmail_import - INFO - Stored email 19580d9e8cce3d4e in database
2025-03-17 03:17:02,947 - gmail_import - INFO - Imported 440/57149 emails
2025-03-17 03:17:03,205 - gmail_import - INFO - Stored email 19580d5376c764e0 in database
2025-03-17 03:17:03,448 - gmail_import - INFO - Stored email 19580d15a34b8af7 in database
2025-03-17 03:17:03,705 - gmail_import - INFO - Stored email 19580c1779f85ecb in database
2025-03-17 03:17:03,953 - gmail_import - INFO - Stored email 19580b85203b96f0 in database
2025-03-17 03:17:04,260 - gmail_import - INFO - Stored email 19580b2d11cf8897 in database
2025-03-17 03:17:04,592 - gmail_import - INFO - Stored email 19580aea21aa75cd in database
2025-03-17 03:17:04,929 - gmail_import - INFO - Stored email 19580a121d51b9bb in database
2025-03-17 03:17:05,257 - gmail_import - INFO - Stored email 1958099e58782acf in database
2025-03-17 03:17:05,505 - gmail_import - INFO - Stored email 1958092cebbde6c8 in database
2025-03-17 03:17:05,778 - gmail_import - INFO - Stored email 195806f57abda95b in database
2025-03-17 03:17:05,778 - gmail_import - INFO - Imported 450/57149 emails
2025-03-17 03:17:06,049 - gmail_import - INFO - Stored email 195806df808cc80d in database
2025-03-17 03:17:06,320 - gmail_import - INFO - Stored email 195805d0d07c9a8d in database
2025-03-17 03:17:06,580 - gmail_import - INFO - Stored email 195805c7978013e4 in database
2025-03-17 03:17:06,851 - gmail_import - INFO - Stored email 195805543714d08e in database
2025-03-17 03:17:07,124 - gmail_import - INFO - Stored email 19580553382b4b09 in database
2025-03-17 03:17:07,362 - gmail_import - INFO - Stored email 195804600f6f030f in database
2025-03-17 03:17:07,622 - gmail_import - INFO - Stored email 1958042b56fb3175 in database
2025-03-17 03:17:07,884 - gmail_import - INFO - Stored email 195804151a93eba3 in database
2025-03-17 03:17:08,140 - gmail_import - INFO - Stored email 19580262016cceeb in database
2025-03-17 03:17:08,419 - gmail_import - INFO - Stored email 19580243775d724f in database
2025-03-17 03:17:08,419 - gmail_import - INFO - Imported 460/57149 emails
2025-03-17 03:17:08,734 - gmail_import - INFO - Stored email 1958020032471591 in database
2025-03-17 03:17:09,046 - gmail_import - INFO - Stored email 1957fff6b26fd39b in database
2025-03-17 03:17:09,312 - gmail_import - INFO - Stored email 1957ff86b3fbb0f6 in database
2025-03-17 03:17:09,606 - gmail_import - INFO - Stored email 1957ff722f3d3cd0 in database
2025-03-17 03:17:09,881 - gmail_import - INFO - Stored email 1957ff4fcd4c9605 in database
2025-03-17 03:17:10,123 - gmail_import - INFO - Stored email 1957ff49681129ce in database
2025-03-17 03:17:10,414 - gmail_import - INFO - Stored email 1957ff37f141c533 in database
2025-03-17 03:17:10,702 - gmail_import - INFO - Stored email 1957ff2fe1009616 in database
2025-03-17 03:17:10,962 - gmail_import - INFO - Stored email 1957fe3e553ad5be in database
2025-03-17 03:17:11,256 - gmail_import - INFO - Stored email 1957fd47863290ea in database
2025-03-17 03:17:11,256 - gmail_import - INFO - Imported 470/57149 emails
2025-03-17 03:17:11,541 - gmail_import - INFO - Stored email 1957f99d1640c656 in database
2025-03-17 03:17:11,775 - gmail_import - INFO - Stored email 1957f94eac3dd12e in database
2025-03-17 03:17:12,039 - gmail_import - INFO - Stored email 1957f87503558d51 in database
2025-03-17 03:17:12,385 - gmail_import - INFO - Stored email 1957f813258bc526 in database
2025-03-17 03:17:12,644 - gmail_import - INFO - Stored email 1957f530a96cb4ff in database
2025-03-17 03:17:12,900 - gmail_import - INFO - Stored email 1957ef81ceeaf518 in database
2025-03-17 03:17:13,130 - gmail_import - INFO - Stored email 1957ee22a87cd8b6 in database
2025-03-17 03:17:13,392 - gmail_import - INFO - Stored email 1957ee1ace9af7f4 in database
2025-03-17 03:17:13,666 - gmail_import - INFO - Stored email 1957edd805a01807 in database
2025-03-17 03:17:13,920 - gmail_import - INFO - Stored email 1957e7a436e6d11e in database
2025-03-17 03:17:13,921 - gmail_import - INFO - Imported 480/57149 emails
2025-03-17 03:17:14,148 - gmail_import - INFO - Stored email 1957e3125cc8af7e in database
2025-03-17 03:17:14,386 - gmail_import - INFO - Stored email 1957dfb82362b57a in database
2025-03-17 03:17:14,669 - gmail_import - INFO - Stored email 1957dcb7a614c178 in database
2025-03-17 03:17:14,904 - gmail_import - INFO - Stored email 1957dbb0939570c7 in database
2025-03-17 03:17:15,147 - gmail_import - INFO - Stored email 1957d8bb64fa0b03 in database
2025-03-17 03:17:15,409 - gmail_import - INFO - Stored email 1957d59305bcd381 in database
2025-03-17 03:17:15,661 - gmail_import - INFO - Stored email 1957d517c7f1c705 in database
2025-03-17 03:17:15,895 - gmail_import - INFO - Stored email 1957d2ddd378a22d in database
2025-03-17 03:17:16,192 - gmail_import - INFO - Stored email 1957ceb25b95611c in database
2025-03-17 03:17:16,444 - gmail_import - INFO - Stored email 1957cb98bd9ccc3d in database
2025-03-17 03:17:16,445 - gmail_import - INFO - Imported 490/57149 emails
2025-03-17 03:17:16,687 - gmail_import - INFO - Stored email 1957c91abad1173d in database
2025-03-17 03:17:16,959 - gmail_import - INFO - Stored email 1957c88d9aad47ff in database
2025-03-17 03:17:17,227 - gmail_import - INFO - Stored email 1957c814213d9701 in database
2025-03-17 03:17:17,533 - gmail_import - INFO - Stored email 1957c7fb1bc54c63 in database
2025-03-17 03:17:17,851 - gmail_import - INFO - Stored email 1957c4da91726bc2 in database
2025-03-17 03:17:18,161 - gmail_import - INFO - Stored email 1957c1cfc58c912d in database
2025-03-17 03:17:18,428 - gmail_import - INFO - Stored email 1957c167b39bb517 in database
2025-03-17 03:17:18,664 - gmail_import - INFO - Stored email 1957bda7dc62fad2 in database
2025-03-17 03:17:18,916 - gmail_import - INFO - Stored email 1957ba80facdf573 in database
2025-03-17 03:17:19,177 - gmail_import - INFO - Stored email 1957ba354e042af9 in database
2025-03-17 03:17:19,177 - gmail_import - INFO - Imported 500/57149 emails
2025-03-17 03:17:19,420 - gmail_import - INFO - Stored email 1957b94c52f6f72a in database
2025-03-17 03:17:19,659 - gmail_import - INFO - Stored email 1957b91f182c7a27 in database
2025-03-17 03:17:19,936 - gmail_import - INFO - Stored email 1957b47e9457bb71 in database
2025-03-17 03:17:20,181 - gmail_import - INFO - Stored email 1957b1f98187295c in database
2025-03-17 03:17:20,445 - gmail_import - INFO - Stored email 1957afe0c4a0ee4a in database
2025-03-17 03:17:20,745 - gmail_import - INFO - Stored email 1957ae4871a2d21b in database
2025-03-17 03:17:20,984 - gmail_import - INFO - Stored email 1957ab5ab9eb71bb in database
2025-03-17 03:17:21,242 - gmail_import - INFO - Stored email 1957ab5a139bf906 in database
2025-03-17 03:17:21,547 - gmail_import - INFO - Stored email 1957a9b2b8fe2c66 in database
2025-03-17 03:17:21,812 - gmail_import - INFO - Stored email 1957a6e42b698dc4 in database
2025-03-17 03:17:21,812 - gmail_import - INFO - Imported 510/57149 emails
2025-03-17 03:17:22,107 - gmail_import - INFO - Stored email 1957a59638f88f51 in database
2025-03-17 03:17:22,362 - gmail_import - INFO - Stored email 195793554ea2677a in database
2025-03-17 03:17:22,612 - gmail_import - INFO - Stored email 195792ef7833a6aa in database
2025-03-17 03:17:22,907 - gmail_import - INFO - Stored email 195792d98dd4d6df in database
2025-03-17 03:17:23,176 - gmail_import - INFO - Stored email 19578a1c84c2973c in database
2025-03-17 03:17:23,414 - gmail_import - INFO - Stored email 195788ccff536afc in database
2025-03-17 03:17:23,664 - gmail_import - INFO - Stored email 195783014fcb0589 in database
2025-03-17 03:17:23,947 - gmail_import - INFO - Stored email 19578187ac6dd63b in database
2025-03-17 03:17:24,251 - gmail_import - INFO - Stored email 19577f7f18186c79 in database
2025-03-17 03:17:24,524 - gmail_import - INFO - Stored email 19577c9ff9c7a006 in database
2025-03-17 03:17:24,524 - gmail_import - INFO - Imported 520/57149 emails
2025-03-17 03:17:24,883 - gmail_import - INFO - Stored email 19577619a62560ae in database
2025-03-17 03:17:25,412 - gmail_import - INFO - Stored email 195775eb7a092df4 in database
2025-03-17 03:17:25,687 - gmail_import - INFO - Stored email 19577380f0539db9 in database
2025-03-17 03:17:25,951 - gmail_import - INFO - Stored email 1957733cc42e5082 in database
2025-03-17 03:17:26,251 - gmail_import - INFO - Stored email 195772c84b385231 in database
2025-03-17 03:17:26,538 - gmail_import - INFO - Stored email 1957724bdbc09a35 in database
2025-03-17 03:17:26,789 - gmail_import - INFO - Stored email 19576fe410f8b020 in database
2025-03-17 03:17:27,061 - gmail_import - INFO - Stored email 19576ec3c43e8ba0 in database
2025-03-17 03:17:27,309 - gmail_import - INFO - Stored email 19576c694089dcee in database
2025-03-17 03:17:27,560 - gmail_import - INFO - Stored email 19576b440952dede in database
2025-03-17 03:17:27,560 - gmail_import - INFO - Imported 530/57149 emails
2025-03-17 03:17:27,830 - gmail_import - INFO - Stored email 19576b42f0989ead in database
2025-03-17 03:17:28,100 - gmail_import - INFO - Stored email 195769ef56ddcad3 in database
2025-03-17 03:17:28,388 - gmail_import - INFO - Stored email 195768ff39293a90 in database
2025-03-17 03:17:28,675 - gmail_import - INFO - Stored email 195768e295d9355f in database
2025-03-17 03:17:28,931 - gmail_import - INFO - Stored email 1957674e18208ec8 in database
2025-03-17 03:17:29,207 - gmail_import - INFO - Stored email 1957666f0bcef950 in database
2025-03-17 03:17:29,471 - gmail_import - INFO - Stored email 1957651df7e11553 in database
2025-03-17 03:17:29,746 - gmail_import - INFO - Stored email 195764c891226f2a in database
2025-03-17 03:17:30,015 - gmail_import - INFO - Stored email 19576463784fcdc0 in database
2025-03-17 03:17:30,323 - gmail_import - INFO - Stored email 1957613879875add in database
2025-03-17 03:17:30,323 - gmail_import - INFO - Imported 540/57149 emails
2025-03-17 03:17:30,626 - gmail_import - INFO - Stored email 195760e7eac7a650 in database
2025-03-17 03:17:30,877 - gmail_import - INFO - Stored email 19576017ed1b4fb8 in database
2025-03-17 03:17:31,180 - gmail_import - INFO - Stored email 19575e84d25f35d4 in database
2025-03-17 03:17:31,463 - gmail_import - INFO - Stored email 19575d246bf26053 in database
2025-03-17 03:17:31,722 - gmail_import - INFO - Stored email 19575b9c5426e045 in database
2025-03-17 03:17:32,038 - gmail_import - INFO - Stored email 19575a74665ecc61 in database
2025-03-17 03:17:32,319 - gmail_import - INFO - Stored email 195756b20d02f252 in database
2025-03-17 03:17:32,579 - gmail_import - INFO - Stored email 195756a2b7234e1b in database
2025-03-17 03:17:32,891 - gmail_import - INFO - Stored email 19574d785e5094fc in database
2025-03-17 03:17:33,144 - gmail_import - INFO - Stored email 19574976b40a2e44 in database
2025-03-17 03:17:33,144 - gmail_import - INFO - Imported 550/57149 emails
2025-03-17 03:17:33,399 - gmail_import - INFO - Stored email 1957487cf1e64715 in database
