2025-03-17 11:30:01,081 - gmail_import - INFO - Starting Gmail import: looking back 1 days, max 100 emails
2025-03-17 11:30:01,082 - gmail_import - INFO - Using database: /Users/srvo/dewey_emails.duckdb
2025-03-17 11:30:01,170 - gmail_import - INFO - Using token from /Users/srvo/dewey/token.json
2025-03-17 11:30:01,176 - gmail_import - INFO - Refreshing expired credentials
2025-03-17 11:30:01,451 - gmail_import - INFO - Importing emails from 2025/03/16 to 2025/03/17
2025-03-17 11:30:01,451 - gmail_import - INFO - Including sent emails
2025-03-17 11:30:01,764 - gmail_import - INFO - Fetched 100 messages, total: 100
2025-03-17 11:30:01,764 - gmail_import - INFO - Found 100 emails, fetching details...
2025-03-17 11:30:06,531 - gmail_import - INFO - Processing message 10/100
2025-03-17 11:30:11,513 - gmail_import - INFO - Processing message 20/100
2025-03-17 11:30:16,671 - gmail_import - INFO - Processing message 30/100
2025-03-17 11:30:22,024 - gmail_import - INFO - Processing message 40/100
2025-03-17 11:30:27,282 - gmail_import - INFO - Processing message 50/100
2025-03-17 11:30:32,711 - gmail_import - INFO - Processing message 60/100
2025-03-17 11:30:38,796 - gmail_import - INFO - Processing message 70/100
2025-03-17 11:30:44,112 - gmail_import - INFO - Processing message 80/100
2025-03-17 11:30:49,605 - gmail_import - INFO - Processing message 90/100
2025-03-17 11:30:54,877 - gmail_import - INFO - Processing message 100/100
2025-03-17 11:30:55,455 - gmail_import - INFO - Found 52 emails to process
2025-03-17 11:30:55,456 - gmail_import - INFO - Processing batch of 52 emails (indices 0-51)
2025-03-17 11:30:55,875 - gmail_import - ERROR - Error storing email: Binder Error: Table "emails" does not have a column named "received_date"

Candidate bindings: : "date"
2025-03-17 11:30:56,728 - gmail_import - ERROR - Error storing email: Binder Error: Table "emails" does not have a column named "received_date"

Candidate bindings: : "date"
2025-03-17 11:30:57,764 - gmail_import - ERROR - Error storing email: Binder Error: Table "emails" does not have a column named "received_date"

Candidate bindings: : "date"
2025-03-17 11:30:58,789 - gmail_import - ERROR - Error storing email: Binder Error: Table "emails" does not have a column named "received_date"

Candidate bindings: : "date"
2025-03-17 11:30:59,867 - gmail_import - ERROR - Error storing email: Binder Error: Table "emails" does not have a column named "received_date"

Candidate bindings: : "date"
2025-03-17 11:31:00,558 - gmail_import - ERROR - Error storing email: Binder Error: Table "emails" does not have a column named "received_date"

Candidate bindings: : "date"
2025-03-17 11:31:01,008 - gmail_import - ERROR - Error storing email: Binder Error: Table "emails" does not have a column named "received_date"

Candidate bindings: : "date"
2025-03-17 11:31:01,577 - gmail_import - ERROR - Error storing email: Binder Error: Table "emails" does not have a column named "received_date"

Candidate bindings: : "date"
2025-03-17 11:31:02,056 - gmail_import - ERROR - Error storing email: Binder Error: Table "emails" does not have a column named "received_date"

Candidate bindings: : "date"
2025-03-17 11:31:02,532 - gmail_import - ERROR - Error storing email: Binder Error: Table "emails" does not have a column named "received_date"

Candidate bindings: : "date"
2025-03-17 11:31:03,018 - gmail_import - ERROR - Error storing email: Binder Error: Table "emails" does not have a column named "received_date"

Candidate bindings: : "date"
2025-03-17 11:31:03,511 - gmail_import - ERROR - Error storing email: Binder Error: Table "emails" does not have a column named "received_date"

Candidate bindings: : "date"
2025-03-17 11:31:04,033 - gmail_import - ERROR - Error storing email: Binder Error: Table "emails" does not have a column named "received_date"

Candidate bindings: : "date"
2025-03-17 11:31:04,582 - gmail_import - ERROR - Error storing email: Binder Error: Table "emails" does not have a column named "received_date"

Candidate bindings: : "date"
2025-03-17 11:31:05,082 - gmail_import - ERROR - Error storing email: Binder Error: Table "emails" does not have a column named "received_date"

Candidate bindings: : "date"
2025-03-17 11:31:05,606 - gmail_import - ERROR - Error storing email: Binder Error: Table "emails" does not have a column named "received_date"

Candidate bindings: : "date"
2025-03-17 11:31:06,160 - gmail_import - ERROR - Error storing email: Binder Error: Table "emails" does not have a column named "received_date"

Candidate bindings: : "date"
2025-03-17 11:31:06,825 - gmail_import - ERROR - Error storing email: Binder Error: Table "emails" does not have a column named "received_date"

Candidate bindings: : "date"
2025-03-17 11:31:07,390 - gmail_import - ERROR - Error storing email: Binder Error: Table "emails" does not have a column named "received_date"

Candidate bindings: : "date"
2025-03-17 11:31:08,032 - gmail_import - ERROR - Error storing email: Binder Error: Table "emails" does not have a column named "received_date"

Candidate bindings: : "date"
2025-03-17 11:31:08,558 - gmail_import - ERROR - Error storing email: Binder Error: Table "emails" does not have a column named "received_date"

Candidate bindings: : "date"
2025-03-17 11:31:09,084 - gmail_import - ERROR - Error storing email: Binder Error: Table "emails" does not have a column named "received_date"

Candidate bindings: : "date"
2025-03-17 11:31:09,644 - gmail_import - ERROR - Error storing email: Binder Error: Table "emails" does not have a column named "received_date"

Candidate bindings: : "date"
2025-03-17 11:31:10,178 - gmail_import - ERROR - Error storing email: Binder Error: Table "emails" does not have a column named "received_date"

Candidate bindings: : "date"
2025-03-17 11:31:10,681 - gmail_import - ERROR - Error storing email: Binder Error: Table "emails" does not have a column named "received_date"

Candidate bindings: : "date"
2025-03-17 11:31:11,176 - gmail_import - ERROR - Error storing email: Binder Error: Table "emails" does not have a column named "received_date"

Candidate bindings: : "date"
2025-03-17 11:31:11,602 - gmail_import - ERROR - Error storing email: Binder Error: Table "emails" does not have a column named "received_date"

Candidate bindings: : "date"
2025-03-17 11:31:12,048 - gmail_import - ERROR - Error storing email: Binder Error: Table "emails" does not have a column named "received_date"

Candidate bindings: : "date"
2025-03-17 11:31:12,528 - gmail_import - ERROR - Error storing email: Binder Error: Table "emails" does not have a column named "received_date"

Candidate bindings: : "date"
2025-03-17 11:31:12,939 - gmail_import - ERROR - Error storing email: Binder Error: Table "emails" does not have a column named "received_date"

Candidate bindings: : "date"
2025-03-17 11:31:13,473 - gmail_import - ERROR - Error storing email: Binder Error: Table "emails" does not have a column named "received_date"

Candidate bindings: : "date"
2025-03-17 11:31:13,933 - gmail_import - ERROR - Error storing email: Binder Error: Table "emails" does not have a column named "received_date"

Candidate bindings: : "date"
2025-03-17 11:31:14,361 - gmail_import - ERROR - Error storing email: Binder Error: Table "emails" does not have a column named "received_date"

Candidate bindings: : "date"
2025-03-17 11:31:14,842 - gmail_import - ERROR - Error storing email: Binder Error: Table "emails" does not have a column named "received_date"

Candidate bindings: : "date"
2025-03-17 11:31:15,222 - gmail_import - ERROR - Error storing email: Binder Error: Table "emails" does not have a column named "received_date"

Candidate bindings: : "date"
2025-03-17 11:31:15,659 - gmail_import - ERROR - Error storing email: Binder Error: Table "emails" does not have a column named "received_date"

Candidate bindings: : "date"
2025-03-17 11:31:16,043 - gmail_import - ERROR - Error storing email: Binder Error: Table "emails" does not have a column named "received_date"

Candidate bindings: : "date"
2025-03-17 11:31:16,491 - gmail_import - ERROR - Error storing email: Binder Error: Table "emails" does not have a column named "received_date"

Candidate bindings: : "date"
2025-03-17 11:31:17,025 - gmail_import - ERROR - Error storing email: Binder Error: Table "emails" does not have a column named "received_date"

Candidate bindings: : "date"
2025-03-17 11:31:17,729 - gmail_import - ERROR - Error storing email: Binder Error: Table "emails" does not have a column named "received_date"

Candidate bindings: : "date"
2025-03-17 11:31:18,189 - gmail_import - ERROR - Error storing email: Binder Error: Table "emails" does not have a column named "received_date"

Candidate bindings: : "date"
2025-03-17 11:31:18,711 - gmail_import - ERROR - Error storing email: Binder Error: Table "emails" does not have a column named "received_date"

Candidate bindings: : "date"
2025-03-17 11:31:19,239 - gmail_import - ERROR - Error storing email: Binder Error: Table "emails" does not have a column named "received_date"

Candidate bindings: : "date"
2025-03-17 11:31:19,784 - gmail_import - ERROR - Error storing email: Binder Error: Table "emails" does not have a column named "received_date"

Candidate bindings: : "date"
2025-03-17 11:31:20,252 - gmail_import - ERROR - Error storing email: Binder Error: Table "emails" does not have a column named "received_date"

Candidate bindings: : "date"
2025-03-17 11:31:20,754 - gmail_import - ERROR - Error storing email: Binder Error: Table "emails" does not have a column named "received_date"

Candidate bindings: : "date"
2025-03-17 11:31:21,323 - gmail_import - ERROR - Error storing email: Binder Error: Table "emails" does not have a column named "received_date"

Candidate bindings: : "date"
2025-03-17 11:31:21,870 - gmail_import - ERROR - Error storing email: Binder Error: Table "emails" does not have a column named "received_date"

Candidate bindings: : "date"
2025-03-17 11:31:22,345 - gmail_import - ERROR - Error storing email: Binder Error: Table "emails" does not have a column named "received_date"

Candidate bindings: : "date"
2025-03-17 11:31:22,885 - gmail_import - ERROR - Error storing email: Binder Error: Table "emails" does not have a column named "received_date"

Candidate bindings: : "date"
2025-03-17 11:31:23,371 - gmail_import - ERROR - Error storing email: Binder Error: Table "emails" does not have a column named "received_date"

Candidate bindings: : "date"
2025-03-17 11:31:23,849 - gmail_import - ERROR - Error storing email: Binder Error: Table "emails" does not have a column named "received_date"

Candidate bindings: : "date"
2025-03-17 11:31:24,127 - gmail_import - INFO - Batch complete. Imported 0/52 emails
2025-03-17 11:31:24,127 - gmail_import - INFO - Gmail import completed successfully. Processed 52 emails.
