2025-03-17 11:15:01,406 - gmail_import - INFO - Starting Gmail import: looking back 1 days, max 100 emails
2025-03-17 11:15:01,406 - gmail_import - INFO - Using database: /Users/srvo/dewey_emails.duckdb
2025-03-17 11:15:01,424 - gmail_import - INFO - Using token from /Users/srvo/dewey/token.json
2025-03-17 11:15:01,430 - gmail_import - INFO - Refreshing expired credentials
2025-03-17 11:15:01,728 - gmail_import - INFO - Importing emails from 2025/03/16 to 2025/03/17
2025-03-17 11:15:01,728 - gmail_import - INFO - Including sent emails
2025-03-17 11:15:02,046 - gmail_import - INFO - Fetched 100 messages, total: 100
2025-03-17 11:15:02,046 - gmail_import - INFO - Found 100 emails, fetching details...
2025-03-17 11:15:06,815 - gmail_import - INFO - Processing message 10/100
2025-03-17 11:15:12,865 - gmail_import - INFO - Processing message 20/100
2025-03-17 11:15:17,983 - gmail_import - INFO - Processing message 30/100
2025-03-17 11:15:23,167 - gmail_import - INFO - Processing message 40/100
2025-03-17 11:15:28,399 - gmail_import - INFO - Processing message 50/100
2025-03-17 11:15:33,702 - gmail_import - INFO - Processing message 60/100
2025-03-17 11:15:38,919 - gmail_import - INFO - Processing message 70/100
2025-03-17 11:15:44,134 - gmail_import - INFO - Processing message 80/100
2025-03-17 11:15:49,463 - gmail_import - INFO - Processing message 90/100
2025-03-17 11:15:54,552 - gmail_import - INFO - Processing message 100/100
2025-03-17 11:15:55,099 - gmail_import - INFO - Found 51 emails to process
2025-03-17 11:15:55,117 - gmail_import - INFO - Processing batch of 51 emails (indices 0-50)
2025-03-17 11:15:55,599 - gmail_import - ERROR - Error storing email: Binder Error: Table "emails" does not have a column named "received_date"

Candidate bindings: : "date"
2025-03-17 11:15:56,297 - gmail_import - ERROR - Error storing email: Binder Error: Table "emails" does not have a column named "received_date"

Candidate bindings: : "date"
2025-03-17 11:15:56,822 - gmail_import - ERROR - Error storing email: Binder Error: Table "emails" does not have a column named "received_date"

Candidate bindings: : "date"
2025-03-17 11:15:57,354 - gmail_import - ERROR - Error storing email: Binder Error: Table "emails" does not have a column named "received_date"

Candidate bindings: : "date"
2025-03-17 11:15:57,876 - gmail_import - ERROR - Error storing email: Binder Error: Table "emails" does not have a column named "received_date"

Candidate bindings: : "date"
2025-03-17 11:15:58,383 - gmail_import - ERROR - Error storing email: Binder Error: Table "emails" does not have a column named "received_date"

Candidate bindings: : "date"
2025-03-17 11:15:58,950 - gmail_import - ERROR - Error storing email: Binder Error: Table "emails" does not have a column named "received_date"

Candidate bindings: : "date"
2025-03-17 11:15:59,428 - gmail_import - ERROR - Error storing email: Binder Error: Table "emails" does not have a column named "received_date"

Candidate bindings: : "date"
2025-03-17 11:16:00,019 - gmail_import - ERROR - Error storing email: Binder Error: Table "emails" does not have a column named "received_date"

Candidate bindings: : "date"
2025-03-17 11:16:00,536 - gmail_import - ERROR - Error storing email: Binder Error: Table "emails" does not have a column named "received_date"

Candidate bindings: : "date"
2025-03-17 11:16:01,043 - gmail_import - ERROR - Error storing email: Binder Error: Table "emails" does not have a column named "received_date"

Candidate bindings: : "date"
2025-03-17 11:16:01,568 - gmail_import - ERROR - Error storing email: Binder Error: Table "emails" does not have a column named "received_date"

Candidate bindings: : "date"
2025-03-17 11:16:02,059 - gmail_import - ERROR - Error storing email: Binder Error: Table "emails" does not have a column named "received_date"

Candidate bindings: : "date"
2025-03-17 11:16:02,611 - gmail_import - ERROR - Error storing email: Binder Error: Table "emails" does not have a column named "received_date"

Candidate bindings: : "date"
2025-03-17 11:16:03,142 - gmail_import - ERROR - Error storing email: Binder Error: Table "emails" does not have a column named "received_date"

Candidate bindings: : "date"
2025-03-17 11:16:03,696 - gmail_import - ERROR - Error storing email: Binder Error: Table "emails" does not have a column named "received_date"

Candidate bindings: : "date"
2025-03-17 11:16:04,191 - gmail_import - ERROR - Error storing email: Binder Error: Table "emails" does not have a column named "received_date"

Candidate bindings: : "date"
2025-03-17 11:16:04,762 - gmail_import - ERROR - Error storing email: Binder Error: Table "emails" does not have a column named "received_date"

Candidate bindings: : "date"
2025-03-17 11:16:05,236 - gmail_import - ERROR - Error storing email: Binder Error: Table "emails" does not have a column named "received_date"

Candidate bindings: : "date"
2025-03-17 11:16:05,756 - gmail_import - ERROR - Error storing email: Binder Error: Table "emails" does not have a column named "received_date"

Candidate bindings: : "date"
2025-03-17 11:16:06,282 - gmail_import - ERROR - Error storing email: Binder Error: Table "emails" does not have a column named "received_date"

Candidate bindings: : "date"
2025-03-17 11:16:06,798 - gmail_import - ERROR - Error storing email: Binder Error: Table "emails" does not have a column named "received_date"

Candidate bindings: : "date"
2025-03-17 11:16:07,316 - gmail_import - ERROR - Error storing email: Binder Error: Table "emails" does not have a column named "received_date"

Candidate bindings: : "date"
2025-03-17 11:16:07,835 - gmail_import - ERROR - Error storing email: Binder Error: Table "emails" does not have a column named "received_date"

Candidate bindings: : "date"
2025-03-17 11:16:08,355 - gmail_import - ERROR - Error storing email: Binder Error: Table "emails" does not have a column named "received_date"

Candidate bindings: : "date"
2025-03-17 11:16:08,910 - gmail_import - ERROR - Error storing email: Binder Error: Table "emails" does not have a column named "received_date"

Candidate bindings: : "date"
2025-03-17 11:16:09,432 - gmail_import - ERROR - Error storing email: Binder Error: Table "emails" does not have a column named "received_date"

Candidate bindings: : "date"
2025-03-17 11:16:09,948 - gmail_import - ERROR - Error storing email: Binder Error: Table "emails" does not have a column named "received_date"

Candidate bindings: : "date"
2025-03-17 11:16:10,470 - gmail_import - ERROR - Error storing email: Binder Error: Table "emails" does not have a column named "received_date"

Candidate bindings: : "date"
2025-03-17 11:16:10,971 - gmail_import - ERROR - Error storing email: Binder Error: Table "emails" does not have a column named "received_date"

Candidate bindings: : "date"
2025-03-17 11:16:11,521 - gmail_import - ERROR - Error storing email: Binder Error: Table "emails" does not have a column named "received_date"

Candidate bindings: : "date"
2025-03-17 11:16:12,023 - gmail_import - ERROR - Error storing email: Binder Error: Table "emails" does not have a column named "received_date"

Candidate bindings: : "date"
2025-03-17 11:16:12,540 - gmail_import - ERROR - Error storing email: Binder Error: Table "emails" does not have a column named "received_date"

Candidate bindings: : "date"
2025-03-17 11:16:13,084 - gmail_import - ERROR - Error storing email: Binder Error: Table "emails" does not have a column named "received_date"

Candidate bindings: : "date"
2025-03-17 11:16:13,591 - gmail_import - ERROR - Error storing email: Binder Error: Table "emails" does not have a column named "received_date"

Candidate bindings: : "date"
2025-03-17 11:16:14,134 - gmail_import - ERROR - Error storing email: Binder Error: Table "emails" does not have a column named "received_date"

Candidate bindings: : "date"
2025-03-17 11:16:14,681 - gmail_import - ERROR - Error storing email: Binder Error: Table "emails" does not have a column named "received_date"

Candidate bindings: : "date"
2025-03-17 11:16:15,254 - gmail_import - ERROR - Error storing email: Binder Error: Table "emails" does not have a column named "received_date"

Candidate bindings: : "date"
2025-03-17 11:16:15,769 - gmail_import - ERROR - Error storing email: Binder Error: Table "emails" does not have a column named "received_date"

Candidate bindings: : "date"
2025-03-17 11:16:16,246 - gmail_import - ERROR - Error storing email: Binder Error: Table "emails" does not have a column named "received_date"

Candidate bindings: : "date"
2025-03-17 11:16:16,734 - gmail_import - ERROR - Error storing email: Binder Error: Table "emails" does not have a column named "received_date"

Candidate bindings: : "date"
2025-03-17 11:16:17,241 - gmail_import - ERROR - Error storing email: Binder Error: Table "emails" does not have a column named "received_date"

Candidate bindings: : "date"
2025-03-17 11:16:17,733 - gmail_import - ERROR - Error storing email: Binder Error: Table "emails" does not have a column named "received_date"

Candidate bindings: : "date"
2025-03-17 11:16:18,215 - gmail_import - ERROR - Error storing email: Binder Error: Table "emails" does not have a column named "received_date"

Candidate bindings: : "date"
2025-03-17 11:16:18,714 - gmail_import - ERROR - Error storing email: Binder Error: Table "emails" does not have a column named "received_date"

Candidate bindings: : "date"
2025-03-17 11:16:19,215 - gmail_import - ERROR - Error storing email: Binder Error: Table "emails" does not have a column named "received_date"

Candidate bindings: : "date"
2025-03-17 11:16:19,694 - gmail_import - ERROR - Error storing email: Binder Error: Table "emails" does not have a column named "received_date"

Candidate bindings: : "date"
2025-03-17 11:16:20,218 - gmail_import - ERROR - Error storing email: Binder Error: Table "emails" does not have a column named "received_date"

Candidate bindings: : "date"
2025-03-17 11:16:20,737 - gmail_import - ERROR - Error storing email: Binder Error: Table "emails" does not have a column named "received_date"

Candidate bindings: : "date"
2025-03-17 11:16:21,295 - gmail_import - ERROR - Error storing email: Binder Error: Table "emails" does not have a column named "received_date"

Candidate bindings: : "date"
2025-03-17 11:16:21,803 - gmail_import - ERROR - Error storing email: Binder Error: Table "emails" does not have a column named "received_date"

Candidate bindings: : "date"
2025-03-17 11:16:22,125 - gmail_import - INFO - Batch complete. Imported 0/51 emails
2025-03-17 11:16:22,126 - gmail_import - INFO - Gmail import completed successfully. Processed 51 emails.
