2025-03-17 11:07:31,555 - gmail_import - INFO - Starting Gmail import: looking back 7 days, max 1000 emails
2025-03-17 11:07:31,555 - gmail_import - INFO - Using database: dewey
2025-03-17 11:07:31,605 - gmail_import - INFO - Using token from /Users/srvo/dewey/token.json
2025-03-17 11:07:31,607 - gmail_import - INFO - Refreshing expired credentials
2025-03-17 11:07:31,918 - gmail_import - INFO - Importing emails from 2025/03/10 to 2025/03/17
2025-03-17 11:07:31,918 - gmail_import - INFO - Including sent emails
2025-03-17 11:07:32,277 - gmail_import - INFO - Fetched 500 messages, total: 500
2025-03-17 11:07:33,021 - gmail_import - INFO - Fetched 500 messages, total: 1000
2025-03-17 11:07:33,022 - gmail_import - INFO - Found 1000 emails, fetching details...
2025-03-17 11:07:36,317 - gmail_import - INFO - Processing message 10/1000
2025-03-17 11:07:40,546 - gmail_import - INFO - Processing message 20/1000
2025-03-17 11:07:44,470 - gmail_import - INFO - Processing message 30/1000
2025-03-17 11:07:48,376 - gmail_import - INFO - Processing message 40/1000
2025-03-17 11:07:52,182 - gmail_import - INFO - Processing message 50/1000
2025-03-17 11:07:56,265 - gmail_import - INFO - Processing message 60/1000
2025-03-17 11:08:00,299 - gmail_import - INFO - Processing message 70/1000
2025-03-17 11:08:04,120 - gmail_import - INFO - Processing message 80/1000
2025-03-17 11:08:07,965 - gmail_import - INFO - Processing message 90/1000
2025-03-17 11:08:11,575 - gmail_import - INFO - Processing message 100/1000
2025-03-17 11:08:15,498 - gmail_import - INFO - Processing message 110/1000
2025-03-17 11:08:20,037 - gmail_import - INFO - Processing message 120/1000
2025-03-17 11:08:23,758 - gmail_import - INFO - Processing message 130/1000
2025-03-17 11:08:28,065 - gmail_import - INFO - Processing message 140/1000
2025-03-17 11:08:32,113 - gmail_import - INFO - Processing message 150/1000
2025-03-17 11:08:36,390 - gmail_import - INFO - Processing message 160/1000
2025-03-17 11:08:40,847 - gmail_import - INFO - Processing message 170/1000
2025-03-17 11:08:44,864 - gmail_import - INFO - Processing message 180/1000
2025-03-17 11:08:49,239 - gmail_import - INFO - Processing message 190/1000
2025-03-17 11:08:53,216 - gmail_import - INFO - Processing message 200/1000
2025-03-17 11:08:57,653 - gmail_import - INFO - Processing message 210/1000
2025-03-17 11:09:02,830 - gmail_import - INFO - Processing message 220/1000
2025-03-17 11:09:06,866 - gmail_import - INFO - Processing message 230/1000
2025-03-17 11:09:11,569 - gmail_import - INFO - Processing message 240/1000
2025-03-17 11:09:15,269 - gmail_import - INFO - Processing message 250/1000
2025-03-17 11:09:19,199 - gmail_import - INFO - Processing message 260/1000
2025-03-17 11:09:23,153 - gmail_import - INFO - Processing message 270/1000
2025-03-17 11:09:27,392 - gmail_import - INFO - Processing message 280/1000
2025-03-17 11:09:32,088 - gmail_import - INFO - Processing message 290/1000
2025-03-17 11:09:36,585 - gmail_import - INFO - Processing message 300/1000
2025-03-17 11:09:40,867 - gmail_import - INFO - Processing message 310/1000
2025-03-17 11:09:45,171 - gmail_import - INFO - Processing message 320/1000
2025-03-17 11:09:49,897 - gmail_import - INFO - Processing message 330/1000
2025-03-17 11:09:55,145 - gmail_import - INFO - Processing message 340/1000
2025-03-17 11:09:59,558 - gmail_import - INFO - Processing message 350/1000
2025-03-17 11:10:03,930 - gmail_import - INFO - Processing message 360/1000
2025-03-17 11:10:08,047 - gmail_import - INFO - Processing message 370/1000
2025-03-17 11:10:12,112 - gmail_import - INFO - Processing message 380/1000
2025-03-17 11:10:15,945 - gmail_import - INFO - Processing message 390/1000
2025-03-17 11:10:19,927 - gmail_import - INFO - Processing message 400/1000
2025-03-17 11:10:23,748 - gmail_import - INFO - Processing message 410/1000
2025-03-17 11:10:28,055 - gmail_import - INFO - Processing message 420/1000
2025-03-17 11:10:32,232 - gmail_import - INFO - Processing message 430/1000
2025-03-17 11:10:35,929 - gmail_import - INFO - Processing message 440/1000
2025-03-17 11:10:40,279 - gmail_import - INFO - Processing message 450/1000
2025-03-17 11:10:45,871 - gmail_import - INFO - Processing message 460/1000
2025-03-17 11:10:51,139 - gmail_import - INFO - Processing message 470/1000
2025-03-17 11:10:55,825 - gmail_import - INFO - Processing message 480/1000
2025-03-17 11:10:59,715 - gmail_import - INFO - Processing message 490/1000
2025-03-17 11:11:03,917 - gmail_import - INFO - Processing message 500/1000
2025-03-17 11:11:08,406 - gmail_import - INFO - Processing message 510/1000
2025-03-17 11:11:12,803 - gmail_import - INFO - Processing message 520/1000
2025-03-17 11:11:17,220 - gmail_import - INFO - Processing message 530/1000
2025-03-17 11:11:21,317 - gmail_import - INFO - Processing message 540/1000
2025-03-17 11:11:25,925 - gmail_import - INFO - Processing message 550/1000
2025-03-17 11:11:30,722 - gmail_import - INFO - Processing message 560/1000
2025-03-17 11:11:34,658 - gmail_import - INFO - Processing message 570/1000
2025-03-17 11:11:38,854 - gmail_import - INFO - Processing message 580/1000
2025-03-17 11:11:43,050 - gmail_import - INFO - Processing message 590/1000
2025-03-17 11:11:47,245 - gmail_import - INFO - Processing message 600/1000
2025-03-17 11:11:51,951 - gmail_import - INFO - Processing message 610/1000
2025-03-17 11:11:55,960 - gmail_import - INFO - Processing message 620/1000
2025-03-17 11:12:00,291 - gmail_import - INFO - Processing message 630/1000
2025-03-17 11:12:04,323 - gmail_import - INFO - Processing message 640/1000
2025-03-17 11:12:08,931 - gmail_import - INFO - Processing message 650/1000
2025-03-17 11:12:13,116 - gmail_import - INFO - Processing message 660/1000
2025-03-17 11:12:17,298 - gmail_import - INFO - Processing message 670/1000
2025-03-17 11:12:21,131 - gmail_import - INFO - Processing message 680/1000
2025-03-17 11:12:24,832 - gmail_import - INFO - Processing message 690/1000
2025-03-17 11:12:29,026 - gmail_import - INFO - Processing message 700/1000
2025-03-17 11:12:32,911 - gmail_import - INFO - Processing message 710/1000
2025-03-17 11:12:36,837 - gmail_import - INFO - Processing message 720/1000
2025-03-17 11:12:41,171 - gmail_import - INFO - Processing message 730/1000
2025-03-17 11:12:45,452 - gmail_import - INFO - Processing message 740/1000
2025-03-17 11:12:49,922 - gmail_import - INFO - Processing message 750/1000
2025-03-17 11:12:55,129 - gmail_import - INFO - Processing message 760/1000
2025-03-17 11:12:59,345 - gmail_import - INFO - Processing message 770/1000
2025-03-17 11:13:04,267 - gmail_import - INFO - Processing message 780/1000
2025-03-17 11:13:08,988 - gmail_import - INFO - Processing message 790/1000
2025-03-17 11:13:13,568 - gmail_import - INFO - Processing message 800/1000
2025-03-17 11:13:18,715 - gmail_import - INFO - Processing message 810/1000
2025-03-17 11:13:23,313 - gmail_import - INFO - Processing message 820/1000
2025-03-17 11:13:27,523 - gmail_import - INFO - Processing message 830/1000
2025-03-17 11:13:31,856 - gmail_import - INFO - Processing message 840/1000
2025-03-17 11:13:36,612 - gmail_import - INFO - Processing message 850/1000
2025-03-17 11:13:40,892 - gmail_import - INFO - Processing message 860/1000
2025-03-17 11:13:44,713 - gmail_import - INFO - Processing message 870/1000
2025-03-17 11:13:48,750 - gmail_import - INFO - Processing message 880/1000
2025-03-17 11:13:53,043 - gmail_import - INFO - Processing message 890/1000
2025-03-17 11:13:57,520 - gmail_import - INFO - Processing message 900/1000
2025-03-17 11:14:01,861 - gmail_import - INFO - Processing message 910/1000
2025-03-17 11:14:06,582 - gmail_import - INFO - Processing message 920/1000
2025-03-17 11:14:10,796 - gmail_import - INFO - Processing message 930/1000
2025-03-17 11:14:14,984 - gmail_import - INFO - Processing message 940/1000
2025-03-17 11:14:19,707 - gmail_import - INFO - Processing message 950/1000
2025-03-17 11:14:24,223 - gmail_import - INFO - Processing message 960/1000
2025-03-17 11:14:28,427 - gmail_import - INFO - Processing message 970/1000
2025-03-17 11:14:32,311 - gmail_import - INFO - Processing message 980/1000
2025-03-17 11:14:38,362 - gmail_import - INFO - Processing message 990/1000
2025-03-17 11:14:43,076 - gmail_import - INFO - Processing message 1000/1000
2025-03-17 11:14:43,437 - gmail_import - INFO - Found 491 emails to process
2025-03-17 11:14:43,438 - gmail_import - INFO - Processing batch of 25 emails (indices 0-24)
2025-03-17 11:14:44,144 - gmail_import - ERROR - Error storing email: 'str' object has no attribute 'get'
2025-03-17 11:14:44,679 - gmail_import - ERROR - Error storing email: 'str' object has no attribute 'get'
2025-03-17 11:14:45,125 - gmail_import - ERROR - Error storing email: 'str' object has no attribute 'get'
2025-03-17 11:14:45,510 - gmail_import - ERROR - Error storing email: 'str' object has no attribute 'get'
2025-03-17 11:14:45,899 - gmail_import - ERROR - Error storing email: 'str' object has no attribute 'get'
2025-03-17 11:14:46,244 - gmail_import - ERROR - Error storing email: 'str' object has no attribute 'get'
2025-03-17 11:14:46,692 - gmail_import - ERROR - Error storing email: 'str' object has no attribute 'get'
2025-03-17 11:14:47,050 - gmail_import - ERROR - Error storing email: 'str' object has no attribute 'get'
2025-03-17 11:14:47,455 - gmail_import - ERROR - Error storing email: 'str' object has no attribute 'get'
2025-03-17 11:14:47,815 - gmail_import - ERROR - Error storing email: 'str' object has no attribute 'get'
2025-03-17 11:14:48,188 - gmail_import - ERROR - Error storing email: 'str' object has no attribute 'get'
2025-03-17 11:14:48,646 - gmail_import - ERROR - Error storing email: 'str' object has no attribute 'get'
2025-03-17 11:14:49,020 - gmail_import - ERROR - Error storing email: 'str' object has no attribute 'get'
2025-03-17 11:14:49,373 - gmail_import - ERROR - Error storing email: 'str' object has no attribute 'get'
2025-03-17 11:14:49,890 - gmail_import - ERROR - Error storing email: 'str' object has no attribute 'get'
2025-03-17 11:14:50,478 - gmail_import - ERROR - Error storing email: 'str' object has no attribute 'get'
2025-03-17 11:14:50,933 - gmail_import - ERROR - Error storing email: 'str' object has no attribute 'get'
2025-03-17 11:14:51,477 - gmail_import - ERROR - Error storing email: 'str' object has no attribute 'get'
2025-03-17 11:14:51,964 - gmail_import - ERROR - Error storing email: 'str' object has no attribute 'get'
2025-03-17 11:14:52,495 - gmail_import - ERROR - Error storing email: 'str' object has no attribute 'get'
2025-03-17 11:14:52,896 - gmail_import - ERROR - Error storing email: 'str' object has no attribute 'get'
2025-03-17 11:14:53,363 - gmail_import - ERROR - Error storing email: 'str' object has no attribute 'get'
2025-03-17 11:14:53,739 - gmail_import - ERROR - Error storing email: 'str' object has no attribute 'get'
2025-03-17 11:14:54,096 - gmail_import - ERROR - Error storing email: 'str' object has no attribute 'get'
2025-03-17 11:14:54,584 - gmail_import - ERROR - Error storing email: 'str' object has no attribute 'get'
2025-03-17 11:14:54,794 - gmail_import - INFO - Batch complete. Imported 0/25 emails
2025-03-17 11:14:54,810 - gmail_import - ERROR - Gmail import failed: Constraint Error: NOT NULL constraint failed: import_checkpoints.id
Traceback (most recent call last):
  File "/Users/srvo/dewey/src/dewey/core/crm/gmail/simple_import.py", line 804, in main
    conn.execute("""
duckdb.duckdb.ConstraintException: Constraint Error: NOT NULL constraint failed: import_checkpoints.id
