2025-03-17 18:35:02,487 - gmail_import - INFO - Connecting to MotherDuck database: md:dewey
2025-03-17 18:35:03,804 - gmail_import - INFO - Successfully connected to MotherDuck
2025-03-17 18:35:06,352 - gmail_import - INFO - Dropped existing email_analyses table
2025-03-17 18:35:06,835 - gmail_import - INFO - Created email_analyses table with updated schema
2025-03-17 18:35:09,774 - gmail_import - INFO - Connected to database at md:dewey
2025-03-17 18:35:09,776 - gmail_import - INFO - Using token from /Users/srvo/dewey/token.json
2025-03-17 18:35:09,780 - gmail_import - INFO - Refreshing expired credentials
2025-03-17 18:35:09,993 - gmail_import - INFO - Importing all historical emails
2025-03-17 18:35:09,993 - gmail_import - INFO - Including sent emails
2025-03-17 18:35:10,344 - gmail_import - INFO - Fetched 500 messages, total: 500
2025-03-17 18:35:11,080 - gmail_import - INFO - Fetched 500 messages, total: 1000
2025-03-17 18:35:11,822 - gmail_import - INFO - Fetched 500 messages, total: 1500
2025-03-17 18:35:12,570 - gmail_import - INFO - Fetched 500 messages, total: 2000
2025-03-17 18:35:13,334 - gmail_import - INFO - Fetched 500 messages, total: 2500
2025-03-17 18:35:14,089 - gmail_import - INFO - Fetched 500 messages, total: 3000
2025-03-17 18:35:14,885 - gmail_import - INFO - Fetched 500 messages, total: 3500
2025-03-17 18:35:15,687 - gmail_import - INFO - Fetched 500 messages, total: 4000
2025-03-17 18:35:16,444 - gmail_import - INFO - Fetched 500 messages, total: 4500
2025-03-17 18:35:17,235 - gmail_import - INFO - Fetched 500 messages, total: 5000
2025-03-17 18:35:18,011 - gmail_import - INFO - Fetched 500 messages, total: 5500
2025-03-17 18:35:18,736 - gmail_import - INFO - Fetched 500 messages, total: 6000
2025-03-17 18:35:19,447 - gmail_import - INFO - Fetched 500 messages, total: 6500
2025-03-17 18:35:20,213 - gmail_import - INFO - Fetched 500 messages, total: 7000
2025-03-17 18:35:20,984 - gmail_import - INFO - Fetched 500 messages, total: 7500
2025-03-17 18:35:21,781 - gmail_import - INFO - Fetched 500 messages, total: 8000
2025-03-17 18:35:22,535 - gmail_import - INFO - Fetched 500 messages, total: 8500
2025-03-17 18:35:23,320 - gmail_import - INFO - Fetched 500 messages, total: 9000
2025-03-17 18:35:24,105 - gmail_import - INFO - Fetched 500 messages, total: 9500
2025-03-17 18:35:24,875 - gmail_import - INFO - Fetched 500 messages, total: 10000
2025-03-17 18:35:25,606 - gmail_import - INFO - Fetched 500 messages, total: 10500
2025-03-17 18:35:26,351 - gmail_import - INFO - Fetched 500 messages, total: 11000
2025-03-17 18:35:27,147 - gmail_import - INFO - Fetched 500 messages, total: 11500
2025-03-17 18:35:27,938 - gmail_import - INFO - Fetched 500 messages, total: 12000
2025-03-17 18:35:28,707 - gmail_import - INFO - Fetched 500 messages, total: 12500
2025-03-17 18:35:29,484 - gmail_import - INFO - Fetched 500 messages, total: 13000
2025-03-17 18:35:30,246 - gmail_import - INFO - Fetched 500 messages, total: 13500
2025-03-17 18:35:31,014 - gmail_import - INFO - Fetched 500 messages, total: 14000
2025-03-17 18:35:31,765 - gmail_import - INFO - Fetched 500 messages, total: 14500
2025-03-17 18:35:32,514 - gmail_import - INFO - Fetched 500 messages, total: 15000
2025-03-17 18:35:33,273 - gmail_import - INFO - Fetched 500 messages, total: 15500
2025-03-17 18:35:34,026 - gmail_import - INFO - Fetched 500 messages, total: 16000
2025-03-17 18:35:34,798 - gmail_import - INFO - Fetched 500 messages, total: 16500
2025-03-17 18:35:35,560 - gmail_import - INFO - Fetched 500 messages, total: 17000
2025-03-17 18:35:36,327 - gmail_import - INFO - Fetched 500 messages, total: 17500
2025-03-17 18:35:37,099 - gmail_import - INFO - Fetched 500 messages, total: 18000
2025-03-17 18:35:37,847 - gmail_import - INFO - Fetched 500 messages, total: 18500
2025-03-17 18:35:38,618 - gmail_import - INFO - Fetched 500 messages, total: 19000
2025-03-17 18:35:39,386 - gmail_import - INFO - Fetched 500 messages, total: 19500
2025-03-17 18:35:40,144 - gmail_import - INFO - Fetched 500 messages, total: 20000
2025-03-17 18:35:40,904 - gmail_import - INFO - Fetched 500 messages, total: 20500
2025-03-17 18:35:41,638 - gmail_import - INFO - Fetched 500 messages, total: 21000
2025-03-17 18:35:42,396 - gmail_import - INFO - Fetched 500 messages, total: 21500
2025-03-17 18:35:43,151 - gmail_import - INFO - Fetched 500 messages, total: 22000
2025-03-17 18:35:43,836 - gmail_import - INFO - Fetched 500 messages, total: 22500
2025-03-17 18:35:44,618 - gmail_import - INFO - Fetched 500 messages, total: 23000
2025-03-17 18:35:45,475 - gmail_import - INFO - Fetched 500 messages, total: 23500
2025-03-17 18:35:46,299 - gmail_import - INFO - Fetched 500 messages, total: 24000
2025-03-17 18:35:47,116 - gmail_import - INFO - Fetched 500 messages, total: 24500
2025-03-17 18:35:47,922 - gmail_import - INFO - Fetched 500 messages, total: 25000
2025-03-17 18:35:48,726 - gmail_import - INFO - Fetched 500 messages, total: 25500
2025-03-17 18:35:49,538 - gmail_import - INFO - Fetched 500 messages, total: 26000
2025-03-17 18:35:50,360 - gmail_import - INFO - Fetched 500 messages, total: 26500
2025-03-17 18:35:51,139 - gmail_import - INFO - Fetched 500 messages, total: 27000
2025-03-17 18:35:51,947 - gmail_import - INFO - Fetched 500 messages, total: 27500
2025-03-17 18:35:52,749 - gmail_import - INFO - Fetched 500 messages, total: 28000
2025-03-17 18:35:53,540 - gmail_import - INFO - Fetched 500 messages, total: 28500
2025-03-17 18:35:54,305 - gmail_import - INFO - Fetched 500 messages, total: 29000
2025-03-17 18:35:55,081 - gmail_import - INFO - Fetched 500 messages, total: 29500
2025-03-17 18:35:55,846 - gmail_import - INFO - Fetched 500 messages, total: 30000
2025-03-17 18:35:56,614 - gmail_import - INFO - Fetched 500 messages, total: 30500
2025-03-17 18:35:57,480 - gmail_import - INFO - Fetched 500 messages, total: 31000
2025-03-17 18:35:58,251 - gmail_import - INFO - Fetched 500 messages, total: 31500
2025-03-17 18:35:59,003 - gmail_import - INFO - Fetched 500 messages, total: 32000
2025-03-17 18:35:59,792 - gmail_import - INFO - Fetched 500 messages, total: 32500
2025-03-17 18:36:00,564 - gmail_import - INFO - Fetched 500 messages, total: 33000
2025-03-17 18:36:01,330 - gmail_import - INFO - Fetched 500 messages, total: 33500
2025-03-17 18:36:02,133 - gmail_import - INFO - Fetched 500 messages, total: 34000
2025-03-17 18:36:02,885 - gmail_import - INFO - Fetched 500 messages, total: 34500
2025-03-17 18:36:03,650 - gmail_import - INFO - Fetched 500 messages, total: 35000
2025-03-17 18:36:04,453 - gmail_import - INFO - Fetched 500 messages, total: 35500
2025-03-17 18:36:05,212 - gmail_import - INFO - Fetched 500 messages, total: 36000
2025-03-17 18:36:05,988 - gmail_import - INFO - Fetched 500 messages, total: 36500
2025-03-17 18:36:06,731 - gmail_import - INFO - Fetched 500 messages, total: 37000
2025-03-17 18:36:07,497 - gmail_import - INFO - Fetched 500 messages, total: 37500
2025-03-17 18:36:08,262 - gmail_import - INFO - Fetched 500 messages, total: 38000
2025-03-17 18:36:09,020 - gmail_import - INFO - Fetched 500 messages, total: 38500
2025-03-17 18:36:09,801 - gmail_import - INFO - Fetched 500 messages, total: 39000
2025-03-17 18:36:10,550 - gmail_import - INFO - Fetched 500 messages, total: 39500
2025-03-17 18:36:11,315 - gmail_import - INFO - Fetched 500 messages, total: 40000
2025-03-17 18:36:12,098 - gmail_import - INFO - Fetched 500 messages, total: 40500
2025-03-17 18:36:12,852 - gmail_import - INFO - Fetched 500 messages, total: 41000
2025-03-17 18:36:13,613 - gmail_import - INFO - Fetched 500 messages, total: 41500
2025-03-17 18:36:14,367 - gmail_import - INFO - Fetched 500 messages, total: 42000
2025-03-17 18:36:15,128 - gmail_import - INFO - Fetched 500 messages, total: 42500
2025-03-17 18:36:15,886 - gmail_import - INFO - Fetched 500 messages, total: 43000
2025-03-17 18:36:16,647 - gmail_import - INFO - Fetched 500 messages, total: 43500
2025-03-17 18:36:17,427 - gmail_import - INFO - Fetched 500 messages, total: 44000
2025-03-17 18:36:18,190 - gmail_import - INFO - Fetched 500 messages, total: 44500
2025-03-17 18:36:18,958 - gmail_import - INFO - Fetched 500 messages, total: 45000
2025-03-17 18:36:19,718 - gmail_import - INFO - Fetched 500 messages, total: 45500
2025-03-17 18:36:20,435 - gmail_import - INFO - Fetched 500 messages, total: 46000
2025-03-17 18:36:21,213 - gmail_import - INFO - Fetched 500 messages, total: 46500
2025-03-17 18:36:22,002 - gmail_import - INFO - Fetched 500 messages, total: 47000
2025-03-17 18:36:22,768 - gmail_import - INFO - Fetched 500 messages, total: 47500
2025-03-17 18:36:23,535 - gmail_import - INFO - Fetched 500 messages, total: 48000
2025-03-17 18:36:24,296 - gmail_import - INFO - Fetched 500 messages, total: 48500
2025-03-17 18:36:25,048 - gmail_import - INFO - Fetched 500 messages, total: 49000
2025-03-17 18:36:25,825 - gmail_import - INFO - Fetched 500 messages, total: 49500
2025-03-17 18:36:26,576 - gmail_import - INFO - Fetched 500 messages, total: 50000
2025-03-17 18:36:27,342 - gmail_import - INFO - Fetched 500 messages, total: 50500
2025-03-17 18:36:28,095 - gmail_import - INFO - Fetched 500 messages, total: 51000
2025-03-17 18:36:28,847 - gmail_import - INFO - Fetched 500 messages, total: 51500
2025-03-17 18:36:29,590 - gmail_import - INFO - Fetched 500 messages, total: 52000
2025-03-17 18:36:30,354 - gmail_import - INFO - Fetched 500 messages, total: 52500
2025-03-17 18:36:31,116 - gmail_import - INFO - Fetched 500 messages, total: 53000
2025-03-17 18:36:31,887 - gmail_import - INFO - Fetched 500 messages, total: 53500
2025-03-17 18:36:32,648 - gmail_import - INFO - Fetched 500 messages, total: 54000
2025-03-17 18:36:33,418 - gmail_import - INFO - Fetched 500 messages, total: 54500
2025-03-17 18:36:34,170 - gmail_import - INFO - Fetched 500 messages, total: 55000
2025-03-17 18:36:34,923 - gmail_import - INFO - Fetched 500 messages, total: 55500
2025-03-17 18:36:35,691 - gmail_import - INFO - Fetched 500 messages, total: 56000
2025-03-17 18:36:36,462 - gmail_import - INFO - Fetched 500 messages, total: 56500
2025-03-17 18:36:37,236 - gmail_import - INFO - Fetched 500 messages, total: 57000
2025-03-17 18:36:37,989 - gmail_import - INFO - Fetched 239 messages, total: 57239
2025-03-17 18:36:37,990 - gmail_import - INFO - Found 57239 emails, fetching details...
2025-03-17 18:36:40,412 - gmail_import - INFO - Processing message 10/57239
2025-03-17 18:36:43,107 - gmail_import - INFO - Processing message 20/57239
2025-03-17 18:36:45,786 - gmail_import - INFO - Processing message 30/57239
2025-03-17 18:36:48,484 - gmail_import - INFO - Processing message 40/57239
2025-03-17 18:36:51,177 - gmail_import - INFO - Processing message 50/57239
2025-03-17 18:36:53,840 - gmail_import - INFO - Processing message 60/57239
2025-03-17 18:36:56,474 - gmail_import - INFO - Processing message 70/57239
2025-03-17 18:36:59,158 - gmail_import - INFO - Processing message 80/57239
2025-03-17 18:37:01,845 - gmail_import - INFO - Processing message 90/57239
2025-03-17 18:37:04,537 - gmail_import - INFO - Processing message 100/57239
2025-03-17 18:37:07,191 - gmail_import - INFO - Processing message 110/57239
2025-03-17 18:37:09,900 - gmail_import - INFO - Processing message 120/57239
2025-03-17 18:37:12,605 - gmail_import - INFO - Processing message 130/57239
2025-03-17 18:37:15,284 - gmail_import - INFO - Processing message 140/57239
2025-03-17 18:37:17,963 - gmail_import - INFO - Processing message 150/57239
2025-03-17 18:37:20,666 - gmail_import - INFO - Processing message 160/57239
2025-03-17 18:37:23,380 - gmail_import - INFO - Processing message 170/57239
2025-03-17 18:37:26,086 - gmail_import - INFO - Processing message 180/57239
2025-03-17 18:37:28,793 - gmail_import - INFO - Processing message 190/57239
2025-03-17 18:37:31,445 - gmail_import - INFO - Processing message 200/57239
2025-03-17 18:37:34,137 - gmail_import - INFO - Processing message 210/57239
2025-03-17 18:37:36,843 - gmail_import - INFO - Processing message 220/57239
2025-03-17 18:37:39,534 - gmail_import - INFO - Processing message 230/57239
2025-03-17 18:37:42,198 - gmail_import - INFO - Processing message 240/57239
2025-03-17 18:37:44,884 - gmail_import - INFO - Processing message 250/57239
2025-03-17 18:37:47,506 - gmail_import - INFO - Processing message 260/57239
2025-03-17 18:37:50,203 - gmail_import - INFO - Processing message 270/57239
2025-03-17 18:37:52,928 - gmail_import - INFO - Processing message 280/57239
2025-03-17 18:37:55,606 - gmail_import - INFO - Processing message 290/57239
2025-03-17 18:37:58,311 - gmail_import - INFO - Processing message 300/57239
2025-03-17 18:38:00,984 - gmail_import - INFO - Processing message 310/57239
2025-03-17 18:38:03,680 - gmail_import - INFO - Processing message 320/57239
2025-03-17 18:38:06,406 - gmail_import - INFO - Processing message 330/57239
2025-03-17 18:38:09,087 - gmail_import - INFO - Processing message 340/57239
2025-03-17 18:38:11,790 - gmail_import - INFO - Processing message 350/57239
2025-03-17 18:38:14,498 - gmail_import - INFO - Processing message 360/57239
2025-03-17 18:38:17,151 - gmail_import - INFO - Processing message 370/57239
2025-03-17 18:38:19,848 - gmail_import - INFO - Processing message 380/57239
2025-03-17 18:38:22,460 - gmail_import - INFO - Processing message 390/57239
2025-03-17 18:38:25,074 - gmail_import - INFO - Processing message 400/57239
2025-03-17 18:38:27,769 - gmail_import - INFO - Processing message 410/57239
2025-03-17 18:38:30,470 - gmail_import - INFO - Processing message 420/57239
2025-03-17 18:38:33,161 - gmail_import - INFO - Processing message 430/57239
2025-03-17 18:38:35,777 - gmail_import - INFO - Processing message 440/57239
2025-03-17 18:38:38,477 - gmail_import - INFO - Processing message 450/57239
2025-03-17 18:38:41,086 - gmail_import - INFO - Processing message 460/57239
2025-03-17 18:38:43,779 - gmail_import - INFO - Processing message 470/57239
2025-03-17 18:38:46,463 - gmail_import - INFO - Processing message 480/57239
2025-03-17 18:38:49,146 - gmail_import - INFO - Processing message 490/57239
2025-03-17 18:38:51,818 - gmail_import - INFO - Processing message 500/57239
2025-03-17 18:38:54,546 - gmail_import - INFO - Processing message 510/57239
2025-03-17 18:38:57,181 - gmail_import - INFO - Processing message 520/57239
2025-03-17 18:38:59,875 - gmail_import - INFO - Processing message 530/57239
2025-03-17 18:39:02,577 - gmail_import - INFO - Processing message 540/57239
2025-03-17 18:39:05,294 - gmail_import - INFO - Processing message 550/57239
2025-03-17 18:39:07,966 - gmail_import - INFO - Processing message 560/57239
2025-03-17 18:39:10,649 - gmail_import - INFO - Processing message 570/57239
2025-03-17 18:39:13,335 - gmail_import - INFO - Processing message 580/57239
2025-03-17 18:39:15,960 - gmail_import - INFO - Processing message 590/57239
2025-03-17 18:39:18,659 - gmail_import - INFO - Processing message 600/57239
2025-03-17 18:39:21,308 - gmail_import - INFO - Processing message 610/57239
2025-03-17 18:39:24,010 - gmail_import - INFO - Processing message 620/57239
2025-03-17 18:39:26,698 - gmail_import - INFO - Processing message 630/57239
2025-03-17 18:39:29,400 - gmail_import - INFO - Processing message 640/57239
2025-03-17 18:39:32,069 - gmail_import - INFO - Processing message 650/57239
2025-03-17 18:39:34,703 - gmail_import - INFO - Processing message 660/57239
2025-03-17 18:39:37,352 - gmail_import - INFO - Processing message 670/57239
2025-03-17 18:39:40,038 - gmail_import - INFO - Processing message 680/57239
2025-03-17 18:39:42,750 - gmail_import - INFO - Processing message 690/57239
2025-03-17 18:39:45,401 - gmail_import - INFO - Processing message 700/57239
2025-03-17 18:39:48,084 - gmail_import - INFO - Processing message 710/57239
2025-03-17 18:39:50,742 - gmail_import - INFO - Processing message 720/57239
2025-03-17 18:39:53,431 - gmail_import - INFO - Processing message 730/57239
2025-03-17 18:39:56,095 - gmail_import - INFO - Processing message 740/57239
2025-03-17 18:39:58,752 - gmail_import - INFO - Processing message 750/57239
2025-03-17 18:40:01,457 - gmail_import - INFO - Processing message 760/57239
2025-03-17 18:40:04,141 - gmail_import - INFO - Processing message 770/57239
2025-03-17 18:40:06,811 - gmail_import - INFO - Processing message 780/57239
2025-03-17 18:40:09,495 - gmail_import - INFO - Processing message 790/57239
2025-03-17 18:40:12,189 - gmail_import - INFO - Processing message 800/57239
2025-03-17 18:40:14,862 - gmail_import - INFO - Processing message 810/57239
2025-03-17 18:40:17,534 - gmail_import - INFO - Processing message 820/57239
2025-03-17 18:40:20,194 - gmail_import - INFO - Processing message 830/57239
2025-03-17 18:40:22,850 - gmail_import - INFO - Processing message 840/57239
2025-03-17 18:40:25,514 - gmail_import - INFO - Processing message 850/57239
2025-03-17 18:40:28,090 - gmail_import - INFO - Processing message 860/57239
2025-03-17 18:40:30,799 - gmail_import - INFO - Processing message 870/57239
2025-03-17 18:40:33,452 - gmail_import - INFO - Processing message 880/57239
2025-03-17 18:40:36,132 - gmail_import - INFO - Processing message 890/57239
2025-03-17 18:40:38,761 - gmail_import - INFO - Processing message 900/57239
2025-03-17 18:40:41,432 - gmail_import - INFO - Processing message 910/57239
2025-03-17 18:40:44,135 - gmail_import - INFO - Processing message 920/57239
2025-03-17 18:40:46,785 - gmail_import - INFO - Processing message 930/57239
2025-03-17 18:40:49,470 - gmail_import - INFO - Processing message 940/57239
2025-03-17 18:40:52,184 - gmail_import - INFO - Processing message 950/57239
2025-03-17 18:40:54,832 - gmail_import - INFO - Processing message 960/57239
2025-03-17 18:40:57,431 - gmail_import - INFO - Processing message 970/57239
2025-03-17 18:41:00,016 - gmail_import - INFO - Processing message 980/57239
2025-03-17 18:41:02,681 - gmail_import - INFO - Processing message 990/57239
2025-03-17 18:41:05,351 - gmail_import - INFO - Processing message 1000/57239
2025-03-17 18:41:08,063 - gmail_import - INFO - Processing message 1010/57239
2025-03-17 18:41:10,760 - gmail_import - INFO - Processing message 1020/57239
2025-03-17 18:41:13,444 - gmail_import - INFO - Processing message 1030/57239
2025-03-17 18:41:16,091 - gmail_import - INFO - Processing message 1040/57239
2025-03-17 18:41:18,754 - gmail_import - INFO - Processing message 1050/57239
2025-03-17 18:41:21,466 - gmail_import - INFO - Processing message 1060/57239
2025-03-17 18:41:24,150 - gmail_import - INFO - Processing message 1070/57239
2025-03-17 18:41:26,788 - gmail_import - INFO - Processing message 1080/57239
2025-03-17 18:41:29,438 - gmail_import - INFO - Processing message 1090/57239
2025-03-17 18:41:32,138 - gmail_import - INFO - Processing message 1100/57239
2025-03-17 18:41:34,869 - gmail_import - INFO - Processing message 1110/57239
2025-03-17 18:41:37,551 - gmail_import - INFO - Processing message 1120/57239
2025-03-17 18:41:40,222 - gmail_import - INFO - Processing message 1130/57239
2025-03-17 18:41:42,836 - gmail_import - INFO - Processing message 1140/57239
2025-03-17 18:41:45,489 - gmail_import - INFO - Processing message 1150/57239
2025-03-17 18:41:48,151 - gmail_import - INFO - Processing message 1160/57239
2025-03-17 18:41:50,831 - gmail_import - INFO - Processing message 1170/57239
2025-03-17 18:41:53,474 - gmail_import - INFO - Processing message 1180/57239
2025-03-17 18:41:56,157 - gmail_import - INFO - Processing message 1190/57239
2025-03-17 18:41:58,740 - gmail_import - INFO - Processing message 1200/57239
2025-03-17 18:42:01,431 - gmail_import - INFO - Processing message 1210/57239
2025-03-17 18:42:04,095 - gmail_import - INFO - Processing message 1220/57239
2025-03-17 18:42:06,774 - gmail_import - INFO - Processing message 1230/57239
2025-03-17 18:42:09,450 - gmail_import - INFO - Processing message 1240/57239
2025-03-17 18:42:12,102 - gmail_import - INFO - Processing message 1250/57239
2025-03-17 18:42:14,820 - gmail_import - INFO - Processing message 1260/57239
2025-03-17 18:42:17,438 - gmail_import - INFO - Processing message 1270/57239
2025-03-17 18:42:20,142 - gmail_import - INFO - Processing message 1280/57239
2025-03-17 18:42:22,808 - gmail_import - INFO - Processing message 1290/57239
2025-03-17 18:42:25,522 - gmail_import - INFO - Processing message 1300/57239
2025-03-17 18:42:28,164 - gmail_import - INFO - Processing message 1310/57239
2025-03-17 18:42:30,851 - gmail_import - INFO - Processing message 1320/57239
2025-03-17 18:42:33,538 - gmail_import - INFO - Processing message 1330/57239
2025-03-17 18:42:36,205 - gmail_import - INFO - Processing message 1340/57239
2025-03-17 18:42:38,838 - gmail_import - INFO - Processing message 1350/57239
2025-03-17 18:42:41,521 - gmail_import - INFO - Processing message 1360/57239
2025-03-17 18:42:44,193 - gmail_import - INFO - Processing message 1370/57239
2025-03-17 18:42:46,872 - gmail_import - INFO - Processing message 1380/57239
2025-03-17 18:42:49,540 - gmail_import - INFO - Processing message 1390/57239
2025-03-17 18:42:52,234 - gmail_import - INFO - Processing message 1400/57239
2025-03-17 18:42:54,935 - gmail_import - INFO - Processing message 1410/57239
2025-03-17 18:42:57,582 - gmail_import - INFO - Processing message 1420/57239
2025-03-17 18:43:00,234 - gmail_import - INFO - Processing message 1430/57239
2025-03-17 18:43:02,927 - gmail_import - INFO - Processing message 1440/57239
2025-03-17 18:43:05,607 - gmail_import - INFO - Processing message 1450/57239
2025-03-17 18:43:08,336 - gmail_import - INFO - Processing message 1460/57239
2025-03-17 18:43:11,003 - gmail_import - INFO - Processing message 1470/57239
2025-03-17 18:43:13,686 - gmail_import - INFO - Processing message 1480/57239
2025-03-17 18:43:16,352 - gmail_import - INFO - Processing message 1490/57239
2025-03-17 18:43:18,990 - gmail_import - INFO - Processing message 1500/57239
2025-03-17 18:43:21,672 - gmail_import - INFO - Processing message 1510/57239
2025-03-17 18:43:24,334 - gmail_import - INFO - Processing message 1520/57239
2025-03-17 18:43:27,003 - gmail_import - INFO - Processing message 1530/57239
2025-03-17 18:43:29,651 - gmail_import - INFO - Processing message 1540/57239
2025-03-17 18:43:32,328 - gmail_import - INFO - Processing message 1550/57239
2025-03-17 18:43:35,041 - gmail_import - INFO - Processing message 1560/57239
2025-03-17 18:43:37,733 - gmail_import - INFO - Processing message 1570/57239
2025-03-17 18:43:40,384 - gmail_import - INFO - Processing message 1580/57239
2025-03-17 18:43:43,026 - gmail_import - INFO - Processing message 1590/57239
2025-03-17 18:43:45,716 - gmail_import - INFO - Processing message 1600/57239
2025-03-17 18:43:48,378 - gmail_import - INFO - Processing message 1610/57239
2025-03-17 18:43:51,099 - gmail_import - INFO - Processing message 1620/57239
2025-03-17 18:43:53,798 - gmail_import - INFO - Processing message 1630/57239
2025-03-17 18:43:56,459 - gmail_import - INFO - Processing message 1640/57239
2025-03-17 18:43:59,176 - gmail_import - INFO - Processing message 1650/57239
2025-03-17 18:44:01,874 - gmail_import - INFO - Processing message 1660/57239
2025-03-17 18:44:04,551 - gmail_import - INFO - Processing message 1670/57239
2025-03-17 18:44:07,219 - gmail_import - INFO - Processing message 1680/57239
2025-03-17 18:44:09,912 - gmail_import - INFO - Processing message 1690/57239
2025-03-17 18:44:12,542 - gmail_import - INFO - Processing message 1700/57239
2025-03-17 18:44:15,181 - gmail_import - INFO - Processing message 1710/57239
2025-03-17 18:44:17,856 - gmail_import - INFO - Processing message 1720/57239
2025-03-17 18:44:20,551 - gmail_import - INFO - Processing message 1730/57239
2025-03-17 18:44:23,162 - gmail_import - INFO - Processing message 1740/57239
2025-03-17 18:44:25,842 - gmail_import - INFO - Processing message 1750/57239
2025-03-17 18:44:28,526 - gmail_import - INFO - Processing message 1760/57239
2025-03-17 18:44:31,214 - gmail_import - INFO - Processing message 1770/57239
2025-03-17 18:44:33,901 - gmail_import - INFO - Processing message 1780/57239
2025-03-17 18:44:36,615 - gmail_import - INFO - Processing message 1790/57239
2025-03-17 18:44:39,314 - gmail_import - INFO - Processing message 1800/57239
2025-03-17 18:44:41,961 - gmail_import - INFO - Processing message 1810/57239
2025-03-17 18:44:44,639 - gmail_import - INFO - Processing message 1820/57239
2025-03-17 18:44:47,353 - gmail_import - INFO - Processing message 1830/57239
2025-03-17 18:44:50,010 - gmail_import - INFO - Processing message 1840/57239
2025-03-17 18:44:52,653 - gmail_import - INFO - Processing message 1850/57239
2025-03-17 18:44:55,315 - gmail_import - INFO - Processing message 1860/57239
2025-03-17 18:44:58,002 - gmail_import - INFO - Processing message 1870/57239
2025-03-17 18:45:00,699 - gmail_import - INFO - Processing message 1880/57239
2025-03-17 18:45:03,349 - gmail_import - INFO - Processing message 1890/57239
2025-03-17 18:45:06,039 - gmail_import - INFO - Processing message 1900/57239
2025-03-17 18:45:08,676 - gmail_import - INFO - Processing message 1910/57239
2025-03-17 18:45:11,315 - gmail_import - INFO - Processing message 1920/57239
2025-03-17 18:45:13,953 - gmail_import - INFO - Processing message 1930/57239
2025-03-17 18:45:16,669 - gmail_import - INFO - Processing message 1940/57239
2025-03-17 18:45:19,332 - gmail_import - INFO - Processing message 1950/57239
2025-03-17 18:45:22,038 - gmail_import - INFO - Processing message 1960/57239
2025-03-17 18:45:24,653 - gmail_import - INFO - Processing message 1970/57239
2025-03-17 18:45:27,270 - gmail_import - INFO - Processing message 1980/57239
2025-03-17 18:45:29,948 - gmail_import - INFO - Processing message 1990/57239
2025-03-17 18:45:32,619 - gmail_import - INFO - Processing message 2000/57239
2025-03-17 18:45:35,327 - gmail_import - INFO - Processing message 2010/57239
2025-03-17 18:45:38,019 - gmail_import - INFO - Processing message 2020/57239
2025-03-17 18:45:40,708 - gmail_import - INFO - Processing message 2030/57239
2025-03-17 18:45:43,341 - gmail_import - INFO - Processing message 2040/57239
2025-03-17 18:45:46,020 - gmail_import - INFO - Processing message 2050/57239
2025-03-17 18:45:48,726 - gmail_import - INFO - Processing message 2060/57239
2025-03-17 18:45:51,396 - gmail_import - INFO - Processing message 2070/57239
2025-03-17 18:45:54,081 - gmail_import - INFO - Processing message 2080/57239
2025-03-17 18:45:56,778 - gmail_import - INFO - Processing message 2090/57239
2025-03-17 18:45:59,426 - gmail_import - INFO - Processing message 2100/57239
2025-03-17 18:46:02,003 - gmail_import - INFO - Processing message 2110/57239
2025-03-17 18:46:04,679 - gmail_import - INFO - Processing message 2120/57239
2025-03-17 18:46:07,357 - gmail_import - INFO - Processing message 2130/57239
2025-03-17 18:46:09,965 - gmail_import - INFO - Processing message 2140/57239
2025-03-17 18:46:12,626 - gmail_import - INFO - Processing message 2150/57239
2025-03-17 18:46:15,291 - gmail_import - INFO - Processing message 2160/57239
2025-03-17 18:46:17,946 - gmail_import - INFO - Processing message 2170/57239
2025-03-17 18:46:20,606 - gmail_import - INFO - Processing message 2180/57239
2025-03-17 18:46:23,241 - gmail_import - INFO - Processing message 2190/57239
2025-03-17 18:46:25,880 - gmail_import - INFO - Processing message 2200/57239
2025-03-17 18:46:28,565 - gmail_import - INFO - Processing message 2210/57239
2025-03-17 18:46:31,294 - gmail_import - INFO - Processing message 2220/57239
2025-03-17 18:46:33,957 - gmail_import - INFO - Processing message 2230/57239
2025-03-17 18:46:36,618 - gmail_import - INFO - Processing message 2240/57239
2025-03-17 18:46:39,270 - gmail_import - INFO - Processing message 2250/57239
2025-03-17 18:46:41,936 - gmail_import - INFO - Processing message 2260/57239
2025-03-17 18:46:44,561 - gmail_import - INFO - Processing message 2270/57239
2025-03-17 18:46:47,237 - gmail_import - INFO - Processing message 2280/57239
