2025-03-17 04:41:51 - Using deduplication strategy: update
2025-03-17 04:41:51 - Continue on error: true
2025-03-17 04:41:51 - Database: dewey
2025-03-17 04:41:51 - Input directory: /Users/srvo/input_data/nov_30_crm_data
2025-03-17 04:41:51 - Finding all supported files in /Users/srvo/input_data/nov_30_crm_data
2025-03-17 04:41:51 - Found 79 supported files
2025-03-17 04:41:51 - Processing file 1/79: /Users/srvo/input_data/nov_30_crm_data/crm/calendar/calendar.duckdb
2025-03-17 04:41:52,528 - motherduck_uploader - INFO - Connected to MotherDuck database: dewey
2025-03-17 04:41:52,528 - motherduck_uploader - INFO - Uploading file /Users/srvo/input_data/nov_30_crm_data/crm/calendar/calendar.duckdb
2025-03-17 04:41:52,816 - motherduck_uploader - ERROR - Error checking for duplicates: too many values to unpack (expected 2)
2025-03-17 04:41:52,976 - motherduck_uploader - ERROR - Error copying data for table attendees: Binder Error: Referenced update column t not found in table!
2025-03-17 04:41:53,208 - motherduck_uploader - ERROR - Error checking for duplicates: too many values to unpack (expected 2)
2025-03-17 04:41:53,408 - motherduck_uploader - ERROR - Error copying data for table events: Binder Error: Referenced update column t not found in table!
2025-03-17 04:41:53,411 - motherduck_uploader - ERROR - Failed to upload /Users/srvo/input_data/nov_30_crm_data/crm/calendar/calendar.duckdb
2025-03-17 04:41:53 - Successfully uploaded file /Users/srvo/input_data/nov_30_crm_data/crm/calendar/calendar.duckdb
2025-03-17 04:41:53 - ----------------------------------------
2025-03-17 04:41:53 - Processing file 1/79: /Users/srvo/input_data/nov_30_crm_data/crm/contacts/contacts.duckdb
2025-03-17 04:41:54,488 - motherduck_uploader - INFO - Connected to MotherDuck database: dewey
2025-03-17 04:41:54,488 - motherduck_uploader - INFO - Uploading file /Users/srvo/input_data/nov_30_crm_data/crm/contacts/contacts.duckdb
2025-03-17 04:41:54,930 - motherduck_uploader - ERROR - Error copying data for table contacts: Binder Error: Referenced update column t not found in table!
2025-03-17 04:41:54,931 - motherduck_uploader - ERROR - Error handling problematic table domain_stats: Binder Error: Referenced column "email_count" not found in FROM clause!
Candidate bindings: "email", "domain", "created_at", "name"
2025-03-17 04:41:54,931 - motherduck_uploader - INFO - Skipping table domain_stats
2025-03-17 04:41:54,935 - motherduck_uploader - ERROR - Failed to upload /Users/srvo/input_data/nov_30_crm_data/crm/contacts/contacts.duckdb
2025-03-17 04:41:54 - Successfully uploaded file /Users/srvo/input_data/nov_30_crm_data/crm/contacts/contacts.duckdb
2025-03-17 04:41:54 - ----------------------------------------
2025-03-17 04:41:54 - Processing file 1/79: /Users/srvo/input_data/nov_30_crm_data/crm/contacts/contacts
2025-03-17 04:41:56,055 - motherduck_uploader - INFO - Connected to MotherDuck database: dewey
2025-03-17 04:41:56,055 - motherduck_uploader - INFO - Uploading file /Users/srvo/input_data/nov_30_crm_data/crm/contacts/contacts
2025-03-17 04:41:56,055 - motherduck_uploader - WARNING - Unsupported file extension: 
2025-03-17 04:41:56,055 - motherduck_uploader - ERROR - Failed to upload /Users/srvo/input_data/nov_30_crm_data/crm/contacts/contacts
2025-03-17 04:41:56 - Successfully uploaded file /Users/srvo/input_data/nov_30_crm_data/crm/contacts/contacts
2025-03-17 04:41:56 - ----------------------------------------
2025-03-17 04:41:56 - Processing file 1/79: copy.duckdb
2025-03-17 04:41:57,105 - motherduck_uploader - INFO - Connected to MotherDuck database: dewey
2025-03-17 04:41:57,105 - motherduck_uploader - INFO - Uploading file copy.duckdb
2025-03-17 04:41:57,125 - motherduck_uploader - WARNING - No tables found in copy.duckdb
2025-03-17 04:41:57,127 - motherduck_uploader - ERROR - Failed to upload copy.duckdb
2025-03-17 04:41:57 - Successfully uploaded file copy.duckdb
2025-03-17 04:41:57 - ----------------------------------------
2025-03-17 04:41:57 - Processing file 1/79: /Users/srvo/input_data/nov_30_crm_data/crm/emails/emails.duckdb
2025-03-17 04:41:58,203 - motherduck_uploader - INFO - Connected to MotherDuck database: dewey
2025-03-17 04:41:58,203 - motherduck_uploader - INFO - Uploading file /Users/srvo/input_data/nov_30_crm_data/crm/emails/emails.duckdb
2025-03-17 04:41:58,657 - motherduck_uploader - ERROR - Error checking for duplicates: too many values to unpack (expected 2)
2025-03-17 04:41:58,672 - motherduck_uploader - WARNING - No primary key found for emails, appending all data
2025-03-17 04:42:04 - ERROR: Failed to upload file /Users/srvo/input_data/nov_30_crm_data/crm/emails/emails.duckdb
2025-03-17 04:42:04 - Continuing with next file...
2025-03-17 04:42:04 - ----------------------------------------
2025-03-17 04:42:04 - Processing file 1/79: /Users/srvo/input_data/nov_30_crm_data/raw/csv/calendar.duckdb
2025-03-17 04:42:05,314 - motherduck_uploader - INFO - Connected to MotherDuck database: dewey
2025-03-17 04:42:05,315 - motherduck_uploader - INFO - Uploading file /Users/srvo/input_data/nov_30_crm_data/raw/csv/calendar.duckdb
2025-03-17 04:42:05,599 - motherduck_uploader - ERROR - Error checking for duplicates: too many values to unpack (expected 2)
2025-03-17 04:42:05,787 - motherduck_uploader - ERROR - Error copying data for table attendees: Binder Error: Referenced update column t not found in table!
2025-03-17 04:42:06,010 - motherduck_uploader - ERROR - Error checking for duplicates: too many values to unpack (expected 2)
2025-03-17 04:42:06,157 - motherduck_uploader - ERROR - Error copying data for table events: Binder Error: Referenced update column t not found in table!
2025-03-17 04:42:06,159 - motherduck_uploader - ERROR - Failed to upload /Users/srvo/input_data/nov_30_crm_data/raw/csv/calendar.duckdb
2025-03-17 04:42:06 - Successfully uploaded file /Users/srvo/input_data/nov_30_crm_data/raw/csv/calendar.duckdb
2025-03-17 04:42:06 - ----------------------------------------
2025-03-17 04:42:06 - Processing file 1/79: /Users/srvo/input_data/nov_30_crm_data/raw/csv/contacts
2025-03-17 04:42:07,200 - motherduck_uploader - INFO - Connected to MotherDuck database: dewey
2025-03-17 04:42:07,200 - motherduck_uploader - INFO - Uploading file /Users/srvo/input_data/nov_30_crm_data/raw/csv/contacts
2025-03-17 04:42:07,200 - motherduck_uploader - WARNING - Unsupported file extension: 
2025-03-17 04:42:07,200 - motherduck_uploader - ERROR - Failed to upload /Users/srvo/input_data/nov_30_crm_data/raw/csv/contacts
2025-03-17 04:42:07 - Successfully uploaded file /Users/srvo/input_data/nov_30_crm_data/raw/csv/contacts
2025-03-17 04:42:07 - ----------------------------------------
2025-03-17 04:42:07 - Processing file 1/79: copy.duckdb
2025-03-17 04:42:08,219 - motherduck_uploader - INFO - Connected to MotherDuck database: dewey
2025-03-17 04:42:08,219 - motherduck_uploader - INFO - Uploading file copy.duckdb
2025-03-17 04:42:08,233 - motherduck_uploader - WARNING - No tables found in copy.duckdb
2025-03-17 04:42:08,234 - motherduck_uploader - ERROR - Failed to upload copy.duckdb
2025-03-17 04:42:08 - Successfully uploaded file copy.duckdb
2025-03-17 04:42:08 - ----------------------------------------
2025-03-17 04:42:08 - Processing file 1/79: /Users/srvo/input_data/nov_30_crm_data/crm/calendar/calendar_data.db
