2025-03-17 05:09:01 - Starting recursive upload of all data from /Users/srvo/input_data
2025-03-17 05:09:01 - Target database: dewey
2025-03-17 05:09:01 - Deduplication strategy: skip
2025-03-17 05:09:01 - Continue on error: true
2025-03-17 05:09:01 - Finding all supported files in /Users/srvo/input_data
2025-03-17 05:09:10 - Found 83 DuckDB files, 248 SQLite files, 1625 CSV files, and 12825 JSON files
2025-03-17 05:09:10 - Total files to process: 14781
2025-03-17 05:09:10 - Processing DuckDB files...
2025-03-17 05:09:10 - Uploading DuckDB file: /Users/srvo/input_data/cursor_data/history/-2c7101cc/OlPt.duckdb
2025-03-17 05:09:11 - Successfully uploaded /Users/srvo/input_data/cursor_data/history/-2c7101cc/OlPt.duckdb
2025-03-17 05:09:11 - Uploading DuckDB file: /Users/srvo/input_data/cursor_data/history/4527766a/g5aH.duckdb
2025-03-17 05:09:12 - Successfully uploaded /Users/srvo/input_data/cursor_data/history/4527766a/g5aH.duckdb
2025-03-17 05:09:12 - Uploading DuckDB file: /Users/srvo/input_data/cursor_data/history/4527766a/Isju.duckdb
2025-03-17 05:09:14 - Successfully uploaded /Users/srvo/input_data/cursor_data/history/4527766a/Isju.duckdb
2025-03-17 05:09:14 - Uploading DuckDB file: /Users/srvo/input_data/cursor_data/history/4527766a/unhK.duckdb
2025-03-17 05:09:15 - Successfully uploaded /Users/srvo/input_data/cursor_data/history/4527766a/unhK.duckdb
2025-03-17 05:09:15 - Uploading DuckDB file: /Users/srvo/input_data/cursor_data/history/4527766a/kzml.duckdb
2025-03-17 05:09:16 - Successfully uploaded /Users/srvo/input_data/cursor_data/history/4527766a/kzml.duckdb
2025-03-17 05:09:16 - Uploading DuckDB file: /Users/srvo/input_data/cursor_data/history/4527766a/FsN7.duckdb
2025-03-17 05:09:17 - Successfully uploaded /Users/srvo/input_data/cursor_data/history/4527766a/FsN7.duckdb
2025-03-17 05:09:17 - Uploading DuckDB file: /Users/srvo/input_data/cursor_data/history/4527766a/9CTn.duckdb
2025-03-17 05:09:18 - Successfully uploaded /Users/srvo/input_data/cursor_data/history/4527766a/9CTn.duckdb
2025-03-17 05:09:18 - Uploading DuckDB file: /Users/srvo/input_data/cursor_data/history/4527766a/Azn6.duckdb
2025-03-17 05:09:19 - Successfully uploaded /Users/srvo/input_data/cursor_data/history/4527766a/Azn6.duckdb
2025-03-17 05:09:19 - Uploading DuckDB file: /Users/srvo/input_data/cursor_data/history/4527766a/FNfE.duckdb
2025-03-17 05:09:20 - Successfully uploaded /Users/srvo/input_data/cursor_data/history/4527766a/FNfE.duckdb
2025-03-17 05:09:20 - Uploading DuckDB file: /Users/srvo/input_data/cursor_data/history/4527766a/Frx2.duckdb
2025-03-17 05:09:21 - Successfully uploaded /Users/srvo/input_data/cursor_data/history/4527766a/Frx2.duckdb
2025-03-17 05:09:21 - Uploading DuckDB file: /Users/srvo/input_data/duckdb_files/docs_database.duckdb
2025-03-17 05:09:23 - Successfully uploaded /Users/srvo/input_data/duckdb_files/docs_database.duckdb
2025-03-17 05:09:23 - Uploading DuckDB file: /Users/srvo/input_data/duckdb_files/calendar.duckdb
2025-03-17 05:09:24 - Successfully uploaded /Users/srvo/input_data/duckdb_files/calendar.duckdb
2025-03-17 05:09:24 - Uploading DuckDB file: /Users/srvo/input_data/duckdb_files/entity_analysis.duckdb
2025-03-17 05:09:25 - Successfully uploaded /Users/srvo/input_data/duckdb_files/entity_analysis.duckdb
2025-03-17 05:09:25 - Uploading DuckDB file: /Users/srvo/input_data/duckdb_files/email_database.duckdb
2025-03-17 05:09:26 - Successfully uploaded /Users/srvo/input_data/duckdb_files/email_database.duckdb
2025-03-17 05:09:26 - Uploading DuckDB file: /Users/srvo/input_data/duckdb_files/schema_discovery.duckdb
2025-03-17 05:09:27 - Successfully uploaded /Users/srvo/input_data/duckdb_files/schema_discovery.duckdb
2025-03-17 05:09:27 - Uploading DuckDB file: /Users/srvo/input_data/duckdb_files/port.duckdb
2025-03-17 05:09:28 - Successfully uploaded /Users/srvo/input_data/duckdb_files/port.duckdb
2025-03-17 05:09:28 - Uploading DuckDB file: /Users/srvo/input_data/duckdb_files/data_ingestion.duckdb
2025-03-17 05:09:29 - Successfully uploaded /Users/srvo/input_data/duckdb_files/data_ingestion.duckdb
2025-03-17 05:09:29 - Uploading DuckDB file: /Users/srvo/input_data/duckdb_files/library_analytics.duckdb
2025-03-17 05:09:30 - Successfully uploaded /Users/srvo/input_data/duckdb_files/library_analytics.duckdb
2025-03-17 05:09:30 - Uploading DuckDB file: /Users/srvo/input_data/duckdb_files/dev.duckdb
2025-03-17 05:09:31 - Successfully uploaded /Users/srvo/input_data/duckdb_files/dev.duckdb
2025-03-17 05:09:31 - Uploading DuckDB file: /Users/srvo/input_data/duckdb_files/podcast_data.duckdb
2025-03-17 05:09:32 - Successfully uploaded /Users/srvo/input_data/duckdb_files/podcast_data.duckdb
2025-03-17 05:09:32 - Uploading DuckDB file: /Users/srvo/input_data/duckdb_files/research.duckdb
2025-03-17 05:09:33 - Successfully uploaded /Users/srvo/input_data/duckdb_files/research.duckdb
2025-03-17 05:09:33 - Uploading DuckDB file: /Users/srvo/input_data/duckdb_files/timeline_database.duckdb
2025-03-17 05:09:34 - Successfully uploaded /Users/srvo/input_data/duckdb_files/timeline_database.duckdb
2025-03-17 05:09:34 - Uploading DuckDB file: /Users/srvo/input_data/duckdb_files/ecic.duckdb
2025-03-17 05:09:35 - Successfully uploaded /Users/srvo/input_data/duckdb_files/ecic.duckdb
2025-03-17 05:09:35 - Uploading DuckDB file: /Users/srvo/input_data/duckdb_files/library_metrics.duckdb
2025-03-17 05:09:37 - Successfully uploaded /Users/srvo/input_data/duckdb_files/library_metrics.duckdb
2025-03-17 05:09:37 - Uploading DuckDB file: /Users/srvo/input_data/duckdb_files/emails.duckdb
2025-03-17 05:09:38 - Successfully uploaded /Users/srvo/input_data/duckdb_files/emails.duckdb
2025-03-17 05:09:38 - Uploading DuckDB file: /Users/srvo/input_data/duckdb_files/sheets_database.duckdb
2025-03-17 05:09:39 - Successfully uploaded /Users/srvo/input_data/duckdb_files/sheets_database.duckdb
2025-03-17 05:09:39 - Uploading DuckDB file: /Users/srvo/input_data/duckdb_files/my_database.duckdb
2025-03-17 05:09:40 - Successfully uploaded /Users/srvo/input_data/duckdb_files/my_database.duckdb
2025-03-17 05:09:40 - Uploading DuckDB file: /Users/srvo/input_data/ActiveData/email_classifier.duckdb
2025-03-17 05:10:55 - Successfully uploaded /Users/srvo/input_data/ActiveData/email_classifier.duckdb
2025-03-17 05:10:55 - Uploading DuckDB file: /Users/srvo/input_data/ActiveData/dewey.duckdb
2025-03-17 05:10:57 - Successfully uploaded /Users/srvo/input_data/ActiveData/dewey.duckdb
2025-03-17 05:10:57 - Uploading DuckDB file: /Users/srvo/input_data/ActiveData/process_feedback.duckdb
2025-03-17 05:10:59 - Successfully uploaded /Users/srvo/input_data/ActiveData/process_feedback.duckdb
2025-03-17 05:10:59 - Uploading DuckDB file: /Users/srvo/input_data/dec_31_port.duckdb
2025-03-17 05:21:34 - Successfully uploaded /Users/srvo/input_data/dec_31_port.duckdb
2025-03-17 05:21:34 - Uploading DuckDB file: /Users/srvo/input_data/port.duckdb
