2025-03-17 05:58:15 - Starting recursive upload of all data from /Users/srvo/input_data
2025-03-17 05:58:15 - Target database: dewey
2025-03-17 05:58:15 - Deduplication strategy: skip
2025-03-17 05:58:15 - Continue on error: true
2025-03-17 05:58:15 - Process DuckDB files: true
2025-03-17 05:58:15 - Process SQLite files: false
2025-03-17 05:58:15 - Process CSV files: false
2025-03-17 05:58:15 - Process JSON files: false
2025-03-17 05:58:15 - Maximum files to process: 5
2025-03-17 05:58:15 - Finding all supported files in /Users/srvo/input_data
2025-03-17 05:58:18 - Found 83 DuckDB files, 0 SQLite files, 0 CSV files, and 0 JSON files
2025-03-17 05:58:18 - Total files to process: 83
2025-03-17 05:58:18 - Limiting to 5 files as specified
2025-03-17 05:58:18 - Processing up to 5 DuckDB files, 0 SQLite files, 0 CSV files, and 0 JSON files
2025-03-17 05:58:18 - Processing DuckDB files...
2025-03-17 05:58:18 - Uploading DuckDB file: /Users/srvo/input_data/cursor_data/history/-2c7101cc/OlPt.duckdb
2025-03-17 05:58:20 - Successfully uploaded /Users/srvo/input_data/cursor_data/history/-2c7101cc/OlPt.duckdb
2025-03-17 05:58:20 - Uploading DuckDB file: /Users/srvo/input_data/cursor_data/history/4527766a/g5aH.duckdb
2025-03-17 05:58:21 - Successfully uploaded /Users/srvo/input_data/cursor_data/history/4527766a/g5aH.duckdb
2025-03-17 05:58:21 - Uploading DuckDB file: /Users/srvo/input_data/cursor_data/history/4527766a/Isju.duckdb
2025-03-17 05:58:23 - Successfully uploaded /Users/srvo/input_data/cursor_data/history/4527766a/Isju.duckdb
2025-03-17 05:58:23 - Uploading DuckDB file: /Users/srvo/input_data/cursor_data/history/4527766a/unhK.duckdb
2025-03-17 05:58:24 - Successfully uploaded /Users/srvo/input_data/cursor_data/history/4527766a/unhK.duckdb
2025-03-17 05:58:24 - Uploading DuckDB file: /Users/srvo/input_data/cursor_data/history/4527766a/kzml.duckdb
2025-03-17 05:58:25 - Successfully uploaded /Users/srvo/input_data/cursor_data/history/4527766a/kzml.duckdb
2025-03-17 05:58:25 - Reached maximum files limit (5)
2025-03-17 05:58:25 - Upload process completed (reached maximum files limit)
2025-03-17 05:58:25 - Processed 5 files, 5 successful, 0 failed
