2025-03-17 10:05:09,639 - __main__ - INFO - Successfully connected to MotherDuck database 'dewey'
2025-03-17 10:05:10,431 - __main__ - INFO - Dropped company_context table
2025-03-17 10:05:10,802 - __main__ - INFO - Created company_context table
2025-03-17 10:05:11,363 - __main__ - INFO - All required tables exist
2025-03-17 10:05:11,363 - __main__ - INFO - Processing directory: /Users/srvo/input_data/json_files
2025-03-17 10:05:11,457 - __main__ - INFO - Processing file: /Users/srvo/input_data/json_files/li_research.json
2025-03-17 10:05:11,812 - __main__ - INFO - Successfully processed context for research: li_research
2025-03-17 10:05:12,577 - __main__ - INFO - Successfully processed search queries for research: li_research
2025-03-17 10:05:13,109 - __main__ - INFO - Successfully processed research results for research: li_research
2025-03-17 10:05:13,109 - __main__ - INFO - Successfully processed file: /Users/srvo/input_data/json_files/li_research.json
2025-03-17 10:05:13,109 - __main__ - INFO - Processing file: /Users/srvo/input_data/json_files/ttek_research.json
2025-03-17 10:05:13,492 - __main__ - INFO - Successfully processed context for research: ttek_research
2025-03-17 10:05:14,215 - __main__ - INFO - Successfully processed search queries for research: ttek_research
2025-03-17 10:05:14,852 - __main__ - INFO - Successfully processed research results for research: ttek_research
2025-03-17 10:05:14,852 - __main__ - INFO - Successfully processed file: /Users/srvo/input_data/json_files/ttek_research.json
2025-03-17 10:05:14,852 - __main__ - INFO - Processing file: /Users/srvo/input_data/json_files/elf_research.json
2025-03-17 10:05:15,417 - __main__ - INFO - Successfully processed context for research: elf_research
2025-03-17 10:05:16,633 - __main__ - INFO - Successfully processed search queries for research: elf_research
2025-03-17 10:05:17,352 - __main__ - INFO - Successfully processed research results for research: elf_research
2025-03-17 10:05:17,352 - __main__ - INFO - Successfully processed file: /Users/srvo/input_data/json_files/elf_research.json
2025-03-17 10:05:17,352 - __main__ - INFO - Processing file: /Users/srvo/input_data/json_files/pbp_research.json
2025-03-17 10:05:17,750 - __main__ - INFO - Successfully processed context for research: pbp_research
2025-03-17 10:05:18,594 - __main__ - INFO - Successfully processed search queries for research: pbp_research
2025-03-17 10:05:19,456 - __main__ - INFO - Successfully processed research results for research: pbp_research
2025-03-17 10:05:19,457 - __main__ - INFO - Successfully processed file: /Users/srvo/input_data/json_files/pbp_research.json
2025-03-17 10:05:19,457 - __main__ - INFO - Processing file: /Users/srvo/input_data/json_files/vtr_research.json
2025-03-17 10:05:19,810 - __main__ - INFO - Successfully processed context for research: vtr_research
2025-03-17 10:05:20,522 - __main__ - INFO - Successfully processed search queries for research: vtr_research
2025-03-17 10:05:21,398 - __main__ - INFO - Successfully processed research results for research: vtr_research
2025-03-17 10:05:21,398 - __main__ - INFO - Successfully processed file: /Users/srvo/input_data/json_files/vtr_research.json
2025-03-17 10:05:21,398 - __main__ - INFO - Processing file: /Users/srvo/input_data/json_files/duol_research.json
2025-03-17 10:05:23,269 - __main__ - INFO - Successfully processed context for research: duol_research
2025-03-17 10:05:23,975 - __main__ - INFO - Successfully processed search queries for research: duol_research
2025-03-17 10:05:24,475 - __main__ - INFO - Successfully processed research results for research: duol_research
2025-03-17 10:05:24,476 - __main__ - INFO - Successfully processed file: /Users/srvo/input_data/json_files/duol_research.json
2025-03-17 10:05:24,476 - __main__ - INFO - Processing file: /Users/srvo/input_data/json_files/kegn_research.json
2025-03-17 10:05:24,922 - __main__ - INFO - Successfully processed context for research: kegn_research
2025-03-17 10:05:25,608 - __main__ - INFO - Successfully processed search queries for research: kegn_research
2025-03-17 10:05:26,631 - __main__ - INFO - Successfully processed research results for research: kegn_research
2025-03-17 10:05:26,631 - __main__ - INFO - Successfully processed file: /Users/srvo/input_data/json_files/kegn_research.json
2025-03-17 10:05:26,631 - __main__ - INFO - Processing file: /Users/srvo/input_data/json_files/qcom_research.json
2025-03-17 10:05:26,975 - __main__ - INFO - Successfully processed context for research: qcom_research
2025-03-17 10:05:27,714 - __main__ - INFO - Successfully processed search queries for research: qcom_research
2025-03-17 10:05:28,509 - __main__ - INFO - Successfully processed research results for research: qcom_research
2025-03-17 10:05:28,510 - __main__ - INFO - Successfully processed file: /Users/srvo/input_data/json_files/qcom_research.json
2025-03-17 10:05:28,512 - __main__ - INFO - Processing file: /Users/srvo/input_data/json_files/trmb_research.json
2025-03-17 10:05:29,807 - __main__ - INFO - Successfully processed context for research: trmb_research
2025-03-17 10:05:30,612 - __main__ - INFO - Successfully processed search queries for research: trmb_research
2025-03-17 10:05:31,141 - __main__ - INFO - Successfully processed research results for research: trmb_research
2025-03-17 10:05:31,141 - __main__ - INFO - Successfully processed file: /Users/srvo/input_data/json_files/trmb_research.json
2025-03-17 10:05:31,141 - __main__ - INFO - Processing file: /Users/srvo/input_data/json_files/ddog_research.json
2025-03-17 10:05:31,522 - __main__ - INFO - Successfully processed context for research: ddog_research
2025-03-17 10:05:32,734 - __main__ - INFO - Successfully processed search queries for research: ddog_research
2025-03-17 10:05:33,389 - __main__ - INFO - Successfully processed research results for research: ddog_research
2025-03-17 10:05:33,389 - __main__ - INFO - Successfully processed file: /Users/srvo/input_data/json_files/ddog_research.json
2025-03-17 10:05:33,389 - __main__ - INFO - Processing file: /Users/srvo/input_data/json_files/htgc_research.json
2025-03-17 10:05:33,757 - __main__ - INFO - Successfully processed context for research: htgc_research
2025-03-17 10:05:34,428 - __main__ - INFO - Successfully processed search queries for research: htgc_research
2025-03-17 10:05:35,216 - __main__ - INFO - Successfully processed research results for research: htgc_research
2025-03-17 10:05:35,218 - __main__ - INFO - Successfully processed file: /Users/srvo/input_data/json_files/htgc_research.json
2025-03-17 10:05:35,218 - __main__ - INFO - Processing file: /Users/srvo/input_data/json_files/pwr_research.json
2025-03-17 10:05:35,644 - __main__ - INFO - Successfully processed context for research: pwr_research
2025-03-17 10:05:36,380 - __main__ - INFO - Successfully processed search queries for research: pwr_research
2025-03-17 10:05:37,128 - __main__ - INFO - Successfully processed research results for research: pwr_research
2025-03-17 10:05:37,128 - __main__ - INFO - Successfully processed file: /Users/srvo/input_data/json_files/pwr_research.json
2025-03-17 10:05:37,128 - __main__ - INFO - Processing file: /Users/srvo/input_data/json_files/shmcf_research.json
2025-03-17 10:05:37,656 - __main__ - INFO - Successfully processed context for research: shmcf_research
2025-03-17 10:05:39,335 - __main__ - INFO - Successfully processed search queries for research: shmcf_research
2025-03-17 10:05:40,029 - __main__ - INFO - Successfully processed research results for research: shmcf_research
2025-03-17 10:05:40,031 - __main__ - INFO - Successfully processed file: /Users/srvo/input_data/json_files/shmcf_research.json
2025-03-17 10:05:40,034 - __main__ - INFO - Processing file: /Users/srvo/input_data/json_files/beez_research.json
2025-03-17 10:05:40,397 - __main__ - INFO - Successfully processed context for research: beez_research
2025-03-17 10:05:41,217 - __main__ - INFO - Successfully processed search queries for research: beez_research
2025-03-17 10:05:42,139 - __main__ - INFO - Successfully processed research results for research: beez_research
2025-03-17 10:05:42,139 - __main__ - INFO - Successfully processed file: /Users/srvo/input_data/json_files/beez_research.json
2025-03-17 10:05:42,139 - __main__ - INFO - Processing file: /Users/srvo/input_data/json_files/isnpy_research.json
2025-03-17 10:05:42,493 - __main__ - INFO - Successfully processed context for research: isnpy_research
2025-03-17 10:05:43,334 - __main__ - INFO - Successfully processed search queries for research: isnpy_research
2025-03-17 10:05:44,019 - __main__ - INFO - Successfully processed research results for research: isnpy_research
2025-03-17 10:05:44,019 - __main__ - INFO - Successfully processed file: /Users/srvo/input_data/json_files/isnpy_research.json
2025-03-17 10:05:44,020 - __main__ - INFO - Processing file: /Users/srvo/input_data/json_files/akblf_research.json
2025-03-17 10:05:44,388 - __main__ - INFO - Successfully processed context for research: akblf_research
2025-03-17 10:05:45,456 - __main__ - INFO - Successfully processed search queries for research: akblf_research
2025-03-17 10:05:46,111 - __main__ - INFO - Successfully processed research results for research: akblf_research
2025-03-17 10:05:46,111 - __main__ - INFO - Successfully processed file: /Users/srvo/input_data/json_files/akblf_research.json
2025-03-17 10:05:46,111 - __main__ - INFO - Processing file: /Users/srvo/input_data/json_files/are_research.json
2025-03-17 10:05:46,489 - __main__ - INFO - Successfully processed context for research: are_research
2025-03-17 10:05:47,198 - __main__ - INFO - Successfully processed search queries for research: are_research
2025-03-17 10:05:50,563 - __main__ - INFO - Successfully processed research results for research: are_research
2025-03-17 10:05:50,566 - __main__ - INFO - Successfully processed file: /Users/srvo/input_data/json_files/are_research.json
2025-03-17 10:05:50,566 - __main__ - INFO - Processing file: /Users/srvo/input_data/json_files/skm_research.json
2025-03-17 10:05:51,186 - __main__ - INFO - Successfully processed context for research: skm_research
2025-03-17 10:05:51,928 - __main__ - INFO - Successfully processed search queries for research: skm_research
2025-03-17 10:05:52,643 - __main__ - INFO - Successfully processed research results for research: skm_research
2025-03-17 10:05:52,644 - __main__ - INFO - Successfully processed file: /Users/srvo/input_data/json_files/skm_research.json
2025-03-17 10:05:52,652 - __main__ - INFO - Processing file: /Users/srvo/input_data/json_files/amx_research.json
2025-03-17 10:05:53,127 - __main__ - INFO - Successfully processed context for research: amx_research
2025-03-17 10:05:54,349 - __main__ - INFO - Successfully processed search queries for research: amx_research
2025-03-17 10:05:54,878 - __main__ - INFO - Successfully processed research results for research: amx_research
2025-03-17 10:05:54,878 - __main__ - INFO - Successfully processed file: /Users/srvo/input_data/json_files/amx_research.json
2025-03-17 10:05:54,878 - __main__ - INFO - Processing file: /Users/srvo/input_data/json_files/hafc_research.json
2025-03-17 10:05:55,373 - __main__ - INFO - Successfully processed context for research: hafc_research
2025-03-17 10:05:56,122 - __main__ - INFO - Successfully processed search queries for research: hafc_research
2025-03-17 10:05:57,301 - __main__ - INFO - Successfully processed research results for research: hafc_research
2025-03-17 10:05:57,301 - __main__ - INFO - Successfully processed file: /Users/srvo/input_data/json_files/hafc_research.json
2025-03-17 10:05:57,301 - __main__ - INFO - Processing file: /Users/srvo/input_data/json_files/crox_research.json
2025-03-17 10:05:57,690 - __main__ - INFO - Successfully processed context for research: crox_research
2025-03-17 10:05:57,862 - __main__ - INFO - Successfully processed search queries for research: crox_research
2025-03-17 10:05:57,865 - __main__ - WARNING - No research results provided for research: crox_research
2025-03-17 10:05:57,865 - __main__ - INFO - Successfully processed file: /Users/srvo/input_data/json_files/crox_research.json
2025-03-17 10:05:57,865 - __main__ - INFO - Processing file: /Users/srvo/input_data/json_files/qcrh_research.json
2025-03-17 10:05:58,211 - __main__ - INFO - Successfully processed context for research: qcrh_research
2025-03-17 10:05:58,946 - __main__ - INFO - Successfully processed search queries for research: qcrh_research
2025-03-17 10:05:59,800 - __main__ - INFO - Successfully processed research results for research: qcrh_research
2025-03-17 10:05:59,800 - __main__ - INFO - Successfully processed file: /Users/srvo/input_data/json_files/qcrh_research.json
2025-03-17 10:05:59,800 - __main__ - INFO - Processing file: /Users/srvo/input_data/json_files/brx_research.json
2025-03-17 10:06:00,250 - __main__ - INFO - Successfully processed context for research: brx_research
2025-03-17 10:06:01,044 - __main__ - INFO - Successfully processed search queries for research: brx_research
2025-03-17 10:06:01,704 - __main__ - INFO - Successfully processed research results for research: brx_research
2025-03-17 10:06:01,705 - __main__ - INFO - Successfully processed file: /Users/srvo/input_data/json_files/brx_research.json
2025-03-17 10:06:01,706 - __main__ - INFO - Processing file: /Users/srvo/input_data/json_files/cdns_research.json
2025-03-17 10:06:02,188 - __main__ - INFO - Successfully processed context for research: cdns_research
2025-03-17 10:06:03,292 - __main__ - INFO - Successfully processed search queries for research: cdns_research
2025-03-17 10:06:04,087 - __main__ - INFO - Successfully processed research results for research: cdns_research
2025-03-17 10:06:04,088 - __main__ - INFO - Successfully processed file: /Users/srvo/input_data/json_files/cdns_research.json
2025-03-17 10:06:04,088 - __main__ - INFO - Processing file: /Users/srvo/input_data/json_files/wire_research.json
2025-03-17 10:06:04,477 - __main__ - INFO - Successfully processed context for research: wire_research
2025-03-17 10:06:05,511 - __main__ - INFO - Successfully processed search queries for research: wire_research
2025-03-17 10:06:06,390 - __main__ - INFO - Successfully processed research results for research: wire_research
2025-03-17 10:06:06,391 - __main__ - INFO - Successfully processed file: /Users/srvo/input_data/json_files/wire_research.json
2025-03-17 10:06:06,391 - __main__ - INFO - Processing file: /Users/srvo/input_data/json_files/aweg_research.json
2025-03-17 10:06:06,891 - __main__ - INFO - Successfully processed context for research: aweg_research
2025-03-17 10:06:07,910 - __main__ - INFO - Successfully processed search queries for research: aweg_research
2025-03-17 10:06:08,523 - __main__ - INFO - Successfully processed research results for research: aweg_research
2025-03-17 10:06:08,524 - __main__ - INFO - Successfully processed file: /Users/srvo/input_data/json_files/aweg_research.json
2025-03-17 10:06:08,524 - __main__ - INFO - Processing file: /Users/srvo/input_data/json_files/ccb_research.json
2025-03-17 10:06:10,042 - __main__ - INFO - Successfully processed context for research: ccb_research
2025-03-17 10:06:10,792 - __main__ - INFO - Successfully processed search queries for research: ccb_research
2025-03-17 10:06:11,326 - __main__ - INFO - Successfully processed research results for research: ccb_research
2025-03-17 10:06:11,326 - __main__ - INFO - Successfully processed file: /Users/srvo/input_data/json_files/ccb_research.json
2025-03-17 10:06:11,326 - __main__ - INFO - Processing file: /Users/srvo/input_data/json_files/vcisy_research.json
2025-03-17 10:06:11,756 - __main__ - INFO - Successfully processed context for research: vcisy_research
2025-03-17 10:06:12,481 - __main__ - INFO - Successfully processed search queries for research: vcisy_research
2025-03-17 10:06:13,403 - __main__ - INFO - Successfully processed research results for research: vcisy_research
2025-03-17 10:06:13,403 - __main__ - INFO - Successfully processed file: /Users/srvo/input_data/json_files/vcisy_research.json
2025-03-17 10:06:13,404 - __main__ - INFO - Processing file: /Users/srvo/input_data/json_files/test1_research.json
2025-03-17 10:06:13,804 - __main__ - INFO - Successfully processed context for research: test1_research
2025-03-17 10:06:14,055 - __main__ - INFO - Successfully processed search queries for research: test1_research
2025-03-17 10:06:14,055 - __main__ - WARNING - No research results provided for research: test1_research
2025-03-17 10:06:14,055 - __main__ - INFO - Successfully processed file: /Users/srvo/input_data/json_files/test1_research.json
2025-03-17 10:06:14,055 - __main__ - INFO - Processing file: /Users/srvo/input_data/json_files/cmco_research.json
2025-03-17 10:06:14,423 - __main__ - INFO - Successfully processed context for research: cmco_research
2025-03-17 10:06:15,145 - __main__ - INFO - Successfully processed search queries for research: cmco_research
2025-03-17 10:06:15,991 - __main__ - INFO - Successfully processed research results for research: cmco_research
2025-03-17 10:06:15,993 - __main__ - INFO - Successfully processed file: /Users/srvo/input_data/json_files/cmco_research.json
2025-03-17 10:06:15,996 - __main__ - INFO - Processing file: /Users/srvo/input_data/json_files/asml_research.json
2025-03-17 10:06:16,412 - __main__ - INFO - Successfully processed context for research: asml_research
2025-03-17 10:06:17,064 - __main__ - INFO - Successfully processed search queries for research: asml_research
2025-03-17 10:06:17,552 - __main__ - INFO - Successfully processed research results for research: asml_research
2025-03-17 10:06:17,552 - __main__ - INFO - Successfully processed file: /Users/srvo/input_data/json_files/asml_research.json
2025-03-17 10:06:17,552 - __main__ - INFO - Processing file: /Users/srvo/input_data/json_files/agm_research.json
2025-03-17 10:06:18,096 - __main__ - INFO - Successfully processed context for research: agm_research
2025-03-17 10:06:18,794 - __main__ - INFO - Successfully processed search queries for research: agm_research
2025-03-17 10:06:19,331 - __main__ - INFO - Successfully processed research results for research: agm_research
2025-03-17 10:06:19,332 - __main__ - INFO - Successfully processed file: /Users/srvo/input_data/json_files/agm_research.json
2025-03-17 10:06:19,332 - __main__ - INFO - Processing file: /Users/srvo/input_data/json_files/tclaf_research.json
2025-03-17 10:06:19,690 - __main__ - INFO - Successfully processed context for research: tclaf_research
2025-03-17 10:06:20,754 - __main__ - INFO - Successfully processed search queries for research: tclaf_research
2025-03-17 10:06:21,293 - __main__ - INFO - Successfully processed research results for research: tclaf_research
2025-03-17 10:06:21,293 - __main__ - INFO - Successfully processed file: /Users/srvo/input_data/json_files/tclaf_research.json
2025-03-17 10:06:21,293 - __main__ - INFO - Processing file: /Users/srvo/input_data/json_files/agx_research.json
2025-03-17 10:06:21,676 - __main__ - INFO - Successfully processed context for research: agx_research
2025-03-17 10:06:22,464 - __main__ - INFO - Successfully processed search queries for research: agx_research
2025-03-17 10:06:23,212 - __main__ - INFO - Successfully processed research results for research: agx_research
2025-03-17 10:06:23,212 - __main__ - INFO - Successfully processed file: /Users/srvo/input_data/json_files/agx_research.json
2025-03-17 10:06:23,212 - __main__ - INFO - Processing file: /Users/srvo/input_data/json_files/ingr_research.json
2025-03-17 10:06:24,837 - __main__ - INFO - Successfully processed context for research: ingr_research
2025-03-17 10:06:25,607 - __main__ - INFO - Successfully processed search queries for research: ingr_research
2025-03-17 10:06:26,285 - __main__ - INFO - Successfully processed research results for research: ingr_research
2025-03-17 10:06:26,285 - __main__ - INFO - Successfully processed file: /Users/srvo/input_data/json_files/ingr_research.json
2025-03-17 10:06:26,286 - __main__ - INFO - Processing file: /Users/srvo/input_data/json_files/ora_research.json
2025-03-17 10:06:26,703 - __main__ - INFO - Successfully processed context for research: ora_research
2025-03-17 10:06:27,869 - __main__ - INFO - Successfully processed search queries for research: ora_research
2025-03-17 10:06:28,408 - __main__ - INFO - Successfully processed research results for research: ora_research
2025-03-17 10:06:28,408 - __main__ - INFO - Successfully processed file: /Users/srvo/input_data/json_files/ora_research.json
2025-03-17 10:06:28,408 - __main__ - INFO - Processing file: /Users/srvo/input_data/json_files/bdory_research.json
2025-03-17 10:06:28,771 - __main__ - INFO - Successfully processed context for research: bdory_research
2025-03-17 10:06:29,503 - __main__ - INFO - Successfully processed search queries for research: bdory_research
2025-03-17 10:06:30,687 - __main__ - INFO - Successfully processed research results for research: bdory_research
2025-03-17 10:06:30,687 - __main__ - INFO - Successfully processed file: /Users/srvo/input_data/json_files/bdory_research.json
2025-03-17 10:06:30,687 - __main__ - INFO - Processing file: /Users/srvo/input_data/json_files/hdsn_research.json
2025-03-17 10:06:31,050 - __main__ - INFO - Successfully processed context for research: hdsn_research
2025-03-17 10:06:31,875 - __main__ - INFO - Successfully processed search queries for research: hdsn_research
2025-03-17 10:06:32,469 - __main__ - INFO - Successfully processed research results for research: hdsn_research
2025-03-17 10:06:32,470 - __main__ - INFO - Successfully processed file: /Users/srvo/input_data/json_files/hdsn_research.json
2025-03-17 10:06:32,471 - __main__ - INFO - Processing file: /Users/srvo/input_data/json_files/bfs_research.json
2025-03-17 10:06:32,959 - __main__ - INFO - Successfully processed context for research: bfs_research
2025-03-17 10:06:34,276 - __main__ - INFO - Successfully processed search queries for research: bfs_research
2025-03-17 10:06:34,860 - __main__ - INFO - Successfully processed research results for research: bfs_research
2025-03-17 10:06:34,860 - __main__ - INFO - Successfully processed file: /Users/srvo/input_data/json_files/bfs_research.json
2025-03-17 10:06:34,860 - __main__ - INFO - Processing file: /Users/srvo/input_data/json_files/rng_research.json
2025-03-17 10:06:35,239 - __main__ - INFO - Successfully processed context for research: rng_research
2025-03-17 10:06:35,921 - __main__ - INFO - Successfully processed search queries for research: rng_research
2025-03-17 10:06:36,798 - __main__ - INFO - Successfully processed research results for research: rng_research
2025-03-17 10:06:36,798 - __main__ - INFO - Successfully processed file: /Users/srvo/input_data/json_files/rng_research.json
2025-03-17 10:06:36,798 - __main__ - INFO - Processing file: /Users/srvo/input_data/json_files/mcy_research.json
2025-03-17 10:06:37,152 - __main__ - INFO - Successfully processed context for research: mcy_research
2025-03-17 10:06:37,855 - __main__ - INFO - Successfully processed search queries for research: mcy_research
2025-03-17 10:06:38,549 - __main__ - INFO - Successfully processed research results for research: mcy_research
2025-03-17 10:06:38,549 - __main__ - INFO - Successfully processed file: /Users/srvo/input_data/json_files/mcy_research.json
2025-03-17 10:06:38,550 - __main__ - INFO - Processing file: /Users/srvo/input_data/json_files/tcehy_research.json
2025-03-17 10:06:39,924 - __main__ - INFO - Successfully processed context for research: tcehy_research
2025-03-17 10:06:40,592 - __main__ - INFO - Successfully processed search queries for research: tcehy_research
2025-03-17 10:06:41,170 - __main__ - INFO - Successfully processed research results for research: tcehy_research
2025-03-17 10:06:41,170 - __main__ - INFO - Successfully processed file: /Users/srvo/input_data/json_files/tcehy_research.json
2025-03-17 10:06:41,171 - __main__ - INFO - Processing file: /Users/srvo/input_data/json_files/fgroy_research.json
2025-03-17 10:06:41,533 - __main__ - INFO - Successfully processed context for research: fgroy_research
2025-03-17 10:06:42,242 - __main__ - INFO - Successfully processed search queries for research: fgroy_research
2025-03-17 10:06:43,163 - __main__ - INFO - Successfully processed research results for research: fgroy_research
2025-03-17 10:06:43,164 - __main__ - INFO - Successfully processed file: /Users/srvo/input_data/json_files/fgroy_research.json
2025-03-17 10:06:43,164 - __main__ - INFO - Processing file: /Users/srvo/input_data/json_files/lqdt_research.json
2025-03-17 10:06:43,584 - __main__ - INFO - Successfully processed context for research: lqdt_research
2025-03-17 10:06:44,416 - __main__ - INFO - Successfully processed search queries for research: lqdt_research
2025-03-17 10:06:44,898 - __main__ - INFO - Successfully processed research results for research: lqdt_research
2025-03-17 10:06:44,900 - __main__ - INFO - Successfully processed file: /Users/srvo/input_data/json_files/lqdt_research.json
2025-03-17 10:06:44,903 - __main__ - INFO - Processing file: /Users/srvo/input_data/json_files/pllif_research.json
2025-03-17 10:06:45,592 - __main__ - INFO - Successfully processed context for research: pllif_research
2025-03-17 10:06:46,341 - __main__ - INFO - Successfully processed search queries for research: pllif_research
2025-03-17 10:06:46,887 - __main__ - INFO - Successfully processed research results for research: pllif_research
2025-03-17 10:06:46,888 - __main__ - INFO - Successfully processed file: /Users/srvo/input_data/json_files/pllif_research.json
2025-03-17 10:06:46,889 - __main__ - INFO - Processing file: /Users/srvo/input_data/json_files/fbms_research.json
2025-03-17 10:06:47,363 - __main__ - INFO - Successfully processed context for research: fbms_research
2025-03-17 10:06:48,233 - __main__ - INFO - Successfully processed search queries for research: fbms_research
2025-03-17 10:06:48,814 - __main__ - INFO - Successfully processed research results for research: fbms_research
2025-03-17 10:06:48,816 - __main__ - INFO - Successfully processed file: /Users/srvo/input_data/json_files/fbms_research.json
2025-03-17 10:06:48,816 - __main__ - INFO - Processing file: /Users/srvo/input_data/json_files/ens_research.json
2025-03-17 10:06:49,260 - __main__ - INFO - Successfully processed context for research: ens_research
2025-03-17 10:06:50,312 - __main__ - INFO - Successfully processed search queries for research: ens_research
2025-03-17 10:06:51,760 - __main__ - INFO - Successfully processed research results for research: ens_research
2025-03-17 10:06:51,760 - __main__ - INFO - Successfully processed file: /Users/srvo/input_data/json_files/ens_research.json
2025-03-17 10:06:51,760 - __main__ - INFO - Processing file: /Users/srvo/input_data/json_files/nx_research.json
2025-03-17 10:06:53,187 - __main__ - INFO - Successfully processed context for research: nx_research
2025-03-17 10:06:54,019 - __main__ - INFO - Successfully processed search queries for research: nx_research
2025-03-17 10:06:54,563 - __main__ - INFO - Successfully processed research results for research: nx_research
2025-03-17 10:06:54,563 - __main__ - INFO - Successfully processed file: /Users/srvo/input_data/json_files/nx_research.json
2025-03-17 10:06:54,564 - __main__ - INFO - Processing file: /Users/srvo/input_data/json_files/fele_research.json
2025-03-17 10:06:54,932 - __main__ - INFO - Successfully processed context for research: fele_research
2025-03-17 10:06:56,082 - __main__ - INFO - Successfully processed search queries for research: fele_research
2025-03-17 10:06:56,650 - __main__ - INFO - Successfully processed research results for research: fele_research
2025-03-17 10:06:56,650 - __main__ - INFO - Successfully processed file: /Users/srvo/input_data/json_files/fele_research.json
2025-03-17 10:06:56,651 - __main__ - INFO - Processing file: /Users/srvo/input_data/json_files/test_research.json
2025-03-17 10:06:56,998 - __main__ - INFO - Successfully processed context for research: test_research
2025-03-17 10:06:57,347 - __main__ - INFO - Successfully processed search queries for research: test_research
2025-03-17 10:06:57,518 - __main__ - INFO - Successfully processed research results for research: test_research
2025-03-17 10:06:57,518 - __main__ - INFO - Successfully processed file: /Users/srvo/input_data/json_files/test_research.json
2025-03-17 10:06:57,518 - __main__ - INFO - Processing file: /Users/srvo/input_data/json_files/test2_research.json
2025-03-17 10:06:57,878 - __main__ - INFO - Successfully processed context for research: test2_research
2025-03-17 10:06:58,046 - __main__ - INFO - Successfully processed search queries for research: test2_research
2025-03-17 10:06:58,047 - __main__ - WARNING - No research results provided for research: test2_research
2025-03-17 10:06:58,048 - __main__ - INFO - Successfully processed file: /Users/srvo/input_data/json_files/test2_research.json
2025-03-17 10:06:58,048 - __main__ - INFO - Processing file: /Users/srvo/input_data/json_files/yelp_research.json
2025-03-17 10:06:58,698 - __main__ - INFO - Successfully processed context for research: yelp_research
2025-03-17 10:06:59,445 - __main__ - INFO - Successfully processed search queries for research: yelp_research
2025-03-17 10:06:59,984 - __main__ - INFO - Successfully processed research results for research: yelp_research
2025-03-17 10:06:59,984 - __main__ - INFO - Successfully processed file: /Users/srvo/input_data/json_files/yelp_research.json
2025-03-17 10:06:59,985 - __main__ - INFO - Processing file: /Users/srvo/input_data/json_files/lc_research.json
2025-03-17 10:07:00,334 - __main__ - INFO - Successfully processed context for research: lc_research
2025-03-17 10:07:02,762 - __main__ - INFO - Successfully processed search queries for research: lc_research
2025-03-17 10:07:03,273 - __main__ - INFO - Successfully processed research results for research: lc_research
2025-03-17 10:07:03,273 - __main__ - INFO - Successfully processed file: /Users/srvo/input_data/json_files/lc_research.json
2025-03-17 10:07:03,273 - __main__ - INFO - Processing file: /Users/srvo/input_data/json_files/efgsy_research.json
2025-03-17 10:07:03,708 - __main__ - INFO - Successfully processed context for research: efgsy_research
2025-03-17 10:07:04,666 - __main__ - INFO - Successfully processed search queries for research: efgsy_research
2025-03-17 10:07:05,751 - __main__ - INFO - Successfully processed research results for research: efgsy_research
2025-03-17 10:07:05,751 - __main__ - INFO - Successfully processed file: /Users/srvo/input_data/json_files/efgsy_research.json
2025-03-17 10:07:05,751 - __main__ - INFO - Processing file: /Users/srvo/input_data/json_files/wts_research.json
2025-03-17 10:07:06,119 - __main__ - INFO - Successfully processed context for research: wts_research
2025-03-17 10:07:06,925 - __main__ - INFO - Successfully processed search queries for research: wts_research
2025-03-17 10:07:07,501 - __main__ - INFO - Successfully processed research results for research: wts_research
2025-03-17 10:07:07,504 - __main__ - INFO - Successfully processed file: /Users/srvo/input_data/json_files/wts_research.json
2025-03-17 10:07:07,505 - __main__ - INFO - Processing file: /Users/srvo/input_data/json_files/amt_research.json
2025-03-17 10:07:07,872 - __main__ - INFO - Successfully processed context for research: amt_research
2025-03-17 10:07:08,979 - __main__ - INFO - Successfully processed search queries for research: amt_research
2025-03-17 10:07:09,583 - __main__ - INFO - Successfully processed research results for research: amt_research
2025-03-17 10:07:09,584 - __main__ - INFO - Successfully processed file: /Users/srvo/input_data/json_files/amt_research.json
2025-03-17 10:07:09,584 - __main__ - INFO - Processing file: /Users/srvo/input_data/json_files/alot_research.json
2025-03-17 10:07:09,937 - __main__ - INFO - Successfully processed context for research: alot_research
2025-03-17 10:07:11,129 - __main__ - INFO - Successfully processed search queries for research: alot_research
2025-03-17 10:07:11,685 - __main__ - INFO - Successfully processed research results for research: alot_research
2025-03-17 10:07:11,685 - __main__ - INFO - Successfully processed file: /Users/srvo/input_data/json_files/alot_research.json
2025-03-17 10:07:11,685 - __main__ - INFO - Processing file: /Users/srvo/input_data/json_files/omcl_research.json
2025-03-17 10:07:12,043 - __main__ - INFO - Successfully processed context for research: omcl_research
2025-03-17 10:07:12,891 - __main__ - INFO - Successfully processed search queries for research: omcl_research
2025-03-17 10:07:14,488 - __main__ - INFO - Successfully processed research results for research: omcl_research
2025-03-17 10:07:14,490 - __main__ - INFO - Successfully processed file: /Users/srvo/input_data/json_files/omcl_research.json
2025-03-17 10:07:14,491 - __main__ - INFO - Processing file: /Users/srvo/input_data/json_files/ftnt_research.json
2025-03-17 10:07:14,949 - __main__ - INFO - Successfully processed context for research: ftnt_research
2025-03-17 10:07:15,702 - __main__ - INFO - Successfully processed search queries for research: ftnt_research
2025-03-17 10:07:16,226 - __main__ - INFO - Successfully processed research results for research: ftnt_research
2025-03-17 10:07:16,227 - __main__ - INFO - Successfully processed file: /Users/srvo/input_data/json_files/ftnt_research.json
2025-03-17 10:07:16,228 - __main__ - INFO - Processing file: /Users/srvo/input_data/json_files/oezvy_research.json
2025-03-17 10:07:16,603 - __main__ - INFO - Successfully processed context for research: oezvy_research
2025-03-17 10:07:17,768 - __main__ - INFO - Successfully processed search queries for research: oezvy_research
2025-03-17 10:07:18,292 - __main__ - INFO - Successfully processed research results for research: oezvy_research
2025-03-17 10:07:18,292 - __main__ - INFO - Successfully processed file: /Users/srvo/input_data/json_files/oezvy_research.json
2025-03-17 10:07:18,292 - __main__ - INFO - Processing file: /Users/srvo/input_data/json_files/coco_research.json
2025-03-17 10:07:18,659 - __main__ - INFO - Successfully processed context for research: coco_research
2025-03-17 10:07:19,552 - __main__ - INFO - Successfully processed search queries for research: coco_research
2025-03-17 10:07:20,220 - __main__ - INFO - Successfully processed research results for research: coco_research
2025-03-17 10:07:20,220 - __main__ - INFO - Successfully processed file: /Users/srvo/input_data/json_files/coco_research.json
2025-03-17 10:07:20,220 - __main__ - INFO - Processing file: /Users/srvo/input_data/json_files/peco_research.json
2025-03-17 10:07:20,599 - __main__ - INFO - Successfully processed context for research: peco_research
2025-03-17 10:07:21,483 - __main__ - INFO - Successfully processed search queries for research: peco_research
2025-03-17 10:07:23,087 - __main__ - INFO - Successfully processed research results for research: peco_research
2025-03-17 10:07:23,087 - __main__ - INFO - Successfully processed file: /Users/srvo/input_data/json_files/peco_research.json
2025-03-17 10:07:23,087 - __main__ - INFO - Processing file: /Users/srvo/input_data/json_files/zm_research.json
2025-03-17 10:07:23,567 - __main__ - INFO - Successfully processed context for research: zm_research
2025-03-17 10:07:24,392 - __main__ - INFO - Successfully processed search queries for research: zm_research
2025-03-17 10:07:24,949 - __main__ - INFO - Successfully processed research results for research: zm_research
2025-03-17 10:07:24,949 - __main__ - INFO - Successfully processed file: /Users/srvo/input_data/json_files/zm_research.json
2025-03-17 10:07:24,949 - __main__ - INFO - Processing file: /Users/srvo/input_data/json_files/cprt_research.json
2025-03-17 10:07:25,439 - __main__ - INFO - Successfully processed context for research: cprt_research
2025-03-17 10:07:26,484 - __main__ - INFO - Successfully processed search queries for research: cprt_research
2025-03-17 10:07:27,041 - __main__ - INFO - Successfully processed research results for research: cprt_research
2025-03-17 10:07:27,042 - __main__ - INFO - Successfully processed file: /Users/srvo/input_data/json_files/cprt_research.json
2025-03-17 10:07:27,042 - __main__ - INFO - Processing file: /Users/srvo/input_data/json_files/gmiix_research.json
2025-03-17 10:07:27,425 - __main__ - INFO - Successfully processed context for research: gmiix_research
2025-03-17 10:07:28,101 - __main__ - INFO - Successfully processed search queries for research: gmiix_research
2025-03-17 10:07:29,013 - __main__ - INFO - Successfully processed research results for research: gmiix_research
2025-03-17 10:07:29,015 - __main__ - INFO - Successfully processed file: /Users/srvo/input_data/json_files/gmiix_research.json
2025-03-17 10:07:29,016 - __main__ - INFO - Processing file: /Users/srvo/input_data/json_files/rsg_research.json
2025-03-17 10:07:29,491 - __main__ - INFO - Successfully processed context for research: rsg_research
2025-03-17 10:07:30,223 - __main__ - INFO - Successfully processed search queries for research: rsg_research
2025-03-17 10:07:30,884 - __main__ - INFO - Successfully processed research results for research: rsg_research
2025-03-17 10:07:30,884 - __main__ - INFO - Successfully processed file: /Users/srvo/input_data/json_files/rsg_research.json
2025-03-17 10:07:30,885 - __main__ - INFO - Processing file: /Users/srvo/input_data/json_files/ame_research.json
2025-03-17 10:07:31,734 - __main__ - INFO - Successfully processed context for research: ame_research
2025-03-17 10:07:33,717 - __main__ - INFO - Successfully processed search queries for research: ame_research
2025-03-17 10:07:34,351 - __main__ - INFO - Successfully processed research results for research: ame_research
2025-03-17 10:07:34,351 - __main__ - INFO - Successfully processed file: /Users/srvo/input_data/json_files/ame_research.json
2025-03-17 10:07:34,351 - __main__ - INFO - Processing file: /Users/srvo/input_data/json_files/enph_research.json
2025-03-17 10:07:34,883 - __main__ - INFO - Successfully processed context for research: enph_research
2025-03-17 10:07:35,619 - __main__ - INFO - Successfully processed search queries for research: enph_research
2025-03-17 10:07:36,669 - __main__ - INFO - Successfully processed research results for research: enph_research
2025-03-17 10:07:36,669 - __main__ - INFO - Successfully processed file: /Users/srvo/input_data/json_files/enph_research.json
2025-03-17 10:07:36,670 - __main__ - INFO - Processing file: /Users/srvo/input_data/json_files/lmnd_research.json
2025-03-17 10:07:37,033 - __main__ - INFO - Successfully processed context for research: lmnd_research
2025-03-17 10:07:37,860 - __main__ - INFO - Successfully processed search queries for research: lmnd_research
2025-03-17 10:07:38,575 - __main__ - INFO - Successfully processed research results for research: lmnd_research
2025-03-17 10:07:38,575 - __main__ - INFO - Successfully processed file: /Users/srvo/input_data/json_files/lmnd_research.json
2025-03-17 10:07:38,575 - __main__ - INFO - Processing file: /Users/srvo/input_data/json_files/bmi_research.json
2025-03-17 10:07:40,317 - __main__ - INFO - Successfully processed context for research: bmi_research
2025-03-17 10:07:41,049 - __main__ - INFO - Successfully processed search queries for research: bmi_research
2025-03-17 10:07:41,583 - __main__ - INFO - Successfully processed research results for research: bmi_research
2025-03-17 10:07:41,583 - __main__ - INFO - Successfully processed file: /Users/srvo/input_data/json_files/bmi_research.json
2025-03-17 10:07:41,583 - __main__ - INFO - Processing file: /Users/srvo/input_data/json_files/test3_research.json
2025-03-17 10:07:41,910 - __main__ - INFO - Successfully processed context for research: test3_research
2025-03-17 10:07:42,075 - __main__ - INFO - Successfully processed search queries for research: test3_research
2025-03-17 10:07:42,075 - __main__ - WARNING - No research results provided for research: test3_research
2025-03-17 10:07:42,075 - __main__ - INFO - Successfully processed file: /Users/srvo/input_data/json_files/test3_research.json
2025-03-17 10:07:42,075 - __main__ - INFO - Processing file: /Users/srvo/input_data/json_files/lkq_research.json
2025-03-17 10:07:42,471 - __main__ - INFO - Successfully processed context for research: lkq_research
2025-03-17 10:07:43,515 - __main__ - INFO - Successfully processed search queries for research: lkq_research
2025-03-17 10:07:44,080 - __main__ - INFO - Successfully processed research results for research: lkq_research
2025-03-17 10:07:44,080 - __main__ - INFO - Successfully processed file: /Users/srvo/input_data/json_files/lkq_research.json
2025-03-17 10:07:44,080 - __main__ - INFO - Processing file: /Users/srvo/input_data/json_files/cttof_research.json
2025-03-17 10:07:44,628 - __main__ - INFO - Successfully processed context for research: cttof_research
2025-03-17 10:07:45,411 - __main__ - INFO - Successfully processed search queries for research: cttof_research
2025-03-17 10:07:46,834 - __main__ - INFO - Successfully processed research results for research: cttof_research
2025-03-17 10:07:46,835 - __main__ - INFO - Successfully processed file: /Users/srvo/input_data/json_files/cttof_research.json
2025-03-17 10:07:46,835 - __main__ - INFO - Processing file: /Users/srvo/input_data/json_files/amal_research.json
2025-03-17 10:07:47,209 - __main__ - INFO - Successfully processed context for research: amal_research
2025-03-17 10:07:47,764 - __main__ - INFO - Successfully processed search queries for research: amal_research
2025-03-17 10:07:48,354 - __main__ - INFO - Successfully processed research results for research: amal_research
2025-03-17 10:07:48,355 - __main__ - INFO - Successfully processed file: /Users/srvo/input_data/json_files/amal_research.json
2025-03-17 10:07:48,355 - __main__ - INFO - Processing file: /Users/srvo/input_data/json_files/test4_research.json
2025-03-17 10:07:49,085 - __main__ - INFO - Successfully processed context for research: test4_research
2025-03-17 10:07:49,254 - __main__ - INFO - Successfully processed search queries for research: test4_research
2025-03-17 10:07:49,255 - __main__ - WARNING - No research results provided for research: test4_research
2025-03-17 10:07:49,258 - __main__ - INFO - Successfully processed file: /Users/srvo/input_data/json_files/test4_research.json
2025-03-17 10:07:49,267 - __main__ - INFO - Processing file: /Users/srvo/input_data/json_files/hy_research.json
2025-03-17 10:07:49,621 - __main__ - INFO - Successfully processed context for research: hy_research
2025-03-17 10:07:50,294 - __main__ - INFO - Successfully processed search queries for research: hy_research
2025-03-17 10:07:51,193 - __main__ - INFO - Successfully processed research results for research: hy_research
2025-03-17 10:07:51,193 - __main__ - INFO - Successfully processed file: /Users/srvo/input_data/json_files/hy_research.json
2025-03-17 10:07:51,195 - __main__ - INFO - Processing file: /Users/srvo/input_data/json_files/kncay_research.json
2025-03-17 10:07:52,609 - __main__ - INFO - Successfully processed context for research: kncay_research
2025-03-17 10:07:54,375 - __main__ - INFO - Successfully processed search queries for research: kncay_research
2025-03-17 10:07:54,911 - __main__ - INFO - Successfully processed research results for research: kncay_research
2025-03-17 10:07:54,912 - __main__ - INFO - Successfully processed file: /Users/srvo/input_data/json_files/kncay_research.json
2025-03-17 10:07:54,912 - __main__ - INFO - Processing file: /Users/srvo/input_data/json_files/test0_research.json
2025-03-17 10:07:55,259 - __main__ - INFO - Successfully processed context for research: test0_research
2025-03-17 10:07:55,425 - __main__ - INFO - Successfully processed search queries for research: test0_research
2025-03-17 10:07:55,425 - __main__ - WARNING - No research results provided for research: test0_research
2025-03-17 10:07:55,426 - __main__ - INFO - Successfully processed file: /Users/srvo/input_data/json_files/test0_research.json
2025-03-17 10:07:55,427 - __main__ - INFO - Processing file: /Users/srvo/input_data/json_files/ahh_research.json
2025-03-17 10:07:55,807 - __main__ - INFO - Successfully processed context for research: ahh_research
2025-03-17 10:07:56,960 - __main__ - INFO - Successfully processed search queries for research: ahh_research
2025-03-17 10:07:57,512 - __main__ - INFO - Successfully processed research results for research: ahh_research
2025-03-17 10:07:57,512 - __main__ - INFO - Successfully processed file: /Users/srvo/input_data/json_files/ahh_research.json
2025-03-17 10:07:57,512 - __main__ - INFO - Processing file: /Users/srvo/input_data/json_files/phg_research.json
2025-03-17 10:07:57,868 - __main__ - INFO - Successfully processed context for research: phg_research
2025-03-17 10:07:58,573 - __main__ - INFO - Successfully processed search queries for research: phg_research
2025-03-17 10:07:59,667 - __main__ - INFO - Successfully processed research results for research: phg_research
2025-03-17 10:07:59,674 - __main__ - INFO - Successfully processed file: /Users/srvo/input_data/json_files/phg_research.json
2025-03-17 10:07:59,720 - __main__ - INFO - Processing file: /Users/srvo/input_data/json_files/uhs_research.json
2025-03-17 10:08:00,219 - __main__ - INFO - Successfully processed context for research: uhs_research
2025-03-17 10:08:01,043 - __main__ - INFO - Successfully processed search queries for research: uhs_research
2025-03-17 10:08:01,711 - __main__ - INFO - Successfully processed research results for research: uhs_research
2025-03-17 10:08:01,712 - __main__ - INFO - Successfully processed file: /Users/srvo/input_data/json_files/uhs_research.json
2025-03-17 10:08:01,712 - __main__ - INFO - Processing file: /Users/srvo/input_data/json_files/byddf_research.json
2025-03-17 10:08:03,076 - __main__ - INFO - Successfully processed context for research: byddf_research
2025-03-17 10:08:04,054 - __main__ - INFO - Successfully processed search queries for research: byddf_research
2025-03-17 10:08:04,853 - __main__ - INFO - Successfully processed research results for research: byddf_research
2025-03-17 10:08:04,855 - __main__ - INFO - Successfully processed file: /Users/srvo/input_data/json_files/byddf_research.json
2025-03-17 10:08:04,856 - __main__ - INFO - Processing file: /Users/srvo/input_data/json_files/cnm_research.json
2025-03-17 10:08:05,232 - __main__ - INFO - Successfully processed context for research: cnm_research
2025-03-17 10:08:06,426 - __main__ - INFO - Successfully processed search queries for research: cnm_research
2025-03-17 10:08:06,969 - __main__ - INFO - Successfully processed research results for research: cnm_research
2025-03-17 10:08:06,969 - __main__ - INFO - Successfully processed file: /Users/srvo/input_data/json_files/cnm_research.json
2025-03-17 10:08:06,969 - __main__ - INFO - Processing file: /Users/srvo/input_data/json_files/lii_research.json
2025-03-17 10:08:07,447 - __main__ - INFO - Successfully processed context for research: lii_research
2025-03-17 10:08:08,181 - __main__ - INFO - Successfully processed search queries for research: lii_research
2025-03-17 10:08:09,282 - __main__ - INFO - Successfully processed research results for research: lii_research
2025-03-17 10:08:09,322 - __main__ - INFO - Successfully processed file: /Users/srvo/input_data/json_files/lii_research.json
2025-03-17 10:08:09,327 - __main__ - INFO - Processing file: /Users/srvo/input_data/json_files/mli_research.json
2025-03-17 10:08:11,212 - __main__ - INFO - Successfully processed context for research: mli_research
2025-03-17 10:08:12,177 - __main__ - INFO - Successfully processed search queries for research: mli_research
2025-03-17 10:08:12,738 - __main__ - INFO - Successfully processed research results for research: mli_research
2025-03-17 10:08:12,738 - __main__ - INFO - Successfully processed file: /Users/srvo/input_data/json_files/mli_research.json
2025-03-17 10:08:12,739 - __main__ - INFO - Processing file: /Users/srvo/input_data/json_files/sbac_research.json
2025-03-17 10:08:13,311 - __main__ - INFO - Successfully processed context for research: sbac_research
2025-03-17 10:08:14,611 - __main__ - INFO - Successfully processed search queries for research: sbac_research
2025-03-17 10:08:15,338 - __main__ - INFO - Successfully processed research results for research: sbac_research
2025-03-17 10:08:15,339 - __main__ - INFO - Successfully processed file: /Users/srvo/input_data/json_files/sbac_research.json
2025-03-17 10:08:15,387 - __main__ - INFO - Processing file: /Users/srvo/input_data/json_files/tv_research.json
2025-03-17 10:08:16,389 - __main__ - INFO - Successfully processed context for research: tv_research
2025-03-17 10:08:17,118 - __main__ - INFO - Successfully processed search queries for research: tv_research
2025-03-17 10:08:18,654 - __main__ - INFO - Successfully processed research results for research: tv_research
2025-03-17 10:08:18,655 - __main__ - INFO - Successfully processed file: /Users/srvo/input_data/json_files/tv_research.json
2025-03-17 10:08:18,655 - __main__ - INFO - Processing file: /Users/srvo/input_data/json_files/yahoy_research.json
2025-03-17 10:08:19,026 - __main__ - INFO - Successfully processed context for research: yahoy_research
2025-03-17 10:08:19,870 - __main__ - INFO - Successfully processed search queries for research: yahoy_research
2025-03-17 10:08:20,418 - __main__ - INFO - Successfully processed research results for research: yahoy_research
2025-03-17 10:08:20,418 - __main__ - INFO - Successfully processed file: /Users/srvo/input_data/json_files/yahoy_research.json
2025-03-17 10:08:20,421 - __main__ - INFO - Processing file: /Users/srvo/input_data/json_files/shls_research.json
2025-03-17 10:08:20,889 - __main__ - INFO - Successfully processed context for research: shls_research
2025-03-17 10:08:22,187 - __main__ - INFO - Successfully processed search queries for research: shls_research
2025-03-17 10:08:22,842 - __main__ - INFO - Successfully processed research results for research: shls_research
2025-03-17 10:08:22,842 - __main__ - INFO - Successfully processed file: /Users/srvo/input_data/json_files/shls_research.json
2025-03-17 10:08:22,843 - __main__ - INFO - Processing file: /Users/srvo/input_data/json_files/phprf_research.json
2025-03-17 10:08:23,239 - __main__ - INFO - Successfully processed context for research: phprf_research
2025-03-17 10:08:24,261 - __main__ - INFO - Successfully processed search queries for research: phprf_research
2025-03-17 10:08:25,224 - __main__ - INFO - Successfully processed research results for research: phprf_research
2025-03-17 10:08:25,240 - __main__ - INFO - Successfully processed file: /Users/srvo/input_data/json_files/phprf_research.json
2025-03-17 10:08:25,266 - __main__ - INFO - Processing file: /Users/srvo/input_data/json_files/wbd_research.json
2025-03-17 10:08:26,163 - __main__ - INFO - Successfully processed context for research: wbd_research
2025-03-17 10:08:27,189 - __main__ - INFO - Successfully processed search queries for research: wbd_research
2025-03-17 10:08:27,920 - __main__ - INFO - Successfully processed research results for research: wbd_research
2025-03-17 10:08:27,920 - __main__ - INFO - Successfully processed file: /Users/srvo/input_data/json_files/wbd_research.json
2025-03-17 10:08:27,921 - __main__ - INFO - Processing file: /Users/srvo/input_data/json_files/nvri_research.json
2025-03-17 10:08:28,596 - __main__ - INFO - Successfully processed context for research: nvri_research
2025-03-17 10:08:29,998 - __main__ - INFO - Successfully processed search queries for research: nvri_research
2025-03-17 10:08:30,639 - __main__ - INFO - Successfully processed research results for research: nvri_research
2025-03-17 10:08:30,640 - __main__ - INFO - Successfully processed file: /Users/srvo/input_data/json_files/nvri_research.json
2025-03-17 10:08:30,640 - __main__ - INFO - Processing file: /Users/srvo/input_data/json_files/root_research.json
2025-03-17 10:08:31,117 - __main__ - INFO - Successfully processed context for research: root_research
2025-03-17 10:08:32,759 - __main__ - INFO - Successfully processed search queries for research: root_research
2025-03-17 10:08:34,194 - __main__ - INFO - Successfully processed research results for research: root_research
2025-03-17 10:08:34,195 - __main__ - INFO - Successfully processed file: /Users/srvo/input_data/json_files/root_research.json
2025-03-17 10:08:34,195 - __main__ - INFO - Processing file: /Users/srvo/input_data/json_files/ntdoy_research.json
2025-03-17 10:08:34,588 - __main__ - INFO - Successfully processed context for research: ntdoy_research
2025-03-17 10:08:34,783 - __main__ - INFO - Successfully processed search queries for research: ntdoy_research
2025-03-17 10:08:34,785 - __main__ - WARNING - No research results provided for research: ntdoy_research
2025-03-17 10:08:34,786 - __main__ - INFO - Successfully processed file: /Users/srvo/input_data/json_files/ntdoy_research.json
2025-03-17 10:08:34,786 - __main__ - INFO - Processing file: /Users/srvo/input_data/json_files/acgl_research.json
2025-03-17 10:08:35,318 - __main__ - INFO - Successfully processed context for research: acgl_research
2025-03-17 10:08:36,329 - __main__ - INFO - Successfully processed search queries for research: acgl_research
2025-03-17 10:08:37,413 - __main__ - INFO - Successfully processed research results for research: acgl_research
2025-03-17 10:08:37,415 - __main__ - INFO - Successfully processed file: /Users/srvo/input_data/json_files/acgl_research.json
2025-03-17 10:08:37,421 - __main__ - INFO - Processing file: /Users/srvo/input_data/json_files/meli_research.json
2025-03-17 10:08:37,889 - __main__ - INFO - Successfully processed context for research: meli_research
2025-03-17 10:08:38,016 - __main__ - INFO - Successfully processed search queries for research: meli_research
2025-03-17 10:08:38,016 - __main__ - WARNING - No research results provided for research: meli_research
2025-03-17 10:08:38,016 - __main__ - INFO - Successfully processed file: /Users/srvo/input_data/json_files/meli_research.json
2025-03-17 10:08:38,016 - __main__ - INFO - Processing file: /Users/srvo/input_data/json_files/pastf_research.json
2025-03-17 10:08:38,523 - __main__ - INFO - Successfully processed context for research: pastf_research
2025-03-17 10:08:40,503 - __main__ - INFO - Successfully processed search queries for research: pastf_research
2025-03-17 10:08:41,036 - __main__ - INFO - Successfully processed research results for research: pastf_research
2025-03-17 10:08:41,037 - __main__ - INFO - Successfully processed file: /Users/srvo/input_data/json_files/pastf_research.json
2025-03-17 10:08:41,042 - __main__ - INFO - Processing file: /Users/srvo/input_data/json_files/wina_research.json
2025-03-17 10:08:41,683 - __main__ - INFO - Successfully processed context for research: wina_research
2025-03-17 10:08:42,449 - __main__ - INFO - Successfully processed search queries for research: wina_research
2025-03-17 10:08:43,260 - __main__ - INFO - Successfully processed research results for research: wina_research
2025-03-17 10:08:43,261 - __main__ - INFO - Successfully processed file: /Users/srvo/input_data/json_files/wina_research.json
2025-03-17 10:08:43,264 - __main__ - INFO - Processing file: /Users/srvo/input_data/json_files/hum_research.json
2025-03-17 10:08:43,870 - __main__ - INFO - Successfully processed context for research: hum_research
2025-03-17 10:08:45,600 - __main__ - INFO - Successfully processed search queries for research: hum_research
2025-03-17 10:08:46,448 - __main__ - INFO - Successfully processed research results for research: hum_research
2025-03-17 10:08:46,449 - __main__ - INFO - Successfully processed file: /Users/srvo/input_data/json_files/hum_research.json
2025-03-17 10:08:46,456 - __main__ - INFO - Processing file: /Users/srvo/input_data/json_files/dnzof_research.json
2025-03-17 10:08:46,996 - __main__ - INFO - Successfully processed context for research: dnzof_research
2025-03-17 10:08:48,191 - __main__ - INFO - Successfully processed search queries for research: dnzof_research
2025-03-17 10:08:49,058 - __main__ - INFO - Successfully processed research results for research: dnzof_research
2025-03-17 10:08:49,061 - __main__ - INFO - Successfully processed file: /Users/srvo/input_data/json_files/dnzof_research.json
2025-03-17 10:08:49,065 - __main__ - INFO - Processing file: /Users/srvo/input_data/json_files/iipr_research.json
2025-03-17 10:08:49,541 - __main__ - INFO - Successfully processed context for research: iipr_research
2025-03-17 10:08:50,519 - __main__ - INFO - Successfully processed search queries for research: iipr_research
2025-03-17 10:08:51,330 - __main__ - INFO - Successfully processed research results for research: iipr_research
2025-03-17 10:08:51,331 - __main__ - INFO - Successfully processed file: /Users/srvo/input_data/json_files/iipr_research.json
2025-03-17 10:08:51,332 - __main__ - INFO - Processing file: /Users/srvo/input_data/json_files/esyjy_research.json
2025-03-17 10:08:52,061 - __main__ - INFO - Successfully processed context for research: esyjy_research
2025-03-17 10:08:54,342 - __main__ - INFO - Successfully processed search queries for research: esyjy_research
2025-03-17 10:08:54,888 - __main__ - INFO - Successfully processed research results for research: esyjy_research
2025-03-17 10:08:54,888 - __main__ - INFO - Successfully processed file: /Users/srvo/input_data/json_files/esyjy_research.json
2025-03-17 10:08:54,900 - __main__ - INFO - Processing file: /Users/srvo/input_data/json_files/dnngy_research.json
2025-03-17 10:08:55,309 - __main__ - INFO - Successfully processed context for research: dnngy_research
2025-03-17 10:08:56,207 - __main__ - INFO - Successfully processed search queries for research: dnngy_research
2025-03-17 10:08:58,382 - __main__ - INFO - Successfully processed research results for research: dnngy_research
2025-03-17 10:08:58,382 - __main__ - INFO - Successfully processed file: /Users/srvo/input_data/json_files/dnngy_research.json
2025-03-17 10:08:58,384 - __main__ - INFO - Processing file: /Users/srvo/input_data/json_files/ait_research.json
2025-03-17 10:08:58,935 - __main__ - INFO - Successfully processed context for research: ait_research
2025-03-17 10:08:59,905 - __main__ - INFO - Successfully processed search queries for research: ait_research
2025-03-17 10:09:00,519 - __main__ - INFO - Successfully processed research results for research: ait_research
2025-03-17 10:09:00,521 - __main__ - INFO - Successfully processed file: /Users/srvo/input_data/json_files/ait_research.json
2025-03-17 10:09:00,525 - __main__ - INFO - Processing file: /Users/srvo/input_data/json_files/iif_research.json
2025-03-17 10:09:01,468 - __main__ - INFO - Successfully processed context for research: iif_research
2025-03-17 10:09:02,320 - __main__ - INFO - Successfully processed search queries for research: iif_research
2025-03-17 10:09:03,045 - __main__ - INFO - Successfully processed research results for research: iif_research
2025-03-17 10:09:03,062 - __main__ - INFO - Successfully processed file: /Users/srvo/input_data/json_files/iif_research.json
2025-03-17 10:09:03,065 - __main__ - INFO - Processing file: /Users/srvo/input_data/json_files/thqqf_research.json
2025-03-17 10:09:03,417 - __main__ - INFO - Successfully processed context for research: thqqf_research
2025-03-17 10:09:04,195 - __main__ - INFO - Successfully processed search queries for research: thqqf_research
2025-03-17 10:09:05,076 - __main__ - INFO - Successfully processed research results for research: thqqf_research
2025-03-17 10:09:05,086 - __main__ - INFO - Successfully processed file: /Users/srvo/input_data/json_files/thqqf_research.json
2025-03-17 10:09:05,089 - __main__ - INFO - Processing file: /Users/srvo/input_data/json_files/fbasf_research.json
2025-03-17 10:09:05,446 - __main__ - INFO - Successfully processed context for research: fbasf_research
2025-03-17 10:09:06,222 - __main__ - INFO - Successfully processed search queries for research: fbasf_research
2025-03-17 10:09:08,377 - __main__ - INFO - Successfully processed research results for research: fbasf_research
2025-03-17 10:09:08,378 - __main__ - INFO - Successfully processed file: /Users/srvo/input_data/json_files/fbasf_research.json
2025-03-17 10:09:08,379 - __main__ - INFO - Processing file: /Users/srvo/input_data/json_files/caap_research.json
2025-03-17 10:09:08,788 - __main__ - INFO - Successfully processed context for research: caap_research
2025-03-17 10:09:09,541 - __main__ - INFO - Successfully processed search queries for research: caap_research
2025-03-17 10:09:10,166 - __main__ - INFO - Successfully processed research results for research: caap_research
2025-03-17 10:09:10,167 - __main__ - INFO - Successfully processed file: /Users/srvo/input_data/json_files/caap_research.json
2025-03-17 10:09:10,170 - __main__ - INFO - Processing file: /Users/srvo/input_data/json_files/nly_research.json
2025-03-17 10:09:10,707 - __main__ - INFO - Successfully processed context for research: nly_research
2025-03-17 10:09:12,063 - __main__ - INFO - Successfully processed search queries for research: nly_research
2025-03-17 10:09:12,664 - __main__ - INFO - Successfully processed research results for research: nly_research
2025-03-17 10:09:12,664 - __main__ - INFO - Successfully processed file: /Users/srvo/input_data/json_files/nly_research.json
2025-03-17 10:09:12,665 - __main__ - INFO - Processing file: /Users/srvo/input_data/json_files/itri_research.json
2025-03-17 10:09:13,071 - __main__ - INFO - Successfully processed context for research: itri_research
2025-03-17 10:09:13,918 - __main__ - INFO - Successfully processed search queries for research: itri_research
2025-03-17 10:09:15,112 - __main__ - INFO - Successfully processed research results for research: itri_research
2025-03-17 10:09:15,113 - __main__ - INFO - Successfully processed file: /Users/srvo/input_data/json_files/itri_research.json
2025-03-17 10:09:15,115 - __main__ - INFO - Processing file: /Users/srvo/input_data/json_files/dskif_research.json
2025-03-17 10:09:15,490 - __main__ - INFO - Successfully processed context for research: dskif_research
2025-03-17 10:09:16,328 - __main__ - INFO - Successfully processed search queries for research: dskif_research
2025-03-17 10:09:16,872 - __main__ - INFO - Successfully processed research results for research: dskif_research
2025-03-17 10:09:16,873 - __main__ - INFO - Successfully processed file: /Users/srvo/input_data/json_files/dskif_research.json
2025-03-17 10:09:16,873 - __main__ - INFO - Processing file: /Users/srvo/input_data/json_files/nlcp_research.json
2025-03-17 10:09:17,238 - __main__ - INFO - Successfully processed context for research: nlcp_research
2025-03-17 10:09:18,270 - __main__ - INFO - Successfully processed search queries for research: nlcp_research
2025-03-17 10:09:18,839 - __main__ - INFO - Successfully processed research results for research: nlcp_research
2025-03-17 10:09:18,842 - __main__ - INFO - Successfully processed file: /Users/srvo/input_data/json_files/nlcp_research.json
2025-03-17 10:09:18,844 - __main__ - INFO - Successfully processed 112 files in directory: /Users/srvo/input_data/json_files
2025-03-17 10:09:18,853 - __main__ - INFO - Script completed successfully
