2025-03-17 08:25:09,110 - __main__ - INFO - Successfully connected to MotherDuck database 'dewey'
2025-03-17 08:25:10,371 - __main__ - INFO - All required tables exist
2025-03-17 08:25:10,371 - __main__ - INFO - Processing directory: /Users/srvo/input_data/json_files
2025-03-17 08:25:10,443 - __main__ - INFO - Processing file: /Users/srvo/input_data/json_files/li_research.json
2025-03-17 08:25:10,842 - __main__ - ERROR - Error processing context for research li_research: Binder Error: Table "company_context" does not have a column with name "context_text"
2025-03-17 08:25:10,842 - __main__ - ERROR - Error processing file /Users/srvo/input_data/json_files/li_research.json: Binder Error: Table "company_context" does not have a column with name "context_text"
2025-03-17 08:25:10,842 - __main__ - ERROR - Error processing file /Users/srvo/input_data/json_files/li_research.json: Binder Error: Table "company_context" does not have a column with name "context_text"
2025-03-17 08:25:10,842 - __main__ - INFO - Processing file: /Users/srvo/input_data/json_files/ttek_research.json
2025-03-17 08:25:11,255 - __main__ - ERROR - Error processing context for research ttek_research: Binder Error: Table "company_context" does not have a column with name "context_text"
2025-03-17 08:25:11,255 - __main__ - ERROR - Error processing file /Users/srvo/input_data/json_files/ttek_research.json: Binder Error: Table "company_context" does not have a column with name "context_text"
2025-03-17 08:25:11,255 - __main__ - ERROR - Error processing file /Users/srvo/input_data/json_files/ttek_research.json: Binder Error: Table "company_context" does not have a column with name "context_text"
2025-03-17 08:25:11,255 - __main__ - INFO - Processing file: /Users/srvo/input_data/json_files/elf_research.json
2025-03-17 08:25:11,695 - __main__ - ERROR - Error processing context for research elf_research: Binder Error: Table "company_context" does not have a column with name "context_text"
2025-03-17 08:25:11,695 - __main__ - ERROR - Error processing file /Users/srvo/input_data/json_files/elf_research.json: Binder Error: Table "company_context" does not have a column with name "context_text"
2025-03-17 08:25:11,695 - __main__ - ERROR - Error processing file /Users/srvo/input_data/json_files/elf_research.json: Binder Error: Table "company_context" does not have a column with name "context_text"
2025-03-17 08:25:11,696 - __main__ - INFO - Processing file: /Users/srvo/input_data/json_files/pbp_research.json
2025-03-17 08:25:12,071 - __main__ - ERROR - Error processing context for research pbp_research: Binder Error: Table "company_context" does not have a column with name "context_text"
2025-03-17 08:25:12,071 - __main__ - ERROR - Error processing file /Users/srvo/input_data/json_files/pbp_research.json: Binder Error: Table "company_context" does not have a column with name "context_text"
2025-03-17 08:25:12,071 - __main__ - ERROR - Error processing file /Users/srvo/input_data/json_files/pbp_research.json: Binder Error: Table "company_context" does not have a column with name "context_text"
2025-03-17 08:25:12,071 - __main__ - INFO - Processing file: /Users/srvo/input_data/json_files/vtr_research.json
2025-03-17 08:25:12,513 - __main__ - ERROR - Error processing context for research vtr_research: Binder Error: Table "company_context" does not have a column with name "context_text"
2025-03-17 08:25:12,513 - __main__ - ERROR - Error processing file /Users/srvo/input_data/json_files/vtr_research.json: Binder Error: Table "company_context" does not have a column with name "context_text"
2025-03-17 08:25:12,513 - __main__ - ERROR - Error processing file /Users/srvo/input_data/json_files/vtr_research.json: Binder Error: Table "company_context" does not have a column with name "context_text"
2025-03-17 08:25:12,513 - __main__ - INFO - Processing file: /Users/srvo/input_data/json_files/duol_research.json
2025-03-17 08:25:12,923 - __main__ - ERROR - Error processing context for research duol_research: Binder Error: Table "company_context" does not have a column with name "context_text"
2025-03-17 08:25:12,924 - __main__ - ERROR - Error processing file /Users/srvo/input_data/json_files/duol_research.json: Binder Error: Table "company_context" does not have a column with name "context_text"
2025-03-17 08:25:12,924 - __main__ - ERROR - Error processing file /Users/srvo/input_data/json_files/duol_research.json: Binder Error: Table "company_context" does not have a column with name "context_text"
2025-03-17 08:25:12,924 - __main__ - INFO - Processing file: /Users/srvo/input_data/json_files/kegn_research.json
2025-03-17 08:25:13,307 - __main__ - ERROR - Error processing context for research kegn_research: Binder Error: Table "company_context" does not have a column with name "context_text"
2025-03-17 08:25:13,307 - __main__ - ERROR - Error processing file /Users/srvo/input_data/json_files/kegn_research.json: Binder Error: Table "company_context" does not have a column with name "context_text"
2025-03-17 08:25:13,307 - __main__ - ERROR - Error processing file /Users/srvo/input_data/json_files/kegn_research.json: Binder Error: Table "company_context" does not have a column with name "context_text"
2025-03-17 08:25:13,307 - __main__ - INFO - Processing file: /Users/srvo/input_data/json_files/qcom_research.json
2025-03-17 08:25:13,757 - __main__ - ERROR - Error processing context for research qcom_research: Binder Error: Table "company_context" does not have a column with name "context_text"
2025-03-17 08:25:13,757 - __main__ - ERROR - Error processing file /Users/srvo/input_data/json_files/qcom_research.json: Binder Error: Table "company_context" does not have a column with name "context_text"
2025-03-17 08:25:13,757 - __main__ - ERROR - Error processing file /Users/srvo/input_data/json_files/qcom_research.json: Binder Error: Table "company_context" does not have a column with name "context_text"
2025-03-17 08:25:13,757 - __main__ - INFO - Processing file: /Users/srvo/input_data/json_files/trmb_research.json
2025-03-17 08:25:14,201 - __main__ - ERROR - Error processing context for research trmb_research: Binder Error: Table "company_context" does not have a column with name "context_text"
2025-03-17 08:25:14,201 - __main__ - ERROR - Error processing file /Users/srvo/input_data/json_files/trmb_research.json: Binder Error: Table "company_context" does not have a column with name "context_text"
2025-03-17 08:25:14,201 - __main__ - ERROR - Error processing file /Users/srvo/input_data/json_files/trmb_research.json: Binder Error: Table "company_context" does not have a column with name "context_text"
2025-03-17 08:25:14,201 - __main__ - INFO - Processing file: /Users/srvo/input_data/json_files/ddog_research.json
2025-03-17 08:25:14,612 - __main__ - ERROR - Error processing context for research ddog_research: Binder Error: Table "company_context" does not have a column with name "context_text"
2025-03-17 08:25:14,612 - __main__ - ERROR - Error processing file /Users/srvo/input_data/json_files/ddog_research.json: Binder Error: Table "company_context" does not have a column with name "context_text"
2025-03-17 08:25:14,612 - __main__ - ERROR - Error processing file /Users/srvo/input_data/json_files/ddog_research.json: Binder Error: Table "company_context" does not have a column with name "context_text"
2025-03-17 08:25:14,612 - __main__ - INFO - Processing file: /Users/srvo/input_data/json_files/htgc_research.json
2025-03-17 08:25:15,053 - __main__ - ERROR - Error processing context for research htgc_research: Binder Error: Table "company_context" does not have a column with name "context_text"
2025-03-17 08:25:15,054 - __main__ - ERROR - Error processing file /Users/srvo/input_data/json_files/htgc_research.json: Binder Error: Table "company_context" does not have a column with name "context_text"
2025-03-17 08:25:15,054 - __main__ - ERROR - Error processing file /Users/srvo/input_data/json_files/htgc_research.json: Binder Error: Table "company_context" does not have a column with name "context_text"
2025-03-17 08:25:15,054 - __main__ - INFO - Processing file: /Users/srvo/input_data/json_files/pwr_research.json
2025-03-17 08:25:15,467 - __main__ - ERROR - Error processing context for research pwr_research: Binder Error: Table "company_context" does not have a column with name "context_text"
2025-03-17 08:25:15,467 - __main__ - ERROR - Error processing file /Users/srvo/input_data/json_files/pwr_research.json: Binder Error: Table "company_context" does not have a column with name "context_text"
2025-03-17 08:25:15,467 - __main__ - ERROR - Error processing file /Users/srvo/input_data/json_files/pwr_research.json: Binder Error: Table "company_context" does not have a column with name "context_text"
2025-03-17 08:25:15,468 - __main__ - INFO - Processing file: /Users/srvo/input_data/json_files/shmcf_research.json
2025-03-17 08:25:15,910 - __main__ - ERROR - Error processing context for research shmcf_research: Binder Error: Table "company_context" does not have a column with name "context_text"
2025-03-17 08:25:15,910 - __main__ - ERROR - Error processing file /Users/srvo/input_data/json_files/shmcf_research.json: Binder Error: Table "company_context" does not have a column with name "context_text"
2025-03-17 08:25:15,910 - __main__ - ERROR - Error processing file /Users/srvo/input_data/json_files/shmcf_research.json: Binder Error: Table "company_context" does not have a column with name "context_text"
2025-03-17 08:25:15,910 - __main__ - INFO - Processing file: /Users/srvo/input_data/json_files/beez_research.json
2025-03-17 08:25:16,325 - __main__ - ERROR - Error processing context for research beez_research: Binder Error: Table "company_context" does not have a column with name "context_text"
2025-03-17 08:25:16,325 - __main__ - ERROR - Error processing file /Users/srvo/input_data/json_files/beez_research.json: Binder Error: Table "company_context" does not have a column with name "context_text"
2025-03-17 08:25:16,325 - __main__ - ERROR - Error processing file /Users/srvo/input_data/json_files/beez_research.json: Binder Error: Table "company_context" does not have a column with name "context_text"
2025-03-17 08:25:16,325 - __main__ - INFO - Processing file: /Users/srvo/input_data/json_files/isnpy_research.json
2025-03-17 08:25:16,696 - __main__ - ERROR - Error processing context for research isnpy_research: Binder Error: Table "company_context" does not have a column with name "context_text"
2025-03-17 08:25:16,697 - __main__ - ERROR - Error processing file /Users/srvo/input_data/json_files/isnpy_research.json: Binder Error: Table "company_context" does not have a column with name "context_text"
2025-03-17 08:25:16,697 - __main__ - ERROR - Error processing file /Users/srvo/input_data/json_files/isnpy_research.json: Binder Error: Table "company_context" does not have a column with name "context_text"
2025-03-17 08:25:16,697 - __main__ - INFO - Processing file: /Users/srvo/input_data/json_files/akblf_research.json
2025-03-17 08:25:17,068 - __main__ - ERROR - Error processing context for research akblf_research: Binder Error: Table "company_context" does not have a column with name "context_text"
2025-03-17 08:25:17,068 - __main__ - ERROR - Error processing file /Users/srvo/input_data/json_files/akblf_research.json: Binder Error: Table "company_context" does not have a column with name "context_text"
2025-03-17 08:25:17,068 - __main__ - ERROR - Error processing file /Users/srvo/input_data/json_files/akblf_research.json: Binder Error: Table "company_context" does not have a column with name "context_text"
2025-03-17 08:25:17,068 - __main__ - INFO - Processing file: /Users/srvo/input_data/json_files/are_research.json
2025-03-17 08:25:17,451 - __main__ - ERROR - Error processing context for research are_research: Binder Error: Table "company_context" does not have a column with name "context_text"
2025-03-17 08:25:17,451 - __main__ - ERROR - Error processing file /Users/srvo/input_data/json_files/are_research.json: Binder Error: Table "company_context" does not have a column with name "context_text"
2025-03-17 08:25:17,451 - __main__ - ERROR - Error processing file /Users/srvo/input_data/json_files/are_research.json: Binder Error: Table "company_context" does not have a column with name "context_text"
2025-03-17 08:25:17,451 - __main__ - INFO - Processing file: /Users/srvo/input_data/json_files/skm_research.json
2025-03-17 08:25:17,896 - __main__ - ERROR - Error processing context for research skm_research: Binder Error: Table "company_context" does not have a column with name "context_text"
2025-03-17 08:25:17,896 - __main__ - ERROR - Error processing file /Users/srvo/input_data/json_files/skm_research.json: Binder Error: Table "company_context" does not have a column with name "context_text"
2025-03-17 08:25:17,896 - __main__ - ERROR - Error processing file /Users/srvo/input_data/json_files/skm_research.json: Binder Error: Table "company_context" does not have a column with name "context_text"
2025-03-17 08:25:17,896 - __main__ - INFO - Processing file: /Users/srvo/input_data/json_files/amx_research.json
2025-03-17 08:25:18,385 - __main__ - ERROR - Error processing context for research amx_research: Binder Error: Table "company_context" does not have a column with name "context_text"
2025-03-17 08:25:18,385 - __main__ - ERROR - Error processing file /Users/srvo/input_data/json_files/amx_research.json: Binder Error: Table "company_context" does not have a column with name "context_text"
2025-03-17 08:25:18,385 - __main__ - ERROR - Error processing file /Users/srvo/input_data/json_files/amx_research.json: Binder Error: Table "company_context" does not have a column with name "context_text"
2025-03-17 08:25:18,385 - __main__ - INFO - Processing file: /Users/srvo/input_data/json_files/hafc_research.json
2025-03-17 08:25:18,825 - __main__ - ERROR - Error processing context for research hafc_research: Binder Error: Table "company_context" does not have a column with name "context_text"
2025-03-17 08:25:18,825 - __main__ - ERROR - Error processing file /Users/srvo/input_data/json_files/hafc_research.json: Binder Error: Table "company_context" does not have a column with name "context_text"
2025-03-17 08:25:18,825 - __main__ - ERROR - Error processing file /Users/srvo/input_data/json_files/hafc_research.json: Binder Error: Table "company_context" does not have a column with name "context_text"
2025-03-17 08:25:18,825 - __main__ - INFO - Processing file: /Users/srvo/input_data/json_files/crox_research.json
2025-03-17 08:25:19,202 - __main__ - ERROR - Error processing context for research crox_research: Binder Error: Table "company_context" does not have a column with name "context_text"
2025-03-17 08:25:19,202 - __main__ - ERROR - Error processing file /Users/srvo/input_data/json_files/crox_research.json: Binder Error: Table "company_context" does not have a column with name "context_text"
2025-03-17 08:25:19,202 - __main__ - ERROR - Error processing file /Users/srvo/input_data/json_files/crox_research.json: Binder Error: Table "company_context" does not have a column with name "context_text"
2025-03-17 08:25:19,203 - __main__ - INFO - Processing file: /Users/srvo/input_data/json_files/qcrh_research.json
2025-03-17 08:25:19,603 - __main__ - ERROR - Error processing context for research qcrh_research: Binder Error: Table "company_context" does not have a column with name "context_text"
2025-03-17 08:25:19,603 - __main__ - ERROR - Error processing file /Users/srvo/input_data/json_files/qcrh_research.json: Binder Error: Table "company_context" does not have a column with name "context_text"
2025-03-17 08:25:19,603 - __main__ - ERROR - Error processing file /Users/srvo/input_data/json_files/qcrh_research.json: Binder Error: Table "company_context" does not have a column with name "context_text"
2025-03-17 08:25:19,603 - __main__ - INFO - Processing file: /Users/srvo/input_data/json_files/brx_research.json
2025-03-17 08:25:20,045 - __main__ - ERROR - Error processing context for research brx_research: Binder Error: Table "company_context" does not have a column with name "context_text"
2025-03-17 08:25:20,045 - __main__ - ERROR - Error processing file /Users/srvo/input_data/json_files/brx_research.json: Binder Error: Table "company_context" does not have a column with name "context_text"
2025-03-17 08:25:20,045 - __main__ - ERROR - Error processing file /Users/srvo/input_data/json_files/brx_research.json: Binder Error: Table "company_context" does not have a column with name "context_text"
2025-03-17 08:25:20,045 - __main__ - INFO - Processing file: /Users/srvo/input_data/json_files/cdns_research.json
2025-03-17 08:25:20,423 - __main__ - ERROR - Error processing context for research cdns_research: Binder Error: Table "company_context" does not have a column with name "context_text"
2025-03-17 08:25:20,423 - __main__ - ERROR - Error processing file /Users/srvo/input_data/json_files/cdns_research.json: Binder Error: Table "company_context" does not have a column with name "context_text"
2025-03-17 08:25:20,423 - __main__ - ERROR - Error processing file /Users/srvo/input_data/json_files/cdns_research.json: Binder Error: Table "company_context" does not have a column with name "context_text"
2025-03-17 08:25:20,423 - __main__ - INFO - Processing file: /Users/srvo/input_data/json_files/wire_research.json
2025-03-17 08:25:20,835 - __main__ - ERROR - Error processing context for research wire_research: Binder Error: Table "company_context" does not have a column with name "context_text"
2025-03-17 08:25:20,835 - __main__ - ERROR - Error processing file /Users/srvo/input_data/json_files/wire_research.json: Binder Error: Table "company_context" does not have a column with name "context_text"
2025-03-17 08:25:20,835 - __main__ - ERROR - Error processing file /Users/srvo/input_data/json_files/wire_research.json: Binder Error: Table "company_context" does not have a column with name "context_text"
2025-03-17 08:25:20,836 - __main__ - INFO - Processing file: /Users/srvo/input_data/json_files/aweg_research.json
2025-03-17 08:25:21,284 - __main__ - ERROR - Error processing context for research aweg_research: Binder Error: Table "company_context" does not have a column with name "context_text"
2025-03-17 08:25:21,284 - __main__ - ERROR - Error processing file /Users/srvo/input_data/json_files/aweg_research.json: Binder Error: Table "company_context" does not have a column with name "context_text"
2025-03-17 08:25:21,284 - __main__ - ERROR - Error processing file /Users/srvo/input_data/json_files/aweg_research.json: Binder Error: Table "company_context" does not have a column with name "context_text"
2025-03-17 08:25:21,284 - __main__ - INFO - Processing file: /Users/srvo/input_data/json_files/ccb_research.json
2025-03-17 08:25:21,730 - __main__ - ERROR - Error processing context for research ccb_research: Binder Error: Table "company_context" does not have a column with name "context_text"
2025-03-17 08:25:21,731 - __main__ - ERROR - Error processing file /Users/srvo/input_data/json_files/ccb_research.json: Binder Error: Table "company_context" does not have a column with name "context_text"
2025-03-17 08:25:21,731 - __main__ - ERROR - Error processing file /Users/srvo/input_data/json_files/ccb_research.json: Binder Error: Table "company_context" does not have a column with name "context_text"
2025-03-17 08:25:21,731 - __main__ - INFO - Processing file: /Users/srvo/input_data/json_files/vcisy_research.json
2025-03-17 08:25:22,143 - __main__ - ERROR - Error processing context for research vcisy_research: Binder Error: Table "company_context" does not have a column with name "context_text"
2025-03-17 08:25:22,143 - __main__ - ERROR - Error processing file /Users/srvo/input_data/json_files/vcisy_research.json: Binder Error: Table "company_context" does not have a column with name "context_text"
2025-03-17 08:25:22,143 - __main__ - ERROR - Error processing file /Users/srvo/input_data/json_files/vcisy_research.json: Binder Error: Table "company_context" does not have a column with name "context_text"
2025-03-17 08:25:22,143 - __main__ - INFO - Processing file: /Users/srvo/input_data/json_files/test1_research.json
2025-03-17 08:25:22,542 - __main__ - ERROR - Error processing context for research test1_research: Binder Error: Table "company_context" does not have a column with name "context_text"
2025-03-17 08:25:22,542 - __main__ - ERROR - Error processing file /Users/srvo/input_data/json_files/test1_research.json: Binder Error: Table "company_context" does not have a column with name "context_text"
2025-03-17 08:25:22,542 - __main__ - ERROR - Error processing file /Users/srvo/input_data/json_files/test1_research.json: Binder Error: Table "company_context" does not have a column with name "context_text"
2025-03-17 08:25:22,542 - __main__ - INFO - Processing file: /Users/srvo/input_data/json_files/cmco_research.json
2025-03-17 08:25:22,915 - __main__ - ERROR - Error processing context for research cmco_research: Binder Error: Table "company_context" does not have a column with name "context_text"
2025-03-17 08:25:22,915 - __main__ - ERROR - Error processing file /Users/srvo/input_data/json_files/cmco_research.json: Binder Error: Table "company_context" does not have a column with name "context_text"
2025-03-17 08:25:22,915 - __main__ - ERROR - Error processing file /Users/srvo/input_data/json_files/cmco_research.json: Binder Error: Table "company_context" does not have a column with name "context_text"
2025-03-17 08:25:22,915 - __main__ - INFO - Processing file: /Users/srvo/input_data/json_files/asml_research.json
2025-03-17 08:25:23,357 - __main__ - ERROR - Error processing context for research asml_research: Binder Error: Table "company_context" does not have a column with name "context_text"
2025-03-17 08:25:23,357 - __main__ - ERROR - Error processing file /Users/srvo/input_data/json_files/asml_research.json: Binder Error: Table "company_context" does not have a column with name "context_text"
2025-03-17 08:25:23,357 - __main__ - ERROR - Error processing file /Users/srvo/input_data/json_files/asml_research.json: Binder Error: Table "company_context" does not have a column with name "context_text"
2025-03-17 08:25:23,357 - __main__ - INFO - Processing file: /Users/srvo/input_data/json_files/agm_research.json
2025-03-17 08:25:23,713 - __main__ - ERROR - Error processing context for research agm_research: Binder Error: Table "company_context" does not have a column with name "context_text"
2025-03-17 08:25:23,713 - __main__ - ERROR - Error processing file /Users/srvo/input_data/json_files/agm_research.json: Binder Error: Table "company_context" does not have a column with name "context_text"
2025-03-17 08:25:23,713 - __main__ - ERROR - Error processing file /Users/srvo/input_data/json_files/agm_research.json: Binder Error: Table "company_context" does not have a column with name "context_text"
2025-03-17 08:25:23,714 - __main__ - INFO - Processing file: /Users/srvo/input_data/json_files/tclaf_research.json
2025-03-17 08:25:24,089 - __main__ - ERROR - Error processing context for research tclaf_research: Binder Error: Table "company_context" does not have a column with name "context_text"
2025-03-17 08:25:24,089 - __main__ - ERROR - Error processing file /Users/srvo/input_data/json_files/tclaf_research.json: Binder Error: Table "company_context" does not have a column with name "context_text"
2025-03-17 08:25:24,089 - __main__ - ERROR - Error processing file /Users/srvo/input_data/json_files/tclaf_research.json: Binder Error: Table "company_context" does not have a column with name "context_text"
2025-03-17 08:25:24,089 - __main__ - INFO - Processing file: /Users/srvo/input_data/json_files/agx_research.json
2025-03-17 08:25:24,462 - __main__ - ERROR - Error processing context for research agx_research: Binder Error: Table "company_context" does not have a column with name "context_text"
2025-03-17 08:25:24,462 - __main__ - ERROR - Error processing file /Users/srvo/input_data/json_files/agx_research.json: Binder Error: Table "company_context" does not have a column with name "context_text"
2025-03-17 08:25:24,462 - __main__ - ERROR - Error processing file /Users/srvo/input_data/json_files/agx_research.json: Binder Error: Table "company_context" does not have a column with name "context_text"
2025-03-17 08:25:24,462 - __main__ - INFO - Processing file: /Users/srvo/input_data/json_files/ingr_research.json
2025-03-17 08:25:24,891 - __main__ - ERROR - Error processing context for research ingr_research: Binder Error: Table "company_context" does not have a column with name "context_text"
2025-03-17 08:25:24,891 - __main__ - ERROR - Error processing file /Users/srvo/input_data/json_files/ingr_research.json: Binder Error: Table "company_context" does not have a column with name "context_text"
2025-03-17 08:25:24,891 - __main__ - ERROR - Error processing file /Users/srvo/input_data/json_files/ingr_research.json: Binder Error: Table "company_context" does not have a column with name "context_text"
2025-03-17 08:25:24,891 - __main__ - INFO - Processing file: /Users/srvo/input_data/json_files/ora_research.json
2025-03-17 08:25:25,329 - __main__ - ERROR - Error processing context for research ora_research: Binder Error: Table "company_context" does not have a column with name "context_text"
2025-03-17 08:25:25,329 - __main__ - ERROR - Error processing file /Users/srvo/input_data/json_files/ora_research.json: Binder Error: Table "company_context" does not have a column with name "context_text"
2025-03-17 08:25:25,329 - __main__ - ERROR - Error processing file /Users/srvo/input_data/json_files/ora_research.json: Binder Error: Table "company_context" does not have a column with name "context_text"
2025-03-17 08:25:25,329 - __main__ - INFO - Processing file: /Users/srvo/input_data/json_files/bdory_research.json
2025-03-17 08:25:25,699 - __main__ - ERROR - Error processing context for research bdory_research: Binder Error: Table "company_context" does not have a column with name "context_text"
2025-03-17 08:25:25,700 - __main__ - ERROR - Error processing file /Users/srvo/input_data/json_files/bdory_research.json: Binder Error: Table "company_context" does not have a column with name "context_text"
2025-03-17 08:25:25,700 - __main__ - ERROR - Error processing file /Users/srvo/input_data/json_files/bdory_research.json: Binder Error: Table "company_context" does not have a column with name "context_text"
2025-03-17 08:25:25,700 - __main__ - INFO - Processing file: /Users/srvo/input_data/json_files/hdsn_research.json
2025-03-17 08:25:26,143 - __main__ - ERROR - Error processing context for research hdsn_research: Binder Error: Table "company_context" does not have a column with name "context_text"
2025-03-17 08:25:26,143 - __main__ - ERROR - Error processing file /Users/srvo/input_data/json_files/hdsn_research.json: Binder Error: Table "company_context" does not have a column with name "context_text"
2025-03-17 08:25:26,143 - __main__ - ERROR - Error processing file /Users/srvo/input_data/json_files/hdsn_research.json: Binder Error: Table "company_context" does not have a column with name "context_text"
2025-03-17 08:25:26,143 - __main__ - INFO - Processing file: /Users/srvo/input_data/json_files/bfs_research.json
2025-03-17 08:25:26,583 - __main__ - ERROR - Error processing context for research bfs_research: Binder Error: Table "company_context" does not have a column with name "context_text"
2025-03-17 08:25:26,584 - __main__ - ERROR - Error processing file /Users/srvo/input_data/json_files/bfs_research.json: Binder Error: Table "company_context" does not have a column with name "context_text"
2025-03-17 08:25:26,584 - __main__ - ERROR - Error processing file /Users/srvo/input_data/json_files/bfs_research.json: Binder Error: Table "company_context" does not have a column with name "context_text"
2025-03-17 08:25:26,584 - __main__ - INFO - Processing file: /Users/srvo/input_data/json_files/rng_research.json
2025-03-17 08:25:27,027 - __main__ - ERROR - Error processing context for research rng_research: Binder Error: Table "company_context" does not have a column with name "context_text"
2025-03-17 08:25:27,028 - __main__ - ERROR - Error processing file /Users/srvo/input_data/json_files/rng_research.json: Binder Error: Table "company_context" does not have a column with name "context_text"
2025-03-17 08:25:27,028 - __main__ - ERROR - Error processing file /Users/srvo/input_data/json_files/rng_research.json: Binder Error: Table "company_context" does not have a column with name "context_text"
2025-03-17 08:25:27,028 - __main__ - INFO - Processing file: /Users/srvo/input_data/json_files/mcy_research.json
2025-03-17 08:25:27,454 - __main__ - ERROR - Error processing context for research mcy_research: Binder Error: Table "company_context" does not have a column with name "context_text"
2025-03-17 08:25:27,455 - __main__ - ERROR - Error processing file /Users/srvo/input_data/json_files/mcy_research.json: Binder Error: Table "company_context" does not have a column with name "context_text"
2025-03-17 08:25:27,455 - __main__ - ERROR - Error processing file /Users/srvo/input_data/json_files/mcy_research.json: Binder Error: Table "company_context" does not have a column with name "context_text"
2025-03-17 08:25:27,455 - __main__ - INFO - Processing file: /Users/srvo/input_data/json_files/tcehy_research.json
2025-03-17 08:25:27,899 - __main__ - ERROR - Error processing context for research tcehy_research: Binder Error: Table "company_context" does not have a column with name "context_text"
2025-03-17 08:25:27,900 - __main__ - ERROR - Error processing file /Users/srvo/input_data/json_files/tcehy_research.json: Binder Error: Table "company_context" does not have a column with name "context_text"
2025-03-17 08:25:27,900 - __main__ - ERROR - Error processing file /Users/srvo/input_data/json_files/tcehy_research.json: Binder Error: Table "company_context" does not have a column with name "context_text"
2025-03-17 08:25:27,900 - __main__ - INFO - Processing file: /Users/srvo/input_data/json_files/fgroy_research.json
2025-03-17 08:25:29,005 - __main__ - ERROR - Error processing context for research fgroy_research: Binder Error: Table "company_context" does not have a column with name "context_text"
2025-03-17 08:25:29,005 - __main__ - ERROR - Error processing file /Users/srvo/input_data/json_files/fgroy_research.json: Binder Error: Table "company_context" does not have a column with name "context_text"
2025-03-17 08:25:29,005 - __main__ - ERROR - Error processing file /Users/srvo/input_data/json_files/fgroy_research.json: Binder Error: Table "company_context" does not have a column with name "context_text"
2025-03-17 08:25:29,005 - __main__ - INFO - Processing file: /Users/srvo/input_data/json_files/lqdt_research.json
