2025-03-17 10:00:47,543 - __main__ - INFO - Successfully connected to MotherDuck database 'dewey'
2025-03-17 10:00:49,045 - __main__ - INFO - All required tables exist
2025-03-17 10:00:49,045 - __main__ - INFO - Processing directory: /Users/srvo/input_data/json_files
2025-03-17 10:00:49,127 - __main__ - INFO - Processing file: /Users/srvo/input_data/json_files/li_research.json
2025-03-17 10:00:49,596 - __main__ - ERROR - Error processing context for research li_research: Binder Error: Table "company_context" does not have a column with name "context_text"
2025-03-17 10:00:49,598 - __main__ - ERROR - Error processing file /Users/srvo/input_data/json_files/li_research.json: Binder Error: Table "company_context" does not have a column with name "context_text"
2025-03-17 10:00:49,598 - __main__ - ERROR - Error processing file /Users/srvo/input_data/json_files/li_research.json: Binder Error: Table "company_context" does not have a column with name "context_text"
2025-03-17 10:00:49,598 - __main__ - INFO - Processing file: /Users/srvo/input_data/json_files/ttek_research.json
2025-03-17 10:00:50,087 - __main__ - ERROR - Error processing context for research ttek_research: Binder Error: Table "company_context" does not have a column with name "context_text"
2025-03-17 10:00:50,087 - __main__ - ERROR - Error processing file /Users/srvo/input_data/json_files/ttek_research.json: Binder Error: Table "company_context" does not have a column with name "context_text"
2025-03-17 10:00:50,087 - __main__ - ERROR - Error processing file /Users/srvo/input_data/json_files/ttek_research.json: Binder Error: Table "company_context" does not have a column with name "context_text"
2025-03-17 10:00:50,087 - __main__ - INFO - Processing file: /Users/srvo/input_data/json_files/elf_research.json
2025-03-17 10:00:50,614 - __main__ - ERROR - Error processing context for research elf_research: Binder Error: Table "company_context" does not have a column with name "context_text"
2025-03-17 10:00:50,615 - __main__ - ERROR - Error processing file /Users/srvo/input_data/json_files/elf_research.json: Binder Error: Table "company_context" does not have a column with name "context_text"
2025-03-17 10:00:50,616 - __main__ - ERROR - Error processing file /Users/srvo/input_data/json_files/elf_research.json: Binder Error: Table "company_context" does not have a column with name "context_text"
2025-03-17 10:00:50,617 - __main__ - INFO - Processing file: /Users/srvo/input_data/json_files/pbp_research.json
2025-03-17 10:00:51,033 - __main__ - ERROR - Error processing context for research pbp_research: Binder Error: Table "company_context" does not have a column with name "context_text"
2025-03-17 10:00:51,034 - __main__ - ERROR - Error processing file /Users/srvo/input_data/json_files/pbp_research.json: Binder Error: Table "company_context" does not have a column with name "context_text"
2025-03-17 10:00:51,034 - __main__ - ERROR - Error processing file /Users/srvo/input_data/json_files/pbp_research.json: Binder Error: Table "company_context" does not have a column with name "context_text"
2025-03-17 10:00:51,034 - __main__ - INFO - Processing file: /Users/srvo/input_data/json_files/vtr_research.json
2025-03-17 10:00:51,435 - __main__ - ERROR - Error processing context for research vtr_research: Binder Error: Table "company_context" does not have a column with name "context_text"
2025-03-17 10:00:51,435 - __main__ - ERROR - Error processing file /Users/srvo/input_data/json_files/vtr_research.json: Binder Error: Table "company_context" does not have a column with name "context_text"
2025-03-17 10:00:51,435 - __main__ - ERROR - Error processing file /Users/srvo/input_data/json_files/vtr_research.json: Binder Error: Table "company_context" does not have a column with name "context_text"
2025-03-17 10:00:51,435 - __main__ - INFO - Processing file: /Users/srvo/input_data/json_files/duol_research.json
2025-03-17 10:00:51,936 - __main__ - ERROR - Error processing context for research duol_research: Binder Error: Table "company_context" does not have a column with name "context_text"
2025-03-17 10:00:51,936 - __main__ - ERROR - Error processing file /Users/srvo/input_data/json_files/duol_research.json: Binder Error: Table "company_context" does not have a column with name "context_text"
2025-03-17 10:00:51,936 - __main__ - ERROR - Error processing file /Users/srvo/input_data/json_files/duol_research.json: Binder Error: Table "company_context" does not have a column with name "context_text"
2025-03-17 10:00:51,936 - __main__ - INFO - Processing file: /Users/srvo/input_data/json_files/kegn_research.json
2025-03-17 10:00:52,444 - __main__ - ERROR - Error processing context for research kegn_research: Binder Error: Table "company_context" does not have a column with name "context_text"
2025-03-17 10:00:52,444 - __main__ - ERROR - Error processing file /Users/srvo/input_data/json_files/kegn_research.json: Binder Error: Table "company_context" does not have a column with name "context_text"
2025-03-17 10:00:52,444 - __main__ - ERROR - Error processing file /Users/srvo/input_data/json_files/kegn_research.json: Binder Error: Table "company_context" does not have a column with name "context_text"
2025-03-17 10:00:52,444 - __main__ - INFO - Processing file: /Users/srvo/input_data/json_files/qcom_research.json
2025-03-17 10:00:53,052 - __main__ - ERROR - Error processing context for research qcom_research: Binder Error: Table "company_context" does not have a column with name "context_text"
2025-03-17 10:00:53,053 - __main__ - ERROR - Error processing file /Users/srvo/input_data/json_files/qcom_research.json: Binder Error: Table "company_context" does not have a column with name "context_text"
2025-03-17 10:00:53,053 - __main__ - ERROR - Error processing file /Users/srvo/input_data/json_files/qcom_research.json: Binder Error: Table "company_context" does not have a column with name "context_text"
2025-03-17 10:00:53,054 - __main__ - INFO - Processing file: /Users/srvo/input_data/json_files/trmb_research.json
2025-03-17 10:00:53,532 - __main__ - ERROR - Error processing context for research trmb_research: Binder Error: Table "company_context" does not have a column with name "context_text"
2025-03-17 10:00:53,532 - __main__ - ERROR - Error processing file /Users/srvo/input_data/json_files/trmb_research.json: Binder Error: Table "company_context" does not have a column with name "context_text"
2025-03-17 10:00:53,532 - __main__ - ERROR - Error processing file /Users/srvo/input_data/json_files/trmb_research.json: Binder Error: Table "company_context" does not have a column with name "context_text"
2025-03-17 10:00:53,532 - __main__ - INFO - Processing file: /Users/srvo/input_data/json_files/ddog_research.json
2025-03-17 10:00:54,088 - __main__ - ERROR - Error processing context for research ddog_research: Binder Error: Table "company_context" does not have a column with name "context_text"
2025-03-17 10:00:54,088 - __main__ - ERROR - Error processing file /Users/srvo/input_data/json_files/ddog_research.json: Binder Error: Table "company_context" does not have a column with name "context_text"
2025-03-17 10:00:54,088 - __main__ - ERROR - Error processing file /Users/srvo/input_data/json_files/ddog_research.json: Binder Error: Table "company_context" does not have a column with name "context_text"
2025-03-17 10:00:54,089 - __main__ - INFO - Processing file: /Users/srvo/input_data/json_files/htgc_research.json
2025-03-17 10:00:54,530 - __main__ - ERROR - Error processing context for research htgc_research: Binder Error: Table "company_context" does not have a column with name "context_text"
2025-03-17 10:00:54,530 - __main__ - ERROR - Error processing file /Users/srvo/input_data/json_files/htgc_research.json: Binder Error: Table "company_context" does not have a column with name "context_text"
2025-03-17 10:00:54,530 - __main__ - ERROR - Error processing file /Users/srvo/input_data/json_files/htgc_research.json: Binder Error: Table "company_context" does not have a column with name "context_text"
2025-03-17 10:00:54,530 - __main__ - INFO - Processing file: /Users/srvo/input_data/json_files/pwr_research.json
2025-03-17 10:00:54,937 - __main__ - ERROR - Error processing context for research pwr_research: Binder Error: Table "company_context" does not have a column with name "context_text"
2025-03-17 10:00:54,937 - __main__ - ERROR - Error processing file /Users/srvo/input_data/json_files/pwr_research.json: Binder Error: Table "company_context" does not have a column with name "context_text"
2025-03-17 10:00:54,937 - __main__ - ERROR - Error processing file /Users/srvo/input_data/json_files/pwr_research.json: Binder Error: Table "company_context" does not have a column with name "context_text"
2025-03-17 10:00:54,937 - __main__ - INFO - Processing file: /Users/srvo/input_data/json_files/shmcf_research.json
2025-03-17 10:00:55,430 - __main__ - ERROR - Error processing context for research shmcf_research: Binder Error: Table "company_context" does not have a column with name "context_text"
2025-03-17 10:00:55,431 - __main__ - ERROR - Error processing file /Users/srvo/input_data/json_files/shmcf_research.json: Binder Error: Table "company_context" does not have a column with name "context_text"
2025-03-17 10:00:55,431 - __main__ - ERROR - Error processing file /Users/srvo/input_data/json_files/shmcf_research.json: Binder Error: Table "company_context" does not have a column with name "context_text"
2025-03-17 10:00:55,431 - __main__ - INFO - Processing file: /Users/srvo/input_data/json_files/beez_research.json
2025-03-17 10:00:55,959 - __main__ - ERROR - Error processing context for research beez_research: Binder Error: Table "company_context" does not have a column with name "context_text"
2025-03-17 10:00:55,960 - __main__ - ERROR - Error processing file /Users/srvo/input_data/json_files/beez_research.json: Binder Error: Table "company_context" does not have a column with name "context_text"
2025-03-17 10:00:55,960 - __main__ - ERROR - Error processing file /Users/srvo/input_data/json_files/beez_research.json: Binder Error: Table "company_context" does not have a column with name "context_text"
2025-03-17 10:00:55,960 - __main__ - INFO - Processing file: /Users/srvo/input_data/json_files/isnpy_research.json
2025-03-17 10:00:56,101 - __main__ - ERROR - Error processing file /Users/srvo/input_data/json_files/isnpy_research.json: Query interrupted
2025-03-17 10:00:56,102 - __main__ - ERROR - Error processing file /Users/srvo/input_data/json_files/isnpy_research.json: Query interrupted
2025-03-17 10:00:56,102 - __main__ - INFO - Processing file: /Users/srvo/input_data/json_files/akblf_research.json
2025-03-17 10:00:56,278 - __main__ - ERROR - Error processing file /Users/srvo/input_data/json_files/akblf_research.json: Query interrupted
2025-03-17 10:00:56,278 - __main__ - ERROR - Error processing file /Users/srvo/input_data/json_files/akblf_research.json: Query interrupted
2025-03-17 10:00:56,279 - __main__ - INFO - Processing file: /Users/srvo/input_data/json_files/are_research.json
