2025-03-17 04:35:18 - Using deduplication strategy: skip
2025-03-17 04:35:18 - Starting upload of contacts data from /Users/srvo/input_data/nov_30_crm_data/crm/contacts/contacts.duckdb
2025-03-17 04:35:19,541 - motherduck_uploader - ERROR - Error connecting to MotherDuck: Invalid Input Error: Initialization function "motherduck_init" from file "/Users/srvo/.duckdb/extensions/v1.2.1/osx_arm64/motherduck.duckdb_extension" threw an exception: "Initialization function "motherduck_init" from file "/Users/srvo/.duckdb/extensions/v1.2.1/osx_arm64/motherduck.v1.2.1-2025-03-121.duckdb_extension" threw an exception: "Failed to attach 'dewey': no database/share named 'dewey' found""
2025-03-17 04:35:19,542 - motherduck_uploader - INFO - Using local DuckDB database instead
2025-03-17 04:35:19,550 - motherduck_uploader - INFO - Uploading file /Users/srvo/input_data/nov_30_crm_data/crm/contacts/contacts.duckdb
2025-03-17 04:35:19,572 - motherduck_uploader - INFO - Uploaded table contacts to crm_contacts
2025-03-17 04:35:19,573 - motherduck_uploader - ERROR - Error uploading table domain_stats: Binder Error: Referenced column "email_count" not found in FROM clause!
Candidate bindings: "email", "domain", "created_at", "name"
2025-03-17 04:35:19,574 - motherduck_uploader - INFO - Successfully uploaded /Users/srvo/input_data/nov_30_crm_data/crm/contacts/contacts.duckdb
2025-03-17 04:35:19 - Found contacts copy file at /Users/srvo/input_data/nov_30_crm_data/crm/contacts/contacts copy.duckdb
2025-03-17 04:35:19 - Starting upload of contacts copy data
2025-03-17 04:35:19 - Using 'version' strategy for contacts copy to handle schema differences
2025-03-17 04:35:20,448 - motherduck_uploader - ERROR - Error connecting to MotherDuck: Invalid Input Error: Initialization function "motherduck_init" from file "/Users/srvo/.duckdb/extensions/v1.2.1/osx_arm64/motherduck.duckdb_extension" threw an exception: "Initialization function "motherduck_init" from file "/Users/srvo/.duckdb/extensions/v1.2.1/osx_arm64/motherduck.v1.2.1-2025-03-121.duckdb_extension" threw an exception: "Failed to attach 'dewey': no database/share named 'dewey' found""
2025-03-17 04:35:20,449 - motherduck_uploader - INFO - Using local DuckDB database instead
2025-03-17 04:35:20,459 - motherduck_uploader - INFO - Uploading file /Users/srvo/input_data/nov_30_crm_data/crm/contacts/contacts copy.duckdb
2025-03-17 04:35:20,482 - motherduck_uploader - WARNING - Schema mismatch for table crm_contacts
2025-03-17 04:35:20,482 - motherduck_uploader - WARNING - Existing columns: {'email': 'VARCHAR', 'name': 'VARCHAR', 'domain': 'VARCHAR', 'created_at': 'TIMESTAMP'}
2025-03-17 04:35:20,482 - motherduck_uploader - WARNING - New columns: {'email': 'VARCHAR', 'name': 'VARCHAR', 'domain': 'VARCHAR', 'source': 'VARCHAR', 'event_id': 'VARCHAR', 'event_summary': 'VARCHAR', 'event_time': 'TIMESTAMP', 'last_updated': 'TIMESTAMP'}
2025-03-17 04:35:20,482 - motherduck_uploader - INFO - Creating new table crm_contacts_1742207720 with updated schema
2025-03-17 04:35:20,485 - motherduck_uploader - INFO - Uploaded table contacts to crm_contacts_1742207720
2025-03-17 04:35:20,487 - motherduck_uploader - INFO - Successfully uploaded /Users/srvo/input_data/nov_30_crm_data/crm/contacts/contacts copy.duckdb
2025-03-17 04:35:20 - Contacts data upload completed successfully
