2025-03-17 04:30:31 - Using deduplication strategy: skip
2025-03-17 04:30:31 - Starting upload of contacts data from /Users/srvo/input_data/nov_30_crm_data/crm/contacts/contacts.duckdb
2025-03-17 04:30:32,497 - motherduck_uploader - ERROR - Error connecting to MotherDuck: Invalid Input Error: Initialization function "motherduck_init" from file "/Users/srvo/.duckdb/extensions/v1.2.1/osx_arm64/motherduck.duckdb_extension" threw an exception: "Initialization function "motherduck_init" from file "/Users/srvo/.duckdb/extensions/v1.2.1/osx_arm64/motherduck.v1.2.1-2025-03-121.duckdb_extension" threw an exception: "Failed to attach 'dewey': no database/share named 'dewey' found""
2025-03-17 04:30:32,497 - motherduck_uploader - INFO - Using local DuckDB database instead
2025-03-17 04:30:32,505 - motherduck_uploader - INFO - Uploading file /Users/srvo/input_data/nov_30_crm_data/crm/contacts/contacts.duckdb
2025-03-17 04:30:32,527 - motherduck_uploader - ERROR - Error uploading table contacts: Parser Error: syntax error at or near "."
2025-03-17 04:30:32,528 - motherduck_uploader - ERROR - Error uploading table domain_stats: Binder Error: Referenced column "email_count" not found in FROM clause!
Candidate bindings: "email", "domain", "created_at", "name"
2025-03-17 04:30:32,529 - motherduck_uploader - INFO - Successfully uploaded /Users/srvo/input_data/nov_30_crm_data/crm/contacts/contacts.duckdb
2025-03-17 04:30:32 - Found contacts copy file at /Users/srvo/input_data/nov_30_crm_data/crm/contacts/contacts copy.duckdb
2025-03-17 04:30:32 - Starting upload of contacts copy data
2025-03-17 04:30:33,424 - motherduck_uploader - ERROR - Error connecting to MotherDuck: Invalid Input Error: Initialization function "motherduck_init" from file "/Users/srvo/.duckdb/extensions/v1.2.1/osx_arm64/motherduck.duckdb_extension" threw an exception: "Initialization function "motherduck_init" from file "/Users/srvo/.duckdb/extensions/v1.2.1/osx_arm64/motherduck.v1.2.1-2025-03-121.duckdb_extension" threw an exception: "Failed to attach 'dewey': no database/share named 'dewey' found""
2025-03-17 04:30:33,424 - motherduck_uploader - INFO - Using local DuckDB database instead
2025-03-17 04:30:33,432 - motherduck_uploader - INFO - Uploading file /Users/srvo/input_data/nov_30_crm_data/crm/contacts/contacts copy.duckdb
2025-03-17 04:30:33,451 - motherduck_uploader - WARNING - Schema mismatch for table crm_contacts
2025-03-17 04:30:33,451 - motherduck_uploader - WARNING - Existing columns: {'email': 'VARCHAR', 'name': 'VARCHAR', 'domain': 'VARCHAR', 'created_at': 'TIMESTAMP'}
2025-03-17 04:30:33,451 - motherduck_uploader - WARNING - New columns: {'email': 'VARCHAR', 'name': 'VARCHAR', 'domain': 'VARCHAR', 'source': 'VARCHAR', 'event_id': 'VARCHAR', 'event_summary': 'VARCHAR', 'event_time': 'TIMESTAMP', 'last_updated': 'TIMESTAMP'}
2025-03-17 04:30:33,451 - motherduck_uploader - INFO - Creating new table crm_contacts_1742207433 with updated schema
2025-03-17 04:30:33,452 - motherduck_uploader - ERROR - Error uploading table contacts: Parser Error: syntax error at or near "."
2025-03-17 04:30:33,454 - motherduck_uploader - INFO - Successfully uploaded /Users/srvo/input_data/nov_30_crm_data/crm/contacts/contacts copy.duckdb
2025-03-17 04:30:33 - Contacts data upload completed successfully
