2025-03-17 07:42:36,980 - contact_consolidation - INFO - Connected to MotherDuck database: dewey
2025-03-17 07:42:37,426 - contact_consolidation - INFO - Created or verified unified_contacts table
2025-03-17 07:42:37,600 - contact_consolidation - INFO - Extracted 1346 contacts from CRM tables
2025-03-17 07:42:38,554 - contact_consolidation - INFO - Extracted 49077 contacts from email tables
2025-03-17 07:42:38,848 - contact_consolidation - INFO - Extracted 1994 contacts from subscriber tables
2025-03-17 07:42:39,010 - contact_consolidation - INFO - Extracted 3 contacts from blog signup form responses
2025-03-17 07:42:39,010 - contact_consolidation - INFO - Total contacts extracted: 52420
2025-03-17 07:42:39,045 - contact_consolidation - INFO - Merged contacts into 6180 unique contacts
2025-03-17 07:42:39,179 - contact_consolidation - INFO - Cleared existing data from unified_contacts table
2025-03-17 07:42:39,180 - contact_consolidation - INFO - Inserting 6180 contacts in 62 batches of 100
2025-03-17 07:42:39,180 - contact_consolidation - INFO - Processing batch 1/62 (0 to 99)
2025-03-17 07:43:01,392 - contact_consolidation - INFO - Completed batch 1/62
2025-03-17 07:43:01,393 - contact_consolidation - INFO - Processing batch 2/62 (100 to 199)
2025-03-17 07:43:24,932 - contact_consolidation - INFO - Completed batch 2/62
2025-03-17 07:43:24,932 - contact_consolidation - INFO - Processing batch 3/62 (200 to 299)
2025-03-17 07:43:45,309 - contact_consolidation - INFO - Completed batch 3/62
2025-03-17 07:43:45,310 - contact_consolidation - INFO - Processing batch 4/62 (300 to 399)
2025-03-17 07:44:07,955 - contact_consolidation - INFO - Completed batch 4/62
2025-03-17 07:44:07,955 - contact_consolidation - INFO - Processing batch 5/62 (400 to 499)
2025-03-17 07:44:29,469 - contact_consolidation - INFO - Completed batch 5/62
2025-03-17 07:44:29,470 - contact_consolidation - INFO - Processing batch 6/62 (500 to 599)
2025-03-17 07:44:51,705 - contact_consolidation - INFO - Completed batch 6/62
2025-03-17 07:44:51,706 - contact_consolidation - INFO - Processing batch 7/62 (600 to 699)
2025-03-17 07:45:16,001 - contact_consolidation - INFO - Completed batch 7/62
2025-03-17 07:45:16,001 - contact_consolidation - INFO - Processing batch 8/62 (700 to 799)
2025-03-17 07:45:38,785 - contact_consolidation - INFO - Completed batch 8/62
2025-03-17 07:45:38,785 - contact_consolidation - INFO - Processing batch 9/62 (800 to 899)
2025-03-17 07:46:02,490 - contact_consolidation - INFO - Completed batch 9/62
2025-03-17 07:46:02,490 - contact_consolidation - INFO - Processing batch 10/62 (900 to 999)
2025-03-17 07:46:27,268 - contact_consolidation - INFO - Completed batch 10/62
2025-03-17 07:46:27,269 - contact_consolidation - INFO - Processing batch 11/62 (1000 to 1099)
2025-03-17 07:46:47,093 - contact_consolidation - INFO - Completed batch 11/62
2025-03-17 07:46:47,094 - contact_consolidation - INFO - Processing batch 12/62 (1100 to 1199)
2025-03-17 07:47:10,017 - contact_consolidation - INFO - Completed batch 12/62
2025-03-17 07:47:10,017 - contact_consolidation - INFO - Processing batch 13/62 (1200 to 1299)
2025-03-17 07:47:34,549 - contact_consolidation - INFO - Completed batch 13/62
2025-03-17 07:47:34,549 - contact_consolidation - INFO - Processing batch 14/62 (1300 to 1399)
2025-03-17 07:47:59,280 - contact_consolidation - INFO - Completed batch 14/62
2025-03-17 07:47:59,288 - contact_consolidation - INFO - Processing batch 15/62 (1400 to 1499)
2025-03-17 07:48:22,176 - contact_consolidation - INFO - Completed batch 15/62
2025-03-17 07:48:22,177 - contact_consolidation - INFO - Processing batch 16/62 (1500 to 1599)
2025-03-17 07:48:47,745 - contact_consolidation - INFO - Completed batch 16/62
2025-03-17 07:48:47,746 - contact_consolidation - INFO - Processing batch 17/62 (1600 to 1699)
2025-03-17 07:49:10,216 - contact_consolidation - INFO - Completed batch 17/62
2025-03-17 07:49:10,217 - contact_consolidation - INFO - Processing batch 18/62 (1700 to 1799)
2025-03-17 07:49:34,337 - contact_consolidation - INFO - Completed batch 18/62
2025-03-17 07:49:34,337 - contact_consolidation - INFO - Processing batch 19/62 (1800 to 1899)
2025-03-17 07:49:58,220 - contact_consolidation - INFO - Completed batch 19/62
2025-03-17 07:49:58,222 - contact_consolidation - INFO - Processing batch 20/62 (1900 to 1999)
2025-03-17 07:50:21,297 - contact_consolidation - INFO - Completed batch 20/62
2025-03-17 07:50:21,297 - contact_consolidation - INFO - Processing batch 21/62 (2000 to 2099)
2025-03-17 07:50:45,451 - contact_consolidation - INFO - Completed batch 21/62
2025-03-17 07:50:45,451 - contact_consolidation - INFO - Processing batch 22/62 (2100 to 2199)
2025-03-17 07:51:11,486 - contact_consolidation - INFO - Completed batch 22/62
2025-03-17 07:51:11,487 - contact_consolidation - INFO - Processing batch 23/62 (2200 to 2299)
2025-03-17 07:51:36,152 - contact_consolidation - INFO - Completed batch 23/62
2025-03-17 07:51:36,152 - contact_consolidation - INFO - Processing batch 24/62 (2300 to 2399)
2025-03-17 07:51:59,964 - contact_consolidation - INFO - Completed batch 24/62
2025-03-17 07:51:59,964 - contact_consolidation - INFO - Processing batch 25/62 (2400 to 2499)
2025-03-17 07:52:23,233 - contact_consolidation - INFO - Completed batch 25/62
2025-03-17 07:52:23,233 - contact_consolidation - INFO - Processing batch 26/62 (2500 to 2599)
2025-03-17 07:52:46,658 - contact_consolidation - INFO - Completed batch 26/62
2025-03-17 07:52:46,658 - contact_consolidation - INFO - Processing batch 27/62 (2600 to 2699)
2025-03-17 07:53:09,171 - contact_consolidation - INFO - Completed batch 27/62
2025-03-17 07:53:09,171 - contact_consolidation - INFO - Processing batch 28/62 (2700 to 2799)
2025-03-17 07:53:34,135 - contact_consolidation - INFO - Completed batch 28/62
2025-03-17 07:53:34,136 - contact_consolidation - INFO - Processing batch 29/62 (2800 to 2899)
2025-03-17 07:53:55,452 - contact_consolidation - INFO - Completed batch 29/62
2025-03-17 07:53:55,452 - contact_consolidation - INFO - Processing batch 30/62 (2900 to 2999)
2025-03-17 07:54:19,802 - contact_consolidation - INFO - Completed batch 30/62
2025-03-17 07:54:19,803 - contact_consolidation - INFO - Processing batch 31/62 (3000 to 3099)
2025-03-17 07:54:42,552 - contact_consolidation - INFO - Completed batch 31/62
2025-03-17 07:54:42,553 - contact_consolidation - INFO - Processing batch 32/62 (3100 to 3199)
2025-03-17 07:55:05,750 - contact_consolidation - INFO - Completed batch 32/62
2025-03-17 07:55:05,750 - contact_consolidation - INFO - Processing batch 33/62 (3200 to 3299)
2025-03-17 07:55:29,512 - contact_consolidation - INFO - Completed batch 33/62
2025-03-17 07:55:29,512 - contact_consolidation - INFO - Processing batch 34/62 (3300 to 3399)
2025-03-17 07:55:51,405 - contact_consolidation - INFO - Completed batch 34/62
2025-03-17 07:55:51,409 - contact_consolidation - INFO - Processing batch 35/62 (3400 to 3499)
2025-03-17 07:56:13,862 - contact_consolidation - INFO - Completed batch 35/62
2025-03-17 07:56:13,862 - contact_consolidation - INFO - Processing batch 36/62 (3500 to 3599)
2025-03-17 07:56:37,013 - contact_consolidation - INFO - Completed batch 36/62
2025-03-17 07:56:37,013 - contact_consolidation - INFO - Processing batch 37/62 (3600 to 3699)
2025-03-17 07:56:58,226 - contact_consolidation - INFO - Completed batch 37/62
2025-03-17 07:56:58,228 - contact_consolidation - INFO - Processing batch 38/62 (3700 to 3799)
2025-03-17 07:57:21,914 - contact_consolidation - INFO - Completed batch 38/62
2025-03-17 07:57:21,915 - contact_consolidation - INFO - Processing batch 39/62 (3800 to 3899)
2025-03-17 07:57:44,659 - contact_consolidation - INFO - Completed batch 39/62
2025-03-17 07:57:44,659 - contact_consolidation - INFO - Processing batch 40/62 (3900 to 3999)
2025-03-17 07:58:07,554 - contact_consolidation - INFO - Completed batch 40/62
2025-03-17 07:58:07,556 - contact_consolidation - INFO - Processing batch 41/62 (4000 to 4099)
2025-03-17 07:58:30,592 - contact_consolidation - INFO - Completed batch 41/62
2025-03-17 07:58:30,593 - contact_consolidation - INFO - Processing batch 42/62 (4100 to 4199)
2025-03-17 07:58:51,253 - contact_consolidation - INFO - Completed batch 42/62
2025-03-17 07:58:51,253 - contact_consolidation - INFO - Processing batch 43/62 (4200 to 4299)
2025-03-17 07:59:11,857 - contact_consolidation - INFO - Completed batch 43/62
2025-03-17 07:59:11,857 - contact_consolidation - INFO - Processing batch 44/62 (4300 to 4399)
2025-03-17 07:59:30,403 - contact_consolidation - ERROR - Error inserting contact susakarr@gmail.com: Conversion Error: invalid timestamp field format: "2024-12-24 03:06:53.542947 +0000 UTC", expected format is (YYYY-MM-DD HH:MM:SS[.US][±HH:MM| ZONE])
2025-03-17 07:59:30,777 - contact_consolidation - ERROR - Error inserting contact robynbrlk@aol.com: Conversion Error: invalid timestamp field format: "2024-12-24 03:06:53.542947 +0000 UTC", expected format is (YYYY-MM-DD HH:MM:SS[.US][±HH:MM| ZONE])
2025-03-17 07:59:31,151 - contact_consolidation - ERROR - Error inserting contact stevenfox99@gmail.com: Conversion Error: invalid timestamp field format: "2024-12-24 03:06:53.542947 +0000 UTC", expected format is (YYYY-MM-DD HH:MM:SS[.US][±HH:MM| ZONE])
2025-03-17 07:59:31,569 - contact_consolidation - ERROR - Error inserting contact miarobbinsart@gmail.com: Conversion Error: invalid timestamp field format: "2024-12-24 03:06:53.542947 +0000 UTC", expected format is (YYYY-MM-DD HH:MM:SS[.US][±HH:MM| ZONE])
2025-03-17 07:59:31,968 - contact_consolidation - ERROR - Error inserting contact asdonegan@aol.com: Conversion Error: invalid timestamp field format: "2024-12-24 03:06:53.542947 +0000 UTC", expected format is (YYYY-MM-DD HH:MM:SS[.US][±HH:MM| ZONE])
2025-03-17 07:59:32,437 - contact_consolidation - ERROR - Error inserting contact lucinafe@gmail.com: Conversion Error: invalid timestamp field format: "2024-12-24 03:06:53.542947 +0000 UTC", expected format is (YYYY-MM-DD HH:MM:SS[.US][±HH:MM| ZONE])
2025-03-17 07:59:32,837 - contact_consolidation - ERROR - Error inserting contact kitchen.sophie@yahoo.com: Conversion Error: invalid timestamp field format: "2024-12-24 03:06:53.542947 +0000 UTC", expected format is (YYYY-MM-DD HH:MM:SS[.US][±HH:MM| ZONE])
2025-03-17 07:59:33,605 - contact_consolidation - ERROR - Error inserting contact mikem.exe@gmail.com: Conversion Error: invalid timestamp field format: "2024-12-24 03:06:53.542947 +0000 UTC", expected format is (YYYY-MM-DD HH:MM:SS[.US][±HH:MM| ZONE])
2025-03-17 07:59:33,606 - contact_consolidation - INFO - Completed batch 44/62
2025-03-17 07:59:33,606 - contact_consolidation - INFO - Processing batch 45/62 (4400 to 4499)
2025-03-17 07:59:33,978 - contact_consolidation - ERROR - Error inserting contact jfirpo@investforbetter.org: Conversion Error: invalid timestamp field format: "2024-12-24 03:06:53.542947 +0000 UTC", expected format is (YYYY-MM-DD HH:MM:SS[.US][±HH:MM| ZONE])
2025-03-17 07:59:34,367 - contact_consolidation - ERROR - Error inserting contact kevin@kevinpetty.com: Conversion Error: invalid timestamp field format: "2024-12-24 03:06:53.542947 +0000 UTC", expected format is (YYYY-MM-DD HH:MM:SS[.US][±HH:MM| ZONE])
2025-03-17 07:59:34,739 - contact_consolidation - ERROR - Error inserting contact jamesfan800@gmail.com: Conversion Error: invalid timestamp field format: "2024-12-24 03:06:53.542947 +0000 UTC", expected format is (YYYY-MM-DD HH:MM:SS[.US][±HH:MM| ZONE])
2025-03-17 07:59:35,118 - contact_consolidation - ERROR - Error inserting contact editor@gruntvegan.com: Conversion Error: invalid timestamp field format: "2024-12-24 03:06:53.542947 +0000 UTC", expected format is (YYYY-MM-DD HH:MM:SS[.US][±HH:MM| ZONE])
2025-03-17 07:59:35,492 - contact_consolidation - ERROR - Error inserting contact davewarner@asienvironmental.com: Conversion Error: invalid timestamp field format: "2024-12-24 03:06:53.542947 +0000 UTC", expected format is (YYYY-MM-DD HH:MM:SS[.US][±HH:MM| ZONE])
2025-03-17 07:59:35,867 - contact_consolidation - ERROR - Error inserting contact ashleytimmerman20@gmail.com: Conversion Error: invalid timestamp field format: "2024-12-24 03:06:53.542947 +0000 UTC", expected format is (YYYY-MM-DD HH:MM:SS[.US][±HH:MM| ZONE])
2025-03-17 07:59:36,243 - contact_consolidation - ERROR - Error inserting contact tammrwilliams@gmail.com: Conversion Error: invalid timestamp field format: "2024-12-24 03:06:53.542947 +0000 UTC", expected format is (YYYY-MM-DD HH:MM:SS[.US][±HH:MM| ZONE])
2025-03-17 07:59:36,617 - contact_consolidation - ERROR - Error inserting contact wrightmm@comcast.net: Conversion Error: invalid timestamp field format: "2024-12-24 03:06:53.542947 +0000 UTC", expected format is (YYYY-MM-DD HH:MM:SS[.US][±HH:MM| ZONE])
2025-03-17 07:59:38,148 - contact_consolidation - ERROR - Error inserting contact gtango@hightoweradvisors.com: Conversion Error: invalid timestamp field format: "2024-12-24 03:06:53.542947 +0000 UTC", expected format is (YYYY-MM-DD HH:MM:SS[.US][±HH:MM| ZONE])
2025-03-17 07:59:38,664 - contact_consolidation - ERROR - Error inserting contact preenasastra@yahoo.co.uk: Conversion Error: invalid timestamp field format: "2024-12-24 03:06:53.542947 +0000 UTC", expected format is (YYYY-MM-DD HH:MM:SS[.US][±HH:MM| ZONE])
2025-03-17 07:59:39,134 - contact_consolidation - ERROR - Error inserting contact lvntoto2@yahoo.com: Conversion Error: invalid timestamp field format: "2024-12-24 03:06:53.542947 +0000 UTC", expected format is (YYYY-MM-DD HH:MM:SS[.US][±HH:MM| ZONE])
2025-03-17 07:59:40,513 - contact_consolidation - ERROR - Error inserting contact stotts.brandon@gmail.com: Conversion Error: invalid timestamp field format: "2024-12-24 03:06:53.542947 +0000 UTC", expected format is (YYYY-MM-DD HH:MM:SS[.US][±HH:MM| ZONE])
2025-03-17 07:59:40,896 - contact_consolidation - ERROR - Error inserting contact davidrbasham@gmail.com: Conversion Error: invalid timestamp field format: "2024-12-24 03:06:53.542947 +0000 UTC", expected format is (YYYY-MM-DD HH:MM:SS[.US][±HH:MM| ZONE])
2025-03-17 07:59:41,272 - contact_consolidation - ERROR - Error inserting contact eugeniadavis@hotmail.com: Conversion Error: invalid timestamp field format: "2024-12-24 03:06:53.542947 +0000 UTC", expected format is (YYYY-MM-DD HH:MM:SS[.US][±HH:MM| ZONE])
2025-03-17 07:59:41,648 - contact_consolidation - ERROR - Error inserting contact dapalmer@comcast.net: Conversion Error: invalid timestamp field format: "2024-12-24 03:06:53.542947 +0000 UTC", expected format is (YYYY-MM-DD HH:MM:SS[.US][±HH:MM| ZONE])
2025-03-17 07:59:42,033 - contact_consolidation - ERROR - Error inserting contact aspiringsensei@gmail.com: Conversion Error: invalid timestamp field format: "2024-12-24 03:06:53.542947 +0000 UTC", expected format is (YYYY-MM-DD HH:MM:SS[.US][±HH:MM| ZONE])
2025-03-17 07:59:42,418 - contact_consolidation - ERROR - Error inserting contact mruocco.graphics@gmail.com: Conversion Error: invalid timestamp field format: "2024-12-24 03:06:53.542947 +0000 UTC", expected format is (YYYY-MM-DD HH:MM:SS[.US][±HH:MM| ZONE])
2025-03-17 07:59:42,835 - contact_consolidation - ERROR - Error inserting contact maiorinogiulia@gmail.com: Conversion Error: invalid timestamp field format: "2024-12-24 03:06:53.542947 +0000 UTC", expected format is (YYYY-MM-DD HH:MM:SS[.US][±HH:MM| ZONE])
2025-03-17 07:59:43,230 - contact_consolidation - ERROR - Error inserting contact ccklancaster@gmail.com: Conversion Error: invalid timestamp field format: "2024-12-24 03:06:53.542947 +0000 UTC", expected format is (YYYY-MM-DD HH:MM:SS[.US][±HH:MM| ZONE])
2025-03-17 07:59:43,612 - contact_consolidation - ERROR - Error inserting contact jimmycabo@gmail.com: Conversion Error: invalid timestamp field format: "2024-12-24 03:06:53.542947 +0000 UTC", expected format is (YYYY-MM-DD HH:MM:SS[.US][±HH:MM| ZONE])
2025-03-17 07:59:43,988 - contact_consolidation - ERROR - Error inserting contact david@davidhoule.com: Conversion Error: invalid timestamp field format: "2024-12-24 03:06:53.542947 +0000 UTC", expected format is (YYYY-MM-DD HH:MM:SS[.US][±HH:MM| ZONE])
2025-03-17 07:59:44,436 - contact_consolidation - ERROR - Error inserting contact ad_67@rogers.com: Conversion Error: invalid timestamp field format: "2024-12-24 03:06:53.542947 +0000 UTC", expected format is (YYYY-MM-DD HH:MM:SS[.US][±HH:MM| ZONE])
2025-03-17 07:59:45,379 - contact_consolidation - ERROR - Error inserting contact hoconnel@tcd.ie: Conversion Error: invalid timestamp field format: "2024-12-24 03:06:53.542947 +0000 UTC", expected format is (YYYY-MM-DD HH:MM:SS[.US][±HH:MM| ZONE])
2025-03-17 07:59:45,762 - contact_consolidation - ERROR - Error inserting contact wyh@live.de: Conversion Error: invalid timestamp field format: "2024-12-24 03:06:53.542947 +0000 UTC", expected format is (YYYY-MM-DD HH:MM:SS[.US][±HH:MM| ZONE])
2025-03-17 07:59:46,132 - contact_consolidation - ERROR - Error inserting contact freemoneypod@gmail.com: Conversion Error: invalid timestamp field format: "2024-12-24 03:06:53.542947 +0000 UTC", expected format is (YYYY-MM-DD HH:MM:SS[.US][±HH:MM| ZONE])
2025-03-17 07:59:46,504 - contact_consolidation - ERROR - Error inserting contact hannah.r.telle@gmail.com: Conversion Error: invalid timestamp field format: "2024-12-24 03:06:53.542947 +0000 UTC", expected format is (YYYY-MM-DD HH:MM:SS[.US][±HH:MM| ZONE])
2025-03-17 07:59:46,878 - contact_consolidation - ERROR - Error inserting contact arienaichi@gmail.com: Conversion Error: invalid timestamp field format: "2024-12-24 03:06:53.542947 +0000 UTC", expected format is (YYYY-MM-DD HH:MM:SS[.US][±HH:MM| ZONE])
2025-03-17 07:59:47,257 - contact_consolidation - ERROR - Error inserting contact kramon@rogers.com: Conversion Error: invalid timestamp field format: "2024-12-24 03:06:53.542947 +0000 UTC", expected format is (YYYY-MM-DD HH:MM:SS[.US][±HH:MM| ZONE])
2025-03-17 07:59:47,630 - contact_consolidation - ERROR - Error inserting contact khawes1@hotmail.co.uk: Conversion Error: invalid timestamp field format: "2024-12-24 03:06:53.542947 +0000 UTC", expected format is (YYYY-MM-DD HH:MM:SS[.US][±HH:MM| ZONE])
2025-03-17 07:59:48,001 - contact_consolidation - ERROR - Error inserting contact pswedenburg45@gmail.com: Conversion Error: invalid timestamp field format: "2024-12-24 03:06:53.542947 +0000 UTC", expected format is (YYYY-MM-DD HH:MM:SS[.US][±HH:MM| ZONE])
2025-03-17 07:59:48,375 - contact_consolidation - ERROR - Error inserting contact sagarwal@cfany.org: Conversion Error: invalid timestamp field format: "2024-12-24 03:06:53.542947 +0000 UTC", expected format is (YYYY-MM-DD HH:MM:SS[.US][±HH:MM| ZONE])
2025-03-17 07:59:48,748 - contact_consolidation - ERROR - Error inserting contact achabacha30@hotmail.com: Conversion Error: invalid timestamp field format: "2024-12-24 03:06:53.542947 +0000 UTC", expected format is (YYYY-MM-DD HH:MM:SS[.US][±HH:MM| ZONE])
2025-03-17 07:59:49,134 - contact_consolidation - ERROR - Error inserting contact martyhoots@yahoo.com: Conversion Error: invalid timestamp field format: "2024-12-24 03:06:53.542947 +0000 UTC", expected format is (YYYY-MM-DD HH:MM:SS[.US][±HH:MM| ZONE])
2025-03-17 07:59:49,570 - contact_consolidation - ERROR - Error inserting contact ashley.b.bledsoe@gmail.com: Conversion Error: invalid timestamp field format: "2024-12-24 03:06:53.542947 +0000 UTC", expected format is (YYYY-MM-DD HH:MM:SS[.US][±HH:MM| ZONE])
2025-03-17 07:59:50,414 - contact_consolidation - ERROR - Error inserting contact ann.cat.eager@gmail.com: Conversion Error: invalid timestamp field format: "2024-12-24 03:06:53.542947 +0000 UTC", expected format is (YYYY-MM-DD HH:MM:SS[.US][±HH:MM| ZONE])
2025-03-17 07:59:50,786 - contact_consolidation - ERROR - Error inserting contact jordanblanks@gmail.com: Conversion Error: invalid timestamp field format: "2024-12-24 03:06:53.542947 +0000 UTC", expected format is (YYYY-MM-DD HH:MM:SS[.US][±HH:MM| ZONE])
2025-03-17 07:59:51,163 - contact_consolidation - ERROR - Error inserting contact eatvegancookies@gmail.com: Conversion Error: invalid timestamp field format: "2024-12-24 03:06:53.542947 +0000 UTC", expected format is (YYYY-MM-DD HH:MM:SS[.US][±HH:MM| ZONE])
2025-03-17 07:59:51,540 - contact_consolidation - ERROR - Error inserting contact sara.ciccarelli86@gmail.com: Conversion Error: invalid timestamp field format: "2024-12-24 03:06:53.542947 +0000 UTC", expected format is (YYYY-MM-DD HH:MM:SS[.US][±HH:MM| ZONE])
2025-03-17 07:59:51,917 - contact_consolidation - ERROR - Error inserting contact dandunn99@yahoo.com: Conversion Error: invalid timestamp field format: "2024-12-24 03:06:53.542947 +0000 UTC", expected format is (YYYY-MM-DD HH:MM:SS[.US][±HH:MM| ZONE])
2025-03-17 07:59:52,289 - contact_consolidation - ERROR - Error inserting contact clivespray@gmail.com: Conversion Error: invalid timestamp field format: "2024-12-24 03:06:53.542947 +0000 UTC", expected format is (YYYY-MM-DD HH:MM:SS[.US][±HH:MM| ZONE])
2025-03-17 07:59:52,661 - contact_consolidation - ERROR - Error inserting contact ajeeth@balcfo.in: Conversion Error: invalid timestamp field format: "2024-12-24 03:06:53.542947 +0000 UTC", expected format is (YYYY-MM-DD HH:MM:SS[.US][±HH:MM| ZONE])
2025-03-17 07:59:53,032 - contact_consolidation - ERROR - Error inserting contact lo.chs1998@gmail.com: Conversion Error: invalid timestamp field format: "2024-12-24 03:06:53.542947 +0000 UTC", expected format is (YYYY-MM-DD HH:MM:SS[.US][±HH:MM| ZONE])
2025-03-17 07:59:53,406 - contact_consolidation - ERROR - Error inserting contact cpujudy@gmail.com: Conversion Error: invalid timestamp field format: "2024-12-24 03:06:53.542947 +0000 UTC", expected format is (YYYY-MM-DD HH:MM:SS[.US][±HH:MM| ZONE])
2025-03-17 07:59:53,727 - contact_consolidation - ERROR - Error inserting contact tstumpff@msn.com: Conversion Error: invalid timestamp field format: "2024-12-24 03:06:53.542947 +0000 UTC", expected format is (YYYY-MM-DD HH:MM:SS[.US][±HH:MM| ZONE])
2025-03-17 07:59:54,099 - contact_consolidation - ERROR - Error inserting contact powerlori868@gmail.com: Conversion Error: invalid timestamp field format: "2024-12-24 03:06:53.542947 +0000 UTC", expected format is (YYYY-MM-DD HH:MM:SS[.US][±HH:MM| ZONE])
2025-03-17 07:59:54,496 - contact_consolidation - ERROR - Error inserting contact femmefrugality@gmail.com: Conversion Error: invalid timestamp field format: "2024-12-24 03:06:53.542947 +0000 UTC", expected format is (YYYY-MM-DD HH:MM:SS[.US][±HH:MM| ZONE])
2025-03-17 07:59:55,110 - contact_consolidation - ERROR - Error inserting contact valgal1million@gmail.com: Conversion Error: invalid timestamp field format: "2024-12-24 03:06:53.542947 +0000 UTC", expected format is (YYYY-MM-DD HH:MM:SS[.US][±HH:MM| ZONE])
2025-03-17 07:59:55,482 - contact_consolidation - ERROR - Error inserting contact citlalicuevasvillar@me.com: Conversion Error: invalid timestamp field format: "2024-12-24 03:06:53.542947 +0000 UTC", expected format is (YYYY-MM-DD HH:MM:SS[.US][±HH:MM| ZONE])
2025-03-17 07:59:55,855 - contact_consolidation - ERROR - Error inserting contact leah.shanker@gmail.com: Conversion Error: invalid timestamp field format: "2024-12-24 03:06:53.542947 +0000 UTC", expected format is (YYYY-MM-DD HH:MM:SS[.US][±HH:MM| ZONE])
2025-03-17 07:59:56,232 - contact_consolidation - ERROR - Error inserting contact patchplays2020@gmail.com: Conversion Error: invalid timestamp field format: "2024-12-24 03:06:53.542947 +0000 UTC", expected format is (YYYY-MM-DD HH:MM:SS[.US][±HH:MM| ZONE])
2025-03-17 07:59:56,605 - contact_consolidation - ERROR - Error inserting contact de2020art@gmail.com: Conversion Error: invalid timestamp field format: "2024-12-24 03:06:53.542947 +0000 UTC", expected format is (YYYY-MM-DD HH:MM:SS[.US][±HH:MM| ZONE])
2025-03-17 07:59:56,797 - contact_consolidation - ERROR - Error inserting contact schemmdl@yahoo.com: Query interrupted
2025-03-17 07:59:57,138 - contact_consolidation - ERROR - Error inserting contact kittylilacassassin@gmail.com: Query interrupted
2025-03-17 07:59:57,419 - contact_consolidation - ERROR - Error inserting contact kcrombie@gmail.com: Query interrupted
2025-03-17 07:59:57,649 - contact_consolidation - ERROR - Error inserting contact amars009@hotmail.com: Query interrupted
2025-03-17 07:59:57,935 - contact_consolidation - ERROR - Error inserting contact tyelarrhead97@gmail.com: Query interrupted
2025-03-17 07:59:58,216 - contact_consolidation - ERROR - Error inserting contact patrickoconnor@shaw.ca: Query interrupted
2025-03-17 07:59:58,858 - contact_consolidation - ERROR - Error inserting contact peter_greenslade@hotmail.com: Conversion Error: invalid timestamp field format: "2024-12-24 03:06:53.542947 +0000 UTC", expected format is (YYYY-MM-DD HH:MM:SS[.US][±HH:MM| ZONE])
2025-03-17 07:59:59,233 - contact_consolidation - ERROR - Error inserting contact grahamdrex@gmail.com: Conversion Error: invalid timestamp field format: "2024-12-24 03:06:53.542947 +0000 UTC", expected format is (YYYY-MM-DD HH:MM:SS[.US][±HH:MM| ZONE])
2025-03-17 07:59:59,556 - contact_consolidation - ERROR - Error inserting contact kennwallace@gmail.com: Conversion Error: invalid timestamp field format: "2024-12-24 03:06:53.542947 +0000 UTC", expected format is (YYYY-MM-DD HH:MM:SS[.US][±HH:MM| ZONE])
2025-03-17 07:59:59,934 - contact_consolidation - ERROR - Error inserting contact anderson.missy728@gmail.com: Conversion Error: invalid timestamp field format: "2024-12-24 03:06:53.542947 +0000 UTC", expected format is (YYYY-MM-DD HH:MM:SS[.US][±HH:MM| ZONE])
2025-03-17 08:00:00,124 - contact_consolidation - ERROR - Error inserting contact roxylcarlson@gmail.com: Query interrupted
2025-03-17 08:00:00,482 - contact_consolidation - ERROR - Error inserting contact slowreader@gmail.com: Query interrupted
2025-03-17 08:00:00,866 - contact_consolidation - ERROR - Error inserting contact gabbywatkin@gmail.com: Query interrupted
2025-03-17 08:00:01,405 - contact_consolidation - ERROR - Error inserting contact zach.herlin@gmail.com: Conversion Error: invalid timestamp field format: "2024-12-24 03:06:53.542947 +0000 UTC", expected format is (YYYY-MM-DD HH:MM:SS[.US][±HH:MM| ZONE])
2025-03-17 08:00:01,917 - contact_consolidation - ERROR - Error inserting contact jan.deahl@gmail.com: Conversion Error: invalid timestamp field format: "2024-12-24 03:06:53.542947 +0000 UTC", expected format is (YYYY-MM-DD HH:MM:SS[.US][±HH:MM| ZONE])
2025-03-17 08:00:02,320 - contact_consolidation - ERROR - Error inserting contact justflow@hotmail.com: Conversion Error: invalid timestamp field format: "2024-12-24 03:06:53.542947 +0000 UTC", expected format is (YYYY-MM-DD HH:MM:SS[.US][±HH:MM| ZONE])
2025-03-17 08:00:02,728 - contact_consolidation - ERROR - Error inserting contact jwy321@yahoo.com: Conversion Error: invalid timestamp field format: "2024-12-24 03:06:53.542947 +0000 UTC", expected format is (YYYY-MM-DD HH:MM:SS[.US][±HH:MM| ZONE])
2025-03-17 08:00:03,166 - contact_consolidation - ERROR - Error inserting contact jess.simms@gmail.com: Conversion Error: invalid timestamp field format: "2024-12-24 03:06:53.542947 +0000 UTC", expected format is (YYYY-MM-DD HH:MM:SS[.US][±HH:MM| ZONE])
2025-03-17 08:00:04,125 - contact_consolidation - ERROR - Error inserting contact jfern.cf@gmail.com: Conversion Error: invalid timestamp field format: "2024-12-24 03:06:53.542947 +0000 UTC", expected format is (YYYY-MM-DD HH:MM:SS[.US][±HH:MM| ZONE])
2025-03-17 08:00:04,511 - contact_consolidation - ERROR - Error inserting contact egcawley26@gmail.com: Conversion Error: invalid timestamp field format: "2024-12-24 03:06:53.542947 +0000 UTC", expected format is (YYYY-MM-DD HH:MM:SS[.US][±HH:MM| ZONE])
2025-03-17 08:00:04,978 - contact_consolidation - ERROR - Error inserting contact kensnewemail@gmail.com: Conversion Error: invalid timestamp field format: "2024-12-24 03:06:53.542947 +0000 UTC", expected format is (YYYY-MM-DD HH:MM:SS[.US][±HH:MM| ZONE])
2025-03-17 08:00:05,357 - contact_consolidation - ERROR - Error inserting contact 2021dogcrazzy@gmail.com: Conversion Error: invalid timestamp field format: "2024-12-24 03:06:53.542947 +0000 UTC", expected format is (YYYY-MM-DD HH:MM:SS[.US][±HH:MM| ZONE])
2025-03-17 08:00:05,732 - contact_consolidation - ERROR - Error inserting contact eva@weanimals.org: Conversion Error: invalid timestamp field format: "2024-12-24 03:06:53.542947 +0000 UTC", expected format is (YYYY-MM-DD HH:MM:SS[.US][±HH:MM| ZONE])
2025-03-17 08:00:06,114 - contact_consolidation - ERROR - Error inserting contact zeejmarcus@gmail.com: Conversion Error: invalid timestamp field format: "2024-12-24 03:06:53.542947 +0000 UTC", expected format is (YYYY-MM-DD HH:MM:SS[.US][±HH:MM| ZONE])
2025-03-17 08:00:06,451 - contact_consolidation - ERROR - Error inserting contact kenneth.penwell@ubs.com: Conversion Error: invalid timestamp field format: "2024-12-24 03:06:53.542947 +0000 UTC", expected format is (YYYY-MM-DD HH:MM:SS[.US][±HH:MM| ZONE])
2025-03-17 08:00:06,828 - contact_consolidation - ERROR - Error inserting contact sonadora57@icloud.com: Conversion Error: invalid timestamp field format: "2024-12-24 03:06:53.542947 +0000 UTC", expected format is (YYYY-MM-DD HH:MM:SS[.US][±HH:MM| ZONE])
2025-03-17 08:00:07,236 - contact_consolidation - ERROR - Error inserting contact noblesgirl@gmail.com: Conversion Error: invalid timestamp field format: "2024-12-24 03:06:53.542947 +0000 UTC", expected format is (YYYY-MM-DD HH:MM:SS[.US][±HH:MM| ZONE])
2025-03-17 08:00:07,656 - contact_consolidation - ERROR - Error inserting contact sachsm53@gmail.com: Conversion Error: invalid timestamp field format: "2024-12-24 03:06:53.542947 +0000 UTC", expected format is (YYYY-MM-DD HH:MM:SS[.US][±HH:MM| ZONE])
2025-03-17 08:00:08,057 - contact_consolidation - ERROR - Error inserting contact ashley.g.saulsberry@gmail.com: Conversion Error: invalid timestamp field format: "2024-12-24 03:06:53.542947 +0000 UTC", expected format is (YYYY-MM-DD HH:MM:SS[.US][±HH:MM| ZONE])
2025-03-17 08:00:09,030 - contact_consolidation - ERROR - Error inserting contact tad.fabiaschi@dianomi.com: Conversion Error: invalid timestamp field format: "2024-12-24 03:06:53.542947 +0000 UTC", expected format is (YYYY-MM-DD HH:MM:SS[.US][±HH:MM| ZONE])
2025-03-17 08:00:09,406 - contact_consolidation - ERROR - Error inserting contact monalrmehta@gmail.com: Conversion Error: invalid timestamp field format: "2024-12-24 03:06:53.542947 +0000 UTC", expected format is (YYYY-MM-DD HH:MM:SS[.US][±HH:MM| ZONE])
2025-03-17 08:00:09,782 - contact_consolidation - ERROR - Error inserting contact gthoumi@gmail.com: Conversion Error: invalid timestamp field format: "2024-12-24 03:06:53.542947 +0000 UTC", expected format is (YYYY-MM-DD HH:MM:SS[.US][±HH:MM| ZONE])
2025-03-17 08:00:10,243 - contact_consolidation - ERROR - Error inserting contact brodskyjulian@yahoo.com: Conversion Error: invalid timestamp field format: "2024-12-24 03:06:53.542947 +0000 UTC", expected format is (YYYY-MM-DD HH:MM:SS[.US][±HH:MM| ZONE])
2025-03-17 08:00:10,616 - contact_consolidation - ERROR - Error inserting contact newsdesk@vegconomist.de: Conversion Error: invalid timestamp field format: "2024-12-24 03:06:53.542947 +0000 UTC", expected format is (YYYY-MM-DD HH:MM:SS[.US][±HH:MM| ZONE])
2025-03-17 08:00:10,993 - contact_consolidation - ERROR - Error inserting contact zahrakassam13@yahoo.co.uk: Conversion Error: invalid timestamp field format: "2024-12-24 03:06:53.542947 +0000 UTC", expected format is (YYYY-MM-DD HH:MM:SS[.US][±HH:MM| ZONE])
2025-03-17 08:00:11,184 - contact_consolidation - ERROR - Error inserting contact daveraatz@gmail.com: Query interrupted
2025-03-17 08:00:11,654 - contact_consolidation - ERROR - Error inserting contact jess528@gmail.com: Conversion Error: invalid timestamp field format: "2024-12-24 03:06:53.542947 +0000 UTC", expected format is (YYYY-MM-DD HH:MM:SS[.US][±HH:MM| ZONE])
2025-03-17 08:00:11,893 - contact_consolidation - ERROR - Error inserting contact miguel.a.ramirez@alumni.rice.edu: Query interrupted
2025-03-17 08:00:12,191 - contact_consolidation - ERROR - Error inserting contact fund-e0968c0dc0@email.clade.co: Query interrupted
2025-03-17 08:00:12,484 - contact_consolidation - ERROR - Error inserting contact marie.alexander01@aol.com: Query interrupted
2025-03-17 08:00:13,046 - contact_consolidation - ERROR - Error inserting contact dezarayludewig98@gmail.com: Query interrupted
2025-03-17 08:00:14,668 - contact_consolidation - ERROR - Error inserting contact johnnyar28@yahoo.com: Query interrupted
2025-03-17 08:00:15,348 - contact_consolidation - ERROR - Error inserting contact rachael@curowm.com: Conversion Error: invalid timestamp field format: "2024-12-24 03:06:53.542947 +0000 UTC", expected format is (YYYY-MM-DD HH:MM:SS[.US][±HH:MM| ZONE])
2025-03-17 08:00:15,724 - contact_consolidation - ERROR - Error inserting contact ltq2010@gmail.com: Conversion Error: invalid timestamp field format: "2024-12-24 03:06:53.542947 +0000 UTC", expected format is (YYYY-MM-DD HH:MM:SS[.US][±HH:MM| ZONE])
2025-03-17 08:00:16,195 - contact_consolidation - ERROR - Error inserting contact lydia.w.g@hotmail.com: Conversion Error: invalid timestamp field format: "2024-12-24 03:06:53.542947 +0000 UTC", expected format is (YYYY-MM-DD HH:MM:SS[.US][±HH:MM| ZONE])
2025-03-17 08:00:16,582 - contact_consolidation - ERROR - Error inserting contact badyn@greytonfarmsanctuary.org: Conversion Error: invalid timestamp field format: "2024-12-24 03:06:53.542947 +0000 UTC", expected format is (YYYY-MM-DD HH:MM:SS[.US][±HH:MM| ZONE])
2025-03-17 08:00:16,958 - contact_consolidation - ERROR - Error inserting contact richa_k@yahoo.com: Conversion Error: invalid timestamp field format: "2024-12-24 03:06:53.542947 +0000 UTC", expected format is (YYYY-MM-DD HH:MM:SS[.US][±HH:MM| ZONE])
2025-03-17 08:00:17,346 - contact_consolidation - ERROR - Error inserting contact ash5688345@gmail.com: Conversion Error: invalid timestamp field format: "2024-12-24 03:06:53.542947 +0000 UTC", expected format is (YYYY-MM-DD HH:MM:SS[.US][±HH:MM| ZONE])
2025-03-17 08:00:17,756 - contact_consolidation - ERROR - Error inserting contact mariana@xenafp.com: Conversion Error: invalid timestamp field format: "2024-12-24 03:06:53.542947 +0000 UTC", expected format is (YYYY-MM-DD HH:MM:SS[.US][±HH:MM| ZONE])
2025-03-17 08:00:17,756 - contact_consolidation - INFO - Completed batch 45/62
2025-03-17 08:00:17,756 - contact_consolidation - INFO - Processing batch 46/62 (4500 to 4599)
2025-03-17 08:00:18,137 - contact_consolidation - ERROR - Error inserting contact tolland64@outlook.com: Conversion Error: invalid timestamp field format: "2024-12-24 03:06:53.542947 +0000 UTC", expected format is (YYYY-MM-DD HH:MM:SS[.US][±HH:MM| ZONE])
2025-03-17 08:00:18,545 - contact_consolidation - ERROR - Error inserting contact marc.punnette@gmail.com: Conversion Error: invalid timestamp field format: "2024-12-24 03:06:53.542947 +0000 UTC", expected format is (YYYY-MM-DD HH:MM:SS[.US][±HH:MM| ZONE])
2025-03-17 08:00:18,917 - contact_consolidation - ERROR - Error inserting contact csieverding@carnegieinvest.com: Conversion Error: invalid timestamp field format: "2024-12-24 03:06:53.542947 +0000 UTC", expected format is (YYYY-MM-DD HH:MM:SS[.US][±HH:MM| ZONE])
2025-03-17 08:00:19,306 - contact_consolidation - ERROR - Error inserting contact sloanleo@floxstudio.com: Conversion Error: invalid timestamp field format: "2024-12-24 03:06:53.542947 +0000 UTC", expected format is (YYYY-MM-DD HH:MM:SS[.US][±HH:MM| ZONE])
2025-03-17 08:00:19,682 - contact_consolidation - ERROR - Error inserting contact burke.isa@gmail.com: Conversion Error: invalid timestamp field format: "2024-12-24 03:06:53.542947 +0000 UTC", expected format is (YYYY-MM-DD HH:MM:SS[.US][±HH:MM| ZONE])
