Mon Mar 17 04:04:53 MDT 2025: Starting email enrichment pipeline (batch_size=5, max_emails=10)...
2025-03-17 04:04:53 [info     ] Starting email enrichment pipeline batch_size=5 max_emails=10
2025-03-17 04:04:53 [info     ] Step 1: Enriching email content
2025-03-17 04:04:53 [error    ] Failed to import email enrichment module: attempted relative import with no known parent package
2025-03-17 04:04:53 [info     ] Step 2: Detecting business opportunities
2025-03-17 04:04:53 [error    ] Failed to import opportunity detection module: attempted relative import with no known parent package
2025-03-17 04:04:53 [info     ] Step 3: Extracting and enriching contacts
2025-03-17 04:04:53 [error    ] Failed to import contact enrichment module: attempted relative import with no known parent package
2025-03-17 04:04:53 [info     ] Email enrichment pipeline completed successfully
Mon Mar 17 04:04:53 MDT 2025: Email enrichment pipeline completed successfully.
Mon Mar 17 04:05:31 MDT 2025: Starting email enrichment pipeline (batch_size=50, max_emails=100)...
nohup: python: No such file or directory
Mon Mar 17 04:05:31 MDT 2025: Email enrichment pipeline failed with exit code 127.
Mon Mar 17 04:06:53 MDT 2025: Starting email enrichment pipeline (batch_size=5, max_emails=10)...
2025-03-17 04:06:54 [info     ] Starting email enrichment pipeline batch_size=5 max_emails=10
2025-03-17 04:06:54 [info     ] Step 1: Enriching email content
2025-03-17 04:06:54 [error    ] Failed to import email_enrichment_service: attempted relative import with no known parent package
2025-03-17 04:06:54 [error    ] Traceback (most recent call last):
  File "/Users/srvo/dewey/src/dewey/core/crm/enrichment/run_enrichment.py", line 38, in import_module_from_path
    spec.loader.exec_module(module)
  File "<frozen importlib._bootstrap_external>", line 999, in exec_module
  File "<frozen importlib._bootstrap>", line 488, in _call_with_frames_removed
  File "/Users/srvo/dewey/src/dewey/core/crm/enrichment/email_enrichment_service.py", line 14, in <module>
    from .gmail_history_sync import get_gmail_service
ImportError: attempted relative import with no known parent package

2025-03-17 04:06:54 [error    ] Failed to import email enrichment module
2025-03-17 04:06:54 [info     ] Step 2: Detecting business opportunities
2025-03-17 04:06:54 [error    ] Error detecting opportunities: detect_opportunities() got an unexpected keyword argument 'batch_size'
2025-03-17 04:06:54 [error    ] Traceback (most recent call last):
  File "/Users/srvo/dewey/src/dewey/core/crm/enrichment/run_enrichment.py", line 91, in run_enrichment
    detect_opportunities(batch_size=batch_size, max_emails=max_emails)
TypeError: detect_opportunities() got an unexpected keyword argument 'batch_size'

2025-03-17 04:06:54 [info     ] Step 3: Extracting and enriching contacts
2025-03-17 04:06:54 [info     ] Starting contact enrichment (batch_size=5, max_emails=10)
2025-03-17 04:06:54 [warning  ] Failed to connect to MotherDuck: Invalid Input Error: Initialization function "motherduck_init" from file "/Users/srvo/.duckdb/extensions/v1.2.1/osx_arm64/motherduck.duckdb_extension" threw an exception: "Initialization function "motherduck_init" from file "/Users/srvo/.duckdb/extensions/v1.2.1/osx_arm64/motherduck.v1.2.1-2025-03-121.duckdb_extension" threw an exception: "Failed to attach 'dewey_emails': no database/share named 'dewey_emails' found""
2025-03-17 04:06:54 [error    ] Error connecting to database: IO Error: Could not set lock on file "/Users/srvo/dewey_emails.duckdb": Conflicting lock is held in /Users/srvo/.local/share/uv/python/cpython-3.12.9-macos-aarch64-none/bin/python3.12 (PID 62600) by user srvo. See also https://duckdb.org/docs/connect/concurrency
2025-03-17 04:06:54 [warning  ] Creating in-memory database
2025-03-17 04:06:55 [error    ] Error in contact enrichment: Catalog Error: Table with name emails does not exist!
Did you mean "pg_tables"?

LINE 4:             FROM emails e
                         ^
2025-03-17 04:06:55 [error    ] Error enriching contacts: Catalog Error: Table with name emails does not exist!
Did you mean "pg_tables"?

LINE 4:             FROM emails e
                         ^
2025-03-17 04:06:55 [error    ] Traceback (most recent call last):
  File "/Users/srvo/dewey/src/dewey/core/crm/enrichment/run_enrichment.py", line 113, in run_enrichment
    enrich_contacts(batch_size=batch_size, max_emails=max_emails)
  File "/Users/srvo/dewey/src/dewey/core/crm/enrichment/contact_enrichment.py", line 206, in enrich_contacts
    conn.execute("""
duckdb.duckdb.CatalogException: Catalog Error: Table with name emails does not exist!
Did you mean "pg_tables"?

LINE 4:             FROM emails e
                         ^

2025-03-17 04:06:55 [info     ] Email enrichment pipeline completed successfully
Mon Mar 17 04:06:55 MDT 2025: Email enrichment pipeline completed successfully.
Mon Mar 17 04:10:30 MDT 2025: Starting email enrichment pipeline (batch_size=50, max_emails=100)...
nohup: python: No such file or directory
Mon Mar 17 04:10:30 MDT 2025: Email enrichment pipeline failed with exit code 127.
Mon Mar 17 04:15:19 MDT 2025: Starting email enrichment pipeline (batch_size=5, max_emails=10)...
2025-03-17 04:15:19 [info     ] Starting email enrichment pipeline batch_size=5 max_emails=10
2025-03-17 04:15:19 [info     ] Step 1: Enriching email content
2025-03-17 04:15:19 [error    ] Token file not found at /Users/srvo/dewey/config/gmail_token.json
2025-03-17 04:15:19 [info     ] Starting email enrichment (batch_size=5, max_emails=10)
2025-03-17 04:15:20 [warning  ] Failed to connect to MotherDuck: Invalid Input Error: Initialization function "motherduck_init" from file "/Users/srvo/.duckdb/extensions/v1.2.1/osx_arm64/motherduck.duckdb_extension" threw an exception: "Initialization function "motherduck_init" from file "/Users/srvo/.duckdb/extensions/v1.2.1/osx_arm64/motherduck.v1.2.1-2025-03-121.duckdb_extension" threw an exception: "Failed to attach 'dewey_emails': no database/share named 'dewey_emails' found""
2025-03-17 04:15:20 [error    ] Error connecting to database: IO Error: Could not set lock on file "/Users/srvo/dewey_emails.duckdb": Conflicting lock is held in /Users/srvo/.local/share/uv/python/cpython-3.12.9-macos-aarch64-none/bin/python3.12 (PID 62600) by user srvo. See also https://duckdb.org/docs/connect/concurrency
2025-03-17 04:15:20 [warning  ] Creating in-memory database
2025-03-17 04:15:21 [error    ] Error in email enrichment: Catalog Error: Table with name emails does not exist!
Did you mean "pg_tables"?

LINE 4:                 FROM emails e
                             ^
2025-03-17 04:15:21 [error    ] Error enriching emails: Catalog Error: Table with name emails does not exist!
Did you mean "pg_tables"?

LINE 4:                 FROM emails e
                             ^
2025-03-17 04:15:21 [error    ] Traceback (most recent call last):
  File "/Users/srvo/dewey/src/dewey/core/crm/enrichment/run_enrichment.py", line 69, in run_enrichment
    service.enrich_emails(batch_size=batch_size, max_emails=max_emails)
  File "/Users/srvo/dewey/src/dewey/core/crm/enrichment/email_enrichment_service.py", line 253, in enrich_emails
    conn.execute("""
duckdb.duckdb.CatalogException: Catalog Error: Table with name emails does not exist!
Did you mean "pg_tables"?

LINE 4:                 FROM emails e
                             ^

2025-03-17 04:15:21 [info     ] Step 2: Detecting business opportunities
2025-03-17 04:15:21 [info     ] Starting opportunity detection (batch_size=5, max_emails=10)
2025-03-17 04:15:21 [warning  ] Failed to connect to MotherDuck: Invalid Input Error: Initialization function "motherduck_init" from file "/Users/srvo/.duckdb/extensions/v1.2.1/osx_arm64/motherduck.duckdb_extension" threw an exception: "Initialization function "motherduck_init" from file "/Users/srvo/.duckdb/extensions/v1.2.1/osx_arm64/motherduck.v1.2.1-2025-03-121.duckdb_extension" threw an exception: "Failed to attach 'dewey_emails': no database/share named 'dewey_emails' found""
2025-03-17 04:15:21 [error    ] Error connecting to database: IO Error: Could not set lock on file "/Users/srvo/dewey_emails.duckdb": Conflicting lock is held in /Users/srvo/.local/share/uv/python/cpython-3.12.9-macos-aarch64-none/bin/python3.12 (PID 62600) by user srvo. See also https://duckdb.org/docs/connect/concurrency
2025-03-17 04:15:21 [warning  ] Creating in-memory database
2025-03-17 04:15:21 [error    ] Error in opportunity detection: Catalog Error: Table with name emails does not exist!
Did you mean "pg_tables"?

LINE 4:             FROM emails e
                         ^
2025-03-17 04:15:21 [error    ] Error detecting opportunities: Catalog Error: Table with name emails does not exist!
Did you mean "pg_tables"?

LINE 4:             FROM emails e
                         ^
2025-03-17 04:15:21 [error    ] Traceback (most recent call last):
  File "/Users/srvo/dewey/src/dewey/core/crm/enrichment/run_enrichment.py", line 91, in run_enrichment
    detect_opportunities(batch_size=batch_size, max_emails=max_emails)
  File "/Users/srvo/dewey/src/dewey/core/crm/enrichment/opportunity_detection.py", line 200, in detect_opportunities
    conn.execute("""
duckdb.duckdb.CatalogException: Catalog Error: Table with name emails does not exist!
Did you mean "pg_tables"?

LINE 4:             FROM emails e
                         ^

2025-03-17 04:15:21 [info     ] Step 3: Extracting and enriching contacts
2025-03-17 04:15:21 [info     ] Starting contact enrichment (batch_size=5, max_emails=10)
2025-03-17 04:15:22 [warning  ] Failed to connect to MotherDuck: Invalid Input Error: Initialization function "motherduck_init" from file "/Users/srvo/.duckdb/extensions/v1.2.1/osx_arm64/motherduck.duckdb_extension" threw an exception: "Initialization function "motherduck_init" from file "/Users/srvo/.duckdb/extensions/v1.2.1/osx_arm64/motherduck.v1.2.1-2025-03-121.duckdb_extension" threw an exception: "Failed to attach 'dewey_emails': no database/share named 'dewey_emails' found""
2025-03-17 04:15:22 [error    ] Error connecting to database: IO Error: Could not set lock on file "/Users/srvo/dewey_emails.duckdb": Conflicting lock is held in /Users/srvo/.local/share/uv/python/cpython-3.12.9-macos-aarch64-none/bin/python3.12 (PID 62600) by user srvo. See also https://duckdb.org/docs/connect/concurrency
2025-03-17 04:15:22 [warning  ] Creating in-memory database
2025-03-17 04:15:22 [error    ] Error in contact enrichment: Catalog Error: Table with name emails does not exist!
Did you mean "pg_tables"?

LINE 4:             FROM emails e
                         ^
2025-03-17 04:15:22 [error    ] Error enriching contacts: Catalog Error: Table with name emails does not exist!
Did you mean "pg_tables"?

LINE 4:             FROM emails e
                         ^
2025-03-17 04:15:22 [error    ] Traceback (most recent call last):
  File "/Users/srvo/dewey/src/dewey/core/crm/enrichment/run_enrichment.py", line 113, in run_enrichment
    enrich_contacts(batch_size=batch_size, max_emails=max_emails)
  File "/Users/srvo/dewey/src/dewey/core/crm/enrichment/contact_enrichment.py", line 206, in enrich_contacts
    conn.execute("""
duckdb.duckdb.CatalogException: Catalog Error: Table with name emails does not exist!
Did you mean "pg_tables"?

LINE 4:             FROM emails e
                         ^

2025-03-17 04:15:22 [info     ] Email enrichment pipeline completed successfully
Mon Mar 17 04:15:22 MDT 2025: Email enrichment pipeline completed successfully.
Mon Mar 17 04:15:31 MDT 2025: Starting email enrichment pipeline (batch_size=50, max_emails=100)...
Traceback (most recent call last):
  File "/Users/srvo/dewey/src/dewey/core/crm/enrichment/run_enrichment.py", line 19, in <module>
    import structlog
ModuleNotFoundError: No module named 'structlog'
Mon Mar 17 04:15:31 MDT 2025: Email enrichment pipeline failed with exit code 1.
Mon Mar 17 04:20:30 MDT 2025: Starting email enrichment pipeline (batch_size=50, max_emails=100)...
Traceback (most recent call last):
  File "/Users/srvo/dewey/src/dewey/core/crm/enrichment/run_enrichment.py", line 19, in <module>
    import structlog
ModuleNotFoundError: No module named 'structlog'
Mon Mar 17 04:20:31 MDT 2025: Email enrichment pipeline failed with exit code 1.
Mon Mar 17 04:25:30 MDT 2025: Starting email enrichment pipeline (batch_size=50, max_emails=100)...
Traceback (most recent call last):
  File "/Users/srvo/dewey/src/dewey/core/crm/enrichment/run_enrichment.py", line 19, in <module>
    import structlog
ModuleNotFoundError: No module named 'structlog'
Mon Mar 17 04:25:30 MDT 2025: Email enrichment pipeline failed with exit code 1.
Mon Mar 17 04:30:31 MDT 2025: Starting email enrichment pipeline (batch_size=50, max_emails=100)...
Traceback (most recent call last):
  File "/Users/srvo/dewey/src/dewey/core/crm/enrichment/run_enrichment.py", line 19, in <module>
    import structlog
ModuleNotFoundError: No module named 'structlog'
Mon Mar 17 04:30:31 MDT 2025: Email enrichment pipeline failed with exit code 1.
Mon Mar 17 04:35:30 MDT 2025: Starting email enrichment pipeline (batch_size=50, max_emails=100)...
Traceback (most recent call last):
  File "/Users/srvo/dewey/src/dewey/core/crm/enrichment/run_enrichment.py", line 19, in <module>
    import structlog
ModuleNotFoundError: No module named 'structlog'
Mon Mar 17 04:35:31 MDT 2025: Email enrichment pipeline failed with exit code 1.
Mon Mar 17 04:40:30 MDT 2025: Starting email enrichment pipeline (batch_size=50, max_emails=100)...
Traceback (most recent call last):
  File "/Users/srvo/dewey/src/dewey/core/crm/enrichment/run_enrichment.py", line 19, in <module>
    import structlog
ModuleNotFoundError: No module named 'structlog'
Mon Mar 17 04:40:30 MDT 2025: Email enrichment pipeline failed with exit code 1.
Mon Mar 17 04:45:30 MDT 2025: Starting email enrichment pipeline (batch_size=50, max_emails=100)...
Traceback (most recent call last):
  File "/Users/srvo/dewey/src/dewey/core/crm/enrichment/run_enrichment.py", line 19, in <module>
    import structlog
ModuleNotFoundError: No module named 'structlog'
Mon Mar 17 04:45:30 MDT 2025: Email enrichment pipeline failed with exit code 1.
Mon Mar 17 04:50:30 MDT 2025: Starting email enrichment pipeline (batch_size=50, max_emails=100)...
Traceback (most recent call last):
  File "/Users/srvo/dewey/src/dewey/core/crm/enrichment/run_enrichment.py", line 19, in <module>
    import structlog
ModuleNotFoundError: No module named 'structlog'
Mon Mar 17 04:50:30 MDT 2025: Email enrichment pipeline failed with exit code 1.
Mon Mar 17 04:55:30 MDT 2025: Starting email enrichment pipeline (batch_size=50, max_emails=100)...
Traceback (most recent call last):
  File "/Users/srvo/dewey/src/dewey/core/crm/enrichment/run_enrichment.py", line 19, in <module>
    import structlog
ModuleNotFoundError: No module named 'structlog'
Mon Mar 17 04:55:30 MDT 2025: Email enrichment pipeline failed with exit code 1.
Mon Mar 17 05:00:31 MDT 2025: Starting email enrichment pipeline (batch_size=50, max_emails=100)...
Traceback (most recent call last):
  File "/Users/srvo/dewey/src/dewey/core/crm/enrichment/run_enrichment.py", line 19, in <module>
    import structlog
ModuleNotFoundError: No module named 'structlog'
Mon Mar 17 05:00:31 MDT 2025: Email enrichment pipeline failed with exit code 1.
Mon Mar 17 05:05:30 MDT 2025: Starting email enrichment pipeline (batch_size=50, max_emails=100)...
Traceback (most recent call last):
  File "/Users/srvo/dewey/src/dewey/core/crm/enrichment/run_enrichment.py", line 19, in <module>
    import structlog
ModuleNotFoundError: No module named 'structlog'
Mon Mar 17 05:05:30 MDT 2025: Email enrichment pipeline failed with exit code 1.
Mon Mar 17 05:10:30 MDT 2025: Starting email enrichment pipeline (batch_size=50, max_emails=100)...
Traceback (most recent call last):
  File "/Users/srvo/dewey/src/dewey/core/crm/enrichment/run_enrichment.py", line 19, in <module>
    import structlog
ModuleNotFoundError: No module named 'structlog'
Mon Mar 17 05:10:30 MDT 2025: Email enrichment pipeline failed with exit code 1.
Mon Mar 17 05:15:31 MDT 2025: Starting email enrichment pipeline (batch_size=50, max_emails=100)...
Traceback (most recent call last):
  File "/Users/srvo/dewey/src/dewey/core/crm/enrichment/run_enrichment.py", line 19, in <module>
    import structlog
ModuleNotFoundError: No module named 'structlog'
Mon Mar 17 05:15:31 MDT 2025: Email enrichment pipeline failed with exit code 1.
Mon Mar 17 05:20:31 MDT 2025: Starting email enrichment pipeline (batch_size=50, max_emails=100)...
Traceback (most recent call last):
  File "/Users/srvo/dewey/src/dewey/core/crm/enrichment/run_enrichment.py", line 19, in <module>
    import structlog
ModuleNotFoundError: No module named 'structlog'
Mon Mar 17 05:20:31 MDT 2025: Email enrichment pipeline failed with exit code 1.
Mon Mar 17 05:25:30 MDT 2025: Starting email enrichment pipeline (batch_size=50, max_emails=100)...
Traceback (most recent call last):
  File "/Users/srvo/dewey/src/dewey/core/crm/enrichment/run_enrichment.py", line 19, in <module>
    import structlog
ModuleNotFoundError: No module named 'structlog'
Mon Mar 17 05:25:30 MDT 2025: Email enrichment pipeline failed with exit code 1.
Mon Mar 17 05:30:30 MDT 2025: Starting email enrichment pipeline (batch_size=50, max_emails=100)...
Traceback (most recent call last):
  File "/Users/srvo/dewey/src/dewey/core/crm/enrichment/run_enrichment.py", line 19, in <module>
    import structlog
ModuleNotFoundError: No module named 'structlog'
Mon Mar 17 05:30:30 MDT 2025: Email enrichment pipeline failed with exit code 1.
Mon Mar 17 05:35:30 MDT 2025: Starting email enrichment pipeline (batch_size=50, max_emails=100)...
Traceback (most recent call last):
  File "/Users/srvo/dewey/src/dewey/core/crm/enrichment/run_enrichment.py", line 19, in <module>
    import structlog
ModuleNotFoundError: No module named 'structlog'
Mon Mar 17 05:35:31 MDT 2025: Email enrichment pipeline failed with exit code 1.
Mon Mar 17 05:40:30 MDT 2025: Starting email enrichment pipeline (batch_size=50, max_emails=100)...
Traceback (most recent call last):
  File "/Users/srvo/dewey/src/dewey/core/crm/enrichment/run_enrichment.py", line 19, in <module>
    import structlog
ModuleNotFoundError: No module named 'structlog'
Mon Mar 17 05:40:30 MDT 2025: Email enrichment pipeline failed with exit code 1.
Mon Mar 17 05:45:31 MDT 2025: Starting email enrichment pipeline (batch_size=50, max_emails=100)...
Traceback (most recent call last):
  File "/Users/srvo/dewey/src/dewey/core/crm/enrichment/run_enrichment.py", line 19, in <module>
    import structlog
ModuleNotFoundError: No module named 'structlog'
Mon Mar 17 05:45:31 MDT 2025: Email enrichment pipeline failed with exit code 1.
Mon Mar 17 05:50:30 MDT 2025: Starting email enrichment pipeline (batch_size=50, max_emails=100)...
Traceback (most recent call last):
  File "/Users/srvo/dewey/src/dewey/core/crm/enrichment/run_enrichment.py", line 19, in <module>
    import structlog
ModuleNotFoundError: No module named 'structlog'
Mon Mar 17 05:50:30 MDT 2025: Email enrichment pipeline failed with exit code 1.
Mon Mar 17 05:55:31 MDT 2025: Starting email enrichment pipeline (batch_size=50, max_emails=100)...
Traceback (most recent call last):
  File "/Users/srvo/dewey/src/dewey/core/crm/enrichment/run_enrichment.py", line 19, in <module>
    import structlog
ModuleNotFoundError: No module named 'structlog'
Mon Mar 17 05:55:31 MDT 2025: Email enrichment pipeline failed with exit code 1.
Mon Mar 17 06:00:30 MDT 2025: Starting email enrichment pipeline (batch_size=50, max_emails=100)...
Traceback (most recent call last):
  File "/Users/srvo/dewey/src/dewey/core/crm/enrichment/run_enrichment.py", line 19, in <module>
    import structlog
ModuleNotFoundError: No module named 'structlog'
Mon Mar 17 06:00:30 MDT 2025: Email enrichment pipeline failed with exit code 1.
Mon Mar 17 06:05:30 MDT 2025: Starting email enrichment pipeline (batch_size=50, max_emails=100)...
Traceback (most recent call last):
  File "/Users/srvo/dewey/src/dewey/core/crm/enrichment/run_enrichment.py", line 19, in <module>
    import structlog
ModuleNotFoundError: No module named 'structlog'
Mon Mar 17 06:05:30 MDT 2025: Email enrichment pipeline failed with exit code 1.
Mon Mar 17 06:10:31 MDT 2025: Starting email enrichment pipeline (batch_size=50, max_emails=100)...
Traceback (most recent call last):
  File "/Users/srvo/dewey/src/dewey/core/crm/enrichment/run_enrichment.py", line 19, in <module>
    import structlog
ModuleNotFoundError: No module named 'structlog'
Mon Mar 17 06:10:31 MDT 2025: Email enrichment pipeline failed with exit code 1.
Mon Mar 17 06:15:30 MDT 2025: Starting email enrichment pipeline (batch_size=50, max_emails=100)...
Traceback (most recent call last):
  File "/Users/srvo/dewey/src/dewey/core/crm/enrichment/run_enrichment.py", line 19, in <module>
    import structlog
ModuleNotFoundError: No module named 'structlog'
Mon Mar 17 06:15:30 MDT 2025: Email enrichment pipeline failed with exit code 1.
Mon Mar 17 06:20:30 MDT 2025: Starting email enrichment pipeline (batch_size=50, max_emails=100)...
Traceback (most recent call last):
  File "/Users/srvo/dewey/src/dewey/core/crm/enrichment/run_enrichment.py", line 19, in <module>
    import structlog
ModuleNotFoundError: No module named 'structlog'
Mon Mar 17 06:20:30 MDT 2025: Email enrichment pipeline failed with exit code 1.
Mon Mar 17 06:25:31 MDT 2025: Starting email enrichment pipeline (batch_size=50, max_emails=100)...
Traceback (most recent call last):
  File "/Users/srvo/dewey/src/dewey/core/crm/enrichment/run_enrichment.py", line 19, in <module>
    import structlog
ModuleNotFoundError: No module named 'structlog'
Mon Mar 17 06:25:31 MDT 2025: Email enrichment pipeline failed with exit code 1.
Mon Mar 17 06:30:30 MDT 2025: Starting email enrichment pipeline (batch_size=50, max_emails=100)...
Traceback (most recent call last):
  File "/Users/srvo/dewey/src/dewey/core/crm/enrichment/run_enrichment.py", line 19, in <module>
    import structlog
ModuleNotFoundError: No module named 'structlog'
Mon Mar 17 06:30:30 MDT 2025: Email enrichment pipeline failed with exit code 1.
Mon Mar 17 06:35:30 MDT 2025: Starting email enrichment pipeline (batch_size=50, max_emails=100)...
Traceback (most recent call last):
  File "/Users/srvo/dewey/src/dewey/core/crm/enrichment/run_enrichment.py", line 19, in <module>
    import structlog
ModuleNotFoundError: No module named 'structlog'
Mon Mar 17 06:35:30 MDT 2025: Email enrichment pipeline failed with exit code 1.
Mon Mar 17 06:40:31 MDT 2025: Starting email enrichment pipeline (batch_size=50, max_emails=100)...
Traceback (most recent call last):
  File "/Users/srvo/dewey/src/dewey/core/crm/enrichment/run_enrichment.py", line 19, in <module>
    import structlog
ModuleNotFoundError: No module named 'structlog'
Mon Mar 17 06:40:31 MDT 2025: Email enrichment pipeline failed with exit code 1.
Mon Mar 17 06:45:31 MDT 2025: Starting email enrichment pipeline (batch_size=50, max_emails=100)...
Traceback (most recent call last):
  File "/Users/srvo/dewey/src/dewey/core/crm/enrichment/run_enrichment.py", line 19, in <module>
    import structlog
ModuleNotFoundError: No module named 'structlog'
Mon Mar 17 06:45:31 MDT 2025: Email enrichment pipeline failed with exit code 1.
Mon Mar 17 06:50:30 MDT 2025: Starting email enrichment pipeline (batch_size=50, max_emails=100)...
Traceback (most recent call last):
  File "/Users/srvo/dewey/src/dewey/core/crm/enrichment/run_enrichment.py", line 19, in <module>
    import structlog
ModuleNotFoundError: No module named 'structlog'
Mon Mar 17 06:50:30 MDT 2025: Email enrichment pipeline failed with exit code 1.
Mon Mar 17 06:55:30 MDT 2025: Starting email enrichment pipeline (batch_size=50, max_emails=100)...
Traceback (most recent call last):
  File "/Users/srvo/dewey/src/dewey/core/crm/enrichment/run_enrichment.py", line 19, in <module>
    import structlog
ModuleNotFoundError: No module named 'structlog'
Mon Mar 17 06:55:30 MDT 2025: Email enrichment pipeline failed with exit code 1.
Mon Mar 17 07:00:31 MDT 2025: Starting email enrichment pipeline (batch_size=50, max_emails=100)...
Traceback (most recent call last):
  File "/Users/srvo/dewey/src/dewey/core/crm/enrichment/run_enrichment.py", line 19, in <module>
    import structlog
ModuleNotFoundError: No module named 'structlog'
Mon Mar 17 07:00:31 MDT 2025: Email enrichment pipeline failed with exit code 1.
Mon Mar 17 07:05:30 MDT 2025: Starting email enrichment pipeline (batch_size=50, max_emails=100)...
Traceback (most recent call last):
  File "/Users/srvo/dewey/src/dewey/core/crm/enrichment/run_enrichment.py", line 19, in <module>
    import structlog
ModuleNotFoundError: No module named 'structlog'
Mon Mar 17 07:05:30 MDT 2025: Email enrichment pipeline failed with exit code 1.
Mon Mar 17 07:10:30 MDT 2025: Starting email enrichment pipeline (batch_size=50, max_emails=100)...
Traceback (most recent call last):
  File "/Users/srvo/dewey/src/dewey/core/crm/enrichment/run_enrichment.py", line 19, in <module>
    import structlog
ModuleNotFoundError: No module named 'structlog'
Mon Mar 17 07:10:30 MDT 2025: Email enrichment pipeline failed with exit code 1.
Mon Mar 17 07:15:30 MDT 2025: Starting email enrichment pipeline (batch_size=50, max_emails=100)...
Traceback (most recent call last):
  File "/Users/srvo/dewey/src/dewey/core/crm/enrichment/run_enrichment.py", line 19, in <module>
    import structlog
ModuleNotFoundError: No module named 'structlog'
Mon Mar 17 07:15:30 MDT 2025: Email enrichment pipeline failed with exit code 1.
Mon Mar 17 07:20:30 MDT 2025: Starting email enrichment pipeline (batch_size=50, max_emails=100)...
Traceback (most recent call last):
  File "/Users/srvo/dewey/src/dewey/core/crm/enrichment/run_enrichment.py", line 19, in <module>
    import structlog
ModuleNotFoundError: No module named 'structlog'
Mon Mar 17 07:20:31 MDT 2025: Email enrichment pipeline failed with exit code 1.
Mon Mar 17 07:25:30 MDT 2025: Starting email enrichment pipeline (batch_size=50, max_emails=100)...
Traceback (most recent call last):
  File "/Users/srvo/dewey/src/dewey/core/crm/enrichment/run_enrichment.py", line 19, in <module>
    import structlog
ModuleNotFoundError: No module named 'structlog'
Mon Mar 17 07:25:30 MDT 2025: Email enrichment pipeline failed with exit code 1.
Mon Mar 17 07:30:30 MDT 2025: Starting email enrichment pipeline (batch_size=50, max_emails=100)...
Traceback (most recent call last):
  File "/Users/srvo/dewey/src/dewey/core/crm/enrichment/run_enrichment.py", line 19, in <module>
    import structlog
ModuleNotFoundError: No module named 'structlog'
Mon Mar 17 07:30:30 MDT 2025: Email enrichment pipeline failed with exit code 1.
Mon Mar 17 07:35:31 MDT 2025: Starting email enrichment pipeline (batch_size=50, max_emails=100)...
Traceback (most recent call last):
  File "/Users/srvo/dewey/src/dewey/core/crm/enrichment/run_enrichment.py", line 19, in <module>
    import structlog
ModuleNotFoundError: No module named 'structlog'
Mon Mar 17 07:35:31 MDT 2025: Email enrichment pipeline failed with exit code 1.
Mon Mar 17 07:40:30 MDT 2025: Starting email enrichment pipeline (batch_size=50, max_emails=100)...
Traceback (most recent call last):
  File "/Users/srvo/dewey/src/dewey/core/crm/enrichment/run_enrichment.py", line 19, in <module>
    import structlog
ModuleNotFoundError: No module named 'structlog'
Mon Mar 17 07:40:30 MDT 2025: Email enrichment pipeline failed with exit code 1.
Mon Mar 17 07:45:30 MDT 2025: Starting email enrichment pipeline (batch_size=50, max_emails=100)...
Traceback (most recent call last):
  File "/Users/srvo/dewey/src/dewey/core/crm/enrichment/run_enrichment.py", line 19, in <module>
    import structlog
ModuleNotFoundError: No module named 'structlog'
Mon Mar 17 07:45:30 MDT 2025: Email enrichment pipeline failed with exit code 1.
Mon Mar 17 07:50:31 MDT 2025: Starting email enrichment pipeline (batch_size=50, max_emails=100)...
Traceback (most recent call last):
  File "/Users/srvo/dewey/src/dewey/core/crm/enrichment/run_enrichment.py", line 19, in <module>
    import structlog
ModuleNotFoundError: No module named 'structlog'
Mon Mar 17 07:50:31 MDT 2025: Email enrichment pipeline failed with exit code 1.
Mon Mar 17 07:55:30 MDT 2025: Starting email enrichment pipeline (batch_size=50, max_emails=100)...
Traceback (most recent call last):
  File "/Users/srvo/dewey/src/dewey/core/crm/enrichment/run_enrichment.py", line 19, in <module>
    import structlog
ModuleNotFoundError: No module named 'structlog'
Mon Mar 17 07:55:31 MDT 2025: Email enrichment pipeline failed with exit code 1.
Mon Mar 17 08:00:30 MDT 2025: Starting email enrichment pipeline (batch_size=50, max_emails=100)...
Traceback (most recent call last):
  File "/Users/srvo/dewey/src/dewey/core/crm/enrichment/run_enrichment.py", line 19, in <module>
    import structlog
ModuleNotFoundError: No module named 'structlog'
Mon Mar 17 08:00:30 MDT 2025: Email enrichment pipeline failed with exit code 1.
Mon Mar 17 08:05:30 MDT 2025: Starting email enrichment pipeline (batch_size=50, max_emails=100)...
Traceback (most recent call last):
  File "/Users/srvo/dewey/src/dewey/core/crm/enrichment/run_enrichment.py", line 19, in <module>
    import structlog
ModuleNotFoundError: No module named 'structlog'
Mon Mar 17 08:05:30 MDT 2025: Email enrichment pipeline failed with exit code 1.
Mon Mar 17 08:10:30 MDT 2025: Starting email enrichment pipeline (batch_size=50, max_emails=100)...
Traceback (most recent call last):
  File "/Users/srvo/dewey/src/dewey/core/crm/enrichment/run_enrichment.py", line 19, in <module>
    import structlog
ModuleNotFoundError: No module named 'structlog'
Mon Mar 17 08:10:31 MDT 2025: Email enrichment pipeline failed with exit code 1.
Mon Mar 17 08:15:30 MDT 2025: Starting email enrichment pipeline (batch_size=50, max_emails=100)...
Traceback (most recent call last):
  File "/Users/srvo/dewey/src/dewey/core/crm/enrichment/run_enrichment.py", line 19, in <module>
    import structlog
ModuleNotFoundError: No module named 'structlog'
Mon Mar 17 08:15:30 MDT 2025: Email enrichment pipeline failed with exit code 1.
Mon Mar 17 08:20:30 MDT 2025: Starting email enrichment pipeline (batch_size=50, max_emails=100)...
Traceback (most recent call last):
  File "/Users/srvo/dewey/src/dewey/core/crm/enrichment/run_enrichment.py", line 19, in <module>
    import structlog
ModuleNotFoundError: No module named 'structlog'
Mon Mar 17 08:20:33 MDT 2025: Email enrichment pipeline failed with exit code 1.
Mon Mar 17 08:25:31 MDT 2025: Starting email enrichment pipeline (batch_size=50, max_emails=100)...
Traceback (most recent call last):
  File "/Users/srvo/dewey/src/dewey/core/crm/enrichment/run_enrichment.py", line 19, in <module>
    import structlog
ModuleNotFoundError: No module named 'structlog'
Mon Mar 17 08:25:31 MDT 2025: Email enrichment pipeline failed with exit code 1.
Mon Mar 17 08:30:31 MDT 2025: Starting email enrichment pipeline (batch_size=50, max_emails=100)...
Traceback (most recent call last):
  File "/Users/srvo/dewey/src/dewey/core/crm/enrichment/run_enrichment.py", line 19, in <module>
    import structlog
ModuleNotFoundError: No module named 'structlog'
Mon Mar 17 08:30:31 MDT 2025: Email enrichment pipeline failed with exit code 1.
Mon Mar 17 08:35:30 MDT 2025: Starting email enrichment pipeline (batch_size=50, max_emails=100)...
Traceback (most recent call last):
  File "/Users/srvo/dewey/src/dewey/core/crm/enrichment/run_enrichment.py", line 19, in <module>
    import structlog
ModuleNotFoundError: No module named 'structlog'
Mon Mar 17 08:35:31 MDT 2025: Email enrichment pipeline failed with exit code 1.
Mon Mar 17 08:40:30 MDT 2025: Starting email enrichment pipeline (batch_size=50, max_emails=100)...
Traceback (most recent call last):
  File "/Users/srvo/dewey/src/dewey/core/crm/enrichment/run_enrichment.py", line 19, in <module>
    import structlog
ModuleNotFoundError: No module named 'structlog'
Mon Mar 17 08:40:30 MDT 2025: Email enrichment pipeline failed with exit code 1.
Mon Mar 17 08:45:30 MDT 2025: Starting email enrichment pipeline (batch_size=50, max_emails=100)...
Traceback (most recent call last):
  File "/Users/srvo/dewey/src/dewey/core/crm/enrichment/run_enrichment.py", line 19, in <module>
    import structlog
ModuleNotFoundError: No module named 'structlog'
Mon Mar 17 08:45:30 MDT 2025: Email enrichment pipeline failed with exit code 1.
Mon Mar 17 08:50:31 MDT 2025: Starting email enrichment pipeline (batch_size=50, max_emails=100)...
Traceback (most recent call last):
  File "/Users/srvo/dewey/src/dewey/core/crm/enrichment/run_enrichment.py", line 19, in <module>
    import structlog
ModuleNotFoundError: No module named 'structlog'
Mon Mar 17 08:50:31 MDT 2025: Email enrichment pipeline failed with exit code 1.
Mon Mar 17 08:55:31 MDT 2025: Starting email enrichment pipeline (batch_size=50, max_emails=100)...
Traceback (most recent call last):
  File "/Users/srvo/dewey/src/dewey/core/crm/enrichment/run_enrichment.py", line 19, in <module>
    import structlog
ModuleNotFoundError: No module named 'structlog'
Mon Mar 17 08:55:31 MDT 2025: Email enrichment pipeline failed with exit code 1.
Mon Mar 17 09:00:30 MDT 2025: Starting email enrichment pipeline (batch_size=50, max_emails=100)...
Traceback (most recent call last):
  File "/Users/srvo/dewey/src/dewey/core/crm/enrichment/run_enrichment.py", line 19, in <module>
    import structlog
ModuleNotFoundError: No module named 'structlog'
Mon Mar 17 09:00:31 MDT 2025: Email enrichment pipeline failed with exit code 1.
Mon Mar 17 09:05:31 MDT 2025: Starting email enrichment pipeline (batch_size=50, max_emails=100)...
Traceback (most recent call last):
  File "/Users/srvo/dewey/src/dewey/core/crm/enrichment/run_enrichment.py", line 19, in <module>
    import structlog
ModuleNotFoundError: No module named 'structlog'
Mon Mar 17 09:05:31 MDT 2025: Email enrichment pipeline failed with exit code 1.
Mon Mar 17 09:10:30 MDT 2025: Starting email enrichment pipeline (batch_size=50, max_emails=100)...
Traceback (most recent call last):
  File "/Users/srvo/dewey/src/dewey/core/crm/enrichment/run_enrichment.py", line 19, in <module>
    import structlog
ModuleNotFoundError: No module named 'structlog'
Mon Mar 17 09:10:31 MDT 2025: Email enrichment pipeline failed with exit code 1.
Mon Mar 17 09:15:30 MDT 2025: Starting email enrichment pipeline (batch_size=50, max_emails=100)...
Traceback (most recent call last):
  File "/Users/srvo/dewey/src/dewey/core/crm/enrichment/run_enrichment.py", line 19, in <module>
    import structlog
ModuleNotFoundError: No module named 'structlog'
Mon Mar 17 09:15:31 MDT 2025: Email enrichment pipeline failed with exit code 1.
Mon Mar 17 09:20:31 MDT 2025: Starting email enrichment pipeline (batch_size=50, max_emails=100)...
Traceback (most recent call last):
  File "/Users/srvo/dewey/src/dewey/core/crm/enrichment/run_enrichment.py", line 19, in <module>
    import structlog
ModuleNotFoundError: No module named 'structlog'
Mon Mar 17 09:20:31 MDT 2025: Email enrichment pipeline failed with exit code 1.
Mon Mar 17 09:25:30 MDT 2025: Starting email enrichment pipeline (batch_size=50, max_emails=100)...
Traceback (most recent call last):
  File "/Users/srvo/dewey/src/dewey/core/crm/enrichment/run_enrichment.py", line 19, in <module>
    import structlog
ModuleNotFoundError: No module named 'structlog'
Mon Mar 17 09:25:30 MDT 2025: Email enrichment pipeline failed with exit code 1.
Mon Mar 17 09:30:30 MDT 2025: Starting email enrichment pipeline (batch_size=50, max_emails=100)...
Traceback (most recent call last):
  File "/Users/srvo/dewey/src/dewey/core/crm/enrichment/run_enrichment.py", line 19, in <module>
    import structlog
ModuleNotFoundError: No module named 'structlog'
Mon Mar 17 09:30:30 MDT 2025: Email enrichment pipeline failed with exit code 1.
Mon Mar 17 09:35:30 MDT 2025: Starting email enrichment pipeline (batch_size=50, max_emails=100)...
Traceback (most recent call last):
  File "/Users/srvo/dewey/src/dewey/core/crm/enrichment/run_enrichment.py", line 19, in <module>
    import structlog
ModuleNotFoundError: No module named 'structlog'
Mon Mar 17 09:35:30 MDT 2025: Email enrichment pipeline failed with exit code 1.
Mon Mar 17 09:40:30 MDT 2025: Starting email enrichment pipeline (batch_size=50, max_emails=100)...
Traceback (most recent call last):
  File "/Users/srvo/dewey/src/dewey/core/crm/enrichment/run_enrichment.py", line 19, in <module>
    import structlog
ModuleNotFoundError: No module named 'structlog'
Mon Mar 17 09:40:31 MDT 2025: Email enrichment pipeline failed with exit code 1.
Mon Mar 17 09:45:31 MDT 2025: Starting email enrichment pipeline (batch_size=50, max_emails=100)...
Traceback (most recent call last):
  File "/Users/srvo/dewey/src/dewey/core/crm/enrichment/run_enrichment.py", line 19, in <module>
    import structlog
ModuleNotFoundError: No module named 'structlog'
Mon Mar 17 09:45:31 MDT 2025: Email enrichment pipeline failed with exit code 1.
Mon Mar 17 09:50:31 MDT 2025: Starting email enrichment pipeline (batch_size=50, max_emails=100)...
Traceback (most recent call last):
  File "/Users/srvo/dewey/src/dewey/core/crm/enrichment/run_enrichment.py", line 19, in <module>
    import structlog
ModuleNotFoundError: No module named 'structlog'
Mon Mar 17 09:50:31 MDT 2025: Email enrichment pipeline failed with exit code 1.
Mon Mar 17 09:55:30 MDT 2025: Starting email enrichment pipeline (batch_size=50, max_emails=100)...
Traceback (most recent call last):
  File "/Users/srvo/dewey/src/dewey/core/crm/enrichment/run_enrichment.py", line 19, in <module>
    import structlog
ModuleNotFoundError: No module named 'structlog'
Mon Mar 17 09:55:30 MDT 2025: Email enrichment pipeline failed with exit code 1.
Mon Mar 17 10:00:31 MDT 2025: Starting email enrichment pipeline (batch_size=50, max_emails=100)...
Traceback (most recent call last):
  File "/Users/srvo/dewey/src/dewey/core/crm/enrichment/run_enrichment.py", line 19, in <module>
    import structlog
ModuleNotFoundError: No module named 'structlog'
Mon Mar 17 10:00:31 MDT 2025: Email enrichment pipeline failed with exit code 1.
Mon Mar 17 10:05:30 MDT 2025: Starting email enrichment pipeline (batch_size=50, max_emails=100)...
Traceback (most recent call last):
  File "/Users/srvo/dewey/src/dewey/core/crm/enrichment/run_enrichment.py", line 19, in <module>
    import structlog
ModuleNotFoundError: No module named 'structlog'
Mon Mar 17 10:05:30 MDT 2025: Email enrichment pipeline failed with exit code 1.
Mon Mar 17 10:10:31 MDT 2025: Starting email enrichment pipeline (batch_size=50, max_emails=100)...
Traceback (most recent call last):
  File "/Users/srvo/dewey/src/dewey/core/crm/enrichment/run_enrichment.py", line 19, in <module>
    import structlog
ModuleNotFoundError: No module named 'structlog'
Mon Mar 17 10:10:31 MDT 2025: Email enrichment pipeline failed with exit code 1.
Mon Mar 17 10:15:31 MDT 2025: Starting email enrichment pipeline (batch_size=50, max_emails=100)...
Traceback (most recent call last):
  File "/Users/srvo/dewey/src/dewey/core/crm/enrichment/run_enrichment.py", line 19, in <module>
    import structlog
ModuleNotFoundError: No module named 'structlog'
Mon Mar 17 10:15:32 MDT 2025: Email enrichment pipeline failed with exit code 1.
Mon Mar 17 10:20:31 MDT 2025: Starting email enrichment pipeline (batch_size=50, max_emails=100)...
Traceback (most recent call last):
  File "/Users/srvo/dewey/src/dewey/core/crm/enrichment/run_enrichment.py", line 19, in <module>
    import structlog
ModuleNotFoundError: No module named 'structlog'
Mon Mar 17 10:20:31 MDT 2025: Email enrichment pipeline failed with exit code 1.
Mon Mar 17 10:25:31 MDT 2025: Starting email enrichment pipeline (batch_size=50, max_emails=100)...
Traceback (most recent call last):
  File "/Users/srvo/dewey/src/dewey/core/crm/enrichment/run_enrichment.py", line 19, in <module>
    import structlog
ModuleNotFoundError: No module named 'structlog'
Mon Mar 17 10:25:32 MDT 2025: Email enrichment pipeline failed with exit code 1.
Mon Mar 17 10:30:30 MDT 2025: Starting email enrichment pipeline (batch_size=50, max_emails=100)...
Traceback (most recent call last):
  File "/Users/srvo/dewey/src/dewey/core/crm/enrichment/run_enrichment.py", line 19, in <module>
    import structlog
ModuleNotFoundError: No module named 'structlog'
Mon Mar 17 10:30:30 MDT 2025: Email enrichment pipeline failed with exit code 1.
Mon Mar 17 10:35:30 MDT 2025: Starting email enrichment pipeline (batch_size=50, max_emails=100)...
Traceback (most recent call last):
  File "/Users/srvo/dewey/src/dewey/core/crm/enrichment/run_enrichment.py", line 19, in <module>
    import structlog
ModuleNotFoundError: No module named 'structlog'
Mon Mar 17 10:35:30 MDT 2025: Email enrichment pipeline failed with exit code 1.
Mon Mar 17 10:40:30 MDT 2025: Starting email enrichment pipeline (batch_size=50, max_emails=100)...
Traceback (most recent call last):
  File "/Users/srvo/dewey/src/dewey/core/crm/enrichment/run_enrichment.py", line 19, in <module>
    import structlog
ModuleNotFoundError: No module named 'structlog'
Mon Mar 17 10:40:30 MDT 2025: Email enrichment pipeline failed with exit code 1.
Mon Mar 17 10:45:30 MDT 2025: Starting email enrichment pipeline (batch_size=50, max_emails=100)...
Traceback (most recent call last):
  File "/Users/srvo/dewey/src/dewey/core/crm/enrichment/run_enrichment.py", line 19, in <module>
    import structlog
ModuleNotFoundError: No module named 'structlog'
Mon Mar 17 10:45:30 MDT 2025: Email enrichment pipeline failed with exit code 1.
Mon Mar 17 10:50:30 MDT 2025: Starting email enrichment pipeline (batch_size=50, max_emails=100)...
Traceback (most recent call last):
  File "/Users/srvo/dewey/src/dewey/core/crm/enrichment/run_enrichment.py", line 19, in <module>
    import structlog
ModuleNotFoundError: No module named 'structlog'
Mon Mar 17 10:50:30 MDT 2025: Email enrichment pipeline failed with exit code 1.
Mon Mar 17 10:55:30 MDT 2025: Starting email enrichment pipeline (batch_size=50, max_emails=100)...
Traceback (most recent call last):
  File "/Users/srvo/dewey/src/dewey/core/crm/enrichment/run_enrichment.py", line 19, in <module>
    import structlog
ModuleNotFoundError: No module named 'structlog'
Mon Mar 17 10:55:30 MDT 2025: Email enrichment pipeline failed with exit code 1.
Mon Mar 17 11:00:30 MDT 2025: Starting email enrichment pipeline (batch_size=50, max_emails=100)...
Traceback (most recent call last):
  File "/Users/srvo/dewey/src/dewey/core/crm/enrichment/run_enrichment.py", line 19, in <module>
    import structlog
ModuleNotFoundError: No module named 'structlog'
Mon Mar 17 11:00:30 MDT 2025: Email enrichment pipeline failed with exit code 1.
