2025-03-17 03:40:31 - Activated virtual environment
2025-03-17 03:40:31 - Starting enrichment pipeline
Traceback (most recent call last):
  File "/Users/srvo/dewey/src/dewey/core/crm/enrichment/run_enrichment.py", line 26, in <module>
    from src.dewey.core.db import get_duckdb_connection
ModuleNotFoundError: No module named 'src'
2025-03-17 03:40:31 - Enrichment pipeline failed with exit code 1
2025-03-17 03:45:31 - Activated virtual environment
2025-03-17 03:45:31 - Starting enrichment pipeline
Traceback (most recent call last):
  File "/Users/srvo/dewey/src/dewey/core/crm/enrichment/run_enrichment.py", line 26, in <module>
    from src.dewey.core.db import get_duckdb_connection
ModuleNotFoundError: No module named 'src'
2025-03-17 03:45:31 - Enrichment pipeline failed with exit code 1
2025-03-17 03:50:30 - Activated virtual environment
2025-03-17 03:50:30 - Starting enrichment pipeline
Traceback (most recent call last):
  File "/Users/srvo/dewey/src/dewey/core/crm/enrichment/run_enrichment.py", line 26, in <module>
    from src.dewey.core.db import get_duckdb_connection
ModuleNotFoundError: No module named 'src'
2025-03-17 03:50:31 - Enrichment pipeline failed with exit code 1
2025-03-17 03:55:30 - Activated virtual environment
2025-03-17 03:55:30 - Starting enrichment pipeline
Traceback (most recent call last):
  File "/Users/srvo/dewey/src/dewey/core/crm/enrichment/run_enrichment.py", line 26, in <module>
    from src.dewey.core.db import get_duckdb_connection
ModuleNotFoundError: No module named 'src'
2025-03-17 03:55:30 - Enrichment pipeline failed with exit code 1
2025-03-17 04:00:30 - Activated virtual environment
2025-03-17 04:00:30 - Starting enrichment pipeline
Traceback (most recent call last):
  File "/Users/srvo/dewey/src/dewey/core/crm/enrichment/run_enrichment.py", line 26, in <module>
    from src.dewey.core.db import get_duckdb_connection
ModuleNotFoundError: No module named 'src'
2025-03-17 04:00:30 - Enrichment pipeline failed with exit code 1
