Mon Mar 17 12:30:01 MDT 2025: Running incremental sync...
2025-03-17 12:30:01,779 - dewey.core.crm.gmail.gmail_sync_manager - ERROR - Failed to build Gmail service: name 'google' is not defined
2025-03-17 12:30:01,781 - gmail_sync - ERROR - Sync failed: Gmail service initialization failed: name 'google' is not defined
Mon Mar 17 12:30:01 MDT 2025: Sync failed with status 1
Mon Mar 17 12:35:00 MDT 2025: Running incremental sync...
2025-03-17 12:35:01,320 - dewey.core.crm.gmail.gmail_sync_manager - ERROR - Failed to build Gmail service: name 'google' is not defined
2025-03-17 12:35:01,322 - gmail_sync - ERROR - Sync failed: Gmail service initialization failed: name 'google' is not defined
Mon Mar 17 12:35:01 MDT 2025: Email sync failed with status 1
Mon Mar 17 12:35:01 MDT 2025: Script completed
Mon Mar 17 12:40:00 MDT 2025: No historical import found. Starting historical import...
Mon Mar 17 12:40:00 MDT 2025: Starting historical email import...
usage: sync_emails.py [-h] [--historical] [--check-only] [--days DAYS]
                      [--max-emails MAX_EMAILS] [--batch-size BATCH_SIZE]
                      [--db-path DB_PATH] [--motherduck-db MOTHERDUCK_DB]
sync_emails.py: error: unrecognized arguments: --include-sent
Mon Mar 17 12:40:01 MDT 2025: Historical import failed with status 2
Mon Mar 17 12:40:01 MDT 2025: Historical import failed. Will try again next time.
Mon Mar 17 12:45:01 MDT 2025: No historical import found. Starting historical import...
Mon Mar 17 12:45:01 MDT 2025: Starting historical email import...
usage: sync_emails.py [-h] [--historical] [--check-only] [--days DAYS]
                      [--max-emails MAX_EMAILS] [--batch-size BATCH_SIZE]
                      [--db-path DB_PATH] [--motherduck-db MOTHERDUCK_DB]
sync_emails.py: error: unrecognized arguments: --include-sent
Mon Mar 17 12:45:01 MDT 2025: Historical import failed with status 2
Mon Mar 17 12:45:01 MDT 2025: Historical import failed. Will try again next time.
Mon Mar 17 12:50:00 MDT 2025: No historical import found. Starting historical import...
Mon Mar 17 12:50:00 MDT 2025: Starting historical email import...
usage: sync_emails.py [-h] [--historical] [--check-only] [--days DAYS]
                      [--max-emails MAX_EMAILS] [--batch-size BATCH_SIZE]
                      [--db-path DB_PATH] [--motherduck-db MOTHERDUCK_DB]
sync_emails.py: error: unrecognized arguments: --include-sent
Mon Mar 17 12:50:00 MDT 2025: Historical import failed with status 2
Mon Mar 17 12:50:00 MDT 2025: Historical import failed. Will try again next time.
Mon Mar 17 12:55:00 MDT 2025: No historical import found. Starting historical import...
Mon Mar 17 12:55:00 MDT 2025: Starting historical email import...
usage: sync_emails.py [-h] [--historical] [--check-only] [--days DAYS]
                      [--max-emails MAX_EMAILS] [--batch-size BATCH_SIZE]
                      [--db-path DB_PATH] [--motherduck-db MOTHERDUCK_DB]
sync_emails.py: error: unrecognized arguments: --include-sent
Mon Mar 17 12:55:01 MDT 2025: Historical import failed with status 2
Mon Mar 17 12:55:01 MDT 2025: Historical import failed. Will try again next time.
Mon Mar 17 13:00:00 MDT 2025: No historical import found. Starting historical import...
Mon Mar 17 13:00:00 MDT 2025: Starting historical email import...
usage: sync_emails.py [-h] [--historical] [--check-only] [--days DAYS]
                      [--max-emails MAX_EMAILS] [--batch-size BATCH_SIZE]
                      [--db-path DB_PATH] [--motherduck-db MOTHERDUCK_DB]
sync_emails.py: error: unrecognized arguments: --include-sent
Mon Mar 17 13:00:01 MDT 2025: Historical import failed with status 2
Mon Mar 17 13:00:01 MDT 2025: Historical import failed. Will try again next time.
